<?xml version="1.0" encoding="UTF-8"?>
<TestRun id="cb0ed469-60f0-4b5b-a5c5-b4a15af0dbee" name="Santos@ACERSANTOS 2014-01-10 00:39:10" runUser="ACERSANTOS\Santos" xmlns="http://microsoft.com/schemas/VisualStudio/TeamTest/2010">
  <TestSettings name="Local" id="66962cd2-99c7-4af5-b1c3-3f24a3ebdd1e">
    <Description>These are default test settings for a local test run.</Description>
    <Deployment enabled="false" runDeploymentRoot="Santos_ACERSANTOS 2014-01-10 00_39_10">
      <DeploymentItem filename="E:\Projects\SGIInventory\SGInvetory\SGInventory.Interfaces\bin\Debug\SGInventory.Common.Interfaces.dll" />
      <DeploymentItem filename="E:\Projects\SGIInventory\SGInvetory\SGInventory.Business.Model\bin\Debug\SGInventory.Business.Model.dll" />
      <DeploymentItem filename="E:\Projects\SGIInventory\SGInvetory\SGInventory.Enums\bin\Debug\SGInventory.Enums.dll" />
      <DeploymentItem filename="E:\Projects\SGIInventory\SGInvetory\SGInventory.Presenter\bin\Debug\SGInventory.Presenters.dll" />
      <DeploymentItem filename="E:\Projects\SGIInventory\SGInvetory\packages\Moq.4.0.10827\lib\NET40\Moq.dll" />
      <DeploymentItem filename="E:\Projects\SGIInventory\SGInvetory\Views\bin\Debug\SGInventory.Views.dll" />
      <DeploymentItem filename="E:\Projects\SGIInventory\SGInvetory\SGInventory.Model\bin\Debug\SGInventory.Model.dll" />
      <DeploymentItem filename="E:\Projects\SGIInventory\SGInvetory\SGInventory.Test.Data\bin\Debug\SGInventory.Test.Data.dll" />
      <DeploymentItem filename="E:\Projects\SGIInventory\SGInvetory\SGInventory.Helpers\bin\Debug\SGInventory.Helpers.dll" />
    </Deployment>
    <Execution>
      <TestTypeSpecific />
      <AgentRule name="Execution Agents">
      </AgentRule>
    </Execution>
  </TestSettings>
  <Times creation="2014-01-10T00:39:10.8036022+08:00" queuing="2014-01-10T00:39:10.8973522+08:00" start="2014-01-10T00:39:10.9129772+08:00" finish="2014-01-10T00:39:12.0692272+08:00" />
  <ResultSummary outcome="Failed">
    <Counters total="1" executed="1" error="0" failed="1" timeout="0" aborted="0" inconclusive="0" passedButRunAborted="0" notRunnable="0" notExecuted="0" disconnected="0" warning="0" passed="0" completed="0" inProgress="0" pending="0" />
  </ResultSummary>
  <TestDefinitions>
    <UnitTest name="ProcessItemCodeAfterScanning_ProductDetailExists_Test" storage="e:\projects\sgiinventory\sginvetory\sginventory.presenters.test\bin\debug\sginventory.presenters.test.dll" id="3b4616a9-73ef-420a-08b6-6dcff08c24e1">
      <Execution id="1efa8ce3-f6fd-4ab4-9a95-911261c196f8" />
      <TestMethod codeBase="E:/Projects/SGIInventory/SGInvetory/SGInventory.Presenters.Test/bin/Debug/SGInventory.Presenters.Test.DLL" adapterTypeName="Microsoft.VisualStudio.TestTools.TestTypes.Unit.UnitTestAdapter, Microsoft.VisualStudio.QualityTools.Tips.UnitTest.Adapter, Version=10.0.0.0, Culture=neutral, PublicKeyToken=b03f5f7f11d50a3a" className="SGInventory.Presenters.Test.DeliveryPresenterTest, SGInventory.Presenters.Test, Version=1.0.0.0, Culture=neutral, PublicKeyToken=null" name="ProcessItemCodeAfterScanning_ProductDetailExists_Test" />
    </UnitTest>
  </TestDefinitions>
  <TestLists>
    <TestList name="Results Not in a List" id="8c84fa94-04c1-424b-9868-57a2d4851a1d" />
    <TestList name="All Loaded Results" id="19431567-8539-422a-85d7-44ee4e166bda" />
  </TestLists>
  <TestEntries>
    <TestEntry testId="3b4616a9-73ef-420a-08b6-6dcff08c24e1" executionId="1efa8ce3-f6fd-4ab4-9a95-911261c196f8" testListId="8c84fa94-04c1-424b-9868-57a2d4851a1d" />
  </TestEntries>
  <Results>
    <UnitTestResult executionId="1efa8ce3-f6fd-4ab4-9a95-911261c196f8" testId="3b4616a9-73ef-420a-08b6-6dcff08c24e1" testName="ProcessItemCodeAfterScanning_ProductDetailExists_Test" computerName="ACERSANTOS" duration="00:00:00.7553197" startTime="2014-01-10T00:39:10.9129772+08:00" endTime="2014-01-10T00:39:12.0223522+08:00" testType="13cdc9d9-ddb5-4fa4-a97d-d965ccfc6d4b" outcome="Failed" testListId="8c84fa94-04c1-424b-9868-57a2d4851a1d" relativeResultsDirectory="1efa8ce3-f6fd-4ab4-9a95-911261c196f8">
      <Output>
        <ErrorInfo>
          <Message>Test method SGInventory.Presenters.Test.DeliveryPresenterTest.ProcessItemCodeAfterScanning_ProductDetailExists_Test threw exception: 
Moq.MockException: IDeliveryPresenterView.GetSizeCode() invocation failed with mock behavior Strict.
All invocations on the mock must have a corresponding setup.</Message>
          <StackTrace>    at Moq.Interceptor.Intercept(ICallContext invocation)
   at Moq.Proxy.CastleProxyFactory.Interceptor.Intercept(IInvocation invocation)
   at Castle.DynamicProxy.AbstractInvocation.Proceed()
   at Castle.Proxies.IDeliveryPresenterViewProxy.GetSizeCode()
   at SGInventory.Presenters.DeliveryPresenter.GetProductDetailCost() in E:\Projects\SGIInventory\SGInvetory\SGInventory.Presenter\DeliveryPresenter.cs:line 540
   at SGInventory.Presenters.DeliveryPresenter.LoadProductDetail() in E:\Projects\SGIInventory\SGInvetory\SGInventory.Presenter\DeliveryPresenter.cs:line 111
   at SGInventory.Presenters.DeliveryPresenter.ProcessItemCodeAfterScanning(String barcode) in E:\Projects\SGIInventory\SGInvetory\SGInventory.Presenter\DeliveryPresenter.cs:line 721
   at SGInventory.Presenters.Test.DeliveryPresenterTest.ProcessItemCodeAfterScanning_ProductDetailExists_Test() in E:\Projects\SGIInventory\SGInvetory\SGInventory.Presenters.Test\DeliveryPresenterTest.cs:line 175
</StackTrace>
        </ErrorInfo>
      </Output>
    </UnitTestResult>
  </Results>
</TestRun>