<?xml version="1.0" encoding="UTF-8"?>
<TestRun id="55f8ffab-71c5-4027-9206-18e865a7e9da" name="Santos@ACERSANTOS 2014-01-09 00:34:36" runUser="ACERSANTOS\Santos" xmlns="http://microsoft.com/schemas/VisualStudio/TeamTest/2010">
  <TestSettings name="Local" id="66962cd2-99c7-4af5-b1c3-3f24a3ebdd1e">
    <Description>These are default test settings for a local test run.</Description>
    <Deployment enabled="false" runDeploymentRoot="Santos_ACERSANTOS 2014-01-09 00_34_36">
      <DeploymentItem filename="E:\Projects\SGIInventory\SGInvetory\packages\Moq.4.0.10827\lib\NET40\Moq.dll" />
      <DeploymentItem filename="E:\Projects\SGIInventory\SGInvetory\packages\NHibernate.3.3.2.4000\lib\Net35\NHibernate.dll" />
      <DeploymentItem filename="E:\Projects\SGIInventory\SGInvetory\SGInventory.Presenter\bin\Debug\SGInventory.Presenters.dll" />
      <DeploymentItem filename="E:\Projects\SGIInventory\SGInvetory\packages\Iesi.Collections.3.2.0.4000\lib\Net35\Iesi.Collections.dll" />
      <DeploymentItem filename="E:\Projects\SGIInventory\SGInvetory\SGInventory.Test.Data\bin\Debug\SGInventory.Test.Data.dll" />
      <DeploymentItem filename="E:\Projects\SGIInventory\SGInvetory\SGInventory.Interfaces\bin\Debug\SGInventory.Common.Interfaces.dll" />
      <DeploymentItem filename="E:\Projects\SGIInventory\SGInvetory\SGInventory.Helpers\bin\Debug\SGInventory.Helpers.dll" />
      <DeploymentItem filename="E:\Projects\SGIInventory\SGInvetory\SGInventory.Business.Model\bin\Debug\SGInventory.Business.Model.dll" />
      <DeploymentItem filename="E:\Projects\SGIInventory\SGInvetory\SGInventory.Enums\bin\Debug\SGInventory.Enums.dll" />
      <DeploymentItem filename="E:\Projects\SGIInventory\SGInvetory\packages\FluentNHibernate.1.3.0.733\lib\FluentNHibernate.dll" />
      <DeploymentItem filename="E:\Projects\SGIInventory\SGInvetory\packages\Ninject.3.0.1.10\lib\net40\Ninject.dll" />
      <DeploymentItem filename="E:\Projects\SGIInventory\SGInvetory\SGInventory.Model\bin\Debug\SGInventory.Model.dll" />
      <DeploymentItem filename="E:\Projects\SGIInventory\SGInvetory\Views\bin\Debug\SGInventory.Views.dll" />
      <DeploymentItem filename="E:\Projects\SGIInventory\SGInvetory\SGInventory.Extensions\bin\Debug\SGInventory.Extensions.dll" />
      <DeploymentItem filename="E:\Projects\SGIInventory\SGInvetory\SGInvetory.DAL\bin\Debug\SGInventory.Dal.dll" />
    </Deployment>
    <Execution>
      <TestTypeSpecific />
      <AgentRule name="Execution Agents">
      </AgentRule>
    </Execution>
  </TestSettings>
  <Times creation="2014-01-09T00:34:36.3437500+08:00" queuing="2014-01-09T00:34:36.6562500+08:00" start="2014-01-09T00:34:36.8125000+08:00" finish="2014-01-09T00:34:52.2812500+08:00" />
  <ResultSummary outcome="Completed">
    <Counters total="367" executed="367" passed="367" error="0" failed="0" timeout="0" aborted="0" inconclusive="0" passedButRunAborted="0" notRunnable="0" notExecuted="0" disconnected="0" warning="0" completed="0" inProgress="0" pending="0" />
  </ResultSummary>
  <TestDefinitions>
    <UnitTest name="SelectByPrimaryId_GivenTheId_Exists_ShouldReturnOneObjectTest" storage="e:\projects\sgiinventory\sginvetory\sginventory.businessmodel.test\bin\debug\sginventory.businessmodel.test.dll" id="cba36912-cd40-6ace-d587-33fa675a7d0a">
      <Execution id="b2f1f5a0-9bb8-489e-9ff3-1471d0604c11" />
      <TestMethod codeBase="E:/Projects/SGIInventory/SGInvetory/SGInventory.BusinessModel.Test/bin/Debug/SGInventory.BusinessModel.Test.DLL" adapterTypeName="Microsoft.VisualStudio.TestTools.TestTypes.Unit.UnitTestAdapter, Microsoft.VisualStudio.QualityTools.Tips.UnitTest.Adapter, Version=10.0.0.0, Culture=neutral, PublicKeyToken=b03f5f7f11d50a3a" className="SGInventory.Business.Model.CategoryBusinessModelTest, SGInventory.BusinessModel.Test, Version=1.0.0.0, Culture=neutral, PublicKeyToken=null" name="SelectByPrimaryId_GivenTheId_Exists_ShouldReturnOneObjectTest" />
    </UnitTest>
    <UnitTest name="DeleteSelectedModels_GivenTheUserSayNo_Test" storage="e:\projects\sgiinventory\sginvetory\sginventory.presenters.test\bin\debug\sginventory.presenters.test.dll" id="b670c5d2-fdb6-caf7-3f8e-cbbe1841e8c2">
      <Execution id="1b0fda96-4a3d-41e4-8b63-4158cf9f7419" />
      <TestMethod codeBase="E:/Projects/SGIInventory/SGInvetory/SGInventory.Presenters.Test/bin/Debug/SGInventory.Presenters.Test.DLL" adapterTypeName="Microsoft.VisualStudio.TestTools.TestTypes.Unit.UnitTestAdapter, Microsoft.VisualStudio.QualityTools.Tips.UnitTest.Adapter, Version=10.0.0.0, Culture=neutral, PublicKeyToken=b03f5f7f11d50a3a" className="SGInventory.Presenters.Test.ProductDetailSearchPresenterTest, SGInventory.Presenters.Test, Version=1.0.0.0, Culture=neutral, PublicKeyToken=null" name="DeleteSelectedModels_GivenTheUserSayNo_Test" />
    </UnitTest>
    <UnitTest name="SelectByParent_Test" storage="e:\projects\sgiinventory\sginvetory\sginvetory.dal.test\bin\debug\sginventory.dal.test.dll" id="96624594-37d8-b9ce-e796-b2e326c8e3a9">
      <Execution id="d60d7162-af66-4a16-a309-b490dfeca84d" />
      <TestMethod codeBase="E:/Projects/SGIInventory/SGInvetory/SGInvetory.DAL.Test/bin/Debug/SGInventory.DAL.Test.DLL" adapterTypeName="Microsoft.VisualStudio.TestTools.TestTypes.Unit.UnitTestAdapter, Microsoft.VisualStudio.QualityTools.Tips.UnitTest.Adapter, Version=10.0.0.0, Culture=neutral, PublicKeyToken=b03f5f7f11d50a3a" className="SGInventory.DAL.Test.ProductDetailDalTest, SGInventory.DAL.Test, Version=1.0.0.0, Culture=neutral, PublicKeyToken=null" name="SelectByParent_Test" />
    </UnitTest>
    <UnitTest name="DisableOrEnableSaveDeliveryButton_GivenInputIsGoodTest" storage="e:\projects\sgiinventory\sginvetory\sginventory.presenters.test\bin\debug\sginventory.presenters.test.dll" id="04df712c-5b07-cd02-4c71-4dd31747814f">
      <Execution id="c7f6238f-dcf9-4f2f-8c6f-30426f4029f9" />
      <TestMethod codeBase="E:/Projects/SGIInventory/SGInvetory/SGInventory.Presenters.Test/bin/Debug/SGInventory.Presenters.Test.DLL" adapterTypeName="Microsoft.VisualStudio.TestTools.TestTypes.Unit.UnitTestAdapter, Microsoft.VisualStudio.QualityTools.Tips.UnitTest.Adapter, Version=10.0.0.0, Culture=neutral, PublicKeyToken=b03f5f7f11d50a3a" className="SGInventory.Presenters.Test.DeliveryPresenterTest, SGInventory.Presenters.Test, Version=1.0.0.0, Culture=neutral, PublicKeyToken=null" name="DisableOrEnableSaveDeliveryButton_GivenInputIsGoodTest" />
    </UnitTest>
    <UnitTest name="SelectByPrimaryKey_GivenPrimaryKey_ReturnShouldNotBeNull" storage="e:\projects\sgiinventory\sginvetory\sginvetory.dal.test\bin\debug\sginventory.dal.test.dll" id="2b43ca8c-c2de-a711-7145-f7a1d478390e">
      <Execution id="98cd6503-2a87-45f2-bbe8-bd6f90718672" />
      <TestMethod codeBase="E:/Projects/SGIInventory/SGInvetory/SGInvetory.DAL.Test/bin/Debug/SGInventory.DAL.Test.DLL" adapterTypeName="Microsoft.VisualStudio.TestTools.TestTypes.Unit.UnitTestAdapter, Microsoft.VisualStudio.QualityTools.Tips.UnitTest.Adapter, Version=10.0.0.0, Culture=neutral, PublicKeyToken=b03f5f7f11d50a3a" className="SGInventory.DAL.Test.ColorDalTest, SGInventory.DAL.Test, Version=1.0.0.0, Culture=neutral, PublicKeyToken=null" name="SelectByPrimaryKey_GivenPrimaryKey_ReturnShouldNotBeNull" />
    </UnitTest>
    <UnitTest name="Delete_Test" storage="e:\projects\sgiinventory\sginvetory\sginventory.businessmodel.test\bin\debug\sginventory.businessmodel.test.dll" id="ae9f039e-de48-abf5-2743-be0e396f0007">
      <Execution id="5be6afa8-60fb-42e6-b7c6-7c498ecb893e" />
      <TestMethod codeBase="E:/Projects/SGIInventory/SGInvetory/SGInventory.BusinessModel.Test/bin/Debug/SGInventory.BusinessModel.Test.DLL" adapterTypeName="Microsoft.VisualStudio.TestTools.TestTypes.Unit.UnitTestAdapter, Microsoft.VisualStudio.QualityTools.Tips.UnitTest.Adapter, Version=10.0.0.0, Culture=neutral, PublicKeyToken=b03f5f7f11d50a3a" className="SGInventory.BusinessModel.Test.ProductBusinessModelTest, SGInventory.BusinessModel.Test, Version=1.0.0.0, Culture=neutral, PublicKeyToken=null" name="Delete_Test" />
    </UnitTest>
    <UnitTest name="SaveProduct_GivenThatProductAlreadyExists_ResultSuccessfullPopUpMessage_Test" storage="e:\projects\sgiinventory\sginvetory\sginventory.presenters.test\bin\debug\sginventory.presenters.test.dll" id="08e885f0-a902-86a5-3bb7-6e4615dd04e3">
      <Execution id="678accf3-6895-4427-8bbb-f3c2ba2b3043" />
      <TestMethod codeBase="E:/Projects/SGIInventory/SGInvetory/SGInventory.Presenters.Test/bin/Debug/SGInventory.Presenters.Test.DLL" adapterTypeName="Microsoft.VisualStudio.TestTools.TestTypes.Unit.UnitTestAdapter, Microsoft.VisualStudio.QualityTools.Tips.UnitTest.Adapter, Version=10.0.0.0, Culture=neutral, PublicKeyToken=b03f5f7f11d50a3a" className="SGInventory.Presenters.Test.ProductEditPresenterTest, SGInventory.Presenters.Test, Version=1.0.0.0, Culture=neutral, PublicKeyToken=null" name="SaveProduct_GivenThatProductAlreadyExists_ResultSuccessfullPopUpMessage_Test" />
    </UnitTest>
    <UnitTest name="Save_GivenThatOnCreateModeAndProductAlreadyExist_ResultUnsuccessfullPopupMessage_Test" storage="e:\projects\sgiinventory\sginvetory\sginventory.presenters.test\bin\debug\sginventory.presenters.test.dll" id="2c7d5cda-6bf0-7130-3fea-1cf3b9e0f273">
      <Execution id="e78a847c-ee77-41e7-b706-af7ed025d061" />
      <TestMethod codeBase="E:/Projects/SGIInventory/SGInvetory/SGInventory.Presenters.Test/bin/Debug/SGInventory.Presenters.Test.DLL" adapterTypeName="Microsoft.VisualStudio.TestTools.TestTypes.Unit.UnitTestAdapter, Microsoft.VisualStudio.QualityTools.Tips.UnitTest.Adapter, Version=10.0.0.0, Culture=neutral, PublicKeyToken=b03f5f7f11d50a3a" className="SGInventory.Presenters.Test.ProductEditPresenterTest, SGInventory.Presenters.Test, Version=1.0.0.0, Culture=neutral, PublicKeyToken=null" name="Save_GivenThatOnCreateModeAndProductAlreadyExist_ResultUnsuccessfullPopupMessage_Test" />
    </UnitTest>
    <UnitTest name="LoadSelectedProductByProductTest" storage="e:\projects\sgiinventory\sginvetory\sginventory.presenters.test\bin\debug\sginventory.presenters.test.dll" id="8c1e773a-137a-9b93-574d-7de86f793fdf">
      <Execution id="ccd20f14-84a8-4985-900e-3e43a3012628" />
      <TestMethod codeBase="E:/Projects/SGIInventory/SGInvetory/SGInventory.Presenters.Test/bin/Debug/SGInventory.Presenters.Test.DLL" adapterTypeName="Microsoft.VisualStudio.TestTools.TestTypes.Unit.UnitTestAdapter, Microsoft.VisualStudio.QualityTools.Tips.UnitTest.Adapter, Version=10.0.0.0, Culture=neutral, PublicKeyToken=b03f5f7f11d50a3a" className="SGInventory.Presenters.Test.DeliveryPresenterTest, SGInventory.Presenters.Test, Version=1.0.0.0, Culture=neutral, PublicKeyToken=null" name="LoadSelectedProductByProductTest" />
    </UnitTest>
    <UnitTest name="SaveModel_GivenModelExistsValidFieldsWashingNameNotExistsQueryHasResult_ResultSuccessfull" storage="e:\projects\sgiinventory\sginvetory\sginventory.businessmodel.test\bin\debug\sginventory.businessmodel.test.dll" id="1041bdeb-6e26-0b44-30a6-ffa741bfa737">
      <Execution id="e536c9ea-043d-49c5-9530-1b7e5c475b98" />
      <TestMethod codeBase="E:/Projects/SGIInventory/SGInvetory/SGInventory.BusinessModel.Test/bin/Debug/SGInventory.BusinessModel.Test.DLL" adapterTypeName="Microsoft.VisualStudio.TestTools.TestTypes.Unit.UnitTestAdapter, Microsoft.VisualStudio.QualityTools.Tips.UnitTest.Adapter, Version=10.0.0.0, Culture=neutral, PublicKeyToken=b03f5f7f11d50a3a" className="SGInventory.BusinessModel.Test.WashingBusinessModelTest, SGInventory.BusinessModel.Test, Version=1.0.0.0, Culture=neutral, PublicKeyToken=null" name="SaveModel_GivenModelExistsValidFieldsWashingNameNotExistsQueryHasResult_ResultSuccessfull" />
    </UnitTest>
    <UnitTest name="SaveModel_GivenModelIsNewValidFieldsNameNotExistsQueryHasNoResult_ResultSuccessfull" storage="e:\projects\sgiinventory\sginvetory\sginventory.businessmodel.test\bin\debug\sginventory.businessmodel.test.dll" id="53f6bc98-39c6-ede7-7a7f-876e1759ce0f">
      <Execution id="55df439e-762c-4ab7-b755-fc9a7d59a890" />
      <TestMethod codeBase="E:/Projects/SGIInventory/SGInvetory/SGInventory.BusinessModel.Test/bin/Debug/SGInventory.BusinessModel.Test.DLL" adapterTypeName="Microsoft.VisualStudio.TestTools.TestTypes.Unit.UnitTestAdapter, Microsoft.VisualStudio.QualityTools.Tips.UnitTest.Adapter, Version=10.0.0.0, Culture=neutral, PublicKeyToken=b03f5f7f11d50a3a" className="SGInventory.BusinessModel.Test.OutletBusinessModelTest, SGInventory.BusinessModel.Test, Version=1.0.0.0, Culture=neutral, PublicKeyToken=null" name="SaveModel_GivenModelIsNewValidFieldsNameNotExistsQueryHasNoResult_ResultSuccessfull" />
    </UnitTest>
    <UnitTest name="Save_GivenNameExceedTheMaximumLength_Test" storage="e:\projects\sgiinventory\sginvetory\sginventory.presenters.test\bin\debug\sginventory.presenters.test.dll" id="bb305726-706d-f65d-c5bc-17f2acdeab3a">
      <Execution id="41387036-20c9-4919-9e7e-d20562270eef" />
      <TestMethod codeBase="E:/Projects/SGIInventory/SGInvetory/SGInventory.Presenters.Test/bin/Debug/SGInventory.Presenters.Test.DLL" adapterTypeName="Microsoft.VisualStudio.TestTools.TestTypes.Unit.UnitTestAdapter, Microsoft.VisualStudio.QualityTools.Tips.UnitTest.Adapter, Version=10.0.0.0, Culture=neutral, PublicKeyToken=b03f5f7f11d50a3a" className="SGInventory.Presenters.Test.CategoryEditPresenterTest, SGInventory.Presenters.Test, Version=1.0.0.0, Culture=neutral, PublicKeyToken=null" name="Save_GivenNameExceedTheMaximumLength_Test" />
    </UnitTest>
    <UnitTest name="SelectAll_ShouldReturnList_Test" storage="e:\projects\sgiinventory\sginvetory\sginventory.businessmodel.test\bin\debug\sginventory.businessmodel.test.dll" id="2cdc6001-0246-9dd5-4cbf-f1ab239a1d6c">
      <Execution id="e9c499e4-4a50-4abd-aa84-87133e02454d" />
      <TestMethod codeBase="E:/Projects/SGIInventory/SGInvetory/SGInventory.BusinessModel.Test/bin/Debug/SGInventory.BusinessModel.Test.DLL" adapterTypeName="Microsoft.VisualStudio.TestTools.TestTypes.Unit.UnitTestAdapter, Microsoft.VisualStudio.QualityTools.Tips.UnitTest.Adapter, Version=10.0.0.0, Culture=neutral, PublicKeyToken=b03f5f7f11d50a3a" className="SGInventory.BusinessModel.Test.SupplierBusinessModelTest, SGInventory.BusinessModel.Test, Version=1.0.0.0, Culture=neutral, PublicKeyToken=null" name="SelectAll_ShouldReturnList_Test" />
    </UnitTest>
    <UnitTest name="SaveSupplier_GivenThanNameExistsCreateNewSupplier_ResultUnSuccessfullPopUpMessage_Test" storage="e:\projects\sgiinventory\sginvetory\sginventory.presenters.test\bin\debug\sginventory.presenters.test.dll" id="960715e1-e435-d363-5dc1-71152b5f89c9">
      <Execution id="01e0873f-c672-4e40-8a0c-a1755e6f8823" />
      <TestMethod codeBase="E:/Projects/SGIInventory/SGInvetory/SGInventory.Presenters.Test/bin/Debug/SGInventory.Presenters.Test.DLL" adapterTypeName="Microsoft.VisualStudio.TestTools.TestTypes.Unit.UnitTestAdapter, Microsoft.VisualStudio.QualityTools.Tips.UnitTest.Adapter, Version=10.0.0.0, Culture=neutral, PublicKeyToken=b03f5f7f11d50a3a" className="SGInventory.Presenters.Test.SupplierEditPresenterTest, SGInventory.Presenters.Test, Version=1.0.0.0, Culture=neutral, PublicKeyToken=null" name="SaveSupplier_GivenThanNameExistsCreateNewSupplier_ResultUnSuccessfullPopUpMessage_Test" />
    </UnitTest>
    <UnitTest name="DeleteSelectedCategories_GivenTheUserSayNo_Test" storage="e:\projects\sgiinventory\sginvetory\sginventory.presenters.test\bin\debug\sginventory.presenters.test.dll" id="46274c2d-5960-f1c1-3b92-ebaf1f680b56">
      <Execution id="948250a5-6ac1-4ff9-ae1f-76426522e848" />
      <TestMethod codeBase="E:/Projects/SGIInventory/SGInvetory/SGInventory.Presenters.Test/bin/Debug/SGInventory.Presenters.Test.DLL" adapterTypeName="Microsoft.VisualStudio.TestTools.TestTypes.Unit.UnitTestAdapter, Microsoft.VisualStudio.QualityTools.Tips.UnitTest.Adapter, Version=10.0.0.0, Culture=neutral, PublicKeyToken=b03f5f7f11d50a3a" className="SGInventory.Presenters.Test.ColorSearchPresenterTest, SGInventory.Presenters.Test, Version=1.0.0.0, Culture=neutral, PublicKeyToken=null" name="DeleteSelectedCategories_GivenTheUserSayNo_Test" />
    </UnitTest>
    <UnitTest name="LoadSelectedDelivery_Test" storage="e:\projects\sgiinventory\sginvetory\sginventory.presenters.test\bin\debug\sginventory.presenters.test.dll" id="41126980-9a99-81fa-1e1d-71cf1765f014">
      <Execution id="f79a585d-398a-4b31-815a-d92d5b90a4ed" />
      <TestMethod codeBase="E:/Projects/SGIInventory/SGInvetory/SGInventory.Presenters.Test/bin/Debug/SGInventory.Presenters.Test.DLL" adapterTypeName="Microsoft.VisualStudio.TestTools.TestTypes.Unit.UnitTestAdapter, Microsoft.VisualStudio.QualityTools.Tips.UnitTest.Adapter, Version=10.0.0.0, Culture=neutral, PublicKeyToken=b03f5f7f11d50a3a" className="SGInventory.Presenters.Test.SupplierSearchDeliveryPresenterTest, SGInventory.Presenters.Test, Version=1.0.0.0, Culture=neutral, PublicKeyToken=null" name="LoadSelectedDelivery_Test" />
    </UnitTest>
    <UnitTest name="DisableOrEnableSaveDeliveryButton_GivenAllInputsIsValid_Test" storage="e:\projects\sgiinventory\sginvetory\sginventory.presenters.test\bin\debug\sginventory.presenters.test.dll" id="cc497315-0e0f-da31-785d-e872c7d04ce1">
      <Execution id="6db3b9af-e815-4650-9cbf-cbac31b2546d" />
      <TestMethod codeBase="E:/Projects/SGIInventory/SGInvetory/SGInventory.Presenters.Test/bin/Debug/SGInventory.Presenters.Test.DLL" adapterTypeName="Microsoft.VisualStudio.TestTools.TestTypes.Unit.UnitTestAdapter, Microsoft.VisualStudio.QualityTools.Tips.UnitTest.Adapter, Version=10.0.0.0, Culture=neutral, PublicKeyToken=b03f5f7f11d50a3a" className="SGInventory.Presenters.Test.DeliveryPresenterTest, SGInventory.Presenters.Test, Version=1.0.0.0, Culture=neutral, PublicKeyToken=null" name="DisableOrEnableSaveDeliveryButton_GivenAllInputsIsValid_Test" />
    </UnitTest>
    <UnitTest name="DeleteSelectedCategories_GivenNoCategoriesIsSelected_Test" storage="e:\projects\sgiinventory\sginvetory\sginventory.presenters.test\bin\debug\sginventory.presenters.test.dll" id="e314496e-78c7-5efd-5c84-f1d7de486c6d">
      <Execution id="9eebfe91-e6dd-46e7-8109-63a8fa2e1b31" />
      <TestMethod codeBase="E:/Projects/SGIInventory/SGInvetory/SGInventory.Presenters.Test/bin/Debug/SGInventory.Presenters.Test.DLL" adapterTypeName="Microsoft.VisualStudio.TestTools.TestTypes.Unit.UnitTestAdapter, Microsoft.VisualStudio.QualityTools.Tips.UnitTest.Adapter, Version=10.0.0.0, Culture=neutral, PublicKeyToken=b03f5f7f11d50a3a" className="SGInventory.Presenters.Test.ColorSearchPresenterTest, SGInventory.Presenters.Test, Version=1.0.0.0, Culture=neutral, PublicKeyToken=null" name="DeleteSelectedCategories_GivenNoCategoriesIsSelected_Test" />
    </UnitTest>
    <UnitTest name="Validate_GivenInNewModeTheNameNotExists_ShouldReturnTrue" storage="e:\projects\sgiinventory\sginvetory\sginventory.businessmodel.test\bin\debug\sginventory.businessmodel.test.dll" id="faf7dc48-7a49-78c4-5c48-78894f012137">
      <Execution id="edfabfc3-24ee-4ee6-a675-dbeea89f36e5" />
      <TestMethod codeBase="E:/Projects/SGIInventory/SGInvetory/SGInventory.BusinessModel.Test/bin/Debug/SGInventory.BusinessModel.Test.DLL" adapterTypeName="Microsoft.VisualStudio.TestTools.TestTypes.Unit.UnitTestAdapter, Microsoft.VisualStudio.QualityTools.Tips.UnitTest.Adapter, Version=10.0.0.0, Culture=neutral, PublicKeyToken=b03f5f7f11d50a3a" className="SGInventory.BusinessModel.Test.OutletBusinessModelTest, SGInventory.BusinessModel.Test, Version=1.0.0.0, Culture=neutral, PublicKeyToken=null" name="Validate_GivenInNewModeTheNameNotExists_ShouldReturnTrue" />
    </UnitTest>
    <UnitTest name="AddModel_Test" storage="e:\projects\sgiinventory\sginvetory\sginventory.presenters.test\bin\debug\sginventory.presenters.test.dll" id="5cc59f33-af36-5571-545a-946daa9eebe0">
      <Execution id="53a3c6ea-5cf7-48a0-8a68-577356d4cbde" />
      <TestMethod codeBase="E:/Projects/SGIInventory/SGInvetory/SGInventory.Presenters.Test/bin/Debug/SGInventory.Presenters.Test.DLL" adapterTypeName="Microsoft.VisualStudio.TestTools.TestTypes.Unit.UnitTestAdapter, Microsoft.VisualStudio.QualityTools.Tips.UnitTest.Adapter, Version=10.0.0.0, Culture=neutral, PublicKeyToken=b03f5f7f11d50a3a" className="SGInventory.Presenters.Test.OutletSearchPresenterTest, SGInventory.Presenters.Test, Version=1.0.0.0, Culture=neutral, PublicKeyToken=null" name="AddModel_Test" />
    </UnitTest>
    <UnitTest name="SelectByPrimaryId_GivenTheId_Exists_ShouldReturnOneObjectTest" storage="e:\projects\sgiinventory\sginvetory\sginventory.businessmodel.test\bin\debug\sginventory.businessmodel.test.dll" id="9f367ad8-de24-c5af-8464-1b83c3db2eb4">
      <Execution id="cc18c58d-c14b-48b9-a8ea-30c30fd4e70f" />
      <TestMethod codeBase="E:/Projects/SGIInventory/SGInvetory/SGInventory.BusinessModel.Test/bin/Debug/SGInventory.BusinessModel.Test.DLL" adapterTypeName="Microsoft.VisualStudio.TestTools.TestTypes.Unit.UnitTestAdapter, Microsoft.VisualStudio.QualityTools.Tips.UnitTest.Adapter, Version=10.0.0.0, Culture=neutral, PublicKeyToken=b03f5f7f11d50a3a" className="SGInventory.BusinessModel.Test.ColorBusinessModelTest, SGInventory.BusinessModel.Test, Version=1.0.0.0, Culture=neutral, PublicKeyToken=null" name="SelectByPrimaryId_GivenTheId_Exists_ShouldReturnOneObjectTest" />
    </UnitTest>
    <UnitTest name="SaveOrUpdateGivenItIsNotNewAndNoChangesMadeInQuantityAndThereIsExceptionTest" storage="e:\projects\sgiinventory\sginvetory\sginvetory.dal.test\bin\debug\sginventory.dal.test.dll" id="98605777-f680-d719-c8a2-29e79f98a843">
      <Execution id="63d2a8ea-66dd-4d95-9584-ef78a9cb030c" />
      <TestMethod codeBase="E:/Projects/SGIInventory/SGInvetory/SGInvetory.DAL.Test/bin/Debug/SGInventory.DAL.Test.DLL" adapterTypeName="Microsoft.VisualStudio.TestTools.TestTypes.Unit.UnitTestAdapter, Microsoft.VisualStudio.QualityTools.Tips.UnitTest.Adapter, Version=10.0.0.0, Culture=neutral, PublicKeyToken=b03f5f7f11d50a3a" className="SGInventory.DAL.Test.ProductDetailDalTest, SGInventory.DAL.Test, Version=1.0.0.0, Culture=neutral, PublicKeyToken=null" name="SaveOrUpdateGivenItIsNotNewAndNoChangesMadeInQuantityAndThereIsExceptionTest" />
    </UnitTest>
    <UnitTest name="SelectByPrimaryId_Test" storage="e:\projects\sgiinventory\sginvetory\sginventory.businessmodel.test\bin\debug\sginventory.businessmodel.test.dll" id="e22c4575-62ee-9465-eaa4-14c7f6db60be">
      <Execution id="7b669638-150d-449f-b92a-0ae8512d444c" />
      <TestMethod codeBase="E:/Projects/SGIInventory/SGInvetory/SGInventory.BusinessModel.Test/bin/Debug/SGInventory.BusinessModel.Test.DLL" adapterTypeName="Microsoft.VisualStudio.TestTools.TestTypes.Unit.UnitTestAdapter, Microsoft.VisualStudio.QualityTools.Tips.UnitTest.Adapter, Version=10.0.0.0, Culture=neutral, PublicKeyToken=b03f5f7f11d50a3a" className="SGInventory.BusinessModel.Test.ProductBusinessModelTest, SGInventory.BusinessModel.Test, Version=1.0.0.0, Culture=neutral, PublicKeyToken=null" name="SelectByPrimaryId_Test" />
    </UnitTest>
    <UnitTest name="SelectBySp_GivenThereIsAParameter_ReturnShouldBeInList" storage="e:\projects\sgiinventory\sginvetory\sginvetory.dal.test\bin\debug\sginventory.dal.test.dll" id="56f7a881-8a34-6e76-ef50-a6f821049503">
      <Execution id="59890a7b-f884-484a-850a-6fe5ac766198" />
      <TestMethod codeBase="E:/Projects/SGIInventory/SGInvetory/SGInvetory.DAL.Test/bin/Debug/SGInventory.DAL.Test.DLL" adapterTypeName="Microsoft.VisualStudio.TestTools.TestTypes.Unit.UnitTestAdapter, Microsoft.VisualStudio.QualityTools.Tips.UnitTest.Adapter, Version=10.0.0.0, Culture=neutral, PublicKeyToken=b03f5f7f11d50a3a" className="SGInventory.DAL.Test.CategoryDalTest, SGInventory.DAL.Test, Version=1.0.0.0, Culture=neutral, PublicKeyToken=null" name="SelectBySp_GivenThereIsAParameter_ReturnShouldBeInList" />
    </UnitTest>
    <UnitTest name="SearchDeliveryByDeliveryDate_Test" storage="e:\projects\sgiinventory\sginvetory\sginventory.presenters.test\bin\debug\sginventory.presenters.test.dll" id="95374570-e83d-3a49-bb13-a1923d7f42dd">
      <Execution id="745ce5ea-e6f6-4a16-8e53-e64c277a2013" />
      <TestMethod codeBase="E:/Projects/SGIInventory/SGInvetory/SGInventory.Presenters.Test/bin/Debug/SGInventory.Presenters.Test.DLL" adapterTypeName="Microsoft.VisualStudio.TestTools.TestTypes.Unit.UnitTestAdapter, Microsoft.VisualStudio.QualityTools.Tips.UnitTest.Adapter, Version=10.0.0.0, Culture=neutral, PublicKeyToken=b03f5f7f11d50a3a" className="SGInventory.Presenters.Test.SupplierSearchDeliveryPresenterTest, SGInventory.Presenters.Test, Version=1.0.0.0, Culture=neutral, PublicKeyToken=null" name="SearchDeliveryByDeliveryDate_Test" />
    </UnitTest>
    <UnitTest name="Keypress_GivenThatNameHasLengthCodeHasNoLength_ShouldReturnFalse_Test" storage="e:\projects\sgiinventory\sginvetory\sginventory.presenters.test\bin\debug\sginventory.presenters.test.dll" id="668ed41d-29fd-0cff-a58f-2bb4b9bb7aaa">
      <Execution id="a0cbbdc0-ffc2-47aa-ae99-3998be67755b" />
      <TestMethod codeBase="E:/Projects/SGIInventory/SGInvetory/SGInventory.Presenters.Test/bin/Debug/SGInventory.Presenters.Test.DLL" adapterTypeName="Microsoft.VisualStudio.TestTools.TestTypes.Unit.UnitTestAdapter, Microsoft.VisualStudio.QualityTools.Tips.UnitTest.Adapter, Version=10.0.0.0, Culture=neutral, PublicKeyToken=b03f5f7f11d50a3a" className="SGInventory.Presenters.Test.ProductEditPresenterTest, SGInventory.Presenters.Test, Version=1.0.0.0, Culture=neutral, PublicKeyToken=null" name="Keypress_GivenThatNameHasLengthCodeHasNoLength_ShouldReturnFalse_Test" />
    </UnitTest>
    <UnitTest name="Delete_Test" storage="e:\projects\sgiinventory\sginvetory\sginventory.businessmodel.test\bin\debug\sginventory.businessmodel.test.dll" id="0d19bb79-4185-d34a-60a2-685c7afad346">
      <Execution id="eef1da6b-cd06-4544-a5d5-b949144d4386" />
      <TestMethod codeBase="E:/Projects/SGIInventory/SGInvetory/SGInventory.BusinessModel.Test/bin/Debug/SGInventory.BusinessModel.Test.DLL" adapterTypeName="Microsoft.VisualStudio.TestTools.TestTypes.Unit.UnitTestAdapter, Microsoft.VisualStudio.QualityTools.Tips.UnitTest.Adapter, Version=10.0.0.0, Culture=neutral, PublicKeyToken=b03f5f7f11d50a3a" className="SGInventory.Business.Model.CategoryBusinessModelTest, SGInventory.BusinessModel.Test, Version=1.0.0.0, Culture=neutral, PublicKeyToken=null" name="Delete_Test" />
    </UnitTest>
    <UnitTest name="SelectAllTest" storage="e:\projects\sgiinventory\sginvetory\sginvetory.dal.test\bin\debug\sginventory.dal.test.dll" id="2ce880b9-70c8-56a6-2dac-0f2bc06b7cff">
      <Execution id="c4852341-3d07-4bb5-85a1-455499630678" />
      <TestMethod codeBase="E:/Projects/SGIInventory/SGInvetory/SGInvetory.DAL.Test/bin/Debug/SGInventory.DAL.Test.DLL" adapterTypeName="Microsoft.VisualStudio.TestTools.TestTypes.Unit.UnitTestAdapter, Microsoft.VisualStudio.QualityTools.Tips.UnitTest.Adapter, Version=10.0.0.0, Culture=neutral, PublicKeyToken=b03f5f7f11d50a3a" className="SGInventory.DAL.Test.UserDalTest, SGInventory.DAL.Test, Version=1.0.0.0, Culture=neutral, PublicKeyToken=null" name="SelectAllTest" />
    </UnitTest>
    <UnitTest name="LoadAllColors_Test" storage="e:\projects\sgiinventory\sginvetory\sginventory.presenters.test\bin\debug\sginventory.presenters.test.dll" id="31597b65-c0b0-5bab-32c9-476e7c99508a">
      <Execution id="66ca7d68-b697-414e-ad59-09e18b52c444" />
      <TestMethod codeBase="E:/Projects/SGIInventory/SGInvetory/SGInventory.Presenters.Test/bin/Debug/SGInventory.Presenters.Test.DLL" adapterTypeName="Microsoft.VisualStudio.TestTools.TestTypes.Unit.UnitTestAdapter, Microsoft.VisualStudio.QualityTools.Tips.UnitTest.Adapter, Version=10.0.0.0, Culture=neutral, PublicKeyToken=b03f5f7f11d50a3a" className="SGInventory.Presenters.Test.ProductDetailEditPresenterTest, SGInventory.Presenters.Test, Version=1.0.0.0, Culture=neutral, PublicKeyToken=null" name="LoadAllColors_Test" />
    </UnitTest>
    <UnitTest name="SelectByPrimaryKey_GivenPrimaryKey_ReturnShouldNotBeNull" storage="e:\projects\sgiinventory\sginvetory\sginvetory.dal.test\bin\debug\sginventory.dal.test.dll" id="ec88895d-a8f6-c0a7-411a-1946c81ec89a">
      <Execution id="4095d6d3-872d-4620-9059-ba62d51a78b3" />
      <TestMethod codeBase="E:/Projects/SGIInventory/SGInvetory/SGInvetory.DAL.Test/bin/Debug/SGInventory.DAL.Test.DLL" adapterTypeName="Microsoft.VisualStudio.TestTools.TestTypes.Unit.UnitTestAdapter, Microsoft.VisualStudio.QualityTools.Tips.UnitTest.Adapter, Version=10.0.0.0, Culture=neutral, PublicKeyToken=b03f5f7f11d50a3a" className="SGInventory.DAL.Test.SizeDalTest, SGInventory.DAL.Test, Version=1.0.0.0, Culture=neutral, PublicKeyToken=null" name="SelectByPrimaryKey_GivenPrimaryKey_ReturnShouldNotBeNull" />
    </UnitTest>
    <UnitTest name="Validate_GivenInAddModeAndTheNameAlreadyExists_ShouldReturnFalse" storage="e:\projects\sgiinventory\sginvetory\sginventory.businessmodel.test\bin\debug\sginventory.businessmodel.test.dll" id="4ae54d20-69e8-986f-b7ab-2abc85fda24a">
      <Execution id="23113f59-00e8-45d9-8549-ddb133152101" />
      <TestMethod codeBase="E:/Projects/SGIInventory/SGInvetory/SGInventory.BusinessModel.Test/bin/Debug/SGInventory.BusinessModel.Test.DLL" adapterTypeName="Microsoft.VisualStudio.TestTools.TestTypes.Unit.UnitTestAdapter, Microsoft.VisualStudio.QualityTools.Tips.UnitTest.Adapter, Version=10.0.0.0, Culture=neutral, PublicKeyToken=b03f5f7f11d50a3a" className="SGInventory.BusinessModel.Test.OutletBusinessModelTest, SGInventory.BusinessModel.Test, Version=1.0.0.0, Culture=neutral, PublicKeyToken=null" name="Validate_GivenInAddModeAndTheNameAlreadyExists_ShouldReturnFalse" />
    </UnitTest>
    <UnitTest name="Save_GivenDescriptionExceedTheMaximumLength_Test" storage="e:\projects\sgiinventory\sginvetory\sginventory.presenters.test\bin\debug\sginventory.presenters.test.dll" id="d07ea7f2-0ba1-3755-edbb-5a01a7442d68">
      <Execution id="d0babbf2-4e4d-4b3e-807a-8b68f6057ccb" />
      <TestMethod codeBase="E:/Projects/SGIInventory/SGInvetory/SGInventory.Presenters.Test/bin/Debug/SGInventory.Presenters.Test.DLL" adapterTypeName="Microsoft.VisualStudio.TestTools.TestTypes.Unit.UnitTestAdapter, Microsoft.VisualStudio.QualityTools.Tips.UnitTest.Adapter, Version=10.0.0.0, Culture=neutral, PublicKeyToken=b03f5f7f11d50a3a" className="SGInventory.Presenters.Test.CategoryEditPresenterTest, SGInventory.Presenters.Test, Version=1.0.0.0, Culture=neutral, PublicKeyToken=null" name="Save_GivenDescriptionExceedTheMaximumLength_Test" />
    </UnitTest>
    <UnitTest name="Keypress_GivenThatNameHasLengthCodeHasNoLength_ShouldReturnTrue_Test" storage="e:\projects\sgiinventory\sginvetory\sginventory.presenters.test\bin\debug\sginventory.presenters.test.dll" id="df802102-d237-e330-6248-958a6a0aa8b9">
      <Execution id="c8a67975-266f-4bc9-90ae-0cd139b3e9fa" />
      <TestMethod codeBase="E:/Projects/SGIInventory/SGInvetory/SGInventory.Presenters.Test/bin/Debug/SGInventory.Presenters.Test.DLL" adapterTypeName="Microsoft.VisualStudio.TestTools.TestTypes.Unit.UnitTestAdapter, Microsoft.VisualStudio.QualityTools.Tips.UnitTest.Adapter, Version=10.0.0.0, Culture=neutral, PublicKeyToken=b03f5f7f11d50a3a" className="SGInventory.Presenters.Test.ColorEditPresenterTest, SGInventory.Presenters.Test, Version=1.0.0.0, Culture=neutral, PublicKeyToken=null" name="Keypress_GivenThatNameHasLengthCodeHasNoLength_ShouldReturnTrue_Test" />
    </UnitTest>
    <UnitTest name="DeleteSelectedCategories_GivenTheUserSayNo_Test" storage="e:\projects\sgiinventory\sginvetory\sginventory.presenters.test\bin\debug\sginventory.presenters.test.dll" id="70a33ed0-1988-45aa-e7ca-9e27a97f2dd8">
      <Execution id="54682412-01ac-451f-a8b8-fa0a12b1f3aa" />
      <TestMethod codeBase="E:/Projects/SGIInventory/SGInvetory/SGInventory.Presenters.Test/bin/Debug/SGInventory.Presenters.Test.DLL" adapterTypeName="Microsoft.VisualStudio.TestTools.TestTypes.Unit.UnitTestAdapter, Microsoft.VisualStudio.QualityTools.Tips.UnitTest.Adapter, Version=10.0.0.0, Culture=neutral, PublicKeyToken=b03f5f7f11d50a3a" className="SGInventory.Presenters.Test.SizeSearchPresenterTest, SGInventory.Presenters.Test, Version=1.0.0.0, Culture=neutral, PublicKeyToken=null" name="DeleteSelectedCategories_GivenTheUserSayNo_Test" />
    </UnitTest>
    <UnitTest name="BuildDeliveryDetailsPanelWithAnInitialNonEmptyDeliveryAndNoDamageTest" storage="e:\projects\sgiinventory\sginvetory\sginventory.presenters.test\bin\debug\sginventory.presenters.test.dll" id="08dc6b0f-3858-decb-7953-b26cf57e7287">
      <Execution id="fd188d1b-0e82-45b5-b747-4e5c7ea8208b" />
      <TestMethod codeBase="E:/Projects/SGIInventory/SGInvetory/SGInventory.Presenters.Test/bin/Debug/SGInventory.Presenters.Test.DLL" adapterTypeName="Microsoft.VisualStudio.TestTools.TestTypes.Unit.UnitTestAdapter, Microsoft.VisualStudio.QualityTools.Tips.UnitTest.Adapter, Version=10.0.0.0, Culture=neutral, PublicKeyToken=b03f5f7f11d50a3a" className="SGInventory.Presenters.Test.DeliveryPresenterTest, SGInventory.Presenters.Test, Version=1.0.0.0, Culture=neutral, PublicKeyToken=null" name="BuildDeliveryDetailsPanelWithAnInitialNonEmptyDeliveryAndNoDamageTest" />
    </UnitTest>
    <UnitTest name="ScannerResponseNotOkTest" storage="e:\projects\sgiinventory\sginvetory\sginventory.presenters.test\bin\debug\sginventory.presenters.test.dll" id="b32a286d-447c-44f2-f0e5-3665f3adba00">
      <Execution id="328fe518-b911-485b-a6e9-a0c72a81be9e" />
      <TestMethod codeBase="E:/Projects/SGIInventory/SGInvetory/SGInventory.Presenters.Test/bin/Debug/SGInventory.Presenters.Test.DLL" adapterTypeName="Microsoft.VisualStudio.TestTools.TestTypes.Unit.UnitTestAdapter, Microsoft.VisualStudio.QualityTools.Tips.UnitTest.Adapter, Version=10.0.0.0, Culture=neutral, PublicKeyToken=b03f5f7f11d50a3a" className="SGInventory.Presenters.Test.ScannerPresenterTest, SGInventory.Presenters.Test, Version=1.0.0.0, Culture=neutral, PublicKeyToken=null" name="ScannerResponseNotOkTest" />
    </UnitTest>
    <UnitTest name="Delete_Test" storage="e:\projects\sgiinventory\sginvetory\sginventory.businessmodel.test\bin\debug\sginventory.businessmodel.test.dll" id="6ec02b73-823d-f0af-b087-a3598d31bf1f">
      <Execution id="aec419a9-d6e0-4eb3-8201-d9e8ef75b639" />
      <TestMethod codeBase="E:/Projects/SGIInventory/SGInvetory/SGInventory.BusinessModel.Test/bin/Debug/SGInventory.BusinessModel.Test.DLL" adapterTypeName="Microsoft.VisualStudio.TestTools.TestTypes.Unit.UnitTestAdapter, Microsoft.VisualStudio.QualityTools.Tips.UnitTest.Adapter, Version=10.0.0.0, Culture=neutral, PublicKeyToken=b03f5f7f11d50a3a" className="SGInventory.BusinessModel.Test.ColorBusinessModelTest, SGInventory.BusinessModel.Test, Version=1.0.0.0, Culture=neutral, PublicKeyToken=null" name="Delete_Test" />
    </UnitTest>
    <UnitTest name="SelectByProductDetailstTest" storage="e:\projects\sgiinventory\sginvetory\sginventory.businessmodel.test\bin\debug\sginventory.businessmodel.test.dll" id="6a2e36ee-16e9-760e-fc85-c35d3744586f">
      <Execution id="91be646a-f9a1-41b7-b772-fd3fa2716e29" />
      <TestMethod codeBase="E:/Projects/SGIInventory/SGInvetory/SGInventory.BusinessModel.Test/bin/Debug/SGInventory.BusinessModel.Test.DLL" adapterTypeName="Microsoft.VisualStudio.TestTools.TestTypes.Unit.UnitTestAdapter, Microsoft.VisualStudio.QualityTools.Tips.UnitTest.Adapter, Version=10.0.0.0, Culture=neutral, PublicKeyToken=b03f5f7f11d50a3a" className="SGInventory.BusinessModel.Test.SizeBusinessModelTest, SGInventory.BusinessModel.Test, Version=1.0.0.0, Culture=neutral, PublicKeyToken=null" name="SelectByProductDetailstTest" />
    </UnitTest>
    <UnitTest name="ValidationError_GivenUserNameExceedsTheLimit_Test" storage="e:\projects\sgiinventory\sginvetory\sginventory.presenters.test\bin\debug\sginventory.presenters.test.dll" id="989d61d5-4f00-deb9-93ae-00b5cc4361a8">
      <Execution id="0a2d907e-7946-4306-a501-4b1ce6e68035" />
      <TestMethod codeBase="E:/Projects/SGIInventory/SGInvetory/SGInventory.Presenters.Test/bin/Debug/SGInventory.Presenters.Test.DLL" adapterTypeName="Microsoft.VisualStudio.TestTools.TestTypes.Unit.UnitTestAdapter, Microsoft.VisualStudio.QualityTools.Tips.UnitTest.Adapter, Version=10.0.0.0, Culture=neutral, PublicKeyToken=b03f5f7f11d50a3a" className="SGInventory.Presenters.Test.UserEditPresenterTest, SGInventory.Presenters.Test, Version=1.0.0.0, Culture=neutral, PublicKeyToken=null" name="ValidationError_GivenUserNameExceedsTheLimit_Test" />
    </UnitTest>
    <UnitTest name="SelectByPrimaryKey_GivenPrimaryKey_ReturnShouldNotBeNull" storage="e:\projects\sgiinventory\sginvetory\sginvetory.dal.test\bin\debug\sginventory.dal.test.dll" id="84fd3cae-9802-1d73-5e1c-a78d7fd1c84d">
      <Execution id="a3152fe8-1a42-4884-9669-b827b0e6c5ed" />
      <TestMethod codeBase="E:/Projects/SGIInventory/SGInvetory/SGInvetory.DAL.Test/bin/Debug/SGInventory.DAL.Test.DLL" adapterTypeName="Microsoft.VisualStudio.TestTools.TestTypes.Unit.UnitTestAdapter, Microsoft.VisualStudio.QualityTools.Tips.UnitTest.Adapter, Version=10.0.0.0, Culture=neutral, PublicKeyToken=b03f5f7f11d50a3a" className="SGInventory.DAL.Test.ProductDetailDalTest, SGInventory.DAL.Test, Version=1.0.0.0, Culture=neutral, PublicKeyToken=null" name="SelectByPrimaryKey_GivenPrimaryKey_ReturnShouldNotBeNull" />
    </UnitTest>
    <UnitTest name="SaveOrUpdate" storage="e:\projects\sgiinventory\sginvetory\sginvetory.dal.test\bin\debug\sginventory.dal.test.dll" id="f6efb228-afe7-15e3-3cf2-99c928893805">
      <Execution id="d7a68155-d665-44de-a48d-aaf14b496cd0" />
      <TestMethod codeBase="E:/Projects/SGIInventory/SGInvetory/SGInvetory.DAL.Test/bin/Debug/SGInventory.DAL.Test.DLL" adapterTypeName="Microsoft.VisualStudio.TestTools.TestTypes.Unit.UnitTestAdapter, Microsoft.VisualStudio.QualityTools.Tips.UnitTest.Adapter, Version=10.0.0.0, Culture=neutral, PublicKeyToken=b03f5f7f11d50a3a" className="SGInventory.DAL.Test.OutletTest, SGInventory.DAL.Test, Version=1.0.0.0, Culture=neutral, PublicKeyToken=null" name="SaveOrUpdate" />
    </UnitTest>
    <UnitTest name="PopulateModelToEditForm_Test" storage="e:\projects\sgiinventory\sginvetory\sginventory.presenters.test\bin\debug\sginventory.presenters.test.dll" id="aa04e3c5-5802-6d1d-3440-7c0dd938c92e">
      <Execution id="ca0b255d-07f0-437b-9a13-1827c6643ff1" />
      <TestMethod codeBase="E:/Projects/SGIInventory/SGInvetory/SGInventory.Presenters.Test/bin/Debug/SGInventory.Presenters.Test.DLL" adapterTypeName="Microsoft.VisualStudio.TestTools.TestTypes.Unit.UnitTestAdapter, Microsoft.VisualStudio.QualityTools.Tips.UnitTest.Adapter, Version=10.0.0.0, Culture=neutral, PublicKeyToken=b03f5f7f11d50a3a" className="SGInventory.Presenters.Test.ProductDetailSearchPresenterTest, SGInventory.Presenters.Test, Version=1.0.0.0, Culture=neutral, PublicKeyToken=null" name="PopulateModelToEditForm_Test" />
    </UnitTest>
    <UnitTest name="DeleteSelectedModels_GivenTheUserSayNo_Test" storage="e:\projects\sgiinventory\sginvetory\sginventory.presenters.test\bin\debug\sginventory.presenters.test.dll" id="58e12531-db4b-c490-c432-e51ba1ab7ea2">
      <Execution id="5fd8cb88-655d-4936-800e-844e784ebf1e" />
      <TestMethod codeBase="E:/Projects/SGIInventory/SGInvetory/SGInventory.Presenters.Test/bin/Debug/SGInventory.Presenters.Test.DLL" adapterTypeName="Microsoft.VisualStudio.TestTools.TestTypes.Unit.UnitTestAdapter, Microsoft.VisualStudio.QualityTools.Tips.UnitTest.Adapter, Version=10.0.0.0, Culture=neutral, PublicKeyToken=b03f5f7f11d50a3a" className="SGInventory.Presenters.Test.UserSearchPresenterTest, SGInventory.Presenters.Test, Version=1.0.0.0, Culture=neutral, PublicKeyToken=null" name="DeleteSelectedModels_GivenTheUserSayNo_Test" />
    </UnitTest>
    <UnitTest name="LogIn_GivenCredential_IsValid_ResultClosingOfLogInForm" storage="e:\projects\sgiinventory\sginvetory\sginventory.presenters.test\bin\debug\sginventory.presenters.test.dll" id="9ff9846c-9460-0889-c7c6-d1f3d898ca8a">
      <Execution id="d15e625f-880c-428d-a234-66bd0a61cb54" />
      <TestMethod codeBase="E:/Projects/SGIInventory/SGInvetory/SGInventory.Presenters.Test/bin/Debug/SGInventory.Presenters.Test.DLL" adapterTypeName="Microsoft.VisualStudio.TestTools.TestTypes.Unit.UnitTestAdapter, Microsoft.VisualStudio.QualityTools.Tips.UnitTest.Adapter, Version=10.0.0.0, Culture=neutral, PublicKeyToken=b03f5f7f11d50a3a" className="SGInventory.Presenters.Test.LogInPresenterTest, SGInventory.Presenters.Test, Version=1.0.0.0, Culture=neutral, PublicKeyToken=null" name="LogIn_GivenCredential_IsValid_ResultClosingOfLogInForm" />
    </UnitTest>
    <UnitTest name="BuildDeliveryDetails_Issue_001_Test" storage="e:\projects\sgiinventory\sginvetory\sginventory.presenters.test\bin\debug\sginventory.presenters.test.dll" id="8a737c96-b1b7-c951-5c82-9f4289c05abe">
      <Execution id="f61ff2c3-42be-4eda-8131-7fd7db5f6983" />
      <TestMethod codeBase="E:/Projects/SGIInventory/SGInvetory/SGInventory.Presenters.Test/bin/Debug/SGInventory.Presenters.Test.DLL" adapterTypeName="Microsoft.VisualStudio.TestTools.TestTypes.Unit.UnitTestAdapter, Microsoft.VisualStudio.QualityTools.Tips.UnitTest.Adapter, Version=10.0.0.0, Culture=neutral, PublicKeyToken=b03f5f7f11d50a3a" className="SGInventory.Presenters.Test.DeliveryPresenterTest, SGInventory.Presenters.Test, Version=1.0.0.0, Culture=neutral, PublicKeyToken=null" name="BuildDeliveryDetails_Issue_001_Test" />
    </UnitTest>
    <UnitTest name="AddModel_Test" storage="e:\projects\sgiinventory\sginvetory\sginventory.presenters.test\bin\debug\sginventory.presenters.test.dll" id="9e187ad4-d253-fd03-588e-b6539c32581a">
      <Execution id="d3f4517e-35cd-4534-8ee9-2efc6f8e98dd" />
      <TestMethod codeBase="E:/Projects/SGIInventory/SGInvetory/SGInventory.Presenters.Test/bin/Debug/SGInventory.Presenters.Test.DLL" adapterTypeName="Microsoft.VisualStudio.TestTools.TestTypes.Unit.UnitTestAdapter, Microsoft.VisualStudio.QualityTools.Tips.UnitTest.Adapter, Version=10.0.0.0, Culture=neutral, PublicKeyToken=b03f5f7f11d50a3a" className="SGInventory.Presenters.Test.SizeSearchPresenterTest, SGInventory.Presenters.Test, Version=1.0.0.0, Culture=neutral, PublicKeyToken=null" name="AddModel_Test" />
    </UnitTest>
    <UnitTest name="SaveOrUpdate" storage="e:\projects\sgiinventory\sginvetory\sginvetory.dal.test\bin\debug\sginventory.dal.test.dll" id="f616ad3b-1c96-1b93-b373-13ac9b69af60">
      <Execution id="780314db-41f3-42d6-88a4-08df3c3f9231" />
      <TestMethod codeBase="E:/Projects/SGIInventory/SGInvetory/SGInvetory.DAL.Test/bin/Debug/SGInventory.DAL.Test.DLL" adapterTypeName="Microsoft.VisualStudio.TestTools.TestTypes.Unit.UnitTestAdapter, Microsoft.VisualStudio.QualityTools.Tips.UnitTest.Adapter, Version=10.0.0.0, Culture=neutral, PublicKeyToken=b03f5f7f11d50a3a" className="SGInventory.DAL.Test.WashingDalTest, SGInventory.DAL.Test, Version=1.0.0.0, Culture=neutral, PublicKeyToken=null" name="SaveOrUpdate" />
    </UnitTest>
    <UnitTest name="LoadProductStatusTest" storage="e:\projects\sgiinventory\sginvetory\sginventory.presenters.test\bin\debug\sginventory.presenters.test.dll" id="4eb87f62-6044-b074-ea4d-e895f913a38d">
      <Execution id="35d86d45-e8d3-458b-a94b-30d3d84d03f7" />
      <TestMethod codeBase="E:/Projects/SGIInventory/SGInvetory/SGInventory.Presenters.Test/bin/Debug/SGInventory.Presenters.Test.DLL" adapterTypeName="Microsoft.VisualStudio.TestTools.TestTypes.Unit.UnitTestAdapter, Microsoft.VisualStudio.QualityTools.Tips.UnitTest.Adapter, Version=10.0.0.0, Culture=neutral, PublicKeyToken=b03f5f7f11d50a3a" className="SGInventory.Presenters.Test.DeliveryPresenterTest, SGInventory.Presenters.Test, Version=1.0.0.0, Culture=neutral, PublicKeyToken=null" name="LoadProductStatusTest" />
    </UnitTest>
    <UnitTest name="DisableOrEnableSaveDeliveryButton_Given_EmptyOrNumber_Test" storage="e:\projects\sgiinventory\sginvetory\sginventory.presenters.test\bin\debug\sginventory.presenters.test.dll" id="53ca1852-49a0-a11c-e7e8-a284473e42dd">
      <Execution id="f433fd7c-9a95-4ae3-91f4-f5b5e8b57eef" />
      <TestMethod codeBase="E:/Projects/SGIInventory/SGInvetory/SGInventory.Presenters.Test/bin/Debug/SGInventory.Presenters.Test.DLL" adapterTypeName="Microsoft.VisualStudio.TestTools.TestTypes.Unit.UnitTestAdapter, Microsoft.VisualStudio.QualityTools.Tips.UnitTest.Adapter, Version=10.0.0.0, Culture=neutral, PublicKeyToken=b03f5f7f11d50a3a" className="SGInventory.Presenters.Test.DeliveryPresenterTest, SGInventory.Presenters.Test, Version=1.0.0.0, Culture=neutral, PublicKeyToken=null" name="DisableOrEnableSaveDeliveryButton_Given_EmptyOrNumber_Test" />
    </UnitTest>
    <UnitTest name="SelectByPrimaryId_GivenTheIdNotExists_ShouldReturnEmptyCollectionTest" storage="e:\projects\sgiinventory\sginvetory\sginventory.businessmodel.test\bin\debug\sginventory.businessmodel.test.dll" id="324a1a1f-ce2b-9ccb-c816-31af5d3f332e">
      <Execution id="db74fe63-8c7f-41a1-9e04-f58b2511b6ad" />
      <TestMethod codeBase="E:/Projects/SGIInventory/SGInvetory/SGInventory.BusinessModel.Test/bin/Debug/SGInventory.BusinessModel.Test.DLL" adapterTypeName="Microsoft.VisualStudio.TestTools.TestTypes.Unit.UnitTestAdapter, Microsoft.VisualStudio.QualityTools.Tips.UnitTest.Adapter, Version=10.0.0.0, Culture=neutral, PublicKeyToken=b03f5f7f11d50a3a" className="SGInventory.BusinessModel.Test.SupplierBusinessModelTest, SGInventory.BusinessModel.Test, Version=1.0.0.0, Culture=neutral, PublicKeyToken=null" name="SelectByPrimaryId_GivenTheIdNotExists_ShouldReturnEmptyCollectionTest" />
    </UnitTest>
    <UnitTest name="SelectByDeliveryDate_Test" storage="e:\projects\sgiinventory\sginvetory\sginventory.businessmodel.test\bin\debug\sginventory.businessmodel.test.dll" id="3b19a912-97d6-b596-0130-431788f11b4d">
      <Execution id="3a29efd2-d5b7-4445-b916-3d0a97b95add" />
      <TestMethod codeBase="E:/Projects/SGIInventory/SGInvetory/SGInventory.BusinessModel.Test/bin/Debug/SGInventory.BusinessModel.Test.DLL" adapterTypeName="Microsoft.VisualStudio.TestTools.TestTypes.Unit.UnitTestAdapter, Microsoft.VisualStudio.QualityTools.Tips.UnitTest.Adapter, Version=10.0.0.0, Culture=neutral, PublicKeyToken=b03f5f7f11d50a3a" className="SGInventory.BusinessModel.Test.DeliveryBusinessModelTest, SGInventory.BusinessModel.Test, Version=1.0.0.0, Culture=neutral, PublicKeyToken=null" name="SelectByDeliveryDate_Test" />
    </UnitTest>
    <UnitTest name="SelectByPrimaryIdCategory__GivenTheIdNotExists_ShouldReturnEmptyCollectionTest" storage="e:\projects\sgiinventory\sginvetory\sginventory.businessmodel.test\bin\debug\sginventory.businessmodel.test.dll" id="70a17d9d-fb4e-8c3e-de5e-9e96a71dfe0d">
      <Execution id="51856618-f9b6-4c44-84f8-fc9751a0db43" />
      <TestMethod codeBase="E:/Projects/SGIInventory/SGInvetory/SGInventory.BusinessModel.Test/bin/Debug/SGInventory.BusinessModel.Test.DLL" adapterTypeName="Microsoft.VisualStudio.TestTools.TestTypes.Unit.UnitTestAdapter, Microsoft.VisualStudio.QualityTools.Tips.UnitTest.Adapter, Version=10.0.0.0, Culture=neutral, PublicKeyToken=b03f5f7f11d50a3a" className="SGInventory.Business.Model.CategoryBusinessModelTest, SGInventory.BusinessModel.Test, Version=1.0.0.0, Culture=neutral, PublicKeyToken=null" name="SelectByPrimaryIdCategory__GivenTheIdNotExists_ShouldReturnEmptyCollectionTest" />
    </UnitTest>
    <UnitTest name="SelectByPrimaryKey_GivenPrimaryKey_ReturnShouldNotBeNull" storage="e:\projects\sgiinventory\sginvetory\sginvetory.dal.test\bin\debug\sginventory.dal.test.dll" id="60254a77-70ff-2975-ebe1-66d52b47f210">
      <Execution id="31f4e1a7-37d9-4d16-8300-a64d7172ac5b" />
      <TestMethod codeBase="E:/Projects/SGIInventory/SGInvetory/SGInvetory.DAL.Test/bin/Debug/SGInventory.DAL.Test.DLL" adapterTypeName="Microsoft.VisualStudio.TestTools.TestTypes.Unit.UnitTestAdapter, Microsoft.VisualStudio.QualityTools.Tips.UnitTest.Adapter, Version=10.0.0.0, Culture=neutral, PublicKeyToken=b03f5f7f11d50a3a" className="SGInventory.DAL.Test.UserDalTest, SGInventory.DAL.Test, Version=1.0.0.0, Culture=neutral, PublicKeyToken=null" name="SelectByPrimaryKey_GivenPrimaryKey_ReturnShouldNotBeNull" />
    </UnitTest>
    <UnitTest name="SelectBySp_GivenThereIsAParameter_ReturnShouldBeInList" storage="e:\projects\sgiinventory\sginvetory\sginvetory.dal.test\bin\debug\sginventory.dal.test.dll" id="3b0ac9e6-348b-3458-4702-32837ddfa841">
      <Execution id="af681961-761a-47dc-bd4d-47b98198fcd6" />
      <TestMethod codeBase="E:/Projects/SGIInventory/SGInvetory/SGInvetory.DAL.Test/bin/Debug/SGInventory.DAL.Test.DLL" adapterTypeName="Microsoft.VisualStudio.TestTools.TestTypes.Unit.UnitTestAdapter, Microsoft.VisualStudio.QualityTools.Tips.UnitTest.Adapter, Version=10.0.0.0, Culture=neutral, PublicKeyToken=b03f5f7f11d50a3a" className="SGInventory.DAL.Test.SupplierDalTest, SGInventory.DAL.Test, Version=1.0.0.0, Culture=neutral, PublicKeyToken=null" name="SelectBySp_GivenThereIsAParameter_ReturnShouldBeInList" />
    </UnitTest>
    <UnitTest name="LoadCategories_GivenAllCategories_Test" storage="e:\projects\sgiinventory\sginvetory\sginventory.presenters.test\bin\debug\sginventory.presenters.test.dll" id="d0d75e97-a3ad-e770-d99c-e7793cdaaf16">
      <Execution id="6ef9df8b-4cdb-4d90-8311-0405dcd766d6" />
      <TestMethod codeBase="E:/Projects/SGIInventory/SGInvetory/SGInventory.Presenters.Test/bin/Debug/SGInventory.Presenters.Test.DLL" adapterTypeName="Microsoft.VisualStudio.TestTools.TestTypes.Unit.UnitTestAdapter, Microsoft.VisualStudio.QualityTools.Tips.UnitTest.Adapter, Version=10.0.0.0, Culture=neutral, PublicKeyToken=b03f5f7f11d50a3a" className="SGInventory.Presenters.Test.SizeSearchPresenterTest, SGInventory.Presenters.Test, Version=1.0.0.0, Culture=neutral, PublicKeyToken=null" name="LoadCategories_GivenAllCategories_Test" />
    </UnitTest>
    <UnitTest name="SelectByPrimaryKey_GivenPrimaryKey_ReturnShouldNotBeNull" storage="e:\projects\sgiinventory\sginvetory\sginvetory.dal.test\bin\debug\sginventory.dal.test.dll" id="a6f44b3b-d192-d47e-4da9-106d54454e08">
      <Execution id="b370307a-f567-4ef2-9fc5-cb1ced4dc820" />
      <TestMethod codeBase="E:/Projects/SGIInventory/SGInvetory/SGInvetory.DAL.Test/bin/Debug/SGInventory.DAL.Test.DLL" adapterTypeName="Microsoft.VisualStudio.TestTools.TestTypes.Unit.UnitTestAdapter, Microsoft.VisualStudio.QualityTools.Tips.UnitTest.Adapter, Version=10.0.0.0, Culture=neutral, PublicKeyToken=b03f5f7f11d50a3a" className="SGInventory.DAL.Test.SupplierDalTest, SGInventory.DAL.Test, Version=1.0.0.0, Culture=neutral, PublicKeyToken=null" name="SelectByPrimaryKey_GivenPrimaryKey_ReturnShouldNotBeNull" />
    </UnitTest>
    <UnitTest name="SaveCategory_GivenTheNameNotExistsUpdate_ResultSuccessfull" storage="e:\projects\sgiinventory\sginvetory\sginventory.businessmodel.test\bin\debug\sginventory.businessmodel.test.dll" id="34215581-689a-93ae-3c88-007ee8d20375">
      <Execution id="87a8493e-8e79-472c-85d8-bca0cc99ddcf" />
      <TestMethod codeBase="E:/Projects/SGIInventory/SGInvetory/SGInventory.BusinessModel.Test/bin/Debug/SGInventory.BusinessModel.Test.DLL" adapterTypeName="Microsoft.VisualStudio.TestTools.TestTypes.Unit.UnitTestAdapter, Microsoft.VisualStudio.QualityTools.Tips.UnitTest.Adapter, Version=10.0.0.0, Culture=neutral, PublicKeyToken=b03f5f7f11d50a3a" className="SGInventory.Business.Model.CategoryBusinessModelTest, SGInventory.BusinessModel.Test, Version=1.0.0.0, Culture=neutral, PublicKeyToken=null" name="SaveCategory_GivenTheNameNotExistsUpdate_ResultSuccessfull" />
    </UnitTest>
    <UnitTest name="SaveModel_GivenModelIsNewValidFieldsWashingCodeNotExistsButNameExistsQueryHasNoResult_ResultSuccessfull" storage="e:\projects\sgiinventory\sginvetory\sginventory.businessmodel.test\bin\debug\sginventory.businessmodel.test.dll" id="3f1008a6-e6ba-5f43-71e6-692b463e72ff">
      <Execution id="c161f974-6a63-4060-b2bd-dabaa864d3cf" />
      <TestMethod codeBase="E:/Projects/SGIInventory/SGInvetory/SGInventory.BusinessModel.Test/bin/Debug/SGInventory.BusinessModel.Test.DLL" adapterTypeName="Microsoft.VisualStudio.TestTools.TestTypes.Unit.UnitTestAdapter, Microsoft.VisualStudio.QualityTools.Tips.UnitTest.Adapter, Version=10.0.0.0, Culture=neutral, PublicKeyToken=b03f5f7f11d50a3a" className="SGInventory.BusinessModel.Test.WashingBusinessModelTest, SGInventory.BusinessModel.Test, Version=1.0.0.0, Culture=neutral, PublicKeyToken=null" name="SaveModel_GivenModelIsNewValidFieldsWashingCodeNotExistsButNameExistsQueryHasNoResult_ResultSuccessfull" />
    </UnitTest>
    <UnitTest name="Delete" storage="e:\projects\sgiinventory\sginvetory\sginvetory.dal.test\bin\debug\sginventory.dal.test.dll" id="7c58561d-a0ec-72d7-0151-1803097c4b45">
      <Execution id="b57d29b5-74cd-467c-a224-0cc9eb3f0b1b" />
      <TestMethod codeBase="E:/Projects/SGIInventory/SGInvetory/SGInvetory.DAL.Test/bin/Debug/SGInventory.DAL.Test.DLL" adapterTypeName="Microsoft.VisualStudio.TestTools.TestTypes.Unit.UnitTestAdapter, Microsoft.VisualStudio.QualityTools.Tips.UnitTest.Adapter, Version=10.0.0.0, Culture=neutral, PublicKeyToken=b03f5f7f11d50a3a" className="SGInventory.DAL.Test.OutletTest, SGInventory.DAL.Test, Version=1.0.0.0, Culture=neutral, PublicKeyToken=null" name="Delete" />
    </UnitTest>
    <UnitTest name="InitialLoad_EditMode_Test" storage="e:\projects\sgiinventory\sginvetory\sginventory.presenters.test\bin\debug\sginventory.presenters.test.dll" id="ccf1d8fd-6364-029c-2047-b39fe5f42649">
      <Execution id="4f58e0c9-29a5-48c1-9221-867ee573936b" />
      <TestMethod codeBase="E:/Projects/SGIInventory/SGInvetory/SGInventory.Presenters.Test/bin/Debug/SGInventory.Presenters.Test.DLL" adapterTypeName="Microsoft.VisualStudio.TestTools.TestTypes.Unit.UnitTestAdapter, Microsoft.VisualStudio.QualityTools.Tips.UnitTest.Adapter, Version=10.0.0.0, Culture=neutral, PublicKeyToken=b03f5f7f11d50a3a" className="SGInventory.Presenters.Test.DeliveryPresenterTest, SGInventory.Presenters.Test, Version=1.0.0.0, Culture=neutral, PublicKeyToken=null" name="InitialLoad_EditMode_Test" />
    </UnitTest>
    <UnitTest name="LoadAllModels_Test" storage="e:\projects\sgiinventory\sginvetory\sginventory.presenters.test\bin\debug\sginventory.presenters.test.dll" id="964f826f-4e15-d08c-244f-65b0e07d69a5">
      <Execution id="5b97a8c1-9c31-44d5-baac-661da8a0cdc9" />
      <TestMethod codeBase="E:/Projects/SGIInventory/SGInvetory/SGInventory.Presenters.Test/bin/Debug/SGInventory.Presenters.Test.DLL" adapterTypeName="Microsoft.VisualStudio.TestTools.TestTypes.Unit.UnitTestAdapter, Microsoft.VisualStudio.QualityTools.Tips.UnitTest.Adapter, Version=10.0.0.0, Culture=neutral, PublicKeyToken=b03f5f7f11d50a3a" className="SGInventory.Presenters.Test.WashingSearchPresenterTest, SGInventory.Presenters.Test, Version=1.0.0.0, Culture=neutral, PublicKeyToken=null" name="LoadAllModels_Test" />
    </UnitTest>
    <UnitTest name="Validate_GivenInAddModeAndTheUserNameAlreadyExists_ShouldReturnFalse" storage="e:\projects\sgiinventory\sginvetory\sginventory.businessmodel.test\bin\debug\sginventory.businessmodel.test.dll" id="76c75cb5-a994-6fb2-3465-221b73046ddd">
      <Execution id="1a0aed96-a92e-4c76-82a4-dd7517fa2758" />
      <TestMethod codeBase="E:/Projects/SGIInventory/SGInvetory/SGInventory.BusinessModel.Test/bin/Debug/SGInventory.BusinessModel.Test.DLL" adapterTypeName="Microsoft.VisualStudio.TestTools.TestTypes.Unit.UnitTestAdapter, Microsoft.VisualStudio.QualityTools.Tips.UnitTest.Adapter, Version=10.0.0.0, Culture=neutral, PublicKeyToken=b03f5f7f11d50a3a" className="SGInventory.BusinessModel.Test.UserBusinessModelTest, SGInventory.BusinessModel.Test, Version=1.0.0.0, Culture=neutral, PublicKeyToken=null" name="Validate_GivenInAddModeAndTheUserNameAlreadyExists_ShouldReturnFalse" />
    </UnitTest>
    <UnitTest name="SaveModel_GivenModelIsNewValidFieldsNameAlreadyExistsQueryHasResult_ResultUnsuccessfull" storage="e:\projects\sgiinventory\sginvetory\sginventory.businessmodel.test\bin\debug\sginventory.businessmodel.test.dll" id="bf319038-565b-c446-26a6-f82c6abe2cb7">
      <Execution id="79489ffa-ba05-41d2-940e-f43169416846" />
      <TestMethod codeBase="E:/Projects/SGIInventory/SGInvetory/SGInventory.BusinessModel.Test/bin/Debug/SGInventory.BusinessModel.Test.DLL" adapterTypeName="Microsoft.VisualStudio.TestTools.TestTypes.Unit.UnitTestAdapter, Microsoft.VisualStudio.QualityTools.Tips.UnitTest.Adapter, Version=10.0.0.0, Culture=neutral, PublicKeyToken=b03f5f7f11d50a3a" className="SGInventory.BusinessModel.Test.OutletBusinessModelTest, SGInventory.BusinessModel.Test, Version=1.0.0.0, Culture=neutral, PublicKeyToken=null" name="SaveModel_GivenModelIsNewValidFieldsNameAlreadyExistsQueryHasResult_ResultUnsuccessfull" />
    </UnitTest>
    <UnitTest name="SelectBySp_GivenThereIsNoParameter_ReturnShouldBeInList" storage="e:\projects\sgiinventory\sginvetory\sginvetory.dal.test\bin\debug\sginventory.dal.test.dll" id="338f261d-879c-1700-36a6-5fe3d54286b2">
      <Execution id="bb676f40-2c8e-4173-acd5-8e84077251b0" />
      <TestMethod codeBase="E:/Projects/SGIInventory/SGInvetory/SGInvetory.DAL.Test/bin/Debug/SGInventory.DAL.Test.DLL" adapterTypeName="Microsoft.VisualStudio.TestTools.TestTypes.Unit.UnitTestAdapter, Microsoft.VisualStudio.QualityTools.Tips.UnitTest.Adapter, Version=10.0.0.0, Culture=neutral, PublicKeyToken=b03f5f7f11d50a3a" className="SGInventory.DAL.Test.CategoryDalTest, SGInventory.DAL.Test, Version=1.0.0.0, Culture=neutral, PublicKeyToken=null" name="SelectBySp_GivenThereIsNoParameter_ReturnShouldBeInList" />
    </UnitTest>
    <UnitTest name="SaveModel_GivenModelIsNewValidFieldsWashingCodeAndNameNotExistsQueryHasNoResult_ResultSuccessfull" storage="e:\projects\sgiinventory\sginvetory\sginventory.businessmodel.test\bin\debug\sginventory.businessmodel.test.dll" id="d6ba2605-b78b-2dbd-242d-a688bc0d5d21">
      <Execution id="a55ae362-871b-4d72-89fe-7bc1f7b5753f" />
      <TestMethod codeBase="E:/Projects/SGIInventory/SGInvetory/SGInventory.BusinessModel.Test/bin/Debug/SGInventory.BusinessModel.Test.DLL" adapterTypeName="Microsoft.VisualStudio.TestTools.TestTypes.Unit.UnitTestAdapter, Microsoft.VisualStudio.QualityTools.Tips.UnitTest.Adapter, Version=10.0.0.0, Culture=neutral, PublicKeyToken=b03f5f7f11d50a3a" className="SGInventory.BusinessModel.Test.WashingBusinessModelTest, SGInventory.BusinessModel.Test, Version=1.0.0.0, Culture=neutral, PublicKeyToken=null" name="SaveModel_GivenModelIsNewValidFieldsWashingCodeAndNameNotExistsQueryHasNoResult_ResultSuccessfull" />
    </UnitTest>
    <UnitTest name="Keypress_GivenThatNameHasNoLengthCodeHasLength_ShouldReturnTrue_Test" storage="e:\projects\sgiinventory\sginvetory\sginventory.presenters.test\bin\debug\sginventory.presenters.test.dll" id="2d4db8a3-e895-922b-a282-812e4f72f742">
      <Execution id="81271425-5468-4982-9032-8acf20581b46" />
      <TestMethod codeBase="E:/Projects/SGIInventory/SGInvetory/SGInventory.Presenters.Test/bin/Debug/SGInventory.Presenters.Test.DLL" adapterTypeName="Microsoft.VisualStudio.TestTools.TestTypes.Unit.UnitTestAdapter, Microsoft.VisualStudio.QualityTools.Tips.UnitTest.Adapter, Version=10.0.0.0, Culture=neutral, PublicKeyToken=b03f5f7f11d50a3a" className="SGInventory.Presenters.Test.WashingEditPresenterTest, SGInventory.Presenters.Test, Version=1.0.0.0, Culture=neutral, PublicKeyToken=null" name="Keypress_GivenThatNameHasNoLengthCodeHasLength_ShouldReturnTrue_Test" />
    </UnitTest>
    <UnitTest name="LoadAllModels_Test" storage="e:\projects\sgiinventory\sginvetory\sginventory.presenters.test\bin\debug\sginventory.presenters.test.dll" id="b2f748e5-9d74-6d60-360d-6dfd3bbe5ab5">
      <Execution id="4031ee6a-6ec0-4b4e-86bf-751690d1d5d0" />
      <TestMethod codeBase="E:/Projects/SGIInventory/SGInvetory/SGInventory.Presenters.Test/bin/Debug/SGInventory.Presenters.Test.DLL" adapterTypeName="Microsoft.VisualStudio.TestTools.TestTypes.Unit.UnitTestAdapter, Microsoft.VisualStudio.QualityTools.Tips.UnitTest.Adapter, Version=10.0.0.0, Culture=neutral, PublicKeyToken=b03f5f7f11d50a3a" className="SGInventory.Presenters.Test.ProductSearchPresenterTest, SGInventory.Presenters.Test, Version=1.0.0.0, Culture=neutral, PublicKeyToken=null" name="LoadAllModels_Test" />
    </UnitTest>
    <UnitTest name="Delete" storage="e:\projects\sgiinventory\sginvetory\sginvetory.dal.test\bin\debug\sginventory.dal.test.dll" id="aceeaf06-5f9a-cc19-3a25-97792566d8c3">
      <Execution id="3b4e6f59-33cb-4798-8f97-e59d9e4501b0" />
      <TestMethod codeBase="E:/Projects/SGIInventory/SGInvetory/SGInvetory.DAL.Test/bin/Debug/SGInventory.DAL.Test.DLL" adapterTypeName="Microsoft.VisualStudio.TestTools.TestTypes.Unit.UnitTestAdapter, Microsoft.VisualStudio.QualityTools.Tips.UnitTest.Adapter, Version=10.0.0.0, Culture=neutral, PublicKeyToken=b03f5f7f11d50a3a" className="SGInventory.DAL.Test.WashingDalTest, SGInventory.DAL.Test, Version=1.0.0.0, Culture=neutral, PublicKeyToken=null" name="Delete" />
    </UnitTest>
    <UnitTest name="SaveDelivery_Given_Delivery_Detail_IsNull" storage="e:\projects\sgiinventory\sginvetory\sginventory.presenters.test\bin\debug\sginventory.presenters.test.dll" id="9b4b7832-1dfe-9ab1-20b0-314be6fd0d43">
      <Execution id="0917c644-338a-4587-913f-f62fd1fda653" />
      <TestMethod codeBase="E:/Projects/SGIInventory/SGInvetory/SGInventory.Presenters.Test/bin/Debug/SGInventory.Presenters.Test.DLL" adapterTypeName="Microsoft.VisualStudio.TestTools.TestTypes.Unit.UnitTestAdapter, Microsoft.VisualStudio.QualityTools.Tips.UnitTest.Adapter, Version=10.0.0.0, Culture=neutral, PublicKeyToken=b03f5f7f11d50a3a" className="SGInventory.Presenters.Test.DeliveryPresenterTest, SGInventory.Presenters.Test, Version=1.0.0.0, Culture=neutral, PublicKeyToken=null" name="SaveDelivery_Given_Delivery_Detail_IsNull" />
    </UnitTest>
    <UnitTest name="SelectByPrimaryKey_GivenPrimaryKey_ReturnShouldNotBeNull" storage="e:\projects\sgiinventory\sginvetory\sginvetory.dal.test\bin\debug\sginventory.dal.test.dll" id="db8ae9f9-5df8-b0a0-0491-27533efc01dd">
      <Execution id="13f59be8-910d-49fc-861d-e00d5cff1307" />
      <TestMethod codeBase="E:/Projects/SGIInventory/SGInvetory/SGInvetory.DAL.Test/bin/Debug/SGInventory.DAL.Test.DLL" adapterTypeName="Microsoft.VisualStudio.TestTools.TestTypes.Unit.UnitTestAdapter, Microsoft.VisualStudio.QualityTools.Tips.UnitTest.Adapter, Version=10.0.0.0, Culture=neutral, PublicKeyToken=b03f5f7f11d50a3a" className="SGInventory.DAL.Test.OutletTest, SGInventory.DAL.Test, Version=1.0.0.0, Culture=neutral, PublicKeyToken=null" name="SelectByPrimaryKey_GivenPrimaryKey_ReturnShouldNotBeNull" />
    </UnitTest>
    <UnitTest name="LoadAll_GivenAllAreSelected_Test" storage="e:\projects\sgiinventory\sginvetory\sginventory.presenters.test\bin\debug\sginventory.presenters.test.dll" id="7d3a4128-3efb-f9cb-3938-7960045091d6">
      <Execution id="bc55f4b5-5192-4388-af91-91344499c1fe" />
      <TestMethod codeBase="E:/Projects/SGIInventory/SGInvetory/SGInventory.Presenters.Test/bin/Debug/SGInventory.Presenters.Test.DLL" adapterTypeName="Microsoft.VisualStudio.TestTools.TestTypes.Unit.UnitTestAdapter, Microsoft.VisualStudio.QualityTools.Tips.UnitTest.Adapter, Version=10.0.0.0, Culture=neutral, PublicKeyToken=b03f5f7f11d50a3a" className="SGInventory.Presenters.Test.UserSearchPresenterTest, SGInventory.Presenters.Test, Version=1.0.0.0, Culture=neutral, PublicKeyToken=null" name="LoadAll_GivenAllAreSelected_Test" />
    </UnitTest>
    <UnitTest name="Save_GivenProduct_IsNew_And_StockNumber_Exists" storage="e:\projects\sgiinventory\sginvetory\sginventory.businessmodel.test\bin\debug\sginventory.businessmodel.test.dll" id="86bd0d16-562f-cc8a-c2fa-2e6243b45983">
      <Execution id="040cacf2-d7f6-4fa2-80af-28c10db0c1e4" />
      <TestMethod codeBase="E:/Projects/SGIInventory/SGInvetory/SGInventory.BusinessModel.Test/bin/Debug/SGInventory.BusinessModel.Test.DLL" adapterTypeName="Microsoft.VisualStudio.TestTools.TestTypes.Unit.UnitTestAdapter, Microsoft.VisualStudio.QualityTools.Tips.UnitTest.Adapter, Version=10.0.0.0, Culture=neutral, PublicKeyToken=b03f5f7f11d50a3a" className="SGInventory.BusinessModel.Test.ProductBusinessModelTest, SGInventory.BusinessModel.Test, Version=1.0.0.0, Culture=neutral, PublicKeyToken=null" name="Save_GivenProduct_IsNew_And_StockNumber_Exists" />
    </UnitTest>
    <UnitTest name="PopulateModelToEditForm_Test" storage="e:\projects\sgiinventory\sginvetory\sginventory.presenters.test\bin\debug\sginventory.presenters.test.dll" id="0726a243-8cfa-9281-0927-cb8a5eb11687">
      <Execution id="729696f6-0146-491a-a7f8-d9aa560680c8" />
      <TestMethod codeBase="E:/Projects/SGIInventory/SGInvetory/SGInventory.Presenters.Test/bin/Debug/SGInventory.Presenters.Test.DLL" adapterTypeName="Microsoft.VisualStudio.TestTools.TestTypes.Unit.UnitTestAdapter, Microsoft.VisualStudio.QualityTools.Tips.UnitTest.Adapter, Version=10.0.0.0, Culture=neutral, PublicKeyToken=b03f5f7f11d50a3a" className="SGInventory.Presenters.Test.WashingSearchPresenterTest, SGInventory.Presenters.Test, Version=1.0.0.0, Culture=neutral, PublicKeyToken=null" name="PopulateModelToEditForm_Test" />
    </UnitTest>
    <UnitTest name="DisableOrEnableSaveDeliveryButton_Given_SupplierName_IsIncorrectlyInput_Test" storage="e:\projects\sgiinventory\sginvetory\sginventory.presenters.test\bin\debug\sginventory.presenters.test.dll" id="faed0243-f7e8-cdd9-b5b9-3933b9a315c5">
      <Execution id="c4240535-4932-47a1-b15b-53c0d2c38a2f" />
      <TestMethod codeBase="E:/Projects/SGIInventory/SGInvetory/SGInventory.Presenters.Test/bin/Debug/SGInventory.Presenters.Test.DLL" adapterTypeName="Microsoft.VisualStudio.TestTools.TestTypes.Unit.UnitTestAdapter, Microsoft.VisualStudio.QualityTools.Tips.UnitTest.Adapter, Version=10.0.0.0, Culture=neutral, PublicKeyToken=b03f5f7f11d50a3a" className="SGInventory.Presenters.Test.DeliveryPresenterTest, SGInventory.Presenters.Test, Version=1.0.0.0, Culture=neutral, PublicKeyToken=null" name="DisableOrEnableSaveDeliveryButton_Given_SupplierName_IsIncorrectlyInput_Test" />
    </UnitTest>
    <UnitTest name="Keypress_InCompleteSize_Result_False" storage="e:\projects\sgiinventory\sginvetory\sginventory.presenters.test\bin\debug\sginventory.presenters.test.dll" id="e8a4fef0-f85e-08ed-0618-0d3ad355d41f">
      <Execution id="8ffb6a1c-6d0d-4ed4-a294-9926712b3184" />
      <TestMethod codeBase="E:/Projects/SGIInventory/SGInvetory/SGInventory.Presenters.Test/bin/Debug/SGInventory.Presenters.Test.DLL" adapterTypeName="Microsoft.VisualStudio.TestTools.TestTypes.Unit.UnitTestAdapter, Microsoft.VisualStudio.QualityTools.Tips.UnitTest.Adapter, Version=10.0.0.0, Culture=neutral, PublicKeyToken=b03f5f7f11d50a3a" className="SGInventory.Presenters.Test.ProductDetailEditPresenterTest, SGInventory.Presenters.Test, Version=1.0.0.0, Culture=neutral, PublicKeyToken=null" name="Keypress_InCompleteSize_Result_False" />
    </UnitTest>
    <UnitTest name="SelectByPrimaryId_GivenTheIdNotExists_ShouldReturnEmptyCollectionTest" storage="e:\projects\sgiinventory\sginvetory\sginventory.businessmodel.test\bin\debug\sginventory.businessmodel.test.dll" id="226edad5-4136-d1fb-20e1-e8f254f8c663">
      <Execution id="aa71dd00-db7d-4f0e-99f1-93d8c126624a" />
      <TestMethod codeBase="E:/Projects/SGIInventory/SGInvetory/SGInventory.BusinessModel.Test/bin/Debug/SGInventory.BusinessModel.Test.DLL" adapterTypeName="Microsoft.VisualStudio.TestTools.TestTypes.Unit.UnitTestAdapter, Microsoft.VisualStudio.QualityTools.Tips.UnitTest.Adapter, Version=10.0.0.0, Culture=neutral, PublicKeyToken=b03f5f7f11d50a3a" className="SGInventory.BusinessModel.Test.OutletBusinessModelTest, SGInventory.BusinessModel.Test, Version=1.0.0.0, Culture=neutral, PublicKeyToken=null" name="SelectByPrimaryId_GivenTheIdNotExists_ShouldReturnEmptyCollectionTest" />
    </UnitTest>
    <UnitTest name="SaveDeliveryDetail_Test" storage="e:\projects\sgiinventory\sginvetory\sginventory.businessmodel.test\bin\debug\sginventory.businessmodel.test.dll" id="62402179-7008-d618-28c8-48f913d118da">
      <Execution id="b5933fae-81cf-4a44-8239-a9805b2c5a95" />
      <TestMethod codeBase="E:/Projects/SGIInventory/SGInvetory/SGInventory.BusinessModel.Test/bin/Debug/SGInventory.BusinessModel.Test.DLL" adapterTypeName="Microsoft.VisualStudio.TestTools.TestTypes.Unit.UnitTestAdapter, Microsoft.VisualStudio.QualityTools.Tips.UnitTest.Adapter, Version=10.0.0.0, Culture=neutral, PublicKeyToken=b03f5f7f11d50a3a" className="SGInventory.BusinessModel.Test.DeliveryBusinessModelTest, SGInventory.BusinessModel.Test, Version=1.0.0.0, Culture=neutral, PublicKeyToken=null" name="SaveDeliveryDetail_Test" />
    </UnitTest>
    <UnitTest name="Keypress_InCompleteColor_Result_False" storage="e:\projects\sgiinventory\sginvetory\sginventory.presenters.test\bin\debug\sginventory.presenters.test.dll" id="dbcfde09-38cd-91e4-b28e-e13cd6184e1f">
      <Execution id="0bbfa9d7-3bd3-4f91-bb2d-7afa98359af8" />
      <TestMethod codeBase="E:/Projects/SGIInventory/SGInvetory/SGInventory.Presenters.Test/bin/Debug/SGInventory.Presenters.Test.DLL" adapterTypeName="Microsoft.VisualStudio.TestTools.TestTypes.Unit.UnitTestAdapter, Microsoft.VisualStudio.QualityTools.Tips.UnitTest.Adapter, Version=10.0.0.0, Culture=neutral, PublicKeyToken=b03f5f7f11d50a3a" className="SGInventory.Presenters.Test.ProductDetailEditPresenterTest, SGInventory.Presenters.Test, Version=1.0.0.0, Culture=neutral, PublicKeyToken=null" name="Keypress_InCompleteColor_Result_False" />
    </UnitTest>
    <UnitTest name="LoadAllModels_Test" storage="e:\projects\sgiinventory\sginvetory\sginventory.presenters.test\bin\debug\sginventory.presenters.test.dll" id="c0627374-0159-9389-64a7-d55fc4c3eff9">
      <Execution id="0c196108-1dd7-46d2-b81a-6e31b0615f34" />
      <TestMethod codeBase="E:/Projects/SGIInventory/SGInvetory/SGInventory.Presenters.Test/bin/Debug/SGInventory.Presenters.Test.DLL" adapterTypeName="Microsoft.VisualStudio.TestTools.TestTypes.Unit.UnitTestAdapter, Microsoft.VisualStudio.QualityTools.Tips.UnitTest.Adapter, Version=10.0.0.0, Culture=neutral, PublicKeyToken=b03f5f7f11d50a3a" className="SGInventory.Presenters.Test.ProductDetailSearchPresenterTest, SGInventory.Presenters.Test, Version=1.0.0.0, Culture=neutral, PublicKeyToken=null" name="LoadAllModels_Test" />
    </UnitTest>
    <UnitTest name="SelectBySp_GivenThereIsNoParameter_ReturnShouldBeInList" storage="e:\projects\sgiinventory\sginvetory\sginvetory.dal.test\bin\debug\sginventory.dal.test.dll" id="b4f9f3fc-72d6-8b81-7837-68269cf99335">
      <Execution id="fc320852-6cad-4316-834b-9faee630cedc" />
      <TestMethod codeBase="E:/Projects/SGIInventory/SGInvetory/SGInvetory.DAL.Test/bin/Debug/SGInventory.DAL.Test.DLL" adapterTypeName="Microsoft.VisualStudio.TestTools.TestTypes.Unit.UnitTestAdapter, Microsoft.VisualStudio.QualityTools.Tips.UnitTest.Adapter, Version=10.0.0.0, Culture=neutral, PublicKeyToken=b03f5f7f11d50a3a" className="SGInventory.DAL.Test.UserDalTest, SGInventory.DAL.Test, Version=1.0.0.0, Culture=neutral, PublicKeyToken=null" name="SelectBySp_GivenThereIsNoParameter_ReturnShouldBeInList" />
    </UnitTest>
    <UnitTest name="DeleteSelectedModels_GivenTheUserSayNo_Test" storage="e:\projects\sgiinventory\sginvetory\sginventory.presenters.test\bin\debug\sginventory.presenters.test.dll" id="590d5bab-20b0-0504-d688-d3e1a3fe9d43">
      <Execution id="05cfdf5c-f0b1-4176-bbb5-73686d138cf1" />
      <TestMethod codeBase="E:/Projects/SGIInventory/SGInvetory/SGInventory.Presenters.Test/bin/Debug/SGInventory.Presenters.Test.DLL" adapterTypeName="Microsoft.VisualStudio.TestTools.TestTypes.Unit.UnitTestAdapter, Microsoft.VisualStudio.QualityTools.Tips.UnitTest.Adapter, Version=10.0.0.0, Culture=neutral, PublicKeyToken=b03f5f7f11d50a3a" className="SGInventory.Presenters.Test.WashingSearchPresenterTest, SGInventory.Presenters.Test, Version=1.0.0.0, Culture=neutral, PublicKeyToken=null" name="DeleteSelectedModels_GivenTheUserSayNo_Test" />
    </UnitTest>
    <UnitTest name="Delete" storage="e:\projects\sgiinventory\sginvetory\sginvetory.dal.test\bin\debug\sginventory.dal.test.dll" id="af5dac9d-7536-d822-6256-f0bd6408de61">
      <Execution id="b96503df-d0b3-4d10-b018-6a399ab5cb26" />
      <TestMethod codeBase="E:/Projects/SGIInventory/SGInvetory/SGInvetory.DAL.Test/bin/Debug/SGInventory.DAL.Test.DLL" adapterTypeName="Microsoft.VisualStudio.TestTools.TestTypes.Unit.UnitTestAdapter, Microsoft.VisualStudio.QualityTools.Tips.UnitTest.Adapter, Version=10.0.0.0, Culture=neutral, PublicKeyToken=b03f5f7f11d50a3a" className="SGInventory.DAL.Test.SupplierDalTest, SGInventory.DAL.Test, Version=1.0.0.0, Culture=neutral, PublicKeyToken=null" name="Delete" />
    </UnitTest>
    <UnitTest name="SelectBySp_GivenThereIsAParameter_ReturnShouldBeInList" storage="e:\projects\sgiinventory\sginvetory\sginvetory.dal.test\bin\debug\sginventory.dal.test.dll" id="294cfa9d-b9d9-ef7a-02b1-a636d2b48423">
      <Execution id="17a8f7f8-561e-4ae3-8272-33f0cf5ecd54" />
      <TestMethod codeBase="E:/Projects/SGIInventory/SGInvetory/SGInvetory.DAL.Test/bin/Debug/SGInventory.DAL.Test.DLL" adapterTypeName="Microsoft.VisualStudio.TestTools.TestTypes.Unit.UnitTestAdapter, Microsoft.VisualStudio.QualityTools.Tips.UnitTest.Adapter, Version=10.0.0.0, Culture=neutral, PublicKeyToken=b03f5f7f11d50a3a" className="SGInventory.DAL.Test.UserDalTest, SGInventory.DAL.Test, Version=1.0.0.0, Culture=neutral, PublicKeyToken=null" name="SelectBySp_GivenThereIsAParameter_ReturnShouldBeInList" />
    </UnitTest>
    <UnitTest name="Save_GivenProduct_Exists" storage="e:\projects\sgiinventory\sginvetory\sginventory.businessmodel.test\bin\debug\sginventory.businessmodel.test.dll" id="0d2c9dbe-3d85-5fdc-ee94-b5f50b712da7">
      <Execution id="4250e2ac-56e2-4480-8a74-2ecc9568f404" />
      <TestMethod codeBase="E:/Projects/SGIInventory/SGInvetory/SGInventory.BusinessModel.Test/bin/Debug/SGInventory.BusinessModel.Test.DLL" adapterTypeName="Microsoft.VisualStudio.TestTools.TestTypes.Unit.UnitTestAdapter, Microsoft.VisualStudio.QualityTools.Tips.UnitTest.Adapter, Version=10.0.0.0, Culture=neutral, PublicKeyToken=b03f5f7f11d50a3a" className="SGInventory.BusinessModel.Test.ProductBusinessModelTest, SGInventory.BusinessModel.Test, Version=1.0.0.0, Culture=neutral, PublicKeyToken=null" name="Save_GivenProduct_Exists" />
    </UnitTest>
    <UnitTest name="SaveOrUpdateGivenItIsProductIsNullTest" storage="e:\projects\sgiinventory\sginvetory\sginvetory.dal.test\bin\debug\sginventory.dal.test.dll" id="c557895b-c36c-6624-8cf1-5e704676491c">
      <Execution id="4f8a1877-490c-4a77-9a9b-d12def73bcbc" />
      <TestMethod codeBase="E:/Projects/SGIInventory/SGInvetory/SGInvetory.DAL.Test/bin/Debug/SGInventory.DAL.Test.DLL" adapterTypeName="Microsoft.VisualStudio.TestTools.TestTypes.Unit.UnitTestAdapter, Microsoft.VisualStudio.QualityTools.Tips.UnitTest.Adapter, Version=10.0.0.0, Culture=neutral, PublicKeyToken=b03f5f7f11d50a3a" className="SGInvetory.DAL.Test.ProductDalTest, SGInventory.DAL.Test, Version=1.0.0.0, Culture=neutral, PublicKeyToken=null" name="SaveOrUpdateGivenItIsProductIsNullTest" />
    </UnitTest>
    <UnitTest name="LoadSize_GivenTheSizeIsNotNull" storage="e:\projects\sgiinventory\sginvetory\sginventory.presenters.test\bin\debug\sginventory.presenters.test.dll" id="e9237481-ec84-2cfa-48f8-0eba70a6226c">
      <Execution id="9b7caa30-e488-4c58-9e5b-7bd23ffebf2c" />
      <TestMethod codeBase="E:/Projects/SGIInventory/SGInvetory/SGInventory.Presenters.Test/bin/Debug/SGInventory.Presenters.Test.DLL" adapterTypeName="Microsoft.VisualStudio.TestTools.TestTypes.Unit.UnitTestAdapter, Microsoft.VisualStudio.QualityTools.Tips.UnitTest.Adapter, Version=10.0.0.0, Culture=neutral, PublicKeyToken=b03f5f7f11d50a3a" className="SGInventory.Presenters.Test.SizeEditPresenterTest, SGInventory.Presenters.Test, Version=1.0.0.0, Culture=neutral, PublicKeyToken=null" name="LoadSize_GivenTheSizeIsNotNull" />
    </UnitTest>
    <UnitTest name="DeleteSelectedModels_GivenNoModelIsSelected_Test" storage="e:\projects\sgiinventory\sginvetory\sginventory.presenters.test\bin\debug\sginventory.presenters.test.dll" id="20f97e38-3732-f7da-1abf-494d2411748e">
      <Execution id="6212d0df-8d68-49b8-88a8-f2d802749054" />
      <TestMethod codeBase="E:/Projects/SGIInventory/SGInvetory/SGInventory.Presenters.Test/bin/Debug/SGInventory.Presenters.Test.DLL" adapterTypeName="Microsoft.VisualStudio.TestTools.TestTypes.Unit.UnitTestAdapter, Microsoft.VisualStudio.QualityTools.Tips.UnitTest.Adapter, Version=10.0.0.0, Culture=neutral, PublicKeyToken=b03f5f7f11d50a3a" className="SGInventory.Presenters.Test.WashingSearchPresenterTest, SGInventory.Presenters.Test, Version=1.0.0.0, Culture=neutral, PublicKeyToken=null" name="DeleteSelectedModels_GivenNoModelIsSelected_Test" />
    </UnitTest>
    <UnitTest name="OnSelectedSearchMode_DeliveryDateAndSupplierIsEmpty_Test" storage="e:\projects\sgiinventory\sginvetory\sginventory.presenters.test\bin\debug\sginventory.presenters.test.dll" id="f1117546-4a2c-021c-945b-47482d72c67c">
      <Execution id="acd6bb0e-7497-41a3-823c-466939ab893b" />
      <TestMethod codeBase="E:/Projects/SGIInventory/SGInvetory/SGInventory.Presenters.Test/bin/Debug/SGInventory.Presenters.Test.DLL" adapterTypeName="Microsoft.VisualStudio.TestTools.TestTypes.Unit.UnitTestAdapter, Microsoft.VisualStudio.QualityTools.Tips.UnitTest.Adapter, Version=10.0.0.0, Culture=neutral, PublicKeyToken=b03f5f7f11d50a3a" className="SGInventory.Presenters.Test.SupplierSearchDeliveryPresenterTest, SGInventory.Presenters.Test, Version=1.0.0.0, Culture=neutral, PublicKeyToken=null" name="OnSelectedSearchMode_DeliveryDateAndSupplierIsEmpty_Test" />
    </UnitTest>
    <UnitTest name="UniqueNameKeypress_GivenThatTextHasNoLength_ShouldReturnTrue_Test" storage="e:\projects\sgiinventory\sginvetory\sginventory.presenters.test\bin\debug\sginventory.presenters.test.dll" id="ef1f1ccd-eec8-7c2a-dc70-18bd9a745745">
      <Execution id="5258507c-05bd-4a53-8c29-bfc8d861e724" />
      <TestMethod codeBase="E:/Projects/SGIInventory/SGInvetory/SGInventory.Presenters.Test/bin/Debug/SGInventory.Presenters.Test.DLL" adapterTypeName="Microsoft.VisualStudio.TestTools.TestTypes.Unit.UnitTestAdapter, Microsoft.VisualStudio.QualityTools.Tips.UnitTest.Adapter, Version=10.0.0.0, Culture=neutral, PublicKeyToken=b03f5f7f11d50a3a" className="SGInventory.Presenters.Test.CategoryEditPresenterTest, SGInventory.Presenters.Test, Version=1.0.0.0, Culture=neutral, PublicKeyToken=null" name="UniqueNameKeypress_GivenThatTextHasNoLength_ShouldReturnTrue_Test" />
    </UnitTest>
    <UnitTest name="SaveOrUpdate" storage="e:\projects\sgiinventory\sginvetory\sginvetory.dal.test\bin\debug\sginventory.dal.test.dll" id="c9c7e053-a4e5-6291-200c-c44a2aeeebfb">
      <Execution id="8d9e0d6a-930a-4de9-b802-c725d01d3caf" />
      <TestMethod codeBase="E:/Projects/SGIInventory/SGInvetory/SGInvetory.DAL.Test/bin/Debug/SGInventory.DAL.Test.DLL" adapterTypeName="Microsoft.VisualStudio.TestTools.TestTypes.Unit.UnitTestAdapter, Microsoft.VisualStudio.QualityTools.Tips.UnitTest.Adapter, Version=10.0.0.0, Culture=neutral, PublicKeyToken=b03f5f7f11d50a3a" className="SGInventory.DAL.Test.UserDalTest, SGInventory.DAL.Test, Version=1.0.0.0, Culture=neutral, PublicKeyToken=null" name="SaveOrUpdate" />
    </UnitTest>
    <UnitTest name="SelectBySp_GivenThereIsNoParameter_ReturnShouldBeInList" storage="e:\projects\sgiinventory\sginvetory\sginvetory.dal.test\bin\debug\sginventory.dal.test.dll" id="a21c8ecc-49e9-1518-1952-4d9d38fa5df2">
      <Execution id="e9f972fc-45bb-42b8-9462-8a8f51bfd163" />
      <TestMethod codeBase="E:/Projects/SGIInventory/SGInvetory/SGInvetory.DAL.Test/bin/Debug/SGInventory.DAL.Test.DLL" adapterTypeName="Microsoft.VisualStudio.TestTools.TestTypes.Unit.UnitTestAdapter, Microsoft.VisualStudio.QualityTools.Tips.UnitTest.Adapter, Version=10.0.0.0, Culture=neutral, PublicKeyToken=b03f5f7f11d50a3a" className="SGInventory.DAL.Test.OutletTest, SGInventory.DAL.Test, Version=1.0.0.0, Culture=neutral, PublicKeyToken=null" name="SelectBySp_GivenThereIsNoParameter_ReturnShouldBeInList" />
    </UnitTest>
    <UnitTest name="SelectByPrimaryId_GivenTheId_Exists_ShouldReturnOneObjectTest" storage="e:\projects\sgiinventory\sginvetory\sginventory.businessmodel.test\bin\debug\sginventory.businessmodel.test.dll" id="dbda505f-e172-ab0c-34e1-f26ede80da38">
      <Execution id="3fc1ee5e-7904-446a-91d6-3b39e6965a78" />
      <TestMethod codeBase="E:/Projects/SGIInventory/SGInvetory/SGInventory.BusinessModel.Test/bin/Debug/SGInventory.BusinessModel.Test.DLL" adapterTypeName="Microsoft.VisualStudio.TestTools.TestTypes.Unit.UnitTestAdapter, Microsoft.VisualStudio.QualityTools.Tips.UnitTest.Adapter, Version=10.0.0.0, Culture=neutral, PublicKeyToken=b03f5f7f11d50a3a" className="SGInventory.BusinessModel.Test.WashingBusinessModelTest, SGInventory.BusinessModel.Test, Version=1.0.0.0, Culture=neutral, PublicKeyToken=null" name="SelectByPrimaryId_GivenTheId_Exists_ShouldReturnOneObjectTest" />
    </UnitTest>
    <UnitTest name="SelectBySupplier_Test" storage="e:\projects\sgiinventory\sginvetory\sginventory.businessmodel.test\bin\debug\sginventory.businessmodel.test.dll" id="9f62473b-095e-9ad8-8659-4f77d872bfac">
      <Execution id="0a87d67b-2e9e-41bd-951a-d2c97069d9e7" />
      <TestMethod codeBase="E:/Projects/SGIInventory/SGInvetory/SGInventory.BusinessModel.Test/bin/Debug/SGInventory.BusinessModel.Test.DLL" adapterTypeName="Microsoft.VisualStudio.TestTools.TestTypes.Unit.UnitTestAdapter, Microsoft.VisualStudio.QualityTools.Tips.UnitTest.Adapter, Version=10.0.0.0, Culture=neutral, PublicKeyToken=b03f5f7f11d50a3a" className="SGInventory.BusinessModel.Test.DeliveryBusinessModelTest, SGInventory.BusinessModel.Test, Version=1.0.0.0, Culture=neutral, PublicKeyToken=null" name="SelectBySupplier_Test" />
    </UnitTest>
    <UnitTest name="SelectAll_ShouldReturnList_Test" storage="e:\projects\sgiinventory\sginvetory\sginventory.businessmodel.test\bin\debug\sginventory.businessmodel.test.dll" id="074d5827-f085-e93f-f797-2cc6f8115c56">
      <Execution id="9c10d947-8d84-4dbc-aea2-e59220fbaa15" />
      <TestMethod codeBase="E:/Projects/SGIInventory/SGInvetory/SGInventory.BusinessModel.Test/bin/Debug/SGInventory.BusinessModel.Test.DLL" adapterTypeName="Microsoft.VisualStudio.TestTools.TestTypes.Unit.UnitTestAdapter, Microsoft.VisualStudio.QualityTools.Tips.UnitTest.Adapter, Version=10.0.0.0, Culture=neutral, PublicKeyToken=b03f5f7f11d50a3a" className="SGInventory.BusinessModel.Test.OutletBusinessModelTest, SGInventory.BusinessModel.Test, Version=1.0.0.0, Culture=neutral, PublicKeyToken=null" name="SelectAll_ShouldReturnList_Test" />
    </UnitTest>
    <UnitTest name="Validate_GivenInEditModeTheNameAlreadyExistsFromSameId_ShouldReturnTrue" storage="e:\projects\sgiinventory\sginvetory\sginventory.businessmodel.test\bin\debug\sginventory.businessmodel.test.dll" id="519378da-bcf6-4fa5-21da-3e10fc22dbc4">
      <Execution id="90a23b59-2e3c-4dbf-9827-c7c2f5f88a48" />
      <TestMethod codeBase="E:/Projects/SGIInventory/SGInvetory/SGInventory.BusinessModel.Test/bin/Debug/SGInventory.BusinessModel.Test.DLL" adapterTypeName="Microsoft.VisualStudio.TestTools.TestTypes.Unit.UnitTestAdapter, Microsoft.VisualStudio.QualityTools.Tips.UnitTest.Adapter, Version=10.0.0.0, Culture=neutral, PublicKeyToken=b03f5f7f11d50a3a" className="SGInventory.BusinessModel.Test.OutletBusinessModelTest, SGInventory.BusinessModel.Test, Version=1.0.0.0, Culture=neutral, PublicKeyToken=null" name="Validate_GivenInEditModeTheNameAlreadyExistsFromSameId_ShouldReturnTrue" />
    </UnitTest>
    <UnitTest name="Delete_Test" storage="e:\projects\sgiinventory\sginvetory\sginventory.businessmodel.test\bin\debug\sginventory.businessmodel.test.dll" id="f18a9e94-6a3d-e388-3963-abca5be8fd91">
      <Execution id="c633172c-e21e-4f7c-8a7e-1d4367ab2628" />
      <TestMethod codeBase="E:/Projects/SGIInventory/SGInvetory/SGInventory.BusinessModel.Test/bin/Debug/SGInventory.BusinessModel.Test.DLL" adapterTypeName="Microsoft.VisualStudio.TestTools.TestTypes.Unit.UnitTestAdapter, Microsoft.VisualStudio.QualityTools.Tips.UnitTest.Adapter, Version=10.0.0.0, Culture=neutral, PublicKeyToken=b03f5f7f11d50a3a" className="SGInventory.BusinessModel.Test.WashingBusinessModelTest, SGInventory.BusinessModel.Test, Version=1.0.0.0, Culture=neutral, PublicKeyToken=null" name="Delete_Test" />
    </UnitTest>
    <UnitTest name="SelectByPrimaryId_GivenTheIdNotExists_ShouldReturnEmptyCollectionTest" storage="e:\projects\sgiinventory\sginvetory\sginventory.businessmodel.test\bin\debug\sginventory.businessmodel.test.dll" id="3b46e1ad-8758-104e-ec7c-4c69f20b26a1">
      <Execution id="9ba0e752-136a-46ae-8cc3-283b63a278ce" />
      <TestMethod codeBase="E:/Projects/SGIInventory/SGInvetory/SGInventory.BusinessModel.Test/bin/Debug/SGInventory.BusinessModel.Test.DLL" adapterTypeName="Microsoft.VisualStudio.TestTools.TestTypes.Unit.UnitTestAdapter, Microsoft.VisualStudio.QualityTools.Tips.UnitTest.Adapter, Version=10.0.0.0, Culture=neutral, PublicKeyToken=b03f5f7f11d50a3a" className="SGInventory.BusinessModel.Test.ColorBusinessModelTest, SGInventory.BusinessModel.Test, Version=1.0.0.0, Culture=neutral, PublicKeyToken=null" name="SelectByPrimaryId_GivenTheIdNotExists_ShouldReturnEmptyCollectionTest" />
    </UnitTest>
    <UnitTest name="SaveOrUpdateGivenItIsNewTest" storage="e:\projects\sgiinventory\sginvetory\sginvetory.dal.test\bin\debug\sginventory.dal.test.dll" id="e965ac05-7bc0-fd9b-1a98-68a36a7e209f">
      <Execution id="7c745403-ce29-45de-aae9-0e22e50aca36" />
      <TestMethod codeBase="E:/Projects/SGIInventory/SGInvetory/SGInvetory.DAL.Test/bin/Debug/SGInventory.DAL.Test.DLL" adapterTypeName="Microsoft.VisualStudio.TestTools.TestTypes.Unit.UnitTestAdapter, Microsoft.VisualStudio.QualityTools.Tips.UnitTest.Adapter, Version=10.0.0.0, Culture=neutral, PublicKeyToken=b03f5f7f11d50a3a" className="SGInvetory.DAL.Test.ProductDalTest, SGInventory.DAL.Test, Version=1.0.0.0, Culture=neutral, PublicKeyToken=null" name="SaveOrUpdateGivenItIsNewTest" />
    </UnitTest>
    <UnitTest name="DeleteSelectedModels_GivenNoModelIsSelected_Test" storage="e:\projects\sgiinventory\sginvetory\sginventory.presenters.test\bin\debug\sginventory.presenters.test.dll" id="42539715-0965-6f26-12cf-8ae8b54860a9">
      <Execution id="7246b93c-f396-4de5-bc13-51b0c620bd4b" />
      <TestMethod codeBase="E:/Projects/SGIInventory/SGInvetory/SGInventory.Presenters.Test/bin/Debug/SGInventory.Presenters.Test.DLL" adapterTypeName="Microsoft.VisualStudio.TestTools.TestTypes.Unit.UnitTestAdapter, Microsoft.VisualStudio.QualityTools.Tips.UnitTest.Adapter, Version=10.0.0.0, Culture=neutral, PublicKeyToken=b03f5f7f11d50a3a" className="SGInventory.Presenters.Test.ProductSearchPresenterTest, SGInventory.Presenters.Test, Version=1.0.0.0, Culture=neutral, PublicKeyToken=null" name="DeleteSelectedModels_GivenNoModelIsSelected_Test" />
    </UnitTest>
    <UnitTest name="Keypress_GivenThatNameAndCodeHasLength_ShouldReturnTrue_Test" storage="e:\projects\sgiinventory\sginvetory\sginventory.presenters.test\bin\debug\sginventory.presenters.test.dll" id="324d56ae-6360-71b1-e84a-e7099331f618">
      <Execution id="14244e96-fb8e-4438-970d-99fcb54757a9" />
      <TestMethod codeBase="E:/Projects/SGIInventory/SGInvetory/SGInventory.Presenters.Test/bin/Debug/SGInventory.Presenters.Test.DLL" adapterTypeName="Microsoft.VisualStudio.TestTools.TestTypes.Unit.UnitTestAdapter, Microsoft.VisualStudio.QualityTools.Tips.UnitTest.Adapter, Version=10.0.0.0, Culture=neutral, PublicKeyToken=b03f5f7f11d50a3a" className="SGInventory.Presenters.Test.WashingEditPresenterTest, SGInventory.Presenters.Test, Version=1.0.0.0, Culture=neutral, PublicKeyToken=null" name="Keypress_GivenThatNameAndCodeHasLength_ShouldReturnTrue_Test" />
    </UnitTest>
    <UnitTest name="BuildDeliveryDetailsPanelWithAnInitialNonEmptyDeliveryTest" storage="e:\projects\sgiinventory\sginvetory\sginventory.presenters.test\bin\debug\sginventory.presenters.test.dll" id="5c93c3b8-238e-e9ac-d3a5-9a2ef47a74cc">
      <Execution id="8b6eae91-beee-4bd6-93f4-fe4a9f4babd3" />
      <TestMethod codeBase="E:/Projects/SGIInventory/SGInvetory/SGInventory.Presenters.Test/bin/Debug/SGInventory.Presenters.Test.DLL" adapterTypeName="Microsoft.VisualStudio.TestTools.TestTypes.Unit.UnitTestAdapter, Microsoft.VisualStudio.QualityTools.Tips.UnitTest.Adapter, Version=10.0.0.0, Culture=neutral, PublicKeyToken=b03f5f7f11d50a3a" className="SGInventory.Presenters.Test.DeliveryPresenterTest, SGInventory.Presenters.Test, Version=1.0.0.0, Culture=neutral, PublicKeyToken=null" name="BuildDeliveryDetailsPanelWithAnInitialNonEmptyDeliveryTest" />
    </UnitTest>
    <UnitTest name="UniqueNameKeypress_GivenThatTextHasLength_ShouldReturnTrue_Test" storage="e:\projects\sgiinventory\sginvetory\sginventory.presenters.test\bin\debug\sginventory.presenters.test.dll" id="beda478b-718f-efc8-670e-bf6de8b18588">
      <Execution id="b214fe7b-4e7f-4639-a952-b0787f7649ce" />
      <TestMethod codeBase="E:/Projects/SGIInventory/SGInvetory/SGInventory.Presenters.Test/bin/Debug/SGInventory.Presenters.Test.DLL" adapterTypeName="Microsoft.VisualStudio.TestTools.TestTypes.Unit.UnitTestAdapter, Microsoft.VisualStudio.QualityTools.Tips.UnitTest.Adapter, Version=10.0.0.0, Culture=neutral, PublicKeyToken=b03f5f7f11d50a3a" className="SGInventory.Presenters.Test.OutletEditPresenterTest, SGInventory.Presenters.Test, Version=1.0.0.0, Culture=neutral, PublicKeyToken=null" name="UniqueNameKeypress_GivenThatTextHasLength_ShouldReturnTrue_Test" />
    </UnitTest>
    <UnitTest name="UniqueNameKeypress_GivenThatTextHasNoLength_ShouldReturnTrue_Test" storage="e:\projects\sgiinventory\sginvetory\sginventory.presenters.test\bin\debug\sginventory.presenters.test.dll" id="014d272e-716f-3379-4790-b5b343b13625">
      <Execution id="87cc1617-d885-4d2e-be54-7185a3b1b04a" />
      <TestMethod codeBase="E:/Projects/SGIInventory/SGInvetory/SGInventory.Presenters.Test/bin/Debug/SGInventory.Presenters.Test.DLL" adapterTypeName="Microsoft.VisualStudio.TestTools.TestTypes.Unit.UnitTestAdapter, Microsoft.VisualStudio.QualityTools.Tips.UnitTest.Adapter, Version=10.0.0.0, Culture=neutral, PublicKeyToken=b03f5f7f11d50a3a" className="SGInventory.Presenters.Test.OutletEditPresenterTest, SGInventory.Presenters.Test, Version=1.0.0.0, Culture=neutral, PublicKeyToken=null" name="UniqueNameKeypress_GivenThatTextHasNoLength_ShouldReturnTrue_Test" />
    </UnitTest>
    <UnitTest name="Delete_Test" storage="e:\projects\sgiinventory\sginvetory\sginventory.businessmodel.test\bin\debug\sginventory.businessmodel.test.dll" id="ddc0208e-779b-b9dd-07ce-1509dca49764">
      <Execution id="5db18b9d-c7f3-410e-98e7-27afa5487960" />
      <TestMethod codeBase="E:/Projects/SGIInventory/SGInvetory/SGInventory.BusinessModel.Test/bin/Debug/SGInventory.BusinessModel.Test.DLL" adapterTypeName="Microsoft.VisualStudio.TestTools.TestTypes.Unit.UnitTestAdapter, Microsoft.VisualStudio.QualityTools.Tips.UnitTest.Adapter, Version=10.0.0.0, Culture=neutral, PublicKeyToken=b03f5f7f11d50a3a" className="SGInventory.BusinessModel.Test.UserBusinessModelTest, SGInventory.BusinessModel.Test, Version=1.0.0.0, Culture=neutral, PublicKeyToken=null" name="Delete_Test" />
    </UnitTest>
    <UnitTest name="Validate_GivenThatInputNotExceedingMaxLength_ShouldReturnTrue" storage="e:\projects\sgiinventory\sginvetory\sginventory.extensions.test\bin\debug\sginventory.extensions.test.dll" id="71fee96a-f6a1-ed6b-1792-aa169462bbfc">
      <Execution id="b5b3e978-cec3-4ea8-930c-5a8f58b3f456" />
      <TestMethod codeBase="E:/Projects/SGIInventory/SGInvetory/SGInventory.Extensions.Test/bin/Debug/SGInventory.Extensions.Test.DLL" adapterTypeName="Microsoft.VisualStudio.TestTools.TestTypes.Unit.UnitTestAdapter, Microsoft.VisualStudio.QualityTools.Tips.UnitTest.Adapter, Version=10.0.0.0, Culture=neutral, PublicKeyToken=b03f5f7f11d50a3a" className="SGInventory.Extensions.Test.ExtensionsTest, SGInventory.Extensions.Test, Version=1.0.0.0, Culture=neutral, PublicKeyToken=null" name="Validate_GivenThatInputNotExceedingMaxLength_ShouldReturnTrue" />
    </UnitTest>
    <UnitTest name="Keypress_GivenThatNameHasLengthCodeHasNoLength_ShouldReturnTrue_Test" storage="e:\projects\sgiinventory\sginvetory\sginventory.presenters.test\bin\debug\sginventory.presenters.test.dll" id="52c2f42b-12ef-6a9d-9d5b-f1a572b28101">
      <Execution id="9aa8a239-370a-457b-940e-9ad44c8809f2" />
      <TestMethod codeBase="E:/Projects/SGIInventory/SGInvetory/SGInventory.Presenters.Test/bin/Debug/SGInventory.Presenters.Test.DLL" adapterTypeName="Microsoft.VisualStudio.TestTools.TestTypes.Unit.UnitTestAdapter, Microsoft.VisualStudio.QualityTools.Tips.UnitTest.Adapter, Version=10.0.0.0, Culture=neutral, PublicKeyToken=b03f5f7f11d50a3a" className="SGInventory.Presenters.Test.SizeEditPresenterTest, SGInventory.Presenters.Test, Version=1.0.0.0, Culture=neutral, PublicKeyToken=null" name="Keypress_GivenThatNameHasLengthCodeHasNoLength_ShouldReturnTrue_Test" />
    </UnitTest>
    <UnitTest name="SelectBySp_GivenThereIsAParameter_ReturnShouldBeInList" storage="e:\projects\sgiinventory\sginvetory\sginvetory.dal.test\bin\debug\sginventory.dal.test.dll" id="c38ff559-aa22-cc54-6615-f34be0e8e99c">
      <Execution id="e0a0f803-2148-46af-b34e-fb39ae833d4c" />
      <TestMethod codeBase="E:/Projects/SGIInventory/SGInvetory/SGInvetory.DAL.Test/bin/Debug/SGInventory.DAL.Test.DLL" adapterTypeName="Microsoft.VisualStudio.TestTools.TestTypes.Unit.UnitTestAdapter, Microsoft.VisualStudio.QualityTools.Tips.UnitTest.Adapter, Version=10.0.0.0, Culture=neutral, PublicKeyToken=b03f5f7f11d50a3a" className="SGInventory.DAL.Test.WashingDalTest, SGInventory.DAL.Test, Version=1.0.0.0, Culture=neutral, PublicKeyToken=null" name="SelectBySp_GivenThereIsAParameter_ReturnShouldBeInList" />
    </UnitTest>
    <UnitTest name="Delete_Test" storage="e:\projects\sgiinventory\sginvetory\sginventory.businessmodel.test\bin\debug\sginventory.businessmodel.test.dll" id="58e66ba9-1cce-bb12-e37f-d6e0a73a2f7a">
      <Execution id="cf46293d-55ec-41fd-8106-3f05dbdf00af" />
      <TestMethod codeBase="E:/Projects/SGIInventory/SGInvetory/SGInventory.BusinessModel.Test/bin/Debug/SGInventory.BusinessModel.Test.DLL" adapterTypeName="Microsoft.VisualStudio.TestTools.TestTypes.Unit.UnitTestAdapter, Microsoft.VisualStudio.QualityTools.Tips.UnitTest.Adapter, Version=10.0.0.0, Culture=neutral, PublicKeyToken=b03f5f7f11d50a3a" className="SGInventory.BusinessModel.Test.OutletBusinessModelTest, SGInventory.BusinessModel.Test, Version=1.0.0.0, Culture=neutral, PublicKeyToken=null" name="Delete_Test" />
    </UnitTest>
    <UnitTest name="Save_GivenBarcodeNotExists_ReturnNewInstance_Successfull_Test" storage="e:\projects\sgiinventory\sginvetory\sginventory.businessmodel.test\bin\debug\sginventory.businessmodel.test.dll" id="87e9cf55-9aeb-fdbc-21f3-9da8d9cfd761">
      <Execution id="b19d24f9-3a84-4e5e-b388-90b84b435f52" />
      <TestMethod codeBase="E:/Projects/SGIInventory/SGInvetory/SGInventory.BusinessModel.Test/bin/Debug/SGInventory.BusinessModel.Test.DLL" adapterTypeName="Microsoft.VisualStudio.TestTools.TestTypes.Unit.UnitTestAdapter, Microsoft.VisualStudio.QualityTools.Tips.UnitTest.Adapter, Version=10.0.0.0, Culture=neutral, PublicKeyToken=b03f5f7f11d50a3a" className="SGInventory.BusinessModel.Test.ProductDetailBusinessModelTest, SGInventory.BusinessModel.Test, Version=1.0.0.0, Culture=neutral, PublicKeyToken=null" name="Save_GivenBarcodeNotExists_ReturnNewInstance_Successfull_Test" />
    </UnitTest>
    <UnitTest name="SwitchSearchMode_GivenTrue_Test" storage="e:\projects\sgiinventory\sginvetory\sginventory.presenters.test\bin\debug\sginventory.presenters.test.dll" id="2e6cd78c-f356-f6bb-2338-7d56e4dfef0c">
      <Execution id="9e5c9d58-8477-4db9-b3b6-76ca0a54aa72" />
      <TestMethod codeBase="E:/Projects/SGIInventory/SGInvetory/SGInventory.Presenters.Test/bin/Debug/SGInventory.Presenters.Test.DLL" adapterTypeName="Microsoft.VisualStudio.TestTools.TestTypes.Unit.UnitTestAdapter, Microsoft.VisualStudio.QualityTools.Tips.UnitTest.Adapter, Version=10.0.0.0, Culture=neutral, PublicKeyToken=b03f5f7f11d50a3a" className="SGInventory.Presenters.Test.DeliveryPresenterTest, SGInventory.Presenters.Test, Version=1.0.0.0, Culture=neutral, PublicKeyToken=null" name="SwitchSearchMode_GivenTrue_Test" />
    </UnitTest>
    <UnitTest name="Validate_GivenTheNameNotExistsCategoryIsNewAndMaxLengthNotExceedsTheLimit_ShouldReturnTrue" storage="e:\projects\sgiinventory\sginvetory\sginventory.businessmodel.test\bin\debug\sginventory.businessmodel.test.dll" id="a56003bf-09ed-8456-66f1-106afd0cf559">
      <Execution id="4872fb7c-b352-44eb-b6d7-668a327bb8ae" />
      <TestMethod codeBase="E:/Projects/SGIInventory/SGInvetory/SGInventory.BusinessModel.Test/bin/Debug/SGInventory.BusinessModel.Test.DLL" adapterTypeName="Microsoft.VisualStudio.TestTools.TestTypes.Unit.UnitTestAdapter, Microsoft.VisualStudio.QualityTools.Tips.UnitTest.Adapter, Version=10.0.0.0, Culture=neutral, PublicKeyToken=b03f5f7f11d50a3a" className="SGInventory.Business.Model.CategoryBusinessModelTest, SGInventory.BusinessModel.Test, Version=1.0.0.0, Culture=neutral, PublicKeyToken=null" name="Validate_GivenTheNameNotExistsCategoryIsNewAndMaxLengthNotExceedsTheLimit_ShouldReturnTrue" />
    </UnitTest>
    <UnitTest name="SelectByPrimaryId_GivenTheIdNotExists_ShouldReturnEmptyCollectionTest" storage="e:\projects\sgiinventory\sginvetory\sginventory.businessmodel.test\bin\debug\sginventory.businessmodel.test.dll" id="86ea1c84-716f-1411-4e8e-eef0ee3fa44f">
      <Execution id="10e2dd32-b6a8-4fd8-8cd4-766952f658c0" />
      <TestMethod codeBase="E:/Projects/SGIInventory/SGInvetory/SGInventory.BusinessModel.Test/bin/Debug/SGInventory.BusinessModel.Test.DLL" adapterTypeName="Microsoft.VisualStudio.TestTools.TestTypes.Unit.UnitTestAdapter, Microsoft.VisualStudio.QualityTools.Tips.UnitTest.Adapter, Version=10.0.0.0, Culture=neutral, PublicKeyToken=b03f5f7f11d50a3a" className="SGInventory.BusinessModel.Test.SizeBusinessModelTest, SGInventory.BusinessModel.Test, Version=1.0.0.0, Culture=neutral, PublicKeyToken=null" name="SelectByPrimaryId_GivenTheIdNotExists_ShouldReturnEmptyCollectionTest" />
    </UnitTest>
    <UnitTest name="Keypress_InCompleteQuantity_Result_False" storage="e:\projects\sgiinventory\sginvetory\sginventory.presenters.test\bin\debug\sginventory.presenters.test.dll" id="f22b8713-03de-7d63-d19e-d4d83bff0c8a">
      <Execution id="35644f2a-7e4a-43da-9e74-843f8c695e12" />
      <TestMethod codeBase="E:/Projects/SGIInventory/SGInvetory/SGInventory.Presenters.Test/bin/Debug/SGInventory.Presenters.Test.DLL" adapterTypeName="Microsoft.VisualStudio.TestTools.TestTypes.Unit.UnitTestAdapter, Microsoft.VisualStudio.QualityTools.Tips.UnitTest.Adapter, Version=10.0.0.0, Culture=neutral, PublicKeyToken=b03f5f7f11d50a3a" className="SGInventory.Presenters.Test.ProductDetailEditPresenterTest, SGInventory.Presenters.Test, Version=1.0.0.0, Culture=neutral, PublicKeyToken=null" name="Keypress_InCompleteQuantity_Result_False" />
    </UnitTest>
    <UnitTest name="ChangePassword_GivenTheConfirmationOldPasswordIsNotCorrect_ResultWillBeNewPasswordWillNotPushThrough" storage="e:\projects\sgiinventory\sginvetory\sginventory.presenters.test\bin\debug\sginventory.presenters.test.dll" id="0f771127-89a5-3425-47b0-119fcd642e01">
      <Execution id="f3e68908-aa02-4e80-b935-fb709d1bacba" />
      <TestMethod codeBase="E:/Projects/SGIInventory/SGInvetory/SGInventory.Presenters.Test/bin/Debug/SGInventory.Presenters.Test.DLL" adapterTypeName="Microsoft.VisualStudio.TestTools.TestTypes.Unit.UnitTestAdapter, Microsoft.VisualStudio.QualityTools.Tips.UnitTest.Adapter, Version=10.0.0.0, Culture=neutral, PublicKeyToken=b03f5f7f11d50a3a" className="SGInventory.Presenters.Test.ChangePasswordPresenterTest, SGInventory.Presenters.Test, Version=1.0.0.0, Culture=neutral, PublicKeyToken=null" name="ChangePassword_GivenTheConfirmationOldPasswordIsNotCorrect_ResultWillBeNewPasswordWillNotPushThrough" />
    </UnitTest>
    <UnitTest name="SelectBySp_GivenThereIsNoParameter_ReturnShouldBeInList" storage="e:\projects\sgiinventory\sginvetory\sginvetory.dal.test\bin\debug\sginventory.dal.test.dll" id="6052deb6-3d4e-f2a2-259c-a00ac7f969dc">
      <Execution id="f87cbb72-e30e-4693-8a42-00cb55d35b42" />
      <TestMethod codeBase="E:/Projects/SGIInventory/SGInvetory/SGInvetory.DAL.Test/bin/Debug/SGInventory.DAL.Test.DLL" adapterTypeName="Microsoft.VisualStudio.TestTools.TestTypes.Unit.UnitTestAdapter, Microsoft.VisualStudio.QualityTools.Tips.UnitTest.Adapter, Version=10.0.0.0, Culture=neutral, PublicKeyToken=b03f5f7f11d50a3a" className="SGInventory.DAL.Test.SupplierDalTest, SGInventory.DAL.Test, Version=1.0.0.0, Culture=neutral, PublicKeyToken=null" name="SelectBySp_GivenThereIsNoParameter_ReturnShouldBeInList" />
    </UnitTest>
    <UnitTest name="AddModel_Test" storage="e:\projects\sgiinventory\sginvetory\sginventory.presenters.test\bin\debug\sginventory.presenters.test.dll" id="9e3b704c-817c-ceaf-28ca-e379a72ae5db">
      <Execution id="c89d4bdb-c483-49ae-82a6-cb19c338cf4f" />
      <TestMethod codeBase="E:/Projects/SGIInventory/SGInvetory/SGInventory.Presenters.Test/bin/Debug/SGInventory.Presenters.Test.DLL" adapterTypeName="Microsoft.VisualStudio.TestTools.TestTypes.Unit.UnitTestAdapter, Microsoft.VisualStudio.QualityTools.Tips.UnitTest.Adapter, Version=10.0.0.0, Culture=neutral, PublicKeyToken=b03f5f7f11d50a3a" className="SGInventory.Presenters.Test.SupplierSearchPresenterTest, SGInventory.Presenters.Test, Version=1.0.0.0, Culture=neutral, PublicKeyToken=null" name="AddModel_Test" />
    </UnitTest>
    <UnitTest name="UseScannerIsOff_Test" storage="e:\projects\sgiinventory\sginvetory\sginventory.presenters.test\bin\debug\sginventory.presenters.test.dll" id="615a6b46-1aee-dd6e-cd06-60e43626c58e">
      <Execution id="3bcdac10-ebb6-4e24-82bc-fa0a1715fc36" />
      <TestMethod codeBase="E:/Projects/SGIInventory/SGInvetory/SGInventory.Presenters.Test/bin/Debug/SGInventory.Presenters.Test.DLL" adapterTypeName="Microsoft.VisualStudio.TestTools.TestTypes.Unit.UnitTestAdapter, Microsoft.VisualStudio.QualityTools.Tips.UnitTest.Adapter, Version=10.0.0.0, Culture=neutral, PublicKeyToken=b03f5f7f11d50a3a" className="SGInventory.Presenters.Test.DeliveryPresenterTest, SGInventory.Presenters.Test, Version=1.0.0.0, Culture=neutral, PublicKeyToken=null" name="UseScannerIsOff_Test" />
    </UnitTest>
    <UnitTest name="SaveModel_GivenModelIsNewValidFieldsUserNameAlreadyExistsQueryHasResult_ResultUnsuccessfull" storage="e:\projects\sgiinventory\sginvetory\sginventory.businessmodel.test\bin\debug\sginventory.businessmodel.test.dll" id="754a5d2b-b233-3c92-521a-5f9381308eca">
      <Execution id="a34766ad-759f-4ba3-ab37-4650599359f9" />
      <TestMethod codeBase="E:/Projects/SGIInventory/SGInvetory/SGInventory.BusinessModel.Test/bin/Debug/SGInventory.BusinessModel.Test.DLL" adapterTypeName="Microsoft.VisualStudio.TestTools.TestTypes.Unit.UnitTestAdapter, Microsoft.VisualStudio.QualityTools.Tips.UnitTest.Adapter, Version=10.0.0.0, Culture=neutral, PublicKeyToken=b03f5f7f11d50a3a" className="SGInventory.BusinessModel.Test.UserBusinessModelTest, SGInventory.BusinessModel.Test, Version=1.0.0.0, Culture=neutral, PublicKeyToken=null" name="SaveModel_GivenModelIsNewValidFieldsUserNameAlreadyExistsQueryHasResult_ResultUnsuccessfull" />
    </UnitTest>
    <UnitTest name="SaveOrUpdateGivenItIsNewTest" storage="e:\projects\sgiinventory\sginvetory\sginvetory.dal.test\bin\debug\sginventory.dal.test.dll" id="75ca4a6c-a247-dc07-58c0-23865317ceef">
      <Execution id="73608ef6-4a7f-4406-bd15-e1e0b3211303" />
      <TestMethod codeBase="E:/Projects/SGIInventory/SGInvetory/SGInvetory.DAL.Test/bin/Debug/SGInventory.DAL.Test.DLL" adapterTypeName="Microsoft.VisualStudio.TestTools.TestTypes.Unit.UnitTestAdapter, Microsoft.VisualStudio.QualityTools.Tips.UnitTest.Adapter, Version=10.0.0.0, Culture=neutral, PublicKeyToken=b03f5f7f11d50a3a" className="SGInventory.DAL.Test.ProductDetailDalTest, SGInventory.DAL.Test, Version=1.0.0.0, Culture=neutral, PublicKeyToken=null" name="SaveOrUpdateGivenItIsNewTest" />
    </UnitTest>
    <UnitTest name="SelectAllTest" storage="e:\projects\sgiinventory\sginvetory\sginvetory.dal.test\bin\debug\sginventory.dal.test.dll" id="598e5173-77e5-ebc7-38c2-6bc55dbb7c99">
      <Execution id="5c78939a-f001-4569-ad6b-4684799c720b" />
      <TestMethod codeBase="E:/Projects/SGIInventory/SGInvetory/SGInvetory.DAL.Test/bin/Debug/SGInventory.DAL.Test.DLL" adapterTypeName="Microsoft.VisualStudio.TestTools.TestTypes.Unit.UnitTestAdapter, Microsoft.VisualStudio.QualityTools.Tips.UnitTest.Adapter, Version=10.0.0.0, Culture=neutral, PublicKeyToken=b03f5f7f11d50a3a" className="SGInventory.DAL.Test.SizeDalTest, SGInventory.DAL.Test, Version=1.0.0.0, Culture=neutral, PublicKeyToken=null" name="SelectAllTest" />
    </UnitTest>
    <UnitTest name="DeleteSelectedModels_GivenNoModelIsSelected_Test" storage="e:\projects\sgiinventory\sginvetory\sginventory.presenters.test\bin\debug\sginventory.presenters.test.dll" id="c74ed87d-c21e-843c-0ed2-5517fcd37a9b">
      <Execution id="29b74e4c-b743-49a6-800c-35414f2478de" />
      <TestMethod codeBase="E:/Projects/SGIInventory/SGInvetory/SGInventory.Presenters.Test/bin/Debug/SGInventory.Presenters.Test.DLL" adapterTypeName="Microsoft.VisualStudio.TestTools.TestTypes.Unit.UnitTestAdapter, Microsoft.VisualStudio.QualityTools.Tips.UnitTest.Adapter, Version=10.0.0.0, Culture=neutral, PublicKeyToken=b03f5f7f11d50a3a" className="SGInventory.Presenters.Test.ProductDetailSearchPresenterTest, SGInventory.Presenters.Test, Version=1.0.0.0, Culture=neutral, PublicKeyToken=null" name="DeleteSelectedModels_GivenNoModelIsSelected_Test" />
    </UnitTest>
    <UnitTest name="SelectByStockNumberTest" storage="e:\projects\sgiinventory\sginvetory\sginventory.businessmodel.test\bin\debug\sginventory.businessmodel.test.dll" id="aeee27a0-16d0-84e9-d85c-2083a6c4fdc0">
      <Execution id="b1fcd284-d63f-4c32-b3aa-9591bcc9892f" />
      <TestMethod codeBase="E:/Projects/SGIInventory/SGInvetory/SGInventory.BusinessModel.Test/bin/Debug/SGInventory.BusinessModel.Test.DLL" adapterTypeName="Microsoft.VisualStudio.TestTools.TestTypes.Unit.UnitTestAdapter, Microsoft.VisualStudio.QualityTools.Tips.UnitTest.Adapter, Version=10.0.0.0, Culture=neutral, PublicKeyToken=b03f5f7f11d50a3a" className="SGInventory.BusinessModel.Test.ProductBusinessModelTest, SGInventory.BusinessModel.Test, Version=1.0.0.0, Culture=neutral, PublicKeyToken=null" name="SelectByStockNumberTest" />
    </UnitTest>
    <UnitTest name="SelectByPrimaryId_GivenTheIdNotExists_ShouldReturnEmptyCollectionTest" storage="e:\projects\sgiinventory\sginvetory\sginventory.businessmodel.test\bin\debug\sginventory.businessmodel.test.dll" id="806f26ec-3677-22da-18d2-d74af9dbcb58">
      <Execution id="7c61731d-37ab-4a0a-a204-fa049c363843" />
      <TestMethod codeBase="E:/Projects/SGIInventory/SGInvetory/SGInventory.BusinessModel.Test/bin/Debug/SGInventory.BusinessModel.Test.DLL" adapterTypeName="Microsoft.VisualStudio.TestTools.TestTypes.Unit.UnitTestAdapter, Microsoft.VisualStudio.QualityTools.Tips.UnitTest.Adapter, Version=10.0.0.0, Culture=neutral, PublicKeyToken=b03f5f7f11d50a3a" className="SGInventory.BusinessModel.Test.WashingBusinessModelTest, SGInventory.BusinessModel.Test, Version=1.0.0.0, Culture=neutral, PublicKeyToken=null" name="SelectByPrimaryId_GivenTheIdNotExists_ShouldReturnEmptyCollectionTest" />
    </UnitTest>
    <UnitTest name="Save_GivenThanNameNotExistsCreateNewModel_ResultSuccessfullPopUpMessage_Test" storage="e:\projects\sgiinventory\sginvetory\sginventory.presenters.test\bin\debug\sginventory.presenters.test.dll" id="f3d0172a-55c7-565f-08b6-3692c40d25cb">
      <Execution id="a601b64e-c69f-43ed-9f34-23076f3739a9" />
      <TestMethod codeBase="E:/Projects/SGIInventory/SGInvetory/SGInventory.Presenters.Test/bin/Debug/SGInventory.Presenters.Test.DLL" adapterTypeName="Microsoft.VisualStudio.TestTools.TestTypes.Unit.UnitTestAdapter, Microsoft.VisualStudio.QualityTools.Tips.UnitTest.Adapter, Version=10.0.0.0, Culture=neutral, PublicKeyToken=b03f5f7f11d50a3a" className="SGInventory.Presenters.Test.OutletEditPresenterTest, SGInventory.Presenters.Test, Version=1.0.0.0, Culture=neutral, PublicKeyToken=null" name="Save_GivenThanNameNotExistsCreateNewModel_ResultSuccessfullPopUpMessage_Test" />
    </UnitTest>
    <UnitTest name="PopulateModelToEditForm_Test" storage="e:\projects\sgiinventory\sginvetory\sginventory.presenters.test\bin\debug\sginventory.presenters.test.dll" id="a1b6f0a3-d3a9-318d-5fb6-4bf388eb0281">
      <Execution id="aa707b6d-9582-45a8-9c28-b507dfa23607" />
      <TestMethod codeBase="E:/Projects/SGIInventory/SGInvetory/SGInventory.Presenters.Test/bin/Debug/SGInventory.Presenters.Test.DLL" adapterTypeName="Microsoft.VisualStudio.TestTools.TestTypes.Unit.UnitTestAdapter, Microsoft.VisualStudio.QualityTools.Tips.UnitTest.Adapter, Version=10.0.0.0, Culture=neutral, PublicKeyToken=b03f5f7f11d50a3a" className="SGInventory.Presenters.Test.ProductSearchPresenterTest, SGInventory.Presenters.Test, Version=1.0.0.0, Culture=neutral, PublicKeyToken=null" name="PopulateModelToEditForm_Test" />
    </UnitTest>
    <UnitTest name="AddModel_Test" storage="e:\projects\sgiinventory\sginvetory\sginventory.presenters.test\bin\debug\sginventory.presenters.test.dll" id="3a575d61-6b98-3d56-c447-9a4d806bb69f">
      <Execution id="df6bf88d-4750-4564-b86b-aedb37919342" />
      <TestMethod codeBase="E:/Projects/SGIInventory/SGInvetory/SGInventory.Presenters.Test/bin/Debug/SGInventory.Presenters.Test.DLL" adapterTypeName="Microsoft.VisualStudio.TestTools.TestTypes.Unit.UnitTestAdapter, Microsoft.VisualStudio.QualityTools.Tips.UnitTest.Adapter, Version=10.0.0.0, Culture=neutral, PublicKeyToken=b03f5f7f11d50a3a" className="SGInventory.Presenters.Test.CategorySearchPresenterTest, SGInventory.Presenters.Test, Version=1.0.0.0, Culture=neutral, PublicKeyToken=null" name="AddModel_Test" />
    </UnitTest>
    <UnitTest name="UploadPicTest" storage="e:\projects\sgiinventory\sginvetory\sginventory.presenters.test\bin\debug\sginventory.presenters.test.dll" id="48e5f004-69c8-3165-a043-0a4fcd929c2a">
      <Execution id="ea6750c9-3c09-4921-b014-098aefb632c9" />
      <TestMethod codeBase="E:/Projects/SGIInventory/SGInvetory/SGInventory.Presenters.Test/bin/Debug/SGInventory.Presenters.Test.DLL" adapterTypeName="Microsoft.VisualStudio.TestTools.TestTypes.Unit.UnitTestAdapter, Microsoft.VisualStudio.QualityTools.Tips.UnitTest.Adapter, Version=10.0.0.0, Culture=neutral, PublicKeyToken=b03f5f7f11d50a3a" className="SGInventory.Presenters.Test.ProductDetailEditPresenterTest, SGInventory.Presenters.Test, Version=1.0.0.0, Culture=neutral, PublicKeyToken=null" name="UploadPicTest" />
    </UnitTest>
    <UnitTest name="LoadSupplier_GivenTheSupplierIsNotNull" storage="e:\projects\sgiinventory\sginvetory\sginventory.presenters.test\bin\debug\sginventory.presenters.test.dll" id="8600012c-9486-6dc3-7be0-eed246d0c241">
      <Execution id="66eeeb17-3526-4486-89aa-98899c9cd57d" />
      <TestMethod codeBase="E:/Projects/SGIInventory/SGInvetory/SGInventory.Presenters.Test/bin/Debug/SGInventory.Presenters.Test.DLL" adapterTypeName="Microsoft.VisualStudio.TestTools.TestTypes.Unit.UnitTestAdapter, Microsoft.VisualStudio.QualityTools.Tips.UnitTest.Adapter, Version=10.0.0.0, Culture=neutral, PublicKeyToken=b03f5f7f11d50a3a" className="SGInventory.Presenters.Test.SupplierEditPresenterTest, SGInventory.Presenters.Test, Version=1.0.0.0, Culture=neutral, PublicKeyToken=null" name="LoadSupplier_GivenTheSupplierIsNotNull" />
    </UnitTest>
    <UnitTest name="Delete" storage="e:\projects\sgiinventory\sginvetory\sginvetory.dal.test\bin\debug\sginventory.dal.test.dll" id="26db3c8c-0554-ad61-b6ee-b9cfe33cc89b">
      <Execution id="93c9bbe6-86d6-494c-9225-8192778236ad" />
      <TestMethod codeBase="E:/Projects/SGIInventory/SGInvetory/SGInvetory.DAL.Test/bin/Debug/SGInventory.DAL.Test.DLL" adapterTypeName="Microsoft.VisualStudio.TestTools.TestTypes.Unit.UnitTestAdapter, Microsoft.VisualStudio.QualityTools.Tips.UnitTest.Adapter, Version=10.0.0.0, Culture=neutral, PublicKeyToken=b03f5f7f11d50a3a" className="SGInventory.DAL.Test.UserDalTest, SGInventory.DAL.Test, Version=1.0.0.0, Culture=neutral, PublicKeyToken=null" name="Delete" />
    </UnitTest>
    <UnitTest name="SelectByPrimaryKey_GivenPrimaryKey_ReturnShouldNotBeNull" storage="e:\projects\sgiinventory\sginvetory\sginvetory.dal.test\bin\debug\sginventory.dal.test.dll" id="ef70b526-178e-f567-ca7f-9568174f14e2">
      <Execution id="8dccba7b-6793-40e7-89cc-11ff45099e2e" />
      <TestMethod codeBase="E:/Projects/SGIInventory/SGInvetory/SGInvetory.DAL.Test/bin/Debug/SGInventory.DAL.Test.DLL" adapterTypeName="Microsoft.VisualStudio.TestTools.TestTypes.Unit.UnitTestAdapter, Microsoft.VisualStudio.QualityTools.Tips.UnitTest.Adapter, Version=10.0.0.0, Culture=neutral, PublicKeyToken=b03f5f7f11d50a3a" className="SGInvetory.DAL.Test.ProductDalTest, SGInventory.DAL.Test, Version=1.0.0.0, Culture=neutral, PublicKeyToken=null" name="SelectByPrimaryKey_GivenPrimaryKey_ReturnShouldNotBeNull" />
    </UnitTest>
    <UnitTest name="SaveColor_GivenThatCodeAndNameNotExistsCreateNewColor_ResultSuccessfullPopUpMessage_Test" storage="e:\projects\sgiinventory\sginvetory\sginventory.presenters.test\bin\debug\sginventory.presenters.test.dll" id="70225456-6cf1-589d-a058-c5368a0ee7ed">
      <Execution id="662d3dd0-21ea-4066-a7c1-9b39b2d1dff7" />
      <TestMethod codeBase="E:/Projects/SGIInventory/SGInvetory/SGInventory.Presenters.Test/bin/Debug/SGInventory.Presenters.Test.DLL" adapterTypeName="Microsoft.VisualStudio.TestTools.TestTypes.Unit.UnitTestAdapter, Microsoft.VisualStudio.QualityTools.Tips.UnitTest.Adapter, Version=10.0.0.0, Culture=neutral, PublicKeyToken=b03f5f7f11d50a3a" className="SGInventory.Presenters.Test.ColorEditPresenterTest, SGInventory.Presenters.Test, Version=1.0.0.0, Culture=neutral, PublicKeyToken=null" name="SaveColor_GivenThatCodeAndNameNotExistsCreateNewColor_ResultSuccessfullPopUpMessage_Test" />
    </UnitTest>
    <UnitTest name="LoadCost_Given_Washing_Is_Given_Test" storage="e:\projects\sgiinventory\sginvetory\sginventory.presenters.test\bin\debug\sginventory.presenters.test.dll" id="c96a23c4-7149-5feb-e6c2-9f64455f0f9f">
      <Execution id="c6432043-b806-4794-a6f5-3b2a1ced6401" />
      <TestMethod codeBase="E:/Projects/SGIInventory/SGInvetory/SGInventory.Presenters.Test/bin/Debug/SGInventory.Presenters.Test.DLL" adapterTypeName="Microsoft.VisualStudio.TestTools.TestTypes.Unit.UnitTestAdapter, Microsoft.VisualStudio.QualityTools.Tips.UnitTest.Adapter, Version=10.0.0.0, Culture=neutral, PublicKeyToken=b03f5f7f11d50a3a" className="SGInventory.Presenters.Test.DeliveryPresenterTest, SGInventory.Presenters.Test, Version=1.0.0.0, Culture=neutral, PublicKeyToken=null" name="LoadCost_Given_Washing_Is_Given_Test" />
    </UnitTest>
    <UnitTest name="SelectAll_ShouldReturnList_Test" storage="e:\projects\sgiinventory\sginvetory\sginventory.businessmodel.test\bin\debug\sginventory.businessmodel.test.dll" id="b7e7ac48-9b99-3bc9-a4e9-650802570499">
      <Execution id="feb1e2d0-d4f5-4ede-9e53-4812d346df98" />
      <TestMethod codeBase="E:/Projects/SGIInventory/SGInvetory/SGInventory.BusinessModel.Test/bin/Debug/SGInventory.BusinessModel.Test.DLL" adapterTypeName="Microsoft.VisualStudio.TestTools.TestTypes.Unit.UnitTestAdapter, Microsoft.VisualStudio.QualityTools.Tips.UnitTest.Adapter, Version=10.0.0.0, Culture=neutral, PublicKeyToken=b03f5f7f11d50a3a" className="SGInventory.BusinessModel.Test.ColorBusinessModelTest, SGInventory.BusinessModel.Test, Version=1.0.0.0, Culture=neutral, PublicKeyToken=null" name="SelectAll_ShouldReturnList_Test" />
    </UnitTest>
    <UnitTest name="Keypress_Complete_Result_True" storage="e:\projects\sgiinventory\sginvetory\sginventory.presenters.test\bin\debug\sginventory.presenters.test.dll" id="31f3db5c-b299-2f20-c8d9-8eadd750baad">
      <Execution id="35c612d8-5472-4594-9a80-7f999d1b8639" />
      <TestMethod codeBase="E:/Projects/SGIInventory/SGInvetory/SGInventory.Presenters.Test/bin/Debug/SGInventory.Presenters.Test.DLL" adapterTypeName="Microsoft.VisualStudio.TestTools.TestTypes.Unit.UnitTestAdapter, Microsoft.VisualStudio.QualityTools.Tips.UnitTest.Adapter, Version=10.0.0.0, Culture=neutral, PublicKeyToken=b03f5f7f11d50a3a" className="SGInventory.Presenters.Test.ProductDetailEditPresenterTest, SGInventory.Presenters.Test, Version=1.0.0.0, Culture=neutral, PublicKeyToken=null" name="Keypress_Complete_Result_True" />
    </UnitTest>
    <UnitTest name="SelectModelByName_ModelExists_Test" storage="e:\projects\sgiinventory\sginvetory\sginventory.presenters.test\bin\debug\sginventory.presenters.test.dll" id="6cfa7673-dbb0-a210-0983-dc223117554b">
      <Execution id="c7fae5e6-1a13-45e1-ba17-8f5ca5f75219" />
      <TestMethod codeBase="E:/Projects/SGIInventory/SGInvetory/SGInventory.Presenters.Test/bin/Debug/SGInventory.Presenters.Test.DLL" adapterTypeName="Microsoft.VisualStudio.TestTools.TestTypes.Unit.UnitTestAdapter, Microsoft.VisualStudio.QualityTools.Tips.UnitTest.Adapter, Version=10.0.0.0, Culture=neutral, PublicKeyToken=b03f5f7f11d50a3a" className="SGInventory.Presenters.Test.ProductDetailEditPresenterTest, SGInventory.Presenters.Test, Version=1.0.0.0, Culture=neutral, PublicKeyToken=null" name="SelectModelByName_ModelExists_Test" />
    </UnitTest>
    <UnitTest name="SaveUser_GivenThanNameNotExistsUserAlreadyExists_ResultSuccessfullPopUpMessage_Test" storage="e:\projects\sgiinventory\sginvetory\sginventory.presenters.test\bin\debug\sginventory.presenters.test.dll" id="1bb26677-f101-05d9-fbb4-eb9ce98a311f">
      <Execution id="36dfc86f-f5c5-4973-8311-ec39a336b54a" />
      <TestMethod codeBase="E:/Projects/SGIInventory/SGInvetory/SGInventory.Presenters.Test/bin/Debug/SGInventory.Presenters.Test.DLL" adapterTypeName="Microsoft.VisualStudio.TestTools.TestTypes.Unit.UnitTestAdapter, Microsoft.VisualStudio.QualityTools.Tips.UnitTest.Adapter, Version=10.0.0.0, Culture=neutral, PublicKeyToken=b03f5f7f11d50a3a" className="SGInventory.Presenters.Test.UserEditPresenterTest, SGInventory.Presenters.Test, Version=1.0.0.0, Culture=neutral, PublicKeyToken=null" name="SaveUser_GivenThanNameNotExistsUserAlreadyExists_ResultSuccessfullPopUpMessage_Test" />
    </UnitTest>
    <UnitTest name="Save_GivenCodeExceedTheMaximumLength_Test" storage="e:\projects\sgiinventory\sginvetory\sginventory.presenters.test\bin\debug\sginventory.presenters.test.dll" id="88271768-9066-e298-05ea-c7c3711202ed">
      <Execution id="f5dcd8af-ea78-41de-81ca-c43176bfb2cc" />
      <TestMethod codeBase="E:/Projects/SGIInventory/SGInvetory/SGInventory.Presenters.Test/bin/Debug/SGInventory.Presenters.Test.DLL" adapterTypeName="Microsoft.VisualStudio.TestTools.TestTypes.Unit.UnitTestAdapter, Microsoft.VisualStudio.QualityTools.Tips.UnitTest.Adapter, Version=10.0.0.0, Culture=neutral, PublicKeyToken=b03f5f7f11d50a3a" className="SGInventory.Presenters.Test.WashingEditPresenterTest, SGInventory.Presenters.Test, Version=1.0.0.0, Culture=neutral, PublicKeyToken=null" name="Save_GivenCodeExceedTheMaximumLength_Test" />
    </UnitTest>
    <UnitTest name="Validate_GivenTheNameAlreadyExistsCategoryIsNewAndMaxLengthNotExceedsTheLimit_ShouldReturnFalse" storage="e:\projects\sgiinventory\sginvetory\sginventory.businessmodel.test\bin\debug\sginventory.businessmodel.test.dll" id="b629fbfa-f168-2a48-3f0b-99386fd3e0b7">
      <Execution id="a50dec00-b91a-42e4-a7d8-28c1005cf937" />
      <TestMethod codeBase="E:/Projects/SGIInventory/SGInvetory/SGInventory.BusinessModel.Test/bin/Debug/SGInventory.BusinessModel.Test.DLL" adapterTypeName="Microsoft.VisualStudio.TestTools.TestTypes.Unit.UnitTestAdapter, Microsoft.VisualStudio.QualityTools.Tips.UnitTest.Adapter, Version=10.0.0.0, Culture=neutral, PublicKeyToken=b03f5f7f11d50a3a" className="SGInventory.Business.Model.CategoryBusinessModelTest, SGInventory.BusinessModel.Test, Version=1.0.0.0, Culture=neutral, PublicKeyToken=null" name="Validate_GivenTheNameAlreadyExistsCategoryIsNewAndMaxLengthNotExceedsTheLimit_ShouldReturnFalse" />
    </UnitTest>
    <UnitTest name="SelectAll_ShouldReturnList_Test" storage="e:\projects\sgiinventory\sginvetory\sginventory.businessmodel.test\bin\debug\sginventory.businessmodel.test.dll" id="a1754ac9-7aed-e19d-296e-d0ed14435b19">
      <Execution id="84240e74-cc1f-4e84-bebb-cac945e6d83b" />
      <TestMethod codeBase="E:/Projects/SGIInventory/SGInvetory/SGInventory.BusinessModel.Test/bin/Debug/SGInventory.BusinessModel.Test.DLL" adapterTypeName="Microsoft.VisualStudio.TestTools.TestTypes.Unit.UnitTestAdapter, Microsoft.VisualStudio.QualityTools.Tips.UnitTest.Adapter, Version=10.0.0.0, Culture=neutral, PublicKeyToken=b03f5f7f11d50a3a" className="SGInventory.BusinessModel.Test.SizeBusinessModelTest, SGInventory.BusinessModel.Test, Version=1.0.0.0, Culture=neutral, PublicKeyToken=null" name="SelectAll_ShouldReturnList_Test" />
    </UnitTest>
    <UnitTest name="SaveOrUpdate" storage="e:\projects\sgiinventory\sginvetory\sginvetory.dal.test\bin\debug\sginventory.dal.test.dll" id="94a69f52-74f5-f528-3999-c8d2fcffed92">
      <Execution id="4c9d7abb-fc13-497d-af27-1b3de16a5f47" />
      <TestMethod codeBase="E:/Projects/SGIInventory/SGInvetory/SGInvetory.DAL.Test/bin/Debug/SGInventory.DAL.Test.DLL" adapterTypeName="Microsoft.VisualStudio.TestTools.TestTypes.Unit.UnitTestAdapter, Microsoft.VisualStudio.QualityTools.Tips.UnitTest.Adapter, Version=10.0.0.0, Culture=neutral, PublicKeyToken=b03f5f7f11d50a3a" className="SGInventory.DAL.Test.SupplierDalTest, SGInventory.DAL.Test, Version=1.0.0.0, Culture=neutral, PublicKeyToken=null" name="SaveOrUpdate" />
    </UnitTest>
    <UnitTest name="SelectBySp_GivenThereIsAParameter_ReturnShouldBeInList" storage="e:\projects\sgiinventory\sginvetory\sginvetory.dal.test\bin\debug\sginventory.dal.test.dll" id="4f178144-2489-0522-2c10-5f501068d1da">
      <Execution id="eb493f54-2a25-41ac-94e0-9e7593e5d3d4" />
      <TestMethod codeBase="E:/Projects/SGIInventory/SGInvetory/SGInvetory.DAL.Test/bin/Debug/SGInventory.DAL.Test.DLL" adapterTypeName="Microsoft.VisualStudio.TestTools.TestTypes.Unit.UnitTestAdapter, Microsoft.VisualStudio.QualityTools.Tips.UnitTest.Adapter, Version=10.0.0.0, Culture=neutral, PublicKeyToken=b03f5f7f11d50a3a" className="SGInventory.DAL.Test.SizeDalTest, SGInventory.DAL.Test, Version=1.0.0.0, Culture=neutral, PublicKeyToken=null" name="SelectBySp_GivenThereIsAParameter_ReturnShouldBeInList" />
    </UnitTest>
    <UnitTest name="Validate_GivenInEditModeTheNameAlreadyExistsFromDifferentId_ShouldReturnFalse" storage="e:\projects\sgiinventory\sginvetory\sginventory.businessmodel.test\bin\debug\sginventory.businessmodel.test.dll" id="1b917958-153d-de30-251b-aa6049023fb2">
      <Execution id="f59b2ad3-5019-4cd3-87a5-4483f1df6839" />
      <TestMethod codeBase="E:/Projects/SGIInventory/SGInvetory/SGInventory.BusinessModel.Test/bin/Debug/SGInventory.BusinessModel.Test.DLL" adapterTypeName="Microsoft.VisualStudio.TestTools.TestTypes.Unit.UnitTestAdapter, Microsoft.VisualStudio.QualityTools.Tips.UnitTest.Adapter, Version=10.0.0.0, Culture=neutral, PublicKeyToken=b03f5f7f11d50a3a" className="SGInventory.BusinessModel.Test.SupplierBusinessModelTest, SGInventory.BusinessModel.Test, Version=1.0.0.0, Culture=neutral, PublicKeyToken=null" name="Validate_GivenInEditModeTheNameAlreadyExistsFromDifferentId_ShouldReturnFalse" />
    </UnitTest>
    <UnitTest name="SelectProductStatusIsDamageTest" storage="e:\projects\sgiinventory\sginvetory\sginventory.presenters.test\bin\debug\sginventory.presenters.test.dll" id="00cac12b-3959-d21b-cb9f-46e69e8d1f24">
      <Execution id="2b31380e-cfc8-48e2-9734-a2523db57a5d" />
      <TestMethod codeBase="E:/Projects/SGIInventory/SGInvetory/SGInventory.Presenters.Test/bin/Debug/SGInventory.Presenters.Test.DLL" adapterTypeName="Microsoft.VisualStudio.TestTools.TestTypes.Unit.UnitTestAdapter, Microsoft.VisualStudio.QualityTools.Tips.UnitTest.Adapter, Version=10.0.0.0, Culture=neutral, PublicKeyToken=b03f5f7f11d50a3a" className="SGInventory.Presenters.Test.DeliveryPresenterTest, SGInventory.Presenters.Test, Version=1.0.0.0, Culture=neutral, PublicKeyToken=null" name="SelectProductStatusIsDamageTest" />
    </UnitTest>
    <UnitTest name="LoadOutlet_GivenTheOutletIsNotNull" storage="e:\projects\sgiinventory\sginvetory\sginventory.presenters.test\bin\debug\sginventory.presenters.test.dll" id="7636132b-c0e9-1067-6e8b-7839b9dcb2e5">
      <Execution id="905f1e53-8055-4c76-9ba1-4b84ed5d7675" />
      <TestMethod codeBase="E:/Projects/SGIInventory/SGInvetory/SGInventory.Presenters.Test/bin/Debug/SGInventory.Presenters.Test.DLL" adapterTypeName="Microsoft.VisualStudio.TestTools.TestTypes.Unit.UnitTestAdapter, Microsoft.VisualStudio.QualityTools.Tips.UnitTest.Adapter, Version=10.0.0.0, Culture=neutral, PublicKeyToken=b03f5f7f11d50a3a" className="SGInventory.Presenters.Test.OutletEditPresenterTest, SGInventory.Presenters.Test, Version=1.0.0.0, Culture=neutral, PublicKeyToken=null" name="LoadOutlet_GivenTheOutletIsNotNull" />
    </UnitTest>
    <UnitTest name="SelectBySp_GivenThereIsAParameter_ReturnShouldBeInList" storage="e:\projects\sgiinventory\sginvetory\sginvetory.dal.test\bin\debug\sginventory.dal.test.dll" id="3fd08c9b-f53e-bf48-974e-596390d289f9">
      <Execution id="c999d2de-daab-4ae1-8014-58cb869e82b9" />
      <TestMethod codeBase="E:/Projects/SGIInventory/SGInvetory/SGInvetory.DAL.Test/bin/Debug/SGInventory.DAL.Test.DLL" adapterTypeName="Microsoft.VisualStudio.TestTools.TestTypes.Unit.UnitTestAdapter, Microsoft.VisualStudio.QualityTools.Tips.UnitTest.Adapter, Version=10.0.0.0, Culture=neutral, PublicKeyToken=b03f5f7f11d50a3a" className="SGInventory.DAL.Test.OutletTest, SGInventory.DAL.Test, Version=1.0.0.0, Culture=neutral, PublicKeyToken=null" name="SelectBySp_GivenThereIsAParameter_ReturnShouldBeInList" />
    </UnitTest>
    <UnitTest name="PopulateModelToEditForm_Test" storage="e:\projects\sgiinventory\sginvetory\sginventory.presenters.test\bin\debug\sginventory.presenters.test.dll" id="16ad4f40-be8f-801c-2354-1e12b1cb752f">
      <Execution id="d0937eb8-4088-4d0d-af25-f5cdd902d08c" />
      <TestMethod codeBase="E:/Projects/SGIInventory/SGInvetory/SGInventory.Presenters.Test/bin/Debug/SGInventory.Presenters.Test.DLL" adapterTypeName="Microsoft.VisualStudio.TestTools.TestTypes.Unit.UnitTestAdapter, Microsoft.VisualStudio.QualityTools.Tips.UnitTest.Adapter, Version=10.0.0.0, Culture=neutral, PublicKeyToken=b03f5f7f11d50a3a" className="SGInventory.Presenters.Test.CategorySearchPresenterTest, SGInventory.Presenters.Test, Version=1.0.0.0, Culture=neutral, PublicKeyToken=null" name="PopulateModelToEditForm_Test" />
    </UnitTest>
    <UnitTest name="SaveModel_GivenModelIsNewValidFieldsSizeCodeNotExistsButNameExistsQueryHasNoResult_ResultSuccessfull" storage="e:\projects\sgiinventory\sginvetory\sginventory.businessmodel.test\bin\debug\sginventory.businessmodel.test.dll" id="15c53752-2ee8-35ef-e57a-cd27257f95c0">
      <Execution id="ef58b394-50da-4bd0-8d18-cb4d5a33e8b7" />
      <TestMethod codeBase="E:/Projects/SGIInventory/SGInvetory/SGInventory.BusinessModel.Test/bin/Debug/SGInventory.BusinessModel.Test.DLL" adapterTypeName="Microsoft.VisualStudio.TestTools.TestTypes.Unit.UnitTestAdapter, Microsoft.VisualStudio.QualityTools.Tips.UnitTest.Adapter, Version=10.0.0.0, Culture=neutral, PublicKeyToken=b03f5f7f11d50a3a" className="SGInventory.BusinessModel.Test.SizeBusinessModelTest, SGInventory.BusinessModel.Test, Version=1.0.0.0, Culture=neutral, PublicKeyToken=null" name="SaveModel_GivenModelIsNewValidFieldsSizeCodeNotExistsButNameExistsQueryHasNoResult_ResultSuccessfull" />
    </UnitTest>
    <UnitTest name="Validate_GivenTheNameAlreadyExistsFromDifferentIdCategoryAlreadyExistsAndMaxLengthNotExceedsTheLimit_ShouldReturnFalse" storage="e:\projects\sgiinventory\sginvetory\sginventory.businessmodel.test\bin\debug\sginventory.businessmodel.test.dll" id="de9ee996-0d61-7e10-533b-3e3d6a5437a6">
      <Execution id="1ba75a17-f4f4-469e-a45f-497a47f7007c" />
      <TestMethod codeBase="E:/Projects/SGIInventory/SGInvetory/SGInventory.BusinessModel.Test/bin/Debug/SGInventory.BusinessModel.Test.DLL" adapterTypeName="Microsoft.VisualStudio.TestTools.TestTypes.Unit.UnitTestAdapter, Microsoft.VisualStudio.QualityTools.Tips.UnitTest.Adapter, Version=10.0.0.0, Culture=neutral, PublicKeyToken=b03f5f7f11d50a3a" className="SGInventory.Business.Model.CategoryBusinessModelTest, SGInventory.BusinessModel.Test, Version=1.0.0.0, Culture=neutral, PublicKeyToken=null" name="Validate_GivenTheNameAlreadyExistsFromDifferentIdCategoryAlreadyExistsAndMaxLengthNotExceedsTheLimit_ShouldReturnFalse" />
    </UnitTest>
    <UnitTest name="LoadCost_Given_All_Is_Given_And_ProductDetail_Null_Test" storage="e:\projects\sgiinventory\sginvetory\sginventory.presenters.test\bin\debug\sginventory.presenters.test.dll" id="1b737d7a-9771-3cc0-0a3c-20b6711fea3e">
      <Execution id="ffc42fd4-98a5-462a-8e04-8fb5b08733ee" />
      <TestMethod codeBase="E:/Projects/SGIInventory/SGInvetory/SGInventory.Presenters.Test/bin/Debug/SGInventory.Presenters.Test.DLL" adapterTypeName="Microsoft.VisualStudio.TestTools.TestTypes.Unit.UnitTestAdapter, Microsoft.VisualStudio.QualityTools.Tips.UnitTest.Adapter, Version=10.0.0.0, Culture=neutral, PublicKeyToken=b03f5f7f11d50a3a" className="SGInventory.Presenters.Test.DeliveryPresenterTest, SGInventory.Presenters.Test, Version=1.0.0.0, Culture=neutral, PublicKeyToken=null" name="LoadCost_Given_All_Is_Given_And_ProductDetail_Null_Test" />
    </UnitTest>
    <UnitTest name="Save_GiveModelIsNew_Successfull_Test" storage="e:\projects\sgiinventory\sginvetory\sginventory.presenters.test\bin\debug\sginventory.presenters.test.dll" id="202c6463-0f97-b24d-ea97-6c8ffafbd417">
      <Execution id="b6ac20e3-d268-494a-bc0c-54a38fd99de5" />
      <TestMethod codeBase="E:/Projects/SGIInventory/SGInvetory/SGInventory.Presenters.Test/bin/Debug/SGInventory.Presenters.Test.DLL" adapterTypeName="Microsoft.VisualStudio.TestTools.TestTypes.Unit.UnitTestAdapter, Microsoft.VisualStudio.QualityTools.Tips.UnitTest.Adapter, Version=10.0.0.0, Culture=neutral, PublicKeyToken=b03f5f7f11d50a3a" className="SGInventory.Presenters.Test.ProductDetailEditPresenterTest, SGInventory.Presenters.Test, Version=1.0.0.0, Culture=neutral, PublicKeyToken=null" name="Save_GiveModelIsNew_Successfull_Test" />
    </UnitTest>
    <UnitTest name="Validate_GivenTheNameAlreadyExistsFromSameIdCategoryAlreadyExistsAndMaxLengthNotExceedsTheLimit_ShouldReturnTrue" storage="e:\projects\sgiinventory\sginvetory\sginventory.businessmodel.test\bin\debug\sginventory.businessmodel.test.dll" id="49a91ca9-00f8-94c8-ebc9-8967a0b808fd">
      <Execution id="9b4838b1-f1ef-4293-be97-37e557a321d7" />
      <TestMethod codeBase="E:/Projects/SGIInventory/SGInvetory/SGInventory.BusinessModel.Test/bin/Debug/SGInventory.BusinessModel.Test.DLL" adapterTypeName="Microsoft.VisualStudio.TestTools.TestTypes.Unit.UnitTestAdapter, Microsoft.VisualStudio.QualityTools.Tips.UnitTest.Adapter, Version=10.0.0.0, Culture=neutral, PublicKeyToken=b03f5f7f11d50a3a" className="SGInventory.Business.Model.CategoryBusinessModelTest, SGInventory.BusinessModel.Test, Version=1.0.0.0, Culture=neutral, PublicKeyToken=null" name="Validate_GivenTheNameAlreadyExistsFromSameIdCategoryAlreadyExistsAndMaxLengthNotExceedsTheLimit_ShouldReturnTrue" />
    </UnitTest>
    <UnitTest name="Delete" storage="e:\projects\sgiinventory\sginvetory\sginvetory.dal.test\bin\debug\sginventory.dal.test.dll" id="e3c7a02d-091f-e9f3-b70a-10a58aa9b252">
      <Execution id="8299af72-e7ef-4945-badc-08558487d518" />
      <TestMethod codeBase="E:/Projects/SGIInventory/SGInvetory/SGInvetory.DAL.Test/bin/Debug/SGInventory.DAL.Test.DLL" adapterTypeName="Microsoft.VisualStudio.TestTools.TestTypes.Unit.UnitTestAdapter, Microsoft.VisualStudio.QualityTools.Tips.UnitTest.Adapter, Version=10.0.0.0, Culture=neutral, PublicKeyToken=b03f5f7f11d50a3a" className="SGInventory.DAL.Test.ColorDalTest, SGInventory.DAL.Test, Version=1.0.0.0, Culture=neutral, PublicKeyToken=null" name="Delete" />
    </UnitTest>
    <UnitTest name="SelectAllTest" storage="e:\projects\sgiinventory\sginvetory\sginvetory.dal.test\bin\debug\sginventory.dal.test.dll" id="af991648-2f4d-a3c0-4c0c-665bdb897471">
      <Execution id="e67c0f67-2633-42c6-8a3c-a40f802a4af8" />
      <TestMethod codeBase="E:/Projects/SGIInventory/SGInvetory/SGInvetory.DAL.Test/bin/Debug/SGInventory.DAL.Test.DLL" adapterTypeName="Microsoft.VisualStudio.TestTools.TestTypes.Unit.UnitTestAdapter, Microsoft.VisualStudio.QualityTools.Tips.UnitTest.Adapter, Version=10.0.0.0, Culture=neutral, PublicKeyToken=b03f5f7f11d50a3a" className="SGInvetory.DAL.Test.ProductDalTest, SGInventory.DAL.Test, Version=1.0.0.0, Culture=neutral, PublicKeyToken=null" name="SelectAllTest" />
    </UnitTest>
    <UnitTest name="SelectAll_ShouldReturnList_Test" storage="e:\projects\sgiinventory\sginvetory\sginventory.businessmodel.test\bin\debug\sginventory.businessmodel.test.dll" id="a0656819-52af-0122-4659-3b35a1247c16">
      <Execution id="f20fee75-515f-4042-8cde-5d94c4777719" />
      <TestMethod codeBase="E:/Projects/SGIInventory/SGInvetory/SGInventory.BusinessModel.Test/bin/Debug/SGInventory.BusinessModel.Test.DLL" adapterTypeName="Microsoft.VisualStudio.TestTools.TestTypes.Unit.UnitTestAdapter, Microsoft.VisualStudio.QualityTools.Tips.UnitTest.Adapter, Version=10.0.0.0, Culture=neutral, PublicKeyToken=b03f5f7f11d50a3a" className="SGInventory.BusinessModel.Test.UserBusinessModelTest, SGInventory.BusinessModel.Test, Version=1.0.0.0, Culture=neutral, PublicKeyToken=null" name="SelectAll_ShouldReturnList_Test" />
    </UnitTest>
    <UnitTest name="LoadCategories_GivenAllCategories_Test" storage="e:\projects\sgiinventory\sginvetory\sginventory.presenters.test\bin\debug\sginventory.presenters.test.dll" id="7b3c6718-5b2d-f656-918a-d6069f4f0b54">
      <Execution id="09856431-2222-43a6-905a-8c20f4c550b6" />
      <TestMethod codeBase="E:/Projects/SGIInventory/SGInvetory/SGInventory.Presenters.Test/bin/Debug/SGInventory.Presenters.Test.DLL" adapterTypeName="Microsoft.VisualStudio.TestTools.TestTypes.Unit.UnitTestAdapter, Microsoft.VisualStudio.QualityTools.Tips.UnitTest.Adapter, Version=10.0.0.0, Culture=neutral, PublicKeyToken=b03f5f7f11d50a3a" className="SGInventory.Presenters.Test.ColorSearchPresenterTest, SGInventory.Presenters.Test, Version=1.0.0.0, Culture=neutral, PublicKeyToken=null" name="LoadCategories_GivenAllCategories_Test" />
    </UnitTest>
    <UnitTest name="LoadSuppliersTest" storage="e:\projects\sgiinventory\sginvetory\sginventory.presenters.test\bin\debug\sginventory.presenters.test.dll" id="18879252-c743-f793-9403-301b2ccee4d1">
      <Execution id="e41cd006-62ce-48cf-b9ca-63a6dbd4de29" />
      <TestMethod codeBase="E:/Projects/SGIInventory/SGInvetory/SGInventory.Presenters.Test/bin/Debug/SGInventory.Presenters.Test.DLL" adapterTypeName="Microsoft.VisualStudio.TestTools.TestTypes.Unit.UnitTestAdapter, Microsoft.VisualStudio.QualityTools.Tips.UnitTest.Adapter, Version=10.0.0.0, Culture=neutral, PublicKeyToken=b03f5f7f11d50a3a" className="SGInventory.Presenters.Test.DeliveryPresenterTest, SGInventory.Presenters.Test, Version=1.0.0.0, Culture=neutral, PublicKeyToken=null" name="LoadSuppliersTest" />
    </UnitTest>
    <UnitTest name="SaveModel_GivenModelExistsValidFieldsNameAlreadyExistsQueryHasResult_ResultSuccessfull" storage="e:\projects\sgiinventory\sginvetory\sginventory.businessmodel.test\bin\debug\sginventory.businessmodel.test.dll" id="5bca1925-f78b-b055-3084-d834ba90e7ac">
      <Execution id="09917395-6fd0-4c94-a1f2-59eaca837c69" />
      <TestMethod codeBase="E:/Projects/SGIInventory/SGInvetory/SGInventory.BusinessModel.Test/bin/Debug/SGInventory.BusinessModel.Test.DLL" adapterTypeName="Microsoft.VisualStudio.TestTools.TestTypes.Unit.UnitTestAdapter, Microsoft.VisualStudio.QualityTools.Tips.UnitTest.Adapter, Version=10.0.0.0, Culture=neutral, PublicKeyToken=b03f5f7f11d50a3a" className="SGInventory.BusinessModel.Test.SupplierBusinessModelTest, SGInventory.BusinessModel.Test, Version=1.0.0.0, Culture=neutral, PublicKeyToken=null" name="SaveModel_GivenModelExistsValidFieldsNameAlreadyExistsQueryHasResult_ResultSuccessfull" />
    </UnitTest>
    <UnitTest name="DisableOrEnableSaveDeliveryButton_Given_EmptySupplierName_Test" storage="e:\projects\sgiinventory\sginvetory\sginventory.presenters.test\bin\debug\sginventory.presenters.test.dll" id="c05dc14b-034b-5fd2-fd0b-143e3edaf55a">
      <Execution id="7c0cdf4c-e5c9-40a0-afd0-36d2fa64e518" />
      <TestMethod codeBase="E:/Projects/SGIInventory/SGInvetory/SGInventory.Presenters.Test/bin/Debug/SGInventory.Presenters.Test.DLL" adapterTypeName="Microsoft.VisualStudio.TestTools.TestTypes.Unit.UnitTestAdapter, Microsoft.VisualStudio.QualityTools.Tips.UnitTest.Adapter, Version=10.0.0.0, Culture=neutral, PublicKeyToken=b03f5f7f11d50a3a" className="SGInventory.Presenters.Test.DeliveryPresenterTest, SGInventory.Presenters.Test, Version=1.0.0.0, Culture=neutral, PublicKeyToken=null" name="DisableOrEnableSaveDeliveryButton_Given_EmptySupplierName_Test" />
    </UnitTest>
    <UnitTest name="LoadAllColors_Test" storage="e:\projects\sgiinventory\sginvetory\sginventory.presenters.test\bin\debug\sginventory.presenters.test.dll" id="bf113fb2-3418-2e4d-9db5-f3cb00704405">
      <Execution id="1d7be9f2-fc73-407a-b5ad-29f6a7cfc29f" />
      <TestMethod codeBase="E:/Projects/SGIInventory/SGInvetory/SGInventory.Presenters.Test/bin/Debug/SGInventory.Presenters.Test.DLL" adapterTypeName="Microsoft.VisualStudio.TestTools.TestTypes.Unit.UnitTestAdapter, Microsoft.VisualStudio.QualityTools.Tips.UnitTest.Adapter, Version=10.0.0.0, Culture=neutral, PublicKeyToken=b03f5f7f11d50a3a" className="SGInventory.Presenters.Test.ColorPresenterTest, SGInventory.Presenters.Test, Version=1.0.0.0, Culture=neutral, PublicKeyToken=null" name="LoadAllColors_Test" />
    </UnitTest>
    <UnitTest name="SelectByDeliveryDate_Test" storage="e:\projects\sgiinventory\sginvetory\sginvetory.dal.test\bin\debug\sginventory.dal.test.dll" id="5d906f48-ca95-f96e-4ed5-77461a10a7e3">
      <Execution id="0dd0d6d9-109c-4839-970e-c1d018896f97" />
      <TestMethod codeBase="E:/Projects/SGIInventory/SGInvetory/SGInvetory.DAL.Test/bin/Debug/SGInventory.DAL.Test.DLL" adapterTypeName="Microsoft.VisualStudio.TestTools.TestTypes.Unit.UnitTestAdapter, Microsoft.VisualStudio.QualityTools.Tips.UnitTest.Adapter, Version=10.0.0.0, Culture=neutral, PublicKeyToken=b03f5f7f11d50a3a" className="SGInventory.DAL.Test.DeliveryDalTest, SGInventory.DAL.Test, Version=1.0.0.0, Culture=neutral, PublicKeyToken=null" name="SelectByDeliveryDate_Test" />
    </UnitTest>
    <UnitTest name="BuildDeliveryDetailsPanelWithAnInitialNonEmptyDeliveryAndDamageWithSameSDamageDescriptionAndNoGoodProductTest" storage="e:\projects\sgiinventory\sginvetory\sginventory.presenters.test\bin\debug\sginventory.presenters.test.dll" id="136c57e6-f71e-252a-8a0a-6577bfe34217">
      <Execution id="7683647b-fd3a-4010-bebe-f7957024b397" />
      <TestMethod codeBase="E:/Projects/SGIInventory/SGInvetory/SGInventory.Presenters.Test/bin/Debug/SGInventory.Presenters.Test.DLL" adapterTypeName="Microsoft.VisualStudio.TestTools.TestTypes.Unit.UnitTestAdapter, Microsoft.VisualStudio.QualityTools.Tips.UnitTest.Adapter, Version=10.0.0.0, Culture=neutral, PublicKeyToken=b03f5f7f11d50a3a" className="SGInventory.Presenters.Test.DeliveryPresenterTest, SGInventory.Presenters.Test, Version=1.0.0.0, Culture=neutral, PublicKeyToken=null" name="BuildDeliveryDetailsPanelWithAnInitialNonEmptyDeliveryAndDamageWithSameSDamageDescriptionAndNoGoodProductTest" />
    </UnitTest>
    <UnitTest name="AfterSelectingColor_AutoComplete_Test" storage="e:\projects\sgiinventory\sginvetory\sginventory.presenters.test\bin\debug\sginventory.presenters.test.dll" id="20f1aa1d-ca70-77ec-8530-03532dcd0555">
      <Execution id="9e037dff-7bc8-4326-a12b-cb689f43d4aa" />
      <TestMethod codeBase="E:/Projects/SGIInventory/SGInvetory/SGInventory.Presenters.Test/bin/Debug/SGInventory.Presenters.Test.DLL" adapterTypeName="Microsoft.VisualStudio.TestTools.TestTypes.Unit.UnitTestAdapter, Microsoft.VisualStudio.QualityTools.Tips.UnitTest.Adapter, Version=10.0.0.0, Culture=neutral, PublicKeyToken=b03f5f7f11d50a3a" className="SGInventory.Presenters.Test.ProductDetailEditPresenterTest, SGInventory.Presenters.Test, Version=1.0.0.0, Culture=neutral, PublicKeyToken=null" name="AfterSelectingColor_AutoComplete_Test" />
    </UnitTest>
    <UnitTest name="OnSelectedSearchMode_SupplierIsNotEmpty_Test" storage="e:\projects\sgiinventory\sginvetory\sginventory.presenters.test\bin\debug\sginventory.presenters.test.dll" id="e0eee60b-7289-30a4-0164-a2e81c253a57">
      <Execution id="7d2338df-8af6-4cff-b137-0e292d9a7748" />
      <TestMethod codeBase="E:/Projects/SGIInventory/SGInvetory/SGInventory.Presenters.Test/bin/Debug/SGInventory.Presenters.Test.DLL" adapterTypeName="Microsoft.VisualStudio.TestTools.TestTypes.Unit.UnitTestAdapter, Microsoft.VisualStudio.QualityTools.Tips.UnitTest.Adapter, Version=10.0.0.0, Culture=neutral, PublicKeyToken=b03f5f7f11d50a3a" className="SGInventory.Presenters.Test.SupplierSearchDeliveryPresenterTest, SGInventory.Presenters.Test, Version=1.0.0.0, Culture=neutral, PublicKeyToken=null" name="OnSelectedSearchMode_SupplierIsNotEmpty_Test" />
    </UnitTest>
    <UnitTest name="Save_GivenCodeExceedTheMaximumLength_Test" storage="e:\projects\sgiinventory\sginvetory\sginventory.presenters.test\bin\debug\sginventory.presenters.test.dll" id="77cd3b98-20ea-e427-b5de-9ff1d6da9cbe">
      <Execution id="83aaa224-9f69-459b-b3c7-73798ec82498" />
      <TestMethod codeBase="E:/Projects/SGIInventory/SGInvetory/SGInventory.Presenters.Test/bin/Debug/SGInventory.Presenters.Test.DLL" adapterTypeName="Microsoft.VisualStudio.TestTools.TestTypes.Unit.UnitTestAdapter, Microsoft.VisualStudio.QualityTools.Tips.UnitTest.Adapter, Version=10.0.0.0, Culture=neutral, PublicKeyToken=b03f5f7f11d50a3a" className="SGInventory.Presenters.Test.ColorEditPresenterTest, SGInventory.Presenters.Test, Version=1.0.0.0, Culture=neutral, PublicKeyToken=null" name="Save_GivenCodeExceedTheMaximumLength_Test" />
    </UnitTest>
    <UnitTest name="Validate_GivenInEditModeTheUserNameAlreadyExistsFromDifferentId_ShouldReturnFalse" storage="e:\projects\sgiinventory\sginvetory\sginventory.businessmodel.test\bin\debug\sginventory.businessmodel.test.dll" id="b63c1b34-4a7d-454c-cafd-7c3ad6553cbf">
      <Execution id="c5a11d02-7f6d-49f2-a0e7-2b66f9cdcda6" />
      <TestMethod codeBase="E:/Projects/SGIInventory/SGInvetory/SGInventory.BusinessModel.Test/bin/Debug/SGInventory.BusinessModel.Test.DLL" adapterTypeName="Microsoft.VisualStudio.TestTools.TestTypes.Unit.UnitTestAdapter, Microsoft.VisualStudio.QualityTools.Tips.UnitTest.Adapter, Version=10.0.0.0, Culture=neutral, PublicKeyToken=b03f5f7f11d50a3a" className="SGInventory.BusinessModel.Test.UserBusinessModelTest, SGInventory.BusinessModel.Test, Version=1.0.0.0, Culture=neutral, PublicKeyToken=null" name="Validate_GivenInEditModeTheUserNameAlreadyExistsFromDifferentId_ShouldReturnFalse" />
    </UnitTest>
    <UnitTest name="DisableOrEnableSaveDeliveryButton_GivenInputDamageIsFabric_Test" storage="e:\projects\sgiinventory\sginvetory\sginventory.presenters.test\bin\debug\sginventory.presenters.test.dll" id="0caf0e9b-f83b-5c73-8740-3c54cefa2c31">
      <Execution id="31516ea8-2e9f-4ddc-9707-11dcb1378165" />
      <TestMethod codeBase="E:/Projects/SGIInventory/SGInvetory/SGInventory.Presenters.Test/bin/Debug/SGInventory.Presenters.Test.DLL" adapterTypeName="Microsoft.VisualStudio.TestTools.TestTypes.Unit.UnitTestAdapter, Microsoft.VisualStudio.QualityTools.Tips.UnitTest.Adapter, Version=10.0.0.0, Culture=neutral, PublicKeyToken=b03f5f7f11d50a3a" className="SGInventory.Presenters.Test.DeliveryPresenterTest, SGInventory.Presenters.Test, Version=1.0.0.0, Culture=neutral, PublicKeyToken=null" name="DisableOrEnableSaveDeliveryButton_GivenInputDamageIsFabric_Test" />
    </UnitTest>
    <UnitTest name="SaveModel_GivenModelIsNewValidFieldsNameNotExistsQueryHasNoResult_ResultSuccessfull" storage="e:\projects\sgiinventory\sginvetory\sginventory.businessmodel.test\bin\debug\sginventory.businessmodel.test.dll" id="b683543b-04a3-87ac-dd29-5ba0500f8472">
      <Execution id="0bd65dc7-f153-4d2f-a76b-9758c68b26c4" />
      <TestMethod codeBase="E:/Projects/SGIInventory/SGInvetory/SGInventory.BusinessModel.Test/bin/Debug/SGInventory.BusinessModel.Test.DLL" adapterTypeName="Microsoft.VisualStudio.TestTools.TestTypes.Unit.UnitTestAdapter, Microsoft.VisualStudio.QualityTools.Tips.UnitTest.Adapter, Version=10.0.0.0, Culture=neutral, PublicKeyToken=b03f5f7f11d50a3a" className="SGInventory.BusinessModel.Test.SupplierBusinessModelTest, SGInventory.BusinessModel.Test, Version=1.0.0.0, Culture=neutral, PublicKeyToken=null" name="SaveModel_GivenModelIsNewValidFieldsNameNotExistsQueryHasNoResult_ResultSuccessfull" />
    </UnitTest>
    <UnitTest name="DeleteSelectedModels_GivenNothingIsSelected_Test" storage="e:\projects\sgiinventory\sginvetory\sginventory.presenters.test\bin\debug\sginventory.presenters.test.dll" id="594dfd48-8cc2-36d1-addf-7488748985b4">
      <Execution id="1bc6dac3-ec68-44f4-bbac-7209a8e0a4d2" />
      <TestMethod codeBase="E:/Projects/SGIInventory/SGInvetory/SGInventory.Presenters.Test/bin/Debug/SGInventory.Presenters.Test.DLL" adapterTypeName="Microsoft.VisualStudio.TestTools.TestTypes.Unit.UnitTestAdapter, Microsoft.VisualStudio.QualityTools.Tips.UnitTest.Adapter, Version=10.0.0.0, Culture=neutral, PublicKeyToken=b03f5f7f11d50a3a" className="SGInventory.Presenters.Test.SupplierSearchPresenterTest, SGInventory.Presenters.Test, Version=1.0.0.0, Culture=neutral, PublicKeyToken=null" name="DeleteSelectedModels_GivenNothingIsSelected_Test" />
    </UnitTest>
    <UnitTest name="SaveWashing_GivenThatCodeAndNameNotExistsCreateNewWashing_ResultSuccessfullPopUpMessage_Test" storage="e:\projects\sgiinventory\sginvetory\sginventory.presenters.test\bin\debug\sginventory.presenters.test.dll" id="a3c5d30c-026a-65f5-b410-6b577509d2d0">
      <Execution id="17bae0c3-123a-4ae2-9565-e6f789998239" />
      <TestMethod codeBase="E:/Projects/SGIInventory/SGInvetory/SGInventory.Presenters.Test/bin/Debug/SGInventory.Presenters.Test.DLL" adapterTypeName="Microsoft.VisualStudio.TestTools.TestTypes.Unit.UnitTestAdapter, Microsoft.VisualStudio.QualityTools.Tips.UnitTest.Adapter, Version=10.0.0.0, Culture=neutral, PublicKeyToken=b03f5f7f11d50a3a" className="SGInventory.Presenters.Test.WashingEditPresenterTest, SGInventory.Presenters.Test, Version=1.0.0.0, Culture=neutral, PublicKeyToken=null" name="SaveWashing_GivenThatCodeAndNameNotExistsCreateNewWashing_ResultSuccessfullPopUpMessage_Test" />
    </UnitTest>
    <UnitTest name="SaveCategory_GivenTheNameAlreadyExistsCreateNew_ResultNotSuccessfull" storage="e:\projects\sgiinventory\sginvetory\sginventory.businessmodel.test\bin\debug\sginventory.businessmodel.test.dll" id="744bfcff-4574-a118-1c00-5339972b18db">
      <Execution id="5ba5569f-f551-4170-b2c9-9235a60e6f8e" />
      <TestMethod codeBase="E:/Projects/SGIInventory/SGInvetory/SGInventory.BusinessModel.Test/bin/Debug/SGInventory.BusinessModel.Test.DLL" adapterTypeName="Microsoft.VisualStudio.TestTools.TestTypes.Unit.UnitTestAdapter, Microsoft.VisualStudio.QualityTools.Tips.UnitTest.Adapter, Version=10.0.0.0, Culture=neutral, PublicKeyToken=b03f5f7f11d50a3a" className="SGInventory.Business.Model.CategoryBusinessModelTest, SGInventory.BusinessModel.Test, Version=1.0.0.0, Culture=neutral, PublicKeyToken=null" name="SaveCategory_GivenTheNameAlreadyExistsCreateNew_ResultNotSuccessfull" />
    </UnitTest>
    <UnitTest name="ScannerResponseOkTest" storage="e:\projects\sgiinventory\sginvetory\sginventory.presenters.test\bin\debug\sginventory.presenters.test.dll" id="252088c8-e5fa-6ee6-59ad-76481223e49b">
      <Execution id="4387c20b-a89f-4e71-9c62-868db8ade253" />
      <TestMethod codeBase="E:/Projects/SGIInventory/SGInvetory/SGInventory.Presenters.Test/bin/Debug/SGInventory.Presenters.Test.DLL" adapterTypeName="Microsoft.VisualStudio.TestTools.TestTypes.Unit.UnitTestAdapter, Microsoft.VisualStudio.QualityTools.Tips.UnitTest.Adapter, Version=10.0.0.0, Culture=neutral, PublicKeyToken=b03f5f7f11d50a3a" className="SGInventory.Presenters.Test.ScannerPresenterTest, SGInventory.Presenters.Test, Version=1.0.0.0, Culture=neutral, PublicKeyToken=null" name="ScannerResponseOkTest" />
    </UnitTest>
    <UnitTest name="SaveModel_GivenModelExistsValidFieldsColorNameExistsAttachedToSameCodeQueryHasResult_ResultSuccessfull" storage="e:\projects\sgiinventory\sginvetory\sginventory.businessmodel.test\bin\debug\sginventory.businessmodel.test.dll" id="f1c0c76f-29b9-c8dd-3419-c5e19806a8f6">
      <Execution id="31593c8c-87cd-44ab-b8ba-ebe2e869388c" />
      <TestMethod codeBase="E:/Projects/SGIInventory/SGInvetory/SGInventory.BusinessModel.Test/bin/Debug/SGInventory.BusinessModel.Test.DLL" adapterTypeName="Microsoft.VisualStudio.TestTools.TestTypes.Unit.UnitTestAdapter, Microsoft.VisualStudio.QualityTools.Tips.UnitTest.Adapter, Version=10.0.0.0, Culture=neutral, PublicKeyToken=b03f5f7f11d50a3a" className="SGInventory.BusinessModel.Test.ColorBusinessModelTest, SGInventory.BusinessModel.Test, Version=1.0.0.0, Culture=neutral, PublicKeyToken=null" name="SaveModel_GivenModelExistsValidFieldsColorNameExistsAttachedToSameCodeQueryHasResult_ResultSuccessfull" />
    </UnitTest>
    <UnitTest name="Keypress_InCompleteWashing_Result_False" storage="e:\projects\sgiinventory\sginvetory\sginventory.presenters.test\bin\debug\sginventory.presenters.test.dll" id="f7e6dfe7-ebf5-69b2-1960-05870dbb76e3">
      <Execution id="39e52e58-cb46-444b-87c6-abe5b88d10bf" />
      <TestMethod codeBase="E:/Projects/SGIInventory/SGInvetory/SGInventory.Presenters.Test/bin/Debug/SGInventory.Presenters.Test.DLL" adapterTypeName="Microsoft.VisualStudio.TestTools.TestTypes.Unit.UnitTestAdapter, Microsoft.VisualStudio.QualityTools.Tips.UnitTest.Adapter, Version=10.0.0.0, Culture=neutral, PublicKeyToken=b03f5f7f11d50a3a" className="SGInventory.Presenters.Test.ProductDetailEditPresenterTest, SGInventory.Presenters.Test, Version=1.0.0.0, Culture=neutral, PublicKeyToken=null" name="Keypress_InCompleteWashing_Result_False" />
    </UnitTest>
    <UnitTest name="SelectBySp_GivenThereIsNoParameter_ReturnShouldBeInList" storage="e:\projects\sgiinventory\sginvetory\sginvetory.dal.test\bin\debug\sginventory.dal.test.dll" id="f472f600-6709-da18-f733-8439950f7e2b">
      <Execution id="67603126-75f5-48e8-bbe9-f288252bde08" />
      <TestMethod codeBase="E:/Projects/SGIInventory/SGInvetory/SGInvetory.DAL.Test/bin/Debug/SGInventory.DAL.Test.DLL" adapterTypeName="Microsoft.VisualStudio.TestTools.TestTypes.Unit.UnitTestAdapter, Microsoft.VisualStudio.QualityTools.Tips.UnitTest.Adapter, Version=10.0.0.0, Culture=neutral, PublicKeyToken=b03f5f7f11d50a3a" className="SGInventory.DAL.Test.SizeDalTest, SGInventory.DAL.Test, Version=1.0.0.0, Culture=neutral, PublicKeyToken=null" name="SelectBySp_GivenThereIsNoParameter_ReturnShouldBeInList" />
    </UnitTest>
    <UnitTest name="SaveOrUpdateGivenItIsNotNewAndThereIsExceptionTest" storage="e:\projects\sgiinventory\sginvetory\sginvetory.dal.test\bin\debug\sginventory.dal.test.dll" id="b3d97380-bcb0-224d-2153-317cd3a34fdf">
      <Execution id="5fbd4003-bf4a-4f2e-9fa5-2f25e64e31ef" />
      <TestMethod codeBase="E:/Projects/SGIInventory/SGInvetory/SGInvetory.DAL.Test/bin/Debug/SGInventory.DAL.Test.DLL" adapterTypeName="Microsoft.VisualStudio.TestTools.TestTypes.Unit.UnitTestAdapter, Microsoft.VisualStudio.QualityTools.Tips.UnitTest.Adapter, Version=10.0.0.0, Culture=neutral, PublicKeyToken=b03f5f7f11d50a3a" className="SGInvetory.DAL.Test.ProductDalTest, SGInventory.DAL.Test, Version=1.0.0.0, Culture=neutral, PublicKeyToken=null" name="SaveOrUpdateGivenItIsNotNewAndThereIsExceptionTest" />
    </UnitTest>
    <UnitTest name="AddModel_Test" storage="e:\projects\sgiinventory\sginvetory\sginventory.presenters.test\bin\debug\sginventory.presenters.test.dll" id="f0e1bad1-04d1-2445-cfe6-89161a86d2be">
      <Execution id="fe51116c-fc83-4ba7-8717-1395303d8dcf" />
      <TestMethod codeBase="E:/Projects/SGIInventory/SGInvetory/SGInventory.Presenters.Test/bin/Debug/SGInventory.Presenters.Test.DLL" adapterTypeName="Microsoft.VisualStudio.TestTools.TestTypes.Unit.UnitTestAdapter, Microsoft.VisualStudio.QualityTools.Tips.UnitTest.Adapter, Version=10.0.0.0, Culture=neutral, PublicKeyToken=b03f5f7f11d50a3a" className="SGInventory.Presenters.Test.ProductSearchPresenterTest, SGInventory.Presenters.Test, Version=1.0.0.0, Culture=neutral, PublicKeyToken=null" name="AddModel_Test" />
    </UnitTest>
    <UnitTest name="LoadProductsByInputSearchByStockNumberNotEmptyTest" storage="e:\projects\sgiinventory\sginvetory\sginventory.presenters.test\bin\debug\sginventory.presenters.test.dll" id="36dc92e3-5d37-9a51-923b-71f3c61bef58">
      <Execution id="1205bf38-11a1-4626-a866-291e0472fcad" />
      <TestMethod codeBase="E:/Projects/SGIInventory/SGInvetory/SGInventory.Presenters.Test/bin/Debug/SGInventory.Presenters.Test.DLL" adapterTypeName="Microsoft.VisualStudio.TestTools.TestTypes.Unit.UnitTestAdapter, Microsoft.VisualStudio.QualityTools.Tips.UnitTest.Adapter, Version=10.0.0.0, Culture=neutral, PublicKeyToken=b03f5f7f11d50a3a" className="SGInventory.Presenters.Test.DeliveryPresenterTest, SGInventory.Presenters.Test, Version=1.0.0.0, Culture=neutral, PublicKeyToken=null" name="LoadProductsByInputSearchByStockNumberNotEmptyTest" />
    </UnitTest>
    <UnitTest name="SearchDeliveryByBoth_Test" storage="e:\projects\sgiinventory\sginvetory\sginventory.presenters.test\bin\debug\sginventory.presenters.test.dll" id="38fceabe-c0dc-5981-1c25-ba50980cc25f">
      <Execution id="7993f594-2ad4-4222-b38b-e38766697d5d" />
      <TestMethod codeBase="E:/Projects/SGIInventory/SGInvetory/SGInventory.Presenters.Test/bin/Debug/SGInventory.Presenters.Test.DLL" adapterTypeName="Microsoft.VisualStudio.TestTools.TestTypes.Unit.UnitTestAdapter, Microsoft.VisualStudio.QualityTools.Tips.UnitTest.Adapter, Version=10.0.0.0, Culture=neutral, PublicKeyToken=b03f5f7f11d50a3a" className="SGInventory.Presenters.Test.SupplierSearchDeliveryPresenterTest, SGInventory.Presenters.Test, Version=1.0.0.0, Culture=neutral, PublicKeyToken=null" name="SearchDeliveryByBoth_Test" />
    </UnitTest>
    <UnitTest name="LoadWashing_GivenTheWashingIsNotNull" storage="e:\projects\sgiinventory\sginvetory\sginventory.presenters.test\bin\debug\sginventory.presenters.test.dll" id="fe3df838-1504-9a92-05c2-2ac9faa7220c">
      <Execution id="a59afc55-3c39-49d7-a777-9ce0ae04149e" />
      <TestMethod codeBase="E:/Projects/SGIInventory/SGInvetory/SGInventory.Presenters.Test/bin/Debug/SGInventory.Presenters.Test.DLL" adapterTypeName="Microsoft.VisualStudio.TestTools.TestTypes.Unit.UnitTestAdapter, Microsoft.VisualStudio.QualityTools.Tips.UnitTest.Adapter, Version=10.0.0.0, Culture=neutral, PublicKeyToken=b03f5f7f11d50a3a" className="SGInventory.Presenters.Test.WashingEditPresenterTest, SGInventory.Presenters.Test, Version=1.0.0.0, Culture=neutral, PublicKeyToken=null" name="LoadWashing_GivenTheWashingIsNotNull" />
    </UnitTest>
    <UnitTest name="SelectByPrimaryId_GivenTheId_Exists_ShouldReturnOneObjectTest" storage="e:\projects\sgiinventory\sginvetory\sginventory.businessmodel.test\bin\debug\sginventory.businessmodel.test.dll" id="c8e98fc7-d6b8-a9d4-0da0-e0d0487b47d2">
      <Execution id="88bcf3dc-358b-4392-88b5-c692a57a70f6" />
      <TestMethod codeBase="E:/Projects/SGIInventory/SGInvetory/SGInventory.BusinessModel.Test/bin/Debug/SGInventory.BusinessModel.Test.DLL" adapterTypeName="Microsoft.VisualStudio.TestTools.TestTypes.Unit.UnitTestAdapter, Microsoft.VisualStudio.QualityTools.Tips.UnitTest.Adapter, Version=10.0.0.0, Culture=neutral, PublicKeyToken=b03f5f7f11d50a3a" className="SGInventory.BusinessModel.Test.SizeBusinessModelTest, SGInventory.BusinessModel.Test, Version=1.0.0.0, Culture=neutral, PublicKeyToken=null" name="SelectByPrimaryId_GivenTheId_Exists_ShouldReturnOneObjectTest" />
    </UnitTest>
    <UnitTest name="DeleteSelectedModels_GivenNothingIsSelected_Test" storage="e:\projects\sgiinventory\sginvetory\sginventory.presenters.test\bin\debug\sginventory.presenters.test.dll" id="04cc0420-434e-211d-9076-ae8b6c47b66c">
      <Execution id="e60f456c-44e8-4468-955a-48f9ac445ce8" />
      <TestMethod codeBase="E:/Projects/SGIInventory/SGInvetory/SGInventory.Presenters.Test/bin/Debug/SGInventory.Presenters.Test.DLL" adapterTypeName="Microsoft.VisualStudio.TestTools.TestTypes.Unit.UnitTestAdapter, Microsoft.VisualStudio.QualityTools.Tips.UnitTest.Adapter, Version=10.0.0.0, Culture=neutral, PublicKeyToken=b03f5f7f11d50a3a" className="SGInventory.Presenters.Test.UserSearchPresenterTest, SGInventory.Presenters.Test, Version=1.0.0.0, Culture=neutral, PublicKeyToken=null" name="DeleteSelectedModels_GivenNothingIsSelected_Test" />
    </UnitTest>
    <UnitTest name="LogIn_GivenUserHasCorrectCredentials_ReturnUserModelObjectWhichIsNotNull" storage="e:\projects\sgiinventory\sginvetory\sginventory.businessmodel.test\bin\debug\sginventory.businessmodel.test.dll" id="9d29502e-78a2-7f8c-ae9e-e040aeb3dc4f">
      <Execution id="6fae4674-2430-4ccb-ae84-79d946ce55cb" />
      <TestMethod codeBase="E:/Projects/SGIInventory/SGInvetory/SGInventory.BusinessModel.Test/bin/Debug/SGInventory.BusinessModel.Test.DLL" adapterTypeName="Microsoft.VisualStudio.TestTools.TestTypes.Unit.UnitTestAdapter, Microsoft.VisualStudio.QualityTools.Tips.UnitTest.Adapter, Version=10.0.0.0, Culture=neutral, PublicKeyToken=b03f5f7f11d50a3a" className="SGInventory.BusinessModel.Test.UserBusinessModelTest, SGInventory.BusinessModel.Test, Version=1.0.0.0, Culture=neutral, PublicKeyToken=null" name="LogIn_GivenUserHasCorrectCredentials_ReturnUserModelObjectWhichIsNotNull" />
    </UnitTest>
    <UnitTest name="Save_GivenBarcodeNotExists_ReturnOldInstance_Successfull_Test" storage="e:\projects\sgiinventory\sginvetory\sginventory.businessmodel.test\bin\debug\sginventory.businessmodel.test.dll" id="df60373e-2f5f-7715-e0bb-4ebb3d1c03fd">
      <Execution id="c6fa4770-d594-4b1b-bbc3-5f97d2b3d73d" />
      <TestMethod codeBase="E:/Projects/SGIInventory/SGInvetory/SGInventory.BusinessModel.Test/bin/Debug/SGInventory.BusinessModel.Test.DLL" adapterTypeName="Microsoft.VisualStudio.TestTools.TestTypes.Unit.UnitTestAdapter, Microsoft.VisualStudio.QualityTools.Tips.UnitTest.Adapter, Version=10.0.0.0, Culture=neutral, PublicKeyToken=b03f5f7f11d50a3a" className="SGInventory.BusinessModel.Test.ProductDetailBusinessModelTest, SGInventory.BusinessModel.Test, Version=1.0.0.0, Culture=neutral, PublicKeyToken=null" name="Save_GivenBarcodeNotExists_ReturnOldInstance_Successfull_Test" />
    </UnitTest>
    <UnitTest name="BuildDeliveryDetailsPanelTest" storage="e:\projects\sgiinventory\sginvetory\sginventory.presenters.test\bin\debug\sginventory.presenters.test.dll" id="db04381d-9eba-9777-cc16-6508ab5fd323">
      <Execution id="68df90b9-8c48-4b2e-9de0-7a8644b0584b" />
      <TestMethod codeBase="E:/Projects/SGIInventory/SGInvetory/SGInventory.Presenters.Test/bin/Debug/SGInventory.Presenters.Test.DLL" adapterTypeName="Microsoft.VisualStudio.TestTools.TestTypes.Unit.UnitTestAdapter, Microsoft.VisualStudio.QualityTools.Tips.UnitTest.Adapter, Version=10.0.0.0, Culture=neutral, PublicKeyToken=b03f5f7f11d50a3a" className="SGInventory.Presenters.Test.DeliveryPresenterTest, SGInventory.Presenters.Test, Version=1.0.0.0, Culture=neutral, PublicKeyToken=null" name="BuildDeliveryDetailsPanelTest" />
    </UnitTest>
    <UnitTest name="SelectBySupplierAndDeliveryDate_Test" storage="e:\projects\sgiinventory\sginvetory\sginventory.businessmodel.test\bin\debug\sginventory.businessmodel.test.dll" id="bb1bbd82-c4f3-5a8e-a3ab-837f632aaa95">
      <Execution id="341c9d82-0026-4e36-84c8-8b7c9f6b968c" />
      <TestMethod codeBase="E:/Projects/SGIInventory/SGInvetory/SGInventory.BusinessModel.Test/bin/Debug/SGInventory.BusinessModel.Test.DLL" adapterTypeName="Microsoft.VisualStudio.TestTools.TestTypes.Unit.UnitTestAdapter, Microsoft.VisualStudio.QualityTools.Tips.UnitTest.Adapter, Version=10.0.0.0, Culture=neutral, PublicKeyToken=b03f5f7f11d50a3a" className="SGInventory.BusinessModel.Test.DeliveryBusinessModelTest, SGInventory.BusinessModel.Test, Version=1.0.0.0, Culture=neutral, PublicKeyToken=null" name="SelectBySupplierAndDeliveryDate_Test" />
    </UnitTest>
    <UnitTest name="SelectByUserName_GivenUserNameIsValid_ReturnActualUser" storage="e:\projects\sgiinventory\sginvetory\sginventory.businessmodel.test\bin\debug\sginventory.businessmodel.test.dll" id="c9aee37a-3e40-c31d-001f-3b0ad1a258af">
      <Execution id="49a428e2-3b8f-4706-8bee-83a1dbccc33b" />
      <TestMethod codeBase="E:/Projects/SGIInventory/SGInvetory/SGInventory.BusinessModel.Test/bin/Debug/SGInventory.BusinessModel.Test.DLL" adapterTypeName="Microsoft.VisualStudio.TestTools.TestTypes.Unit.UnitTestAdapter, Microsoft.VisualStudio.QualityTools.Tips.UnitTest.Adapter, Version=10.0.0.0, Culture=neutral, PublicKeyToken=b03f5f7f11d50a3a" className="SGInventory.BusinessModel.Test.UserBusinessModelTest, SGInventory.BusinessModel.Test, Version=1.0.0.0, Culture=neutral, PublicKeyToken=null" name="SelectByUserName_GivenUserNameIsValid_ReturnActualUser" />
    </UnitTest>
    <UnitTest name="SelectByPrimaryId_GivenTheId_Exists_ShouldReturnOneObjectTest" storage="e:\projects\sgiinventory\sginvetory\sginventory.businessmodel.test\bin\debug\sginventory.businessmodel.test.dll" id="e22a67d0-4fbb-ee5b-5055-fcc602b517d4">
      <Execution id="1745d378-c467-46df-aada-d0b81fec6565" />
      <TestMethod codeBase="E:/Projects/SGIInventory/SGInvetory/SGInventory.BusinessModel.Test/bin/Debug/SGInventory.BusinessModel.Test.DLL" adapterTypeName="Microsoft.VisualStudio.TestTools.TestTypes.Unit.UnitTestAdapter, Microsoft.VisualStudio.QualityTools.Tips.UnitTest.Adapter, Version=10.0.0.0, Culture=neutral, PublicKeyToken=b03f5f7f11d50a3a" className="SGInventory.BusinessModel.Test.UserBusinessModelTest, SGInventory.BusinessModel.Test, Version=1.0.0.0, Culture=neutral, PublicKeyToken=null" name="SelectByPrimaryId_GivenTheId_Exists_ShouldReturnOneObjectTest" />
    </UnitTest>
    <UnitTest name="SelectDamageIsNotOtherTest" storage="e:\projects\sgiinventory\sginvetory\sginventory.presenters.test\bin\debug\sginventory.presenters.test.dll" id="2b6dab54-cc59-ad3c-8563-37eb80167637">
      <Execution id="6a132123-ab7b-41bd-9cc5-00e101343a03" />
      <TestMethod codeBase="E:/Projects/SGIInventory/SGInvetory/SGInventory.Presenters.Test/bin/Debug/SGInventory.Presenters.Test.DLL" adapterTypeName="Microsoft.VisualStudio.TestTools.TestTypes.Unit.UnitTestAdapter, Microsoft.VisualStudio.QualityTools.Tips.UnitTest.Adapter, Version=10.0.0.0, Culture=neutral, PublicKeyToken=b03f5f7f11d50a3a" className="SGInventory.Presenters.Test.DeliveryPresenterTest, SGInventory.Presenters.Test, Version=1.0.0.0, Culture=neutral, PublicKeyToken=null" name="SelectDamageIsNotOtherTest" />
    </UnitTest>
    <UnitTest name="SelectByBarcodeTest" storage="e:\projects\sgiinventory\sginvetory\sginvetory.dal.test\bin\debug\sginventory.dal.test.dll" id="cc04b73d-f5fc-188d-6b3c-483c5bd10d19">
      <Execution id="dc61a35e-e341-443b-a80f-19de5ec79058" />
      <TestMethod codeBase="E:/Projects/SGIInventory/SGInvetory/SGInvetory.DAL.Test/bin/Debug/SGInventory.DAL.Test.DLL" adapterTypeName="Microsoft.VisualStudio.TestTools.TestTypes.Unit.UnitTestAdapter, Microsoft.VisualStudio.QualityTools.Tips.UnitTest.Adapter, Version=10.0.0.0, Culture=neutral, PublicKeyToken=b03f5f7f11d50a3a" className="SGInventory.DAL.Test.ProductDetailDalTest, SGInventory.DAL.Test, Version=1.0.0.0, Culture=neutral, PublicKeyToken=null" name="SelectByBarcodeTest" />
    </UnitTest>
    <UnitTest name="LoadModel_GivenTheModelIsNotNull" storage="e:\projects\sgiinventory\sginvetory\sginventory.presenters.test\bin\debug\sginventory.presenters.test.dll" id="e17f3ff1-c52b-7bb6-8863-340e946e73c7">
      <Execution id="550f0159-96f3-4bea-8a70-2042892ebb8d" />
      <TestMethod codeBase="E:/Projects/SGIInventory/SGInvetory/SGInventory.Presenters.Test/bin/Debug/SGInventory.Presenters.Test.DLL" adapterTypeName="Microsoft.VisualStudio.TestTools.TestTypes.Unit.UnitTestAdapter, Microsoft.VisualStudio.QualityTools.Tips.UnitTest.Adapter, Version=10.0.0.0, Culture=neutral, PublicKeyToken=b03f5f7f11d50a3a" className="SGInventory.Presenters.Test.ProductDetailEditPresenterTest, SGInventory.Presenters.Test, Version=1.0.0.0, Culture=neutral, PublicKeyToken=null" name="LoadModel_GivenTheModelIsNotNull" />
    </UnitTest>
    <UnitTest name="SaveModel_GivenModelExistsValidFieldsColorNameNotExistsQueryHasResult_ResultSuccessfull" storage="e:\projects\sgiinventory\sginvetory\sginventory.businessmodel.test\bin\debug\sginventory.businessmodel.test.dll" id="3fdf6183-5ba1-8bc3-ff67-911577161373">
      <Execution id="c1762eb3-0749-4ab4-9332-d407f849aba5" />
      <TestMethod codeBase="E:/Projects/SGIInventory/SGInvetory/SGInventory.BusinessModel.Test/bin/Debug/SGInventory.BusinessModel.Test.DLL" adapterTypeName="Microsoft.VisualStudio.TestTools.TestTypes.Unit.UnitTestAdapter, Microsoft.VisualStudio.QualityTools.Tips.UnitTest.Adapter, Version=10.0.0.0, Culture=neutral, PublicKeyToken=b03f5f7f11d50a3a" className="SGInventory.BusinessModel.Test.ColorBusinessModelTest, SGInventory.BusinessModel.Test, Version=1.0.0.0, Culture=neutral, PublicKeyToken=null" name="SaveModel_GivenModelExistsValidFieldsColorNameNotExistsQueryHasResult_ResultSuccessfull" />
    </UnitTest>
    <UnitTest name="LoadProductsByInputSearchByBarcodeNotEmptyTest" storage="e:\projects\sgiinventory\sginvetory\sginventory.presenters.test\bin\debug\sginventory.presenters.test.dll" id="567d3c2b-4962-3d47-96ab-601a74aaffe5">
      <Execution id="bc385092-8c84-4a6f-be86-cef125e7b711" />
      <TestMethod codeBase="E:/Projects/SGIInventory/SGInvetory/SGInventory.Presenters.Test/bin/Debug/SGInventory.Presenters.Test.DLL" adapterTypeName="Microsoft.VisualStudio.TestTools.TestTypes.Unit.UnitTestAdapter, Microsoft.VisualStudio.QualityTools.Tips.UnitTest.Adapter, Version=10.0.0.0, Culture=neutral, PublicKeyToken=b03f5f7f11d50a3a" className="SGInventory.Presenters.Test.DeliveryPresenterTest, SGInventory.Presenters.Test, Version=1.0.0.0, Culture=neutral, PublicKeyToken=null" name="LoadProductsByInputSearchByBarcodeNotEmptyTest" />
    </UnitTest>
    <UnitTest name="LoadCost_Given_Color_Is_Given_Test" storage="e:\projects\sgiinventory\sginvetory\sginventory.presenters.test\bin\debug\sginventory.presenters.test.dll" id="247951d6-e32c-7ff8-32a0-e21fd0d47202">
      <Execution id="cc4b235b-40b3-4688-bd32-281403466696" />
      <TestMethod codeBase="E:/Projects/SGIInventory/SGInvetory/SGInventory.Presenters.Test/bin/Debug/SGInventory.Presenters.Test.DLL" adapterTypeName="Microsoft.VisualStudio.TestTools.TestTypes.Unit.UnitTestAdapter, Microsoft.VisualStudio.QualityTools.Tips.UnitTest.Adapter, Version=10.0.0.0, Culture=neutral, PublicKeyToken=b03f5f7f11d50a3a" className="SGInventory.Presenters.Test.DeliveryPresenterTest, SGInventory.Presenters.Test, Version=1.0.0.0, Culture=neutral, PublicKeyToken=null" name="LoadCost_Given_Color_Is_Given_Test" />
    </UnitTest>
    <UnitTest name="LoadProduct_GivenTheProductIsNotNull" storage="e:\projects\sgiinventory\sginvetory\sginventory.presenters.test\bin\debug\sginventory.presenters.test.dll" id="98cc7ff0-f07f-99d1-3543-dbb75959abb7">
      <Execution id="3663efb3-1e7b-474f-9292-cad1c5932c36" />
      <TestMethod codeBase="E:/Projects/SGIInventory/SGInvetory/SGInventory.Presenters.Test/bin/Debug/SGInventory.Presenters.Test.DLL" adapterTypeName="Microsoft.VisualStudio.TestTools.TestTypes.Unit.UnitTestAdapter, Microsoft.VisualStudio.QualityTools.Tips.UnitTest.Adapter, Version=10.0.0.0, Culture=neutral, PublicKeyToken=b03f5f7f11d50a3a" className="SGInventory.Presenters.Test.ProductEditPresenterTest, SGInventory.Presenters.Test, Version=1.0.0.0, Culture=neutral, PublicKeyToken=null" name="LoadProduct_GivenTheProductIsNotNull" />
    </UnitTest>
    <UnitTest name="DeleteSelectedModels_GivenTheUserSayNo_Test" storage="e:\projects\sgiinventory\sginvetory\sginventory.presenters.test\bin\debug\sginventory.presenters.test.dll" id="2882589c-6cf2-6742-988e-a2f972433829">
      <Execution id="ebb169b9-65fe-443a-b90a-2db71b353bd9" />
      <TestMethod codeBase="E:/Projects/SGIInventory/SGInvetory/SGInventory.Presenters.Test/bin/Debug/SGInventory.Presenters.Test.DLL" adapterTypeName="Microsoft.VisualStudio.TestTools.TestTypes.Unit.UnitTestAdapter, Microsoft.VisualStudio.QualityTools.Tips.UnitTest.Adapter, Version=10.0.0.0, Culture=neutral, PublicKeyToken=b03f5f7f11d50a3a" className="SGInventory.Presenters.Test.SupplierSearchPresenterTest, SGInventory.Presenters.Test, Version=1.0.0.0, Culture=neutral, PublicKeyToken=null" name="DeleteSelectedModels_GivenTheUserSayNo_Test" />
    </UnitTest>
    <UnitTest name="Keypress_GivenThatNameHasNoLengthCodeHasLength_ShouldReturnTrue_Test" storage="e:\projects\sgiinventory\sginvetory\sginventory.presenters.test\bin\debug\sginventory.presenters.test.dll" id="e1b5b1f9-f076-f5b5-e190-3addef2b171f">
      <Execution id="dc3e1253-45b0-41bd-85f8-c9a9a909279d" />
      <TestMethod codeBase="E:/Projects/SGIInventory/SGInvetory/SGInventory.Presenters.Test/bin/Debug/SGInventory.Presenters.Test.DLL" adapterTypeName="Microsoft.VisualStudio.TestTools.TestTypes.Unit.UnitTestAdapter, Microsoft.VisualStudio.QualityTools.Tips.UnitTest.Adapter, Version=10.0.0.0, Culture=neutral, PublicKeyToken=b03f5f7f11d50a3a" className="SGInventory.Presenters.Test.SizeEditPresenterTest, SGInventory.Presenters.Test, Version=1.0.0.0, Culture=neutral, PublicKeyToken=null" name="Keypress_GivenThatNameHasNoLengthCodeHasLength_ShouldReturnTrue_Test" />
    </UnitTest>
    <UnitTest name="SelectAllTest" storage="e:\projects\sgiinventory\sginvetory\sginvetory.dal.test\bin\debug\sginventory.dal.test.dll" id="3f2e9ceb-b6e7-5362-e28c-812fbc047662">
      <Execution id="540674b6-9ef4-4baa-9b68-33eb7de851e3" />
      <TestMethod codeBase="E:/Projects/SGIInventory/SGInvetory/SGInvetory.DAL.Test/bin/Debug/SGInventory.DAL.Test.DLL" adapterTypeName="Microsoft.VisualStudio.TestTools.TestTypes.Unit.UnitTestAdapter, Microsoft.VisualStudio.QualityTools.Tips.UnitTest.Adapter, Version=10.0.0.0, Culture=neutral, PublicKeyToken=b03f5f7f11d50a3a" className="SGInventory.DAL.Test.OutletTest, SGInventory.DAL.Test, Version=1.0.0.0, Culture=neutral, PublicKeyToken=null" name="SelectAllTest" />
    </UnitTest>
    <UnitTest name="SelectByPrimaryId_GivenTheId_Exists_ShouldReturnOneObjectTest" storage="e:\projects\sgiinventory\sginvetory\sginventory.businessmodel.test\bin\debug\sginventory.businessmodel.test.dll" id="2eceb302-5acb-8d69-a543-e8da3d28bf48">
      <Execution id="7b50a5eb-a9eb-4e1e-ba08-b5165e04af61" />
      <TestMethod codeBase="E:/Projects/SGIInventory/SGInvetory/SGInventory.BusinessModel.Test/bin/Debug/SGInventory.BusinessModel.Test.DLL" adapterTypeName="Microsoft.VisualStudio.TestTools.TestTypes.Unit.UnitTestAdapter, Microsoft.VisualStudio.QualityTools.Tips.UnitTest.Adapter, Version=10.0.0.0, Culture=neutral, PublicKeyToken=b03f5f7f11d50a3a" className="SGInventory.BusinessModel.Test.OutletBusinessModelTest, SGInventory.BusinessModel.Test, Version=1.0.0.0, Culture=neutral, PublicKeyToken=null" name="SelectByPrimaryId_GivenTheId_Exists_ShouldReturnOneObjectTest" />
    </UnitTest>
    <UnitTest name="SaveOrUpdate" storage="e:\projects\sgiinventory\sginvetory\sginvetory.dal.test\bin\debug\sginventory.dal.test.dll" id="519035b2-ca56-26af-cacf-b973ba8ce479">
      <Execution id="98f3da6c-aaf7-4aa4-80a6-01f6fb959ddc" />
      <TestMethod codeBase="E:/Projects/SGIInventory/SGInvetory/SGInvetory.DAL.Test/bin/Debug/SGInventory.DAL.Test.DLL" adapterTypeName="Microsoft.VisualStudio.TestTools.TestTypes.Unit.UnitTestAdapter, Microsoft.VisualStudio.QualityTools.Tips.UnitTest.Adapter, Version=10.0.0.0, Culture=neutral, PublicKeyToken=b03f5f7f11d50a3a" className="SGInventory.DAL.Test.SizeDalTest, SGInventory.DAL.Test, Version=1.0.0.0, Culture=neutral, PublicKeyToken=null" name="SaveOrUpdate" />
    </UnitTest>
    <UnitTest name="SaveModel_GivenModelIsNewValidFieldsUserNameNotExistsQueryHasNoResult_ResultSuccessfull" storage="e:\projects\sgiinventory\sginvetory\sginventory.businessmodel.test\bin\debug\sginventory.businessmodel.test.dll" id="abe71294-0842-5ad9-ba31-1e89296f6e7a">
      <Execution id="a829d308-c088-4192-90c3-9e4d4ac2f7aa" />
      <TestMethod codeBase="E:/Projects/SGIInventory/SGInvetory/SGInventory.BusinessModel.Test/bin/Debug/SGInventory.BusinessModel.Test.DLL" adapterTypeName="Microsoft.VisualStudio.TestTools.TestTypes.Unit.UnitTestAdapter, Microsoft.VisualStudio.QualityTools.Tips.UnitTest.Adapter, Version=10.0.0.0, Culture=neutral, PublicKeyToken=b03f5f7f11d50a3a" className="SGInventory.BusinessModel.Test.UserBusinessModelTest, SGInventory.BusinessModel.Test, Version=1.0.0.0, Culture=neutral, PublicKeyToken=null" name="SaveModel_GivenModelIsNewValidFieldsUserNameNotExistsQueryHasNoResult_ResultSuccessfull" />
    </UnitTest>
    <UnitTest name="LoadSelectedProductProductDetailTest" storage="e:\projects\sgiinventory\sginvetory\sginventory.presenters.test\bin\debug\sginventory.presenters.test.dll" id="d9de7a0e-b476-721e-1ad3-17f7ad46f19c">
      <Execution id="b420bbd3-c6ed-40c0-b4b9-a775a4bdcf5c" />
      <TestMethod codeBase="E:/Projects/SGIInventory/SGInvetory/SGInventory.Presenters.Test/bin/Debug/SGInventory.Presenters.Test.DLL" adapterTypeName="Microsoft.VisualStudio.TestTools.TestTypes.Unit.UnitTestAdapter, Microsoft.VisualStudio.QualityTools.Tips.UnitTest.Adapter, Version=10.0.0.0, Culture=neutral, PublicKeyToken=b03f5f7f11d50a3a" className="SGInventory.Presenters.Test.DeliveryPresenterTest, SGInventory.Presenters.Test, Version=1.0.0.0, Culture=neutral, PublicKeyToken=null" name="LoadSelectedProductProductDetailTest" />
    </UnitTest>
    <UnitTest name="ValidationError_GivenNameExceedsTheLimit_Test" storage="e:\projects\sgiinventory\sginvetory\sginventory.presenters.test\bin\debug\sginventory.presenters.test.dll" id="9088cd19-969e-646e-4141-3172356eb6a4">
      <Execution id="04b5620d-97c0-4353-ac03-335b42471293" />
      <TestMethod codeBase="E:/Projects/SGIInventory/SGInvetory/SGInventory.Presenters.Test/bin/Debug/SGInventory.Presenters.Test.DLL" adapterTypeName="Microsoft.VisualStudio.TestTools.TestTypes.Unit.UnitTestAdapter, Microsoft.VisualStudio.QualityTools.Tips.UnitTest.Adapter, Version=10.0.0.0, Culture=neutral, PublicKeyToken=b03f5f7f11d50a3a" className="SGInventory.Presenters.Test.SupplierEditPresenterTest, SGInventory.Presenters.Test, Version=1.0.0.0, Culture=neutral, PublicKeyToken=null" name="ValidationError_GivenNameExceedsTheLimit_Test" />
    </UnitTest>
    <UnitTest name="UseScannerIsOn_Test" storage="e:\projects\sgiinventory\sginvetory\sginventory.presenters.test\bin\debug\sginventory.presenters.test.dll" id="35909553-f0f2-4fa1-c52c-d6ba661a299b">
      <Execution id="58d954ca-74cf-496c-b914-e349bf732664" />
      <TestMethod codeBase="E:/Projects/SGIInventory/SGInvetory/SGInventory.Presenters.Test/bin/Debug/SGInventory.Presenters.Test.DLL" adapterTypeName="Microsoft.VisualStudio.TestTools.TestTypes.Unit.UnitTestAdapter, Microsoft.VisualStudio.QualityTools.Tips.UnitTest.Adapter, Version=10.0.0.0, Culture=neutral, PublicKeyToken=b03f5f7f11d50a3a" className="SGInventory.Presenters.Test.DeliveryPresenterTest, SGInventory.Presenters.Test, Version=1.0.0.0, Culture=neutral, PublicKeyToken=null" name="UseScannerIsOn_Test" />
    </UnitTest>
    <UnitTest name="SaveModel_GivenModelIsNewValidFieldsColorCodeNotExistsButNameExistsQueryHasNoResult_ResultSuccessfull" storage="e:\projects\sgiinventory\sginvetory\sginventory.businessmodel.test\bin\debug\sginventory.businessmodel.test.dll" id="382df8d8-95a1-3acf-b0c5-b71070cfc03c">
      <Execution id="a8849d21-8dc9-4629-8ecc-b6c43ce66eae" />
      <TestMethod codeBase="E:/Projects/SGIInventory/SGInvetory/SGInventory.BusinessModel.Test/bin/Debug/SGInventory.BusinessModel.Test.DLL" adapterTypeName="Microsoft.VisualStudio.TestTools.TestTypes.Unit.UnitTestAdapter, Microsoft.VisualStudio.QualityTools.Tips.UnitTest.Adapter, Version=10.0.0.0, Culture=neutral, PublicKeyToken=b03f5f7f11d50a3a" className="SGInventory.BusinessModel.Test.ColorBusinessModelTest, SGInventory.BusinessModel.Test, Version=1.0.0.0, Culture=neutral, PublicKeyToken=null" name="SaveModel_GivenModelIsNewValidFieldsColorCodeNotExistsButNameExistsQueryHasNoResult_ResultSuccessfull" />
    </UnitTest>
    <UnitTest name="DeleteSelectedModels_GivenTheUserSayYes_Test" storage="e:\projects\sgiinventory\sginvetory\sginventory.presenters.test\bin\debug\sginventory.presenters.test.dll" id="e32760e1-1205-d9b5-df28-fd9784a03f5b">
      <Execution id="53ae4560-4a2d-42ca-9274-bda29eca764b" />
      <TestMethod codeBase="E:/Projects/SGIInventory/SGInvetory/SGInventory.Presenters.Test/bin/Debug/SGInventory.Presenters.Test.DLL" adapterTypeName="Microsoft.VisualStudio.TestTools.TestTypes.Unit.UnitTestAdapter, Microsoft.VisualStudio.QualityTools.Tips.UnitTest.Adapter, Version=10.0.0.0, Culture=neutral, PublicKeyToken=b03f5f7f11d50a3a" className="SGInventory.Presenters.Test.ProductSearchPresenterTest, SGInventory.Presenters.Test, Version=1.0.0.0, Culture=neutral, PublicKeyToken=null" name="DeleteSelectedModels_GivenTheUserSayYes_Test" />
    </UnitTest>
    <UnitTest name="Validate_GivenInEditModeTheNameAlreadyExistsFromSameId_ShouldReturnTrue" storage="e:\projects\sgiinventory\sginvetory\sginventory.businessmodel.test\bin\debug\sginventory.businessmodel.test.dll" id="35f60ba7-e512-4755-757e-faf2264a2603">
      <Execution id="5797cb60-1233-4e42-8376-fa3769b946b0" />
      <TestMethod codeBase="E:/Projects/SGIInventory/SGInvetory/SGInventory.BusinessModel.Test/bin/Debug/SGInventory.BusinessModel.Test.DLL" adapterTypeName="Microsoft.VisualStudio.TestTools.TestTypes.Unit.UnitTestAdapter, Microsoft.VisualStudio.QualityTools.Tips.UnitTest.Adapter, Version=10.0.0.0, Culture=neutral, PublicKeyToken=b03f5f7f11d50a3a" className="SGInventory.BusinessModel.Test.SupplierBusinessModelTest, SGInventory.BusinessModel.Test, Version=1.0.0.0, Culture=neutral, PublicKeyToken=null" name="Validate_GivenInEditModeTheNameAlreadyExistsFromSameId_ShouldReturnTrue" />
    </UnitTest>
    <UnitTest name="LoadAllSizes_Test" storage="e:\projects\sgiinventory\sginvetory\sginventory.presenters.test\bin\debug\sginventory.presenters.test.dll" id="05aa19e3-3a45-dd89-bb55-ab3df6693c42">
      <Execution id="f44c80ea-d74c-49c5-9ffd-d7e3cfba7b8c" />
      <TestMethod codeBase="E:/Projects/SGIInventory/SGInvetory/SGInventory.Presenters.Test/bin/Debug/SGInventory.Presenters.Test.DLL" adapterTypeName="Microsoft.VisualStudio.TestTools.TestTypes.Unit.UnitTestAdapter, Microsoft.VisualStudio.QualityTools.Tips.UnitTest.Adapter, Version=10.0.0.0, Culture=neutral, PublicKeyToken=b03f5f7f11d50a3a" className="SGInventory.Presenters.Test.ProductDetailEditPresenterTest, SGInventory.Presenters.Test, Version=1.0.0.0, Culture=neutral, PublicKeyToken=null" name="LoadAllSizes_Test" />
    </UnitTest>
    <UnitTest name="SelectByPrimaryKey_GivenPrimaryKey_ReturnShouldNotBeNull" storage="e:\projects\sgiinventory\sginvetory\sginvetory.dal.test\bin\debug\sginventory.dal.test.dll" id="63d96449-2cb4-357d-b39a-b414455707d9">
      <Execution id="85e24e34-4c47-4ca7-96f9-27cfce9884fd" />
      <TestMethod codeBase="E:/Projects/SGIInventory/SGInvetory/SGInvetory.DAL.Test/bin/Debug/SGInventory.DAL.Test.DLL" adapterTypeName="Microsoft.VisualStudio.TestTools.TestTypes.Unit.UnitTestAdapter, Microsoft.VisualStudio.QualityTools.Tips.UnitTest.Adapter, Version=10.0.0.0, Culture=neutral, PublicKeyToken=b03f5f7f11d50a3a" className="SGInventory.DAL.Test.CategoryDalTest, SGInventory.DAL.Test, Version=1.0.0.0, Culture=neutral, PublicKeyToken=null" name="SelectByPrimaryKey_GivenPrimaryKey_ReturnShouldNotBeNull" />
    </UnitTest>
    <UnitTest name="OnSelectedSearchMode_SupplierIsEmpty_Test" storage="e:\projects\sgiinventory\sginvetory\sginventory.presenters.test\bin\debug\sginventory.presenters.test.dll" id="9ed572a2-3af0-ef4b-1810-eafcaa3d0923">
      <Execution id="46091d00-82de-4254-b170-edf95748128e" />
      <TestMethod codeBase="E:/Projects/SGIInventory/SGInvetory/SGInventory.Presenters.Test/bin/Debug/SGInventory.Presenters.Test.DLL" adapterTypeName="Microsoft.VisualStudio.TestTools.TestTypes.Unit.UnitTestAdapter, Microsoft.VisualStudio.QualityTools.Tips.UnitTest.Adapter, Version=10.0.0.0, Culture=neutral, PublicKeyToken=b03f5f7f11d50a3a" className="SGInventory.Presenters.Test.SupplierSearchDeliveryPresenterTest, SGInventory.Presenters.Test, Version=1.0.0.0, Culture=neutral, PublicKeyToken=null" name="OnSelectedSearchMode_SupplierIsEmpty_Test" />
    </UnitTest>
    <UnitTest name="SelectModelByName_ModelNotExists_Test" storage="e:\projects\sgiinventory\sginvetory\sginventory.presenters.test\bin\debug\sginventory.presenters.test.dll" id="b9717f53-1407-ae65-4b7d-dd93ac3a0b88">
      <Execution id="995113a1-1666-4631-b4b4-51c3f3a36e4c" />
      <TestMethod codeBase="E:/Projects/SGIInventory/SGInvetory/SGInventory.Presenters.Test/bin/Debug/SGInventory.Presenters.Test.DLL" adapterTypeName="Microsoft.VisualStudio.TestTools.TestTypes.Unit.UnitTestAdapter, Microsoft.VisualStudio.QualityTools.Tips.UnitTest.Adapter, Version=10.0.0.0, Culture=neutral, PublicKeyToken=b03f5f7f11d50a3a" className="SGInventory.Presenters.Test.ProductDetailEditPresenterTest, SGInventory.Presenters.Test, Version=1.0.0.0, Culture=neutral, PublicKeyToken=null" name="SelectModelByName_ModelNotExists_Test" />
    </UnitTest>
    <UnitTest name="ShouldEnable_GivenAllKeyFieldsAreNotEmpty_ShouldReturnTrue" storage="e:\projects\sgiinventory\sginvetory\sginventory.presenters.test\bin\debug\sginventory.presenters.test.dll" id="ad251565-d254-9c1c-fbf8-7bd473461ed1">
      <Execution id="611d4e4d-4c1a-4c6f-be69-2c22af4a8020" />
      <TestMethod codeBase="E:/Projects/SGIInventory/SGInvetory/SGInventory.Presenters.Test/bin/Debug/SGInventory.Presenters.Test.DLL" adapterTypeName="Microsoft.VisualStudio.TestTools.TestTypes.Unit.UnitTestAdapter, Microsoft.VisualStudio.QualityTools.Tips.UnitTest.Adapter, Version=10.0.0.0, Culture=neutral, PublicKeyToken=b03f5f7f11d50a3a" className="SGInventory.Presenters.Test.UserEditPresenterTest, SGInventory.Presenters.Test, Version=1.0.0.0, Culture=neutral, PublicKeyToken=null" name="ShouldEnable_GivenAllKeyFieldsAreNotEmpty_ShouldReturnTrue" />
    </UnitTest>
    <UnitTest name="Validate_GivenInEditModeTheNameAlreadyExistsFromDifferentId_ShouldReturnFalse" storage="e:\projects\sgiinventory\sginvetory\sginventory.businessmodel.test\bin\debug\sginventory.businessmodel.test.dll" id="a4a89e96-681d-1446-27f6-8a70fd09d7b9">
      <Execution id="3e8c1cdd-979b-4aa0-8841-5c56d58c2893" />
      <TestMethod codeBase="E:/Projects/SGIInventory/SGInvetory/SGInventory.BusinessModel.Test/bin/Debug/SGInventory.BusinessModel.Test.DLL" adapterTypeName="Microsoft.VisualStudio.TestTools.TestTypes.Unit.UnitTestAdapter, Microsoft.VisualStudio.QualityTools.Tips.UnitTest.Adapter, Version=10.0.0.0, Culture=neutral, PublicKeyToken=b03f5f7f11d50a3a" className="SGInventory.BusinessModel.Test.OutletBusinessModelTest, SGInventory.BusinessModel.Test, Version=1.0.0.0, Culture=neutral, PublicKeyToken=null" name="Validate_GivenInEditModeTheNameAlreadyExistsFromDifferentId_ShouldReturnFalse" />
    </UnitTest>
    <UnitTest name="SearchDeliveryBySupplier_Test" storage="e:\projects\sgiinventory\sginvetory\sginventory.presenters.test\bin\debug\sginventory.presenters.test.dll" id="844c4df9-2932-1744-9863-913e592d6dc3">
      <Execution id="bed67237-6abf-4137-9abc-2c836e945dcf" />
      <TestMethod codeBase="E:/Projects/SGIInventory/SGInvetory/SGInventory.Presenters.Test/bin/Debug/SGInventory.Presenters.Test.DLL" adapterTypeName="Microsoft.VisualStudio.TestTools.TestTypes.Unit.UnitTestAdapter, Microsoft.VisualStudio.QualityTools.Tips.UnitTest.Adapter, Version=10.0.0.0, Culture=neutral, PublicKeyToken=b03f5f7f11d50a3a" className="SGInventory.Presenters.Test.SupplierSearchDeliveryPresenterTest, SGInventory.Presenters.Test, Version=1.0.0.0, Culture=neutral, PublicKeyToken=null" name="SearchDeliveryBySupplier_Test" />
    </UnitTest>
    <UnitTest name="Save_GivenNameExceedsTheMaximumLengthAndWashingIsNew_Test" storage="e:\projects\sgiinventory\sginvetory\sginventory.presenters.test\bin\debug\sginventory.presenters.test.dll" id="95bac72e-d0af-61e7-ebbb-293257cd5a39">
      <Execution id="5b5a0670-af84-4da2-a6a1-0aef85d48554" />
      <TestMethod codeBase="E:/Projects/SGIInventory/SGInvetory/SGInventory.Presenters.Test/bin/Debug/SGInventory.Presenters.Test.DLL" adapterTypeName="Microsoft.VisualStudio.TestTools.TestTypes.Unit.UnitTestAdapter, Microsoft.VisualStudio.QualityTools.Tips.UnitTest.Adapter, Version=10.0.0.0, Culture=neutral, PublicKeyToken=b03f5f7f11d50a3a" className="SGInventory.Presenters.Test.WashingEditPresenterTest, SGInventory.Presenters.Test, Version=1.0.0.0, Culture=neutral, PublicKeyToken=null" name="Save_GivenNameExceedsTheMaximumLengthAndWashingIsNew_Test" />
    </UnitTest>
    <UnitTest name="SelectByParent_ReturnsList_Test" storage="e:\projects\sgiinventory\sginvetory\sginventory.businessmodel.test\bin\debug\sginventory.businessmodel.test.dll" id="a1baa385-e93b-b39f-d4ab-100fb9e451e2">
      <Execution id="9fc56780-5fc8-449c-b5e6-82707098a1ec" />
      <TestMethod codeBase="E:/Projects/SGIInventory/SGInvetory/SGInventory.BusinessModel.Test/bin/Debug/SGInventory.BusinessModel.Test.DLL" adapterTypeName="Microsoft.VisualStudio.TestTools.TestTypes.Unit.UnitTestAdapter, Microsoft.VisualStudio.QualityTools.Tips.UnitTest.Adapter, Version=10.0.0.0, Culture=neutral, PublicKeyToken=b03f5f7f11d50a3a" className="SGInventory.BusinessModel.Test.ProductDetailBusinessModelTest, SGInventory.BusinessModel.Test, Version=1.0.0.0, Culture=neutral, PublicKeyToken=null" name="SelectByParent_ReturnsList_Test" />
    </UnitTest>
    <UnitTest name="PopulateModelToEditForm_Test" storage="e:\projects\sgiinventory\sginvetory\sginventory.presenters.test\bin\debug\sginventory.presenters.test.dll" id="0b37b226-118b-94bc-462b-fad9883ecbe0">
      <Execution id="ce038707-c94e-46e2-871d-087ae4802a22" />
      <TestMethod codeBase="E:/Projects/SGIInventory/SGInvetory/SGInventory.Presenters.Test/bin/Debug/SGInventory.Presenters.Test.DLL" adapterTypeName="Microsoft.VisualStudio.TestTools.TestTypes.Unit.UnitTestAdapter, Microsoft.VisualStudio.QualityTools.Tips.UnitTest.Adapter, Version=10.0.0.0, Culture=neutral, PublicKeyToken=b03f5f7f11d50a3a" className="SGInventory.Presenters.Test.SizeSearchPresenterTest, SGInventory.Presenters.Test, Version=1.0.0.0, Culture=neutral, PublicKeyToken=null" name="PopulateModelToEditForm_Test" />
    </UnitTest>
    <UnitTest name="SelectAllTest" storage="e:\projects\sgiinventory\sginvetory\sginvetory.dal.test\bin\debug\sginventory.dal.test.dll" id="12203655-0882-f850-488c-a86c4be73e2d">
      <Execution id="0d7cfea1-87be-4d16-886c-448bf3172d1f" />
      <TestMethod codeBase="E:/Projects/SGIInventory/SGInvetory/SGInvetory.DAL.Test/bin/Debug/SGInventory.DAL.Test.DLL" adapterTypeName="Microsoft.VisualStudio.TestTools.TestTypes.Unit.UnitTestAdapter, Microsoft.VisualStudio.QualityTools.Tips.UnitTest.Adapter, Version=10.0.0.0, Culture=neutral, PublicKeyToken=b03f5f7f11d50a3a" className="SGInventory.DAL.Test.WashingDalTest, SGInventory.DAL.Test, Version=1.0.0.0, Culture=neutral, PublicKeyToken=null" name="SelectAllTest" />
    </UnitTest>
    <UnitTest name="SaveColor_GivenThatNameNotExistsColorAlreadyExists_ResultSuccessfullPopUpMessage_Test" storage="e:\projects\sgiinventory\sginvetory\sginventory.presenters.test\bin\debug\sginventory.presenters.test.dll" id="45f1b870-02fa-94dc-a239-2db73d77c14b">
      <Execution id="953d7f42-5138-4a22-ac1f-f8b7c8686eab" />
      <TestMethod codeBase="E:/Projects/SGIInventory/SGInvetory/SGInventory.Presenters.Test/bin/Debug/SGInventory.Presenters.Test.DLL" adapterTypeName="Microsoft.VisualStudio.TestTools.TestTypes.Unit.UnitTestAdapter, Microsoft.VisualStudio.QualityTools.Tips.UnitTest.Adapter, Version=10.0.0.0, Culture=neutral, PublicKeyToken=b03f5f7f11d50a3a" className="SGInventory.Presenters.Test.ColorEditPresenterTest, SGInventory.Presenters.Test, Version=1.0.0.0, Culture=neutral, PublicKeyToken=null" name="SaveColor_GivenThatNameNotExistsColorAlreadyExists_ResultSuccessfullPopUpMessage_Test" />
    </UnitTest>
    <UnitTest name="Validate_GivenThatInputExceedsMaxLength_ShouldReturnTrue" storage="e:\projects\sgiinventory\sginvetory\sginventory.extensions.test\bin\debug\sginventory.extensions.test.dll" id="3a5b4ed2-9e10-c3db-05fa-e0b5cd99bae2">
      <Execution id="d73e0069-d8a5-420c-925d-0b27a195d3e6" />
      <TestMethod codeBase="E:/Projects/SGIInventory/SGInvetory/SGInventory.Extensions.Test/bin/Debug/SGInventory.Extensions.Test.DLL" adapterTypeName="Microsoft.VisualStudio.TestTools.TestTypes.Unit.UnitTestAdapter, Microsoft.VisualStudio.QualityTools.Tips.UnitTest.Adapter, Version=10.0.0.0, Culture=neutral, PublicKeyToken=b03f5f7f11d50a3a" className="SGInventory.Extensions.Test.ExtensionsTest, SGInventory.Extensions.Test, Version=1.0.0.0, Culture=neutral, PublicKeyToken=null" name="Validate_GivenThatInputExceedsMaxLength_ShouldReturnTrue" />
    </UnitTest>
    <UnitTest name="PopulateModelToEditForm_Test" storage="e:\projects\sgiinventory\sginvetory\sginventory.presenters.test\bin\debug\sginventory.presenters.test.dll" id="756d93dc-5e30-2468-3701-44f26fd7c410">
      <Execution id="3fe407f9-3c3b-4089-84d0-7d1ad0c1e4eb" />
      <TestMethod codeBase="E:/Projects/SGIInventory/SGInvetory/SGInventory.Presenters.Test/bin/Debug/SGInventory.Presenters.Test.DLL" adapterTypeName="Microsoft.VisualStudio.TestTools.TestTypes.Unit.UnitTestAdapter, Microsoft.VisualStudio.QualityTools.Tips.UnitTest.Adapter, Version=10.0.0.0, Culture=neutral, PublicKeyToken=b03f5f7f11d50a3a" className="SGInventory.Presenters.Test.UserSearchPresenterTest, SGInventory.Presenters.Test, Version=1.0.0.0, Culture=neutral, PublicKeyToken=null" name="PopulateModelToEditForm_Test" />
    </UnitTest>
    <UnitTest name="Save_GivenThatOnCreateModeAndColorAlreadyExist_ResultUnsuccessfullPopupMessage_Test" storage="e:\projects\sgiinventory\sginvetory\sginventory.presenters.test\bin\debug\sginventory.presenters.test.dll" id="c3581613-3ea7-bafc-1db6-2207629ed207">
      <Execution id="485d9d15-9a32-4cd4-8ee5-174213fa20e5" />
      <TestMethod codeBase="E:/Projects/SGIInventory/SGInvetory/SGInventory.Presenters.Test/bin/Debug/SGInventory.Presenters.Test.DLL" adapterTypeName="Microsoft.VisualStudio.TestTools.TestTypes.Unit.UnitTestAdapter, Microsoft.VisualStudio.QualityTools.Tips.UnitTest.Adapter, Version=10.0.0.0, Culture=neutral, PublicKeyToken=b03f5f7f11d50a3a" className="SGInventory.Presenters.Test.ColorEditPresenterTest, SGInventory.Presenters.Test, Version=1.0.0.0, Culture=neutral, PublicKeyToken=null" name="Save_GivenThatOnCreateModeAndColorAlreadyExist_ResultUnsuccessfullPopupMessage_Test" />
    </UnitTest>
    <UnitTest name="DisableOrEnableSaveDeliveryButton_GivenInputDamageSizeIsNull_Test" storage="e:\projects\sgiinventory\sginvetory\sginventory.presenters.test\bin\debug\sginventory.presenters.test.dll" id="af609df7-1ee3-6905-d4fe-3aa5fcb650a7">
      <Execution id="6618d371-d21b-4be8-9a91-c401ec46352c" />
      <TestMethod codeBase="E:/Projects/SGIInventory/SGInvetory/SGInventory.Presenters.Test/bin/Debug/SGInventory.Presenters.Test.DLL" adapterTypeName="Microsoft.VisualStudio.TestTools.TestTypes.Unit.UnitTestAdapter, Microsoft.VisualStudio.QualityTools.Tips.UnitTest.Adapter, Version=10.0.0.0, Culture=neutral, PublicKeyToken=b03f5f7f11d50a3a" className="SGInventory.Presenters.Test.DeliveryPresenterTest, SGInventory.Presenters.Test, Version=1.0.0.0, Culture=neutral, PublicKeyToken=null" name="DisableOrEnableSaveDeliveryButton_GivenInputDamageSizeIsNull_Test" />
    </UnitTest>
    <UnitTest name="Save_GiveModelIsNotNew_Successfull_Test" storage="e:\projects\sgiinventory\sginvetory\sginventory.presenters.test\bin\debug\sginventory.presenters.test.dll" id="4c6f0a6e-035f-47fd-785d-d0a96b9b0bce">
      <Execution id="acacd0d8-271c-47cf-970b-299cf493df6f" />
      <TestMethod codeBase="E:/Projects/SGIInventory/SGInvetory/SGInventory.Presenters.Test/bin/Debug/SGInventory.Presenters.Test.DLL" adapterTypeName="Microsoft.VisualStudio.TestTools.TestTypes.Unit.UnitTestAdapter, Microsoft.VisualStudio.QualityTools.Tips.UnitTest.Adapter, Version=10.0.0.0, Culture=neutral, PublicKeyToken=b03f5f7f11d50a3a" className="SGInventory.Presenters.Test.ProductDetailEditPresenterTest, SGInventory.Presenters.Test, Version=1.0.0.0, Culture=neutral, PublicKeyToken=null" name="Save_GiveModelIsNotNew_Successfull_Test" />
    </UnitTest>
    <UnitTest name="SaveCategory_GivenTheNameNotExistsCreateNew_ResultSuccessfull" storage="e:\projects\sgiinventory\sginvetory\sginventory.businessmodel.test\bin\debug\sginventory.businessmodel.test.dll" id="6a72835d-27c7-2646-080e-32b7a036f152">
      <Execution id="4560435e-004a-4acd-82a7-4b5f301d0788" />
      <TestMethod codeBase="E:/Projects/SGIInventory/SGInvetory/SGInventory.BusinessModel.Test/bin/Debug/SGInventory.BusinessModel.Test.DLL" adapterTypeName="Microsoft.VisualStudio.TestTools.TestTypes.Unit.UnitTestAdapter, Microsoft.VisualStudio.QualityTools.Tips.UnitTest.Adapter, Version=10.0.0.0, Culture=neutral, PublicKeyToken=b03f5f7f11d50a3a" className="SGInventory.Business.Model.CategoryBusinessModelTest, SGInventory.BusinessModel.Test, Version=1.0.0.0, Culture=neutral, PublicKeyToken=null" name="SaveCategory_GivenTheNameNotExistsCreateNew_ResultSuccessfull" />
    </UnitTest>
    <UnitTest name="Save_GivenThatOnCreateModeAndSizeAlreadyExist_ResultUnsuccessfullPopupMessage_Test" storage="e:\projects\sgiinventory\sginvetory\sginventory.presenters.test\bin\debug\sginventory.presenters.test.dll" id="b1b446a0-5c8b-78a3-24e1-b42fd5271256">
      <Execution id="bdf450ae-177d-4d0b-ba10-ede2a627107e" />
      <TestMethod codeBase="E:/Projects/SGIInventory/SGInvetory/SGInventory.Presenters.Test/bin/Debug/SGInventory.Presenters.Test.DLL" adapterTypeName="Microsoft.VisualStudio.TestTools.TestTypes.Unit.UnitTestAdapter, Microsoft.VisualStudio.QualityTools.Tips.UnitTest.Adapter, Version=10.0.0.0, Culture=neutral, PublicKeyToken=b03f5f7f11d50a3a" className="SGInventory.Presenters.Test.SizeEditPresenterTest, SGInventory.Presenters.Test, Version=1.0.0.0, Culture=neutral, PublicKeyToken=null" name="Save_GivenThatOnCreateModeAndSizeAlreadyExist_ResultUnsuccessfullPopupMessage_Test" />
    </UnitTest>
    <UnitTest name="SaveDeliveryDetail_Given_ItemIsGood_Test" storage="e:\projects\sgiinventory\sginvetory\sginventory.presenters.test\bin\debug\sginventory.presenters.test.dll" id="698ffbe7-b725-a227-e9f4-5258393318b2">
      <Execution id="07d57655-b07d-4d04-93e8-034958b1218e" />
      <TestMethod codeBase="E:/Projects/SGIInventory/SGInvetory/SGInventory.Presenters.Test/bin/Debug/SGInventory.Presenters.Test.DLL" adapterTypeName="Microsoft.VisualStudio.TestTools.TestTypes.Unit.UnitTestAdapter, Microsoft.VisualStudio.QualityTools.Tips.UnitTest.Adapter, Version=10.0.0.0, Culture=neutral, PublicKeyToken=b03f5f7f11d50a3a" className="SGInventory.Presenters.Test.DeliveryPresenterTest, SGInventory.Presenters.Test, Version=1.0.0.0, Culture=neutral, PublicKeyToken=null" name="SaveDeliveryDetail_Given_ItemIsGood_Test" />
    </UnitTest>
    <UnitTest name="Save_GivenNameExceedsTheMaximumLengthAndSizeIsNew_Test" storage="e:\projects\sgiinventory\sginvetory\sginventory.presenters.test\bin\debug\sginventory.presenters.test.dll" id="2cd342aa-9abc-727b-5785-f16fd7d69afe">
      <Execution id="c9c064a4-cc7f-49bb-a94f-e181597a1306" />
      <TestMethod codeBase="E:/Projects/SGIInventory/SGInvetory/SGInventory.Presenters.Test/bin/Debug/SGInventory.Presenters.Test.DLL" adapterTypeName="Microsoft.VisualStudio.TestTools.TestTypes.Unit.UnitTestAdapter, Microsoft.VisualStudio.QualityTools.Tips.UnitTest.Adapter, Version=10.0.0.0, Culture=neutral, PublicKeyToken=b03f5f7f11d50a3a" className="SGInventory.Presenters.Test.SizeEditPresenterTest, SGInventory.Presenters.Test, Version=1.0.0.0, Culture=neutral, PublicKeyToken=null" name="Save_GivenNameExceedsTheMaximumLengthAndSizeIsNew_Test" />
    </UnitTest>
    <UnitTest name="SaveModel_GivenModelIsNewValidFieldsColorCodeAndNameNotExistsQueryHasNoResult_ResultSuccessfull" storage="e:\projects\sgiinventory\sginvetory\sginventory.businessmodel.test\bin\debug\sginventory.businessmodel.test.dll" id="0ee1008d-8191-5224-5702-84b95f272fd1">
      <Execution id="1748aea7-95ac-49ae-b8e1-d1c657aa245c" />
      <TestMethod codeBase="E:/Projects/SGIInventory/SGInvetory/SGInventory.BusinessModel.Test/bin/Debug/SGInventory.BusinessModel.Test.DLL" adapterTypeName="Microsoft.VisualStudio.TestTools.TestTypes.Unit.UnitTestAdapter, Microsoft.VisualStudio.QualityTools.Tips.UnitTest.Adapter, Version=10.0.0.0, Culture=neutral, PublicKeyToken=b03f5f7f11d50a3a" className="SGInventory.BusinessModel.Test.ColorBusinessModelTest, SGInventory.BusinessModel.Test, Version=1.0.0.0, Culture=neutral, PublicKeyToken=null" name="SaveModel_GivenModelIsNewValidFieldsColorCodeAndNameNotExistsQueryHasNoResult_ResultSuccessfull" />
    </UnitTest>
    <UnitTest name="DeleteSelectedCategories_GivenNoCategoriesIsSelected_Test" storage="e:\projects\sgiinventory\sginvetory\sginventory.presenters.test\bin\debug\sginventory.presenters.test.dll" id="53874d80-2116-9cc9-8ee2-eaffe314963b">
      <Execution id="3645aab5-a71c-42ad-99fd-889df032cd8b" />
      <TestMethod codeBase="E:/Projects/SGIInventory/SGInvetory/SGInventory.Presenters.Test/bin/Debug/SGInventory.Presenters.Test.DLL" adapterTypeName="Microsoft.VisualStudio.TestTools.TestTypes.Unit.UnitTestAdapter, Microsoft.VisualStudio.QualityTools.Tips.UnitTest.Adapter, Version=10.0.0.0, Culture=neutral, PublicKeyToken=b03f5f7f11d50a3a" className="SGInventory.Presenters.Test.SizeSearchPresenterTest, SGInventory.Presenters.Test, Version=1.0.0.0, Culture=neutral, PublicKeyToken=null" name="DeleteSelectedCategories_GivenNoCategoriesIsSelected_Test" />
    </UnitTest>
    <UnitTest name="LoadAll_GivenAllAreSelected_Test" storage="e:\projects\sgiinventory\sginvetory\sginventory.presenters.test\bin\debug\sginventory.presenters.test.dll" id="cef28fb0-2b1b-cc42-8a52-356dfc6a1d9d">
      <Execution id="ef530bf5-0000-4465-b70a-15879552b3df" />
      <TestMethod codeBase="E:/Projects/SGIInventory/SGInvetory/SGInventory.Presenters.Test/bin/Debug/SGInventory.Presenters.Test.DLL" adapterTypeName="Microsoft.VisualStudio.TestTools.TestTypes.Unit.UnitTestAdapter, Microsoft.VisualStudio.QualityTools.Tips.UnitTest.Adapter, Version=10.0.0.0, Culture=neutral, PublicKeyToken=b03f5f7f11d50a3a" className="SGInventory.Presenters.Test.SupplierSearchPresenterTest, SGInventory.Presenters.Test, Version=1.0.0.0, Culture=neutral, PublicKeyToken=null" name="LoadAll_GivenAllAreSelected_Test" />
    </UnitTest>
    <UnitTest name="ValidationError_GivenAddressExceedsTheLimit_Test" storage="e:\projects\sgiinventory\sginvetory\sginventory.presenters.test\bin\debug\sginventory.presenters.test.dll" id="83a0847d-f208-9537-fed5-01ec6d57e1bc">
      <Execution id="92134ed8-e741-4221-abb6-e588ddfd8d8c" />
      <TestMethod codeBase="E:/Projects/SGIInventory/SGInvetory/SGInventory.Presenters.Test/bin/Debug/SGInventory.Presenters.Test.DLL" adapterTypeName="Microsoft.VisualStudio.TestTools.TestTypes.Unit.UnitTestAdapter, Microsoft.VisualStudio.QualityTools.Tips.UnitTest.Adapter, Version=10.0.0.0, Culture=neutral, PublicKeyToken=b03f5f7f11d50a3a" className="SGInventory.Presenters.Test.SupplierEditPresenterTest, SGInventory.Presenters.Test, Version=1.0.0.0, Culture=neutral, PublicKeyToken=null" name="ValidationError_GivenAddressExceedsTheLimit_Test" />
    </UnitTest>
    <UnitTest name="LoadAllProductDetailsTest" storage="e:\projects\sgiinventory\sginvetory\sginventory.presenters.test\bin\debug\sginventory.presenters.test.dll" id="dd88d382-a029-26c8-5280-fb736f8309c7">
      <Execution id="36f1de33-d709-4557-a8a5-d8914c1c1051" />
      <TestMethod codeBase="E:/Projects/SGIInventory/SGInvetory/SGInventory.Presenters.Test/bin/Debug/SGInventory.Presenters.Test.DLL" adapterTypeName="Microsoft.VisualStudio.TestTools.TestTypes.Unit.UnitTestAdapter, Microsoft.VisualStudio.QualityTools.Tips.UnitTest.Adapter, Version=10.0.0.0, Culture=neutral, PublicKeyToken=b03f5f7f11d50a3a" className="SGInventory.Presenters.Test.DeliveryPresenterTest, SGInventory.Presenters.Test, Version=1.0.0.0, Culture=neutral, PublicKeyToken=null" name="LoadAllProductDetailsTest" />
    </UnitTest>
    <UnitTest name="SaveOutlet_GivenThanNameExistsCreateNewOutlet_ResultUnSuccessfullPopUpMessage_Test" storage="e:\projects\sgiinventory\sginvetory\sginventory.presenters.test\bin\debug\sginventory.presenters.test.dll" id="efbf6bac-c955-325a-d8ba-dfb3b9c8146b">
      <Execution id="d73d8b58-38ae-431d-a066-d9530da6847a" />
      <TestMethod codeBase="E:/Projects/SGIInventory/SGInvetory/SGInventory.Presenters.Test/bin/Debug/SGInventory.Presenters.Test.DLL" adapterTypeName="Microsoft.VisualStudio.TestTools.TestTypes.Unit.UnitTestAdapter, Microsoft.VisualStudio.QualityTools.Tips.UnitTest.Adapter, Version=10.0.0.0, Culture=neutral, PublicKeyToken=b03f5f7f11d50a3a" className="SGInventory.Presenters.Test.OutletEditPresenterTest, SGInventory.Presenters.Test, Version=1.0.0.0, Culture=neutral, PublicKeyToken=null" name="SaveOutlet_GivenThanNameExistsCreateNewOutlet_ResultUnSuccessfullPopUpMessage_Test" />
    </UnitTest>
    <UnitTest name="SelectByPrimaryId_GivenTheId_Exists_ShouldReturnOneObjectTest" storage="e:\projects\sgiinventory\sginvetory\sginventory.businessmodel.test\bin\debug\sginventory.businessmodel.test.dll" id="1960844a-f4bf-57b5-48b1-9880f90c08da">
      <Execution id="2410964b-879c-47db-82db-5573b0887d3b" />
      <TestMethod codeBase="E:/Projects/SGIInventory/SGInvetory/SGInventory.BusinessModel.Test/bin/Debug/SGInventory.BusinessModel.Test.DLL" adapterTypeName="Microsoft.VisualStudio.TestTools.TestTypes.Unit.UnitTestAdapter, Microsoft.VisualStudio.QualityTools.Tips.UnitTest.Adapter, Version=10.0.0.0, Culture=neutral, PublicKeyToken=b03f5f7f11d50a3a" className="SGInventory.BusinessModel.Test.SupplierBusinessModelTest, SGInventory.BusinessModel.Test, Version=1.0.0.0, Culture=neutral, PublicKeyToken=null" name="SelectByPrimaryId_GivenTheId_Exists_ShouldReturnOneObjectTest" />
    </UnitTest>
    <UnitTest name="AddModel_Test" storage="e:\projects\sgiinventory\sginvetory\sginventory.presenters.test\bin\debug\sginventory.presenters.test.dll" id="23e045a5-e347-0c9d-f01c-7d52cbd50a10">
      <Execution id="ea4ce864-8b2f-4cd8-9a1f-0797d9ae6807" />
      <TestMethod codeBase="E:/Projects/SGIInventory/SGInvetory/SGInventory.Presenters.Test/bin/Debug/SGInventory.Presenters.Test.DLL" adapterTypeName="Microsoft.VisualStudio.TestTools.TestTypes.Unit.UnitTestAdapter, Microsoft.VisualStudio.QualityTools.Tips.UnitTest.Adapter, Version=10.0.0.0, Culture=neutral, PublicKeyToken=b03f5f7f11d50a3a" className="SGInventory.Presenters.Test.UserSearchPresenterTest, SGInventory.Presenters.Test, Version=1.0.0.0, Culture=neutral, PublicKeyToken=null" name="AddModel_Test" />
    </UnitTest>
    <UnitTest name="DeleteSelectedCategories_GivenTheUserSayNo_Test" storage="e:\projects\sgiinventory\sginvetory\sginventory.presenters.test\bin\debug\sginventory.presenters.test.dll" id="515d6726-f501-c0f8-a81d-ef47ddca30d7">
      <Execution id="2371dbfb-a32f-41f5-aed0-919aceb30f1e" />
      <TestMethod codeBase="E:/Projects/SGIInventory/SGInvetory/SGInventory.Presenters.Test/bin/Debug/SGInventory.Presenters.Test.DLL" adapterTypeName="Microsoft.VisualStudio.TestTools.TestTypes.Unit.UnitTestAdapter, Microsoft.VisualStudio.QualityTools.Tips.UnitTest.Adapter, Version=10.0.0.0, Culture=neutral, PublicKeyToken=b03f5f7f11d50a3a" className="SGInventory.Presenters.Test.CategorySearchPresenterTest, SGInventory.Presenters.Test, Version=1.0.0.0, Culture=neutral, PublicKeyToken=null" name="DeleteSelectedCategories_GivenTheUserSayNo_Test" />
    </UnitTest>
    <UnitTest name="SelectByProductDetailstTest" storage="e:\projects\sgiinventory\sginvetory\sginventory.businessmodel.test\bin\debug\sginventory.businessmodel.test.dll" id="6c027b9f-39ec-d034-caa1-5b261fcf45c3">
      <Execution id="9df8045e-baa9-46b0-b517-945b1fd7f78d" />
      <TestMethod codeBase="E:/Projects/SGIInventory/SGInvetory/SGInventory.BusinessModel.Test/bin/Debug/SGInventory.BusinessModel.Test.DLL" adapterTypeName="Microsoft.VisualStudio.TestTools.TestTypes.Unit.UnitTestAdapter, Microsoft.VisualStudio.QualityTools.Tips.UnitTest.Adapter, Version=10.0.0.0, Culture=neutral, PublicKeyToken=b03f5f7f11d50a3a" className="SGInventory.BusinessModel.Test.WashingBusinessModelTest, SGInventory.BusinessModel.Test, Version=1.0.0.0, Culture=neutral, PublicKeyToken=null" name="SelectByProductDetailstTest" />
    </UnitTest>
    <UnitTest name="SelectByStockNumberTest" storage="e:\projects\sgiinventory\sginvetory\sginvetory.dal.test\bin\debug\sginventory.dal.test.dll" id="d2fe96e8-062c-ce5e-150f-1ccc703033b3">
      <Execution id="37bd2f1e-4c39-41c9-9af6-d408e161b51b" />
      <TestMethod codeBase="E:/Projects/SGIInventory/SGInvetory/SGInvetory.DAL.Test/bin/Debug/SGInventory.DAL.Test.DLL" adapterTypeName="Microsoft.VisualStudio.TestTools.TestTypes.Unit.UnitTestAdapter, Microsoft.VisualStudio.QualityTools.Tips.UnitTest.Adapter, Version=10.0.0.0, Culture=neutral, PublicKeyToken=b03f5f7f11d50a3a" className="SGInvetory.DAL.Test.ProductDalTest, SGInventory.DAL.Test, Version=1.0.0.0, Culture=neutral, PublicKeyToken=null" name="SelectByStockNumberTest" />
    </UnitTest>
    <UnitTest name="BuildDeliveryDetailsPanelWithAnInitialNonEmptyDeliveryAndNoDamageAndAddedSameSizeTest" storage="e:\projects\sgiinventory\sginvetory\sginventory.presenters.test\bin\debug\sginventory.presenters.test.dll" id="776083fb-40d9-ace0-cafd-b575a93717af">
      <Execution id="af2a3e06-c1a2-4f96-8e7d-56439cb217b2" />
      <TestMethod codeBase="E:/Projects/SGIInventory/SGInvetory/SGInventory.Presenters.Test/bin/Debug/SGInventory.Presenters.Test.DLL" adapterTypeName="Microsoft.VisualStudio.TestTools.TestTypes.Unit.UnitTestAdapter, Microsoft.VisualStudio.QualityTools.Tips.UnitTest.Adapter, Version=10.0.0.0, Culture=neutral, PublicKeyToken=b03f5f7f11d50a3a" className="SGInventory.Presenters.Test.DeliveryPresenterTest, SGInventory.Presenters.Test, Version=1.0.0.0, Culture=neutral, PublicKeyToken=null" name="BuildDeliveryDetailsPanelWithAnInitialNonEmptyDeliveryAndNoDamageAndAddedSameSizeTest" />
    </UnitTest>
    <UnitTest name="Validate_GivenInNewModeTheUserNameNotExists_ShouldReturnTrue" storage="e:\projects\sgiinventory\sginvetory\sginventory.businessmodel.test\bin\debug\sginventory.businessmodel.test.dll" id="37d53c3c-a853-2aa8-0ee9-822b8776a78f">
      <Execution id="8b29a1a1-9fb0-476f-be75-62b3e557e8d7" />
      <TestMethod codeBase="E:/Projects/SGIInventory/SGInvetory/SGInventory.BusinessModel.Test/bin/Debug/SGInventory.BusinessModel.Test.DLL" adapterTypeName="Microsoft.VisualStudio.TestTools.TestTypes.Unit.UnitTestAdapter, Microsoft.VisualStudio.QualityTools.Tips.UnitTest.Adapter, Version=10.0.0.0, Culture=neutral, PublicKeyToken=b03f5f7f11d50a3a" className="SGInventory.BusinessModel.Test.UserBusinessModelTest, SGInventory.BusinessModel.Test, Version=1.0.0.0, Culture=neutral, PublicKeyToken=null" name="Validate_GivenInNewModeTheUserNameNotExists_ShouldReturnTrue" />
    </UnitTest>
    <UnitTest name="SaveCategory_GivenThanNameExistsCreateNewCategory_ResultUnSuccessfullPopUpMessage_Test" storage="e:\projects\sgiinventory\sginvetory\sginventory.presenters.test\bin\debug\sginventory.presenters.test.dll" id="3a12f60e-9370-05db-f498-5aa2685fdcf3">
      <Execution id="cda82257-1e8e-46e7-bfc3-1ee0763a5ce8" />
      <TestMethod codeBase="E:/Projects/SGIInventory/SGInvetory/SGInventory.Presenters.Test/bin/Debug/SGInventory.Presenters.Test.DLL" adapterTypeName="Microsoft.VisualStudio.TestTools.TestTypes.Unit.UnitTestAdapter, Microsoft.VisualStudio.QualityTools.Tips.UnitTest.Adapter, Version=10.0.0.0, Culture=neutral, PublicKeyToken=b03f5f7f11d50a3a" className="SGInventory.Presenters.Test.CategoryEditPresenterTest, SGInventory.Presenters.Test, Version=1.0.0.0, Culture=neutral, PublicKeyToken=null" name="SaveCategory_GivenThanNameExistsCreateNewCategory_ResultUnSuccessfullPopUpMessage_Test" />
    </UnitTest>
    <UnitTest name="Delete" storage="e:\projects\sgiinventory\sginvetory\sginvetory.dal.test\bin\debug\sginventory.dal.test.dll" id="f017e773-9245-d445-5fce-b92d1ba0d7c0">
      <Execution id="1b00bbaa-4108-4be0-8e48-edb669430066" />
      <TestMethod codeBase="E:/Projects/SGIInventory/SGInvetory/SGInvetory.DAL.Test/bin/Debug/SGInventory.DAL.Test.DLL" adapterTypeName="Microsoft.VisualStudio.TestTools.TestTypes.Unit.UnitTestAdapter, Microsoft.VisualStudio.QualityTools.Tips.UnitTest.Adapter, Version=10.0.0.0, Culture=neutral, PublicKeyToken=b03f5f7f11d50a3a" className="SGInventory.DAL.Test.ProductDetailDalTest, SGInventory.DAL.Test, Version=1.0.0.0, Culture=neutral, PublicKeyToken=null" name="Delete" />
    </UnitTest>
    <UnitTest name="SaveCategory_GivenThanNameNotExistsCreateNewCategory_ResultSuccessfullPopUpMessage_Test" storage="e:\projects\sgiinventory\sginvetory\sginventory.presenters.test\bin\debug\sginventory.presenters.test.dll" id="ac1cc0d2-1fac-1a38-7e28-028c11e9d35f">
      <Execution id="1c246e42-13df-45b7-93a8-efc8d520853b" />
      <TestMethod codeBase="E:/Projects/SGIInventory/SGInvetory/SGInventory.Presenters.Test/bin/Debug/SGInventory.Presenters.Test.DLL" adapterTypeName="Microsoft.VisualStudio.TestTools.TestTypes.Unit.UnitTestAdapter, Microsoft.VisualStudio.QualityTools.Tips.UnitTest.Adapter, Version=10.0.0.0, Culture=neutral, PublicKeyToken=b03f5f7f11d50a3a" className="SGInventory.Presenters.Test.CategoryEditPresenterTest, SGInventory.Presenters.Test, Version=1.0.0.0, Culture=neutral, PublicKeyToken=null" name="SaveCategory_GivenThanNameNotExistsCreateNewCategory_ResultSuccessfullPopUpMessage_Test" />
    </UnitTest>
    <UnitTest name="DeleteSelectedModels_GivenTheUserSayYes_Test" storage="e:\projects\sgiinventory\sginvetory\sginventory.presenters.test\bin\debug\sginventory.presenters.test.dll" id="a5dcae97-2768-2d08-8d99-69f1e48de25e">
      <Execution id="0b8be799-c61a-4ce5-8e71-1bba18842967" />
      <TestMethod codeBase="E:/Projects/SGIInventory/SGInvetory/SGInventory.Presenters.Test/bin/Debug/SGInventory.Presenters.Test.DLL" adapterTypeName="Microsoft.VisualStudio.TestTools.TestTypes.Unit.UnitTestAdapter, Microsoft.VisualStudio.QualityTools.Tips.UnitTest.Adapter, Version=10.0.0.0, Culture=neutral, PublicKeyToken=b03f5f7f11d50a3a" className="SGInventory.Presenters.Test.OutletSearchPresenterTest, SGInventory.Presenters.Test, Version=1.0.0.0, Culture=neutral, PublicKeyToken=null" name="DeleteSelectedModels_GivenTheUserSayYes_Test" />
    </UnitTest>
    <UnitTest name="UniqueNameKeypress_GivenThatTextHasNoLength_ShouldReturnTrue_Test" storage="e:\projects\sgiinventory\sginvetory\sginventory.presenters.test\bin\debug\sginventory.presenters.test.dll" id="1ac602c2-65d3-6943-d64f-d7b7f57677aa">
      <Execution id="5081e7e0-b349-4a02-89a4-810be78bbe41" />
      <TestMethod codeBase="E:/Projects/SGIInventory/SGInvetory/SGInventory.Presenters.Test/bin/Debug/SGInventory.Presenters.Test.DLL" adapterTypeName="Microsoft.VisualStudio.TestTools.TestTypes.Unit.UnitTestAdapter, Microsoft.VisualStudio.QualityTools.Tips.UnitTest.Adapter, Version=10.0.0.0, Culture=neutral, PublicKeyToken=b03f5f7f11d50a3a" className="SGInventory.Presenters.Test.SupplierEditPresenterTest, SGInventory.Presenters.Test, Version=1.0.0.0, Culture=neutral, PublicKeyToken=null" name="UniqueNameKeypress_GivenThatTextHasNoLength_ShouldReturnTrue_Test" />
    </UnitTest>
    <UnitTest name="SaveWashing_GivenThatNameNotExistsWashingAlreadyExists_ResultSuccessfullPopUpMessage_Test" storage="e:\projects\sgiinventory\sginvetory\sginventory.presenters.test\bin\debug\sginventory.presenters.test.dll" id="2b68ae3f-555e-ca32-00eb-cd78da3a6bfe">
      <Execution id="e2f525d4-1d6f-4b83-aa57-d297b3099cc9" />
      <TestMethod codeBase="E:/Projects/SGIInventory/SGInvetory/SGInventory.Presenters.Test/bin/Debug/SGInventory.Presenters.Test.DLL" adapterTypeName="Microsoft.VisualStudio.TestTools.TestTypes.Unit.UnitTestAdapter, Microsoft.VisualStudio.QualityTools.Tips.UnitTest.Adapter, Version=10.0.0.0, Culture=neutral, PublicKeyToken=b03f5f7f11d50a3a" className="SGInventory.Presenters.Test.WashingEditPresenterTest, SGInventory.Presenters.Test, Version=1.0.0.0, Culture=neutral, PublicKeyToken=null" name="SaveWashing_GivenThatNameNotExistsWashingAlreadyExists_ResultSuccessfullPopUpMessage_Test" />
    </UnitTest>
    <UnitTest name="Validate_GivenInNewModeTheNameNotExists_ShouldReturnTrue" storage="e:\projects\sgiinventory\sginvetory\sginventory.businessmodel.test\bin\debug\sginventory.businessmodel.test.dll" id="9806c174-fb19-4c13-d4a9-bac5b5c7016e">
      <Execution id="1b596456-be92-494c-a98a-6f54aad27b7a" />
      <TestMethod codeBase="E:/Projects/SGIInventory/SGInvetory/SGInventory.BusinessModel.Test/bin/Debug/SGInventory.BusinessModel.Test.DLL" adapterTypeName="Microsoft.VisualStudio.TestTools.TestTypes.Unit.UnitTestAdapter, Microsoft.VisualStudio.QualityTools.Tips.UnitTest.Adapter, Version=10.0.0.0, Culture=neutral, PublicKeyToken=b03f5f7f11d50a3a" className="SGInventory.BusinessModel.Test.SupplierBusinessModelTest, SGInventory.BusinessModel.Test, Version=1.0.0.0, Culture=neutral, PublicKeyToken=null" name="Validate_GivenInNewModeTheNameNotExists_ShouldReturnTrue" />
    </UnitTest>
    <UnitTest name="Save_GivenThanNameNotExistsCreateNewModel_ResultSuccessfullPopUpMessage_Test" storage="e:\projects\sgiinventory\sginvetory\sginventory.presenters.test\bin\debug\sginventory.presenters.test.dll" id="9d831a30-a7f5-ef34-e29b-f61470a786aa">
      <Execution id="0b2abcfa-3334-438c-8abc-c8bb0de3242d" />
      <TestMethod codeBase="E:/Projects/SGIInventory/SGInvetory/SGInventory.Presenters.Test/bin/Debug/SGInventory.Presenters.Test.DLL" adapterTypeName="Microsoft.VisualStudio.TestTools.TestTypes.Unit.UnitTestAdapter, Microsoft.VisualStudio.QualityTools.Tips.UnitTest.Adapter, Version=10.0.0.0, Culture=neutral, PublicKeyToken=b03f5f7f11d50a3a" className="SGInventory.Presenters.Test.UserEditPresenterTest, SGInventory.Presenters.Test, Version=1.0.0.0, Culture=neutral, PublicKeyToken=null" name="Save_GivenThanNameNotExistsCreateNewModel_ResultSuccessfullPopUpMessage_Test" />
    </UnitTest>
    <UnitTest name="SaveDeliveryDetail_Given_ItemIsDamageAndOthers_Test" storage="e:\projects\sgiinventory\sginvetory\sginventory.presenters.test\bin\debug\sginventory.presenters.test.dll" id="e0bd1a5e-b53c-ba27-af82-db933039b2c8">
      <Execution id="fc21266c-c7ca-4f9f-bcf7-6abbb1ba045a" />
      <TestMethod codeBase="E:/Projects/SGIInventory/SGInvetory/SGInventory.Presenters.Test/bin/Debug/SGInventory.Presenters.Test.DLL" adapterTypeName="Microsoft.VisualStudio.TestTools.TestTypes.Unit.UnitTestAdapter, Microsoft.VisualStudio.QualityTools.Tips.UnitTest.Adapter, Version=10.0.0.0, Culture=neutral, PublicKeyToken=b03f5f7f11d50a3a" className="SGInventory.Presenters.Test.DeliveryPresenterTest, SGInventory.Presenters.Test, Version=1.0.0.0, Culture=neutral, PublicKeyToken=null" name="SaveDeliveryDetail_Given_ItemIsDamageAndOthers_Test" />
    </UnitTest>
    <UnitTest name="SelectBySupplierAndDeliveryDate_Test" storage="e:\projects\sgiinventory\sginvetory\sginvetory.dal.test\bin\debug\sginventory.dal.test.dll" id="665c847c-a2bb-4c7e-b2d0-afafec6e3132">
      <Execution id="430e0094-150a-48a1-a117-639671a59f70" />
      <TestMethod codeBase="E:/Projects/SGIInventory/SGInvetory/SGInvetory.DAL.Test/bin/Debug/SGInventory.DAL.Test.DLL" adapterTypeName="Microsoft.VisualStudio.TestTools.TestTypes.Unit.UnitTestAdapter, Microsoft.VisualStudio.QualityTools.Tips.UnitTest.Adapter, Version=10.0.0.0, Culture=neutral, PublicKeyToken=b03f5f7f11d50a3a" className="SGInventory.DAL.Test.DeliveryDalTest, SGInventory.DAL.Test, Version=1.0.0.0, Culture=neutral, PublicKeyToken=null" name="SelectBySupplierAndDeliveryDate_Test" />
    </UnitTest>
    <UnitTest name="Keypress_GivenThatNameAndCodeHasLength_ShouldReturnTrue_Test" storage="e:\projects\sgiinventory\sginvetory\sginventory.presenters.test\bin\debug\sginventory.presenters.test.dll" id="00d6c35d-f1b8-c60e-0a49-6d20843eda4d">
      <Execution id="cc9c3c8b-4782-4aae-a1cc-d85efe55c37f" />
      <TestMethod codeBase="E:/Projects/SGIInventory/SGInvetory/SGInventory.Presenters.Test/bin/Debug/SGInventory.Presenters.Test.DLL" adapterTypeName="Microsoft.VisualStudio.TestTools.TestTypes.Unit.UnitTestAdapter, Microsoft.VisualStudio.QualityTools.Tips.UnitTest.Adapter, Version=10.0.0.0, Culture=neutral, PublicKeyToken=b03f5f7f11d50a3a" className="SGInventory.Presenters.Test.SizeEditPresenterTest, SGInventory.Presenters.Test, Version=1.0.0.0, Culture=neutral, PublicKeyToken=null" name="Keypress_GivenThatNameAndCodeHasLength_ShouldReturnTrue_Test" />
    </UnitTest>
    <UnitTest name="BuildDeliveryDetailsPanelWithAnInitialNonEmptyDeliveryAndDamageWithSameSDamageDescriptionTest" storage="e:\projects\sgiinventory\sginvetory\sginventory.presenters.test\bin\debug\sginventory.presenters.test.dll" id="284e77e3-a7f2-0e57-8ddf-dc3ad1476560">
      <Execution id="31f186eb-2f55-47cd-8cca-405585e3b5d7" />
      <TestMethod codeBase="E:/Projects/SGIInventory/SGInvetory/SGInventory.Presenters.Test/bin/Debug/SGInventory.Presenters.Test.DLL" adapterTypeName="Microsoft.VisualStudio.TestTools.TestTypes.Unit.UnitTestAdapter, Microsoft.VisualStudio.QualityTools.Tips.UnitTest.Adapter, Version=10.0.0.0, Culture=neutral, PublicKeyToken=b03f5f7f11d50a3a" className="SGInventory.Presenters.Test.DeliveryPresenterTest, SGInventory.Presenters.Test, Version=1.0.0.0, Culture=neutral, PublicKeyToken=null" name="BuildDeliveryDetailsPanelWithAnInitialNonEmptyDeliveryAndDamageWithSameSDamageDescriptionTest" />
    </UnitTest>
    <UnitTest name="BuildDeliveryDetails_Issue_002_Test" storage="e:\projects\sgiinventory\sginvetory\sginventory.presenters.test\bin\debug\sginventory.presenters.test.dll" id="cfd73a2f-2089-bc77-de68-2eabe8bebc4e">
      <Execution id="f0f13959-bcef-4258-8209-fe7467cda426" />
      <TestMethod codeBase="E:/Projects/SGIInventory/SGInvetory/SGInventory.Presenters.Test/bin/Debug/SGInventory.Presenters.Test.DLL" adapterTypeName="Microsoft.VisualStudio.TestTools.TestTypes.Unit.UnitTestAdapter, Microsoft.VisualStudio.QualityTools.Tips.UnitTest.Adapter, Version=10.0.0.0, Culture=neutral, PublicKeyToken=b03f5f7f11d50a3a" className="SGInventory.Presenters.Test.DeliveryPresenterTest, SGInventory.Presenters.Test, Version=1.0.0.0, Culture=neutral, PublicKeyToken=null" name="BuildDeliveryDetails_Issue_002_Test" />
    </UnitTest>
    <UnitTest name="SaveOrUpdateGivenItIsNotNewAndChangesMadeInPricesTest" storage="e:\projects\sgiinventory\sginvetory\sginvetory.dal.test\bin\debug\sginventory.dal.test.dll" id="a61f8162-c2ea-0f0e-eaed-d380c73cf004">
      <Execution id="86499803-686f-46c3-8d91-f983c926f6cf" />
      <TestMethod codeBase="E:/Projects/SGIInventory/SGInvetory/SGInvetory.DAL.Test/bin/Debug/SGInventory.DAL.Test.DLL" adapterTypeName="Microsoft.VisualStudio.TestTools.TestTypes.Unit.UnitTestAdapter, Microsoft.VisualStudio.QualityTools.Tips.UnitTest.Adapter, Version=10.0.0.0, Culture=neutral, PublicKeyToken=b03f5f7f11d50a3a" className="SGInvetory.DAL.Test.ProductDalTest, SGInventory.DAL.Test, Version=1.0.0.0, Culture=neutral, PublicKeyToken=null" name="SaveOrUpdateGivenItIsNotNewAndChangesMadeInPricesTest" />
    </UnitTest>
    <UnitTest name="SelectBySp_GivenThereIsNoParameter_ReturnShouldBeInList" storage="e:\projects\sgiinventory\sginvetory\sginvetory.dal.test\bin\debug\sginventory.dal.test.dll" id="d5011e66-7472-792e-b5eb-e23aac6828ff">
      <Execution id="4445c7f1-f12f-4d2c-8900-4f404ecc141f" />
      <TestMethod codeBase="E:/Projects/SGIInventory/SGInvetory/SGInvetory.DAL.Test/bin/Debug/SGInventory.DAL.Test.DLL" adapterTypeName="Microsoft.VisualStudio.TestTools.TestTypes.Unit.UnitTestAdapter, Microsoft.VisualStudio.QualityTools.Tips.UnitTest.Adapter, Version=10.0.0.0, Culture=neutral, PublicKeyToken=b03f5f7f11d50a3a" className="SGInventory.DAL.Test.ColorDalTest, SGInventory.DAL.Test, Version=1.0.0.0, Culture=neutral, PublicKeyToken=null" name="SelectBySp_GivenThereIsNoParameter_ReturnShouldBeInList" />
    </UnitTest>
    <UnitTest name="Save_GivenThatOnCreateModeAndWashingAlreadyExist_ResultUnsuccessfullPopupMessage_Test" storage="e:\projects\sgiinventory\sginvetory\sginventory.presenters.test\bin\debug\sginventory.presenters.test.dll" id="166524a2-9464-cc0f-06aa-a2d66f09b68f">
      <Execution id="adfc7887-0c23-4842-ac60-460f123e2618" />
      <TestMethod codeBase="E:/Projects/SGIInventory/SGInvetory/SGInventory.Presenters.Test/bin/Debug/SGInventory.Presenters.Test.DLL" adapterTypeName="Microsoft.VisualStudio.TestTools.TestTypes.Unit.UnitTestAdapter, Microsoft.VisualStudio.QualityTools.Tips.UnitTest.Adapter, Version=10.0.0.0, Culture=neutral, PublicKeyToken=b03f5f7f11d50a3a" className="SGInventory.Presenters.Test.WashingEditPresenterTest, SGInventory.Presenters.Test, Version=1.0.0.0, Culture=neutral, PublicKeyToken=null" name="Save_GivenThatOnCreateModeAndWashingAlreadyExist_ResultUnsuccessfullPopupMessage_Test" />
    </UnitTest>
    <UnitTest name="LoadCost_Given_Size_Is_Given_Test" storage="e:\projects\sgiinventory\sginvetory\sginventory.presenters.test\bin\debug\sginventory.presenters.test.dll" id="02169cf8-af27-3859-a0f5-77839280f6b1">
      <Execution id="133b64ef-b556-4698-b562-7dda35fe2682" />
      <TestMethod codeBase="E:/Projects/SGIInventory/SGInvetory/SGInventory.Presenters.Test/bin/Debug/SGInventory.Presenters.Test.DLL" adapterTypeName="Microsoft.VisualStudio.TestTools.TestTypes.Unit.UnitTestAdapter, Microsoft.VisualStudio.QualityTools.Tips.UnitTest.Adapter, Version=10.0.0.0, Culture=neutral, PublicKeyToken=b03f5f7f11d50a3a" className="SGInventory.Presenters.Test.DeliveryPresenterTest, SGInventory.Presenters.Test, Version=1.0.0.0, Culture=neutral, PublicKeyToken=null" name="LoadCost_Given_Size_Is_Given_Test" />
    </UnitTest>
    <UnitTest name="Save_GivenDescriptionExceedsTheMaximumLength_Test" storage="e:\projects\sgiinventory\sginvetory\sginventory.presenters.test\bin\debug\sginventory.presenters.test.dll" id="19bdb54c-f8ba-12c4-2f25-6616b02d79a5">
      <Execution id="3b7c059b-e973-4bed-ab9f-bac9c4d427b3" />
      <TestMethod codeBase="E:/Projects/SGIInventory/SGInvetory/SGInventory.Presenters.Test/bin/Debug/SGInventory.Presenters.Test.DLL" adapterTypeName="Microsoft.VisualStudio.TestTools.TestTypes.Unit.UnitTestAdapter, Microsoft.VisualStudio.QualityTools.Tips.UnitTest.Adapter, Version=10.0.0.0, Culture=neutral, PublicKeyToken=b03f5f7f11d50a3a" className="SGInventory.Presenters.Test.ProductEditPresenterTest, SGInventory.Presenters.Test, Version=1.0.0.0, Culture=neutral, PublicKeyToken=null" name="Save_GivenDescriptionExceedsTheMaximumLength_Test" />
    </UnitTest>
    <UnitTest name="SaveOrUpdateGivenItIsNotNewAndChangesMadeInQuantityTest" storage="e:\projects\sgiinventory\sginvetory\sginvetory.dal.test\bin\debug\sginventory.dal.test.dll" id="09d17bc3-e5eb-af32-9052-2715566a3ddb">
      <Execution id="ceed84bb-8eed-4031-b036-eb2fc62eee1a" />
      <TestMethod codeBase="E:/Projects/SGIInventory/SGInvetory/SGInvetory.DAL.Test/bin/Debug/SGInventory.DAL.Test.DLL" adapterTypeName="Microsoft.VisualStudio.TestTools.TestTypes.Unit.UnitTestAdapter, Microsoft.VisualStudio.QualityTools.Tips.UnitTest.Adapter, Version=10.0.0.0, Culture=neutral, PublicKeyToken=b03f5f7f11d50a3a" className="SGInventory.DAL.Test.ProductDetailDalTest, SGInventory.DAL.Test, Version=1.0.0.0, Culture=neutral, PublicKeyToken=null" name="SaveOrUpdateGivenItIsNotNewAndChangesMadeInQuantityTest" />
    </UnitTest>
    <UnitTest name="Save_GivenThanNameNotExistsCreateNewModel_ResultSuccessfullPopUpMessage_Test" storage="e:\projects\sgiinventory\sginvetory\sginventory.presenters.test\bin\debug\sginventory.presenters.test.dll" id="2a29165f-76a0-5dc8-c5cb-895d4df293a1">
      <Execution id="f7d2bf13-c5d4-44c2-af28-208392d03ebd" />
      <TestMethod codeBase="E:/Projects/SGIInventory/SGInvetory/SGInventory.Presenters.Test/bin/Debug/SGInventory.Presenters.Test.DLL" adapterTypeName="Microsoft.VisualStudio.TestTools.TestTypes.Unit.UnitTestAdapter, Microsoft.VisualStudio.QualityTools.Tips.UnitTest.Adapter, Version=10.0.0.0, Culture=neutral, PublicKeyToken=b03f5f7f11d50a3a" className="SGInventory.Presenters.Test.SupplierEditPresenterTest, SGInventory.Presenters.Test, Version=1.0.0.0, Culture=neutral, PublicKeyToken=null" name="Save_GivenThanNameNotExistsCreateNewModel_ResultSuccessfullPopUpMessage_Test" />
    </UnitTest>
    <UnitTest name="Validate_GivenThatInputEqualsMaxLength_ShouldReturnTrue" storage="e:\projects\sgiinventory\sginvetory\sginventory.extensions.test\bin\debug\sginventory.extensions.test.dll" id="e3ab030d-a53e-313c-39e1-bfee3779d1bf">
      <Execution id="9ca540e4-0cf4-441e-909f-54378686c3b6" />
      <TestMethod codeBase="E:/Projects/SGIInventory/SGInvetory/SGInventory.Extensions.Test/bin/Debug/SGInventory.Extensions.Test.DLL" adapterTypeName="Microsoft.VisualStudio.TestTools.TestTypes.Unit.UnitTestAdapter, Microsoft.VisualStudio.QualityTools.Tips.UnitTest.Adapter, Version=10.0.0.0, Culture=neutral, PublicKeyToken=b03f5f7f11d50a3a" className="SGInventory.Extensions.Test.ExtensionsTest, SGInventory.Extensions.Test, Version=1.0.0.0, Culture=neutral, PublicKeyToken=null" name="Validate_GivenThatInputEqualsMaxLength_ShouldReturnTrue" />
    </UnitTest>
    <UnitTest name="Keypress_GivenThatNameHasLengthCodeHasNoLength_ShouldReturnTrue_Test" storage="e:\projects\sgiinventory\sginvetory\sginventory.presenters.test\bin\debug\sginventory.presenters.test.dll" id="74de0c74-c385-d186-8b5a-7ef10e92d680">
      <Execution id="359bc6f6-81a3-419a-b091-f347d7bf6ac9" />
      <TestMethod codeBase="E:/Projects/SGIInventory/SGInvetory/SGInventory.Presenters.Test/bin/Debug/SGInventory.Presenters.Test.DLL" adapterTypeName="Microsoft.VisualStudio.TestTools.TestTypes.Unit.UnitTestAdapter, Microsoft.VisualStudio.QualityTools.Tips.UnitTest.Adapter, Version=10.0.0.0, Culture=neutral, PublicKeyToken=b03f5f7f11d50a3a" className="SGInventory.Presenters.Test.WashingEditPresenterTest, SGInventory.Presenters.Test, Version=1.0.0.0, Culture=neutral, PublicKeyToken=null" name="Keypress_GivenThatNameHasLengthCodeHasNoLength_ShouldReturnTrue_Test" />
    </UnitTest>
    <UnitTest name="ValidationError_GivenAddressExceedsTheLimit_Test" storage="e:\projects\sgiinventory\sginvetory\sginventory.presenters.test\bin\debug\sginventory.presenters.test.dll" id="de759343-c7c6-bbee-9117-2c928908f8a2">
      <Execution id="4a563ce6-1db4-47d2-a9d2-93647eb4a8c6" />
      <TestMethod codeBase="E:/Projects/SGIInventory/SGInvetory/SGInventory.Presenters.Test/bin/Debug/SGInventory.Presenters.Test.DLL" adapterTypeName="Microsoft.VisualStudio.TestTools.TestTypes.Unit.UnitTestAdapter, Microsoft.VisualStudio.QualityTools.Tips.UnitTest.Adapter, Version=10.0.0.0, Culture=neutral, PublicKeyToken=b03f5f7f11d50a3a" className="SGInventory.Presenters.Test.OutletEditPresenterTest, SGInventory.Presenters.Test, Version=1.0.0.0, Culture=neutral, PublicKeyToken=null" name="ValidationError_GivenAddressExceedsTheLimit_Test" />
    </UnitTest>
    <UnitTest name="SaveOrUpdate" storage="e:\projects\sgiinventory\sginvetory\sginvetory.dal.test\bin\debug\sginventory.dal.test.dll" id="2609ad13-4cca-4c3d-e460-3e9d85613777">
      <Execution id="86d38158-e155-40b7-80c6-64d6e9184e3d" />
      <TestMethod codeBase="E:/Projects/SGIInventory/SGInvetory/SGInvetory.DAL.Test/bin/Debug/SGInventory.DAL.Test.DLL" adapterTypeName="Microsoft.VisualStudio.TestTools.TestTypes.Unit.UnitTestAdapter, Microsoft.VisualStudio.QualityTools.Tips.UnitTest.Adapter, Version=10.0.0.0, Culture=neutral, PublicKeyToken=b03f5f7f11d50a3a" className="SGInventory.DAL.Test.CategoryDalTest, SGInventory.DAL.Test, Version=1.0.0.0, Culture=neutral, PublicKeyToken=null" name="SaveOrUpdate" />
    </UnitTest>
    <UnitTest name="SelectBySp_GivenThereIsNoParameter_ReturnShouldBeInList" storage="e:\projects\sgiinventory\sginvetory\sginvetory.dal.test\bin\debug\sginventory.dal.test.dll" id="ae30ed5b-4d9c-f090-dcfe-b45809d6d3d4">
      <Execution id="960ff190-8509-4ad7-9b5a-a5a55f902476" />
      <TestMethod codeBase="E:/Projects/SGIInventory/SGInvetory/SGInvetory.DAL.Test/bin/Debug/SGInventory.DAL.Test.DLL" adapterTypeName="Microsoft.VisualStudio.TestTools.TestTypes.Unit.UnitTestAdapter, Microsoft.VisualStudio.QualityTools.Tips.UnitTest.Adapter, Version=10.0.0.0, Culture=neutral, PublicKeyToken=b03f5f7f11d50a3a" className="SGInventory.DAL.Test.WashingDalTest, SGInventory.DAL.Test, Version=1.0.0.0, Culture=neutral, PublicKeyToken=null" name="SelectBySp_GivenThereIsNoParameter_ReturnShouldBeInList" />
    </UnitTest>
    <UnitTest name="SaveModel_GivenModelExistsValidFieldsWashingNameExistsAttachedToSameCodeQueryHasResult_ResultSuccessfull" storage="e:\projects\sgiinventory\sginvetory\sginventory.businessmodel.test\bin\debug\sginventory.businessmodel.test.dll" id="345c7303-12ce-0be6-0ded-b3ed35dd3ca6">
      <Execution id="8f75b45e-365a-4e72-b282-7a0c07e8561e" />
      <TestMethod codeBase="E:/Projects/SGIInventory/SGInvetory/SGInventory.BusinessModel.Test/bin/Debug/SGInventory.BusinessModel.Test.DLL" adapterTypeName="Microsoft.VisualStudio.TestTools.TestTypes.Unit.UnitTestAdapter, Microsoft.VisualStudio.QualityTools.Tips.UnitTest.Adapter, Version=10.0.0.0, Culture=neutral, PublicKeyToken=b03f5f7f11d50a3a" className="SGInventory.BusinessModel.Test.WashingBusinessModelTest, SGInventory.BusinessModel.Test, Version=1.0.0.0, Culture=neutral, PublicKeyToken=null" name="SaveModel_GivenModelExistsValidFieldsWashingNameExistsAttachedToSameCodeQueryHasResult_ResultSuccessfull" />
    </UnitTest>
    <UnitTest name="Delete" storage="e:\projects\sgiinventory\sginvetory\sginvetory.dal.test\bin\debug\sginventory.dal.test.dll" id="fdf1b65b-7adb-269d-d53f-3e3867a9921f">
      <Execution id="97b7e8d8-925f-4f07-a67c-98bd3e132ac3" />
      <TestMethod codeBase="E:/Projects/SGIInventory/SGInvetory/SGInvetory.DAL.Test/bin/Debug/SGInventory.DAL.Test.DLL" adapterTypeName="Microsoft.VisualStudio.TestTools.TestTypes.Unit.UnitTestAdapter, Microsoft.VisualStudio.QualityTools.Tips.UnitTest.Adapter, Version=10.0.0.0, Culture=neutral, PublicKeyToken=b03f5f7f11d50a3a" className="SGInventory.DAL.Test.CategoryDalTest, SGInventory.DAL.Test, Version=1.0.0.0, Culture=neutral, PublicKeyToken=null" name="Delete" />
    </UnitTest>
    <UnitTest name="SelectByPrimaryKey_GivenPrimaryKey_ReturnShouldNotBeNull" storage="e:\projects\sgiinventory\sginvetory\sginvetory.dal.test\bin\debug\sginventory.dal.test.dll" id="25bf6c70-f5d3-57df-3533-b01b905e6cd8">
      <Execution id="3108937f-1131-482e-950b-d7b6b3c81123" />
      <TestMethod codeBase="E:/Projects/SGIInventory/SGInvetory/SGInvetory.DAL.Test/bin/Debug/SGInventory.DAL.Test.DLL" adapterTypeName="Microsoft.VisualStudio.TestTools.TestTypes.Unit.UnitTestAdapter, Microsoft.VisualStudio.QualityTools.Tips.UnitTest.Adapter, Version=10.0.0.0, Culture=neutral, PublicKeyToken=b03f5f7f11d50a3a" className="SGInventory.DAL.Test.WashingDalTest, SGInventory.DAL.Test, Version=1.0.0.0, Culture=neutral, PublicKeyToken=null" name="SelectByPrimaryKey_GivenPrimaryKey_ReturnShouldNotBeNull" />
    </UnitTest>
    <UnitTest name="SaveOrUpdate" storage="e:\projects\sgiinventory\sginvetory\sginvetory.dal.test\bin\debug\sginventory.dal.test.dll" id="3bde29e8-a7a3-b5db-7b48-74f9e5c1b9f5">
      <Execution id="6451b4e3-097b-4a99-8960-1c1e81c6c938" />
      <TestMethod codeBase="E:/Projects/SGIInventory/SGInvetory/SGInvetory.DAL.Test/bin/Debug/SGInventory.DAL.Test.DLL" adapterTypeName="Microsoft.VisualStudio.TestTools.TestTypes.Unit.UnitTestAdapter, Microsoft.VisualStudio.QualityTools.Tips.UnitTest.Adapter, Version=10.0.0.0, Culture=neutral, PublicKeyToken=b03f5f7f11d50a3a" className="SGInventory.DAL.Test.ColorDalTest, SGInventory.DAL.Test, Version=1.0.0.0, Culture=neutral, PublicKeyToken=null" name="SaveOrUpdate" />
    </UnitTest>
    <UnitTest name="Validate_GivenInEditModeTheUserNameAlreadyExistsFromSameId_ShouldReturnTrue" storage="e:\projects\sgiinventory\sginvetory\sginventory.businessmodel.test\bin\debug\sginventory.businessmodel.test.dll" id="3cbde3fe-69a8-4ab6-4644-3de0dadc5209">
      <Execution id="4cb0b93c-fc65-43f9-9c6e-5d6611249567" />
      <TestMethod codeBase="E:/Projects/SGIInventory/SGInvetory/SGInventory.BusinessModel.Test/bin/Debug/SGInventory.BusinessModel.Test.DLL" adapterTypeName="Microsoft.VisualStudio.TestTools.TestTypes.Unit.UnitTestAdapter, Microsoft.VisualStudio.QualityTools.Tips.UnitTest.Adapter, Version=10.0.0.0, Culture=neutral, PublicKeyToken=b03f5f7f11d50a3a" className="SGInventory.BusinessModel.Test.UserBusinessModelTest, SGInventory.BusinessModel.Test, Version=1.0.0.0, Culture=neutral, PublicKeyToken=null" name="Validate_GivenInEditModeTheUserNameAlreadyExistsFromSameId_ShouldReturnTrue" />
    </UnitTest>
    <UnitTest name="OnSelectedSearchMode_DeliveryDate_Test" storage="e:\projects\sgiinventory\sginvetory\sginventory.presenters.test\bin\debug\sginventory.presenters.test.dll" id="2655c140-00dc-02ec-0bc9-461b2f28f10b">
      <Execution id="78e0218f-1878-4f0e-b466-a95e396da491" />
      <TestMethod codeBase="E:/Projects/SGIInventory/SGInvetory/SGInventory.Presenters.Test/bin/Debug/SGInventory.Presenters.Test.DLL" adapterTypeName="Microsoft.VisualStudio.TestTools.TestTypes.Unit.UnitTestAdapter, Microsoft.VisualStudio.QualityTools.Tips.UnitTest.Adapter, Version=10.0.0.0, Culture=neutral, PublicKeyToken=b03f5f7f11d50a3a" className="SGInventory.Presenters.Test.SupplierSearchDeliveryPresenterTest, SGInventory.Presenters.Test, Version=1.0.0.0, Culture=neutral, PublicKeyToken=null" name="OnSelectedSearchMode_DeliveryDate_Test" />
    </UnitTest>
    <UnitTest name="SelectDamageIsOtherTest" storage="e:\projects\sgiinventory\sginvetory\sginventory.presenters.test\bin\debug\sginventory.presenters.test.dll" id="affc3c7b-2282-a1a7-f6ae-ff585a6ff85e">
      <Execution id="dbf0f365-a26d-42ca-a357-c78840d72725" />
      <TestMethod codeBase="E:/Projects/SGIInventory/SGInvetory/SGInventory.Presenters.Test/bin/Debug/SGInventory.Presenters.Test.DLL" adapterTypeName="Microsoft.VisualStudio.TestTools.TestTypes.Unit.UnitTestAdapter, Microsoft.VisualStudio.QualityTools.Tips.UnitTest.Adapter, Version=10.0.0.0, Culture=neutral, PublicKeyToken=b03f5f7f11d50a3a" className="SGInventory.Presenters.Test.DeliveryPresenterTest, SGInventory.Presenters.Test, Version=1.0.0.0, Culture=neutral, PublicKeyToken=null" name="SelectDamageIsOtherTest" />
    </UnitTest>
    <UnitTest name="YearGeneratorTest" storage="e:\projects\sgiinventory\sginvetory\sginventory.presenters.test\bin\debug\sginventory.presenters.test.dll" id="3efa30ea-c6d0-e809-4767-f9b87a4423fd">
      <Execution id="54b2360e-d161-459d-88d7-7de049c0a7df" />
      <TestMethod codeBase="E:/Projects/SGIInventory/SGInvetory/SGInventory.Presenters.Test/bin/Debug/SGInventory.Presenters.Test.DLL" adapterTypeName="Microsoft.VisualStudio.TestTools.TestTypes.Unit.UnitTestAdapter, Microsoft.VisualStudio.QualityTools.Tips.UnitTest.Adapter, Version=10.0.0.0, Culture=neutral, PublicKeyToken=b03f5f7f11d50a3a" className="SGInventory.Presenters.Test.DeliveryPresenterTest, SGInventory.Presenters.Test, Version=1.0.0.0, Culture=neutral, PublicKeyToken=null" name="YearGeneratorTest" />
    </UnitTest>
    <UnitTest name="AddModel_Test" storage="e:\projects\sgiinventory\sginvetory\sginventory.presenters.test\bin\debug\sginventory.presenters.test.dll" id="d90c8886-e84d-fb76-05b4-0f5e32daee6c">
      <Execution id="805e35c5-6f2d-48b3-8747-6e218dd6c14e" />
      <TestMethod codeBase="E:/Projects/SGIInventory/SGInvetory/SGInventory.Presenters.Test/bin/Debug/SGInventory.Presenters.Test.DLL" adapterTypeName="Microsoft.VisualStudio.TestTools.TestTypes.Unit.UnitTestAdapter, Microsoft.VisualStudio.QualityTools.Tips.UnitTest.Adapter, Version=10.0.0.0, Culture=neutral, PublicKeyToken=b03f5f7f11d50a3a" className="SGInventory.Presenters.Test.ColorSearchPresenterTest, SGInventory.Presenters.Test, Version=1.0.0.0, Culture=neutral, PublicKeyToken=null" name="AddModel_Test" />
    </UnitTest>
    <UnitTest name="DeleteSelectedCategories_GivenTheUserSayYes_Test" storage="e:\projects\sgiinventory\sginvetory\sginventory.presenters.test\bin\debug\sginventory.presenters.test.dll" id="c6a31f09-af16-623f-92f5-4076acccad01">
      <Execution id="501e02ec-9ab5-403d-a140-0359c8a30836" />
      <TestMethod codeBase="E:/Projects/SGIInventory/SGInvetory/SGInventory.Presenters.Test/bin/Debug/SGInventory.Presenters.Test.DLL" adapterTypeName="Microsoft.VisualStudio.TestTools.TestTypes.Unit.UnitTestAdapter, Microsoft.VisualStudio.QualityTools.Tips.UnitTest.Adapter, Version=10.0.0.0, Culture=neutral, PublicKeyToken=b03f5f7f11d50a3a" className="SGInventory.Presenters.Test.SizeSearchPresenterTest, SGInventory.Presenters.Test, Version=1.0.0.0, Culture=neutral, PublicKeyToken=null" name="DeleteSelectedCategories_GivenTheUserSayYes_Test" />
    </UnitTest>
    <UnitTest name="SaveProduct_GivenCreateNewProduct_ResultSuccessfullPopUpMessage_Test" storage="e:\projects\sgiinventory\sginvetory\sginventory.presenters.test\bin\debug\sginventory.presenters.test.dll" id="440dd3ef-be8d-61a9-99eb-e3059de76940">
      <Execution id="094308ab-83e7-4365-9c5a-5030b41cc44d" />
      <TestMethod codeBase="E:/Projects/SGIInventory/SGInvetory/SGInventory.Presenters.Test/bin/Debug/SGInventory.Presenters.Test.DLL" adapterTypeName="Microsoft.VisualStudio.TestTools.TestTypes.Unit.UnitTestAdapter, Microsoft.VisualStudio.QualityTools.Tips.UnitTest.Adapter, Version=10.0.0.0, Culture=neutral, PublicKeyToken=b03f5f7f11d50a3a" className="SGInventory.Presenters.Test.ProductEditPresenterTest, SGInventory.Presenters.Test, Version=1.0.0.0, Culture=neutral, PublicKeyToken=null" name="SaveProduct_GivenCreateNewProduct_ResultSuccessfullPopUpMessage_Test" />
    </UnitTest>
    <UnitTest name="DeleteSelectedCategories_GivenTheUserSayYes_Test" storage="e:\projects\sgiinventory\sginvetory\sginventory.presenters.test\bin\debug\sginventory.presenters.test.dll" id="003f4524-10f8-0ebd-f790-373082e4917e">
      <Execution id="25d672fd-31fc-4a8e-a978-2b2ce6d9c251" />
      <TestMethod codeBase="E:/Projects/SGIInventory/SGInvetory/SGInventory.Presenters.Test/bin/Debug/SGInventory.Presenters.Test.DLL" adapterTypeName="Microsoft.VisualStudio.TestTools.TestTypes.Unit.UnitTestAdapter, Microsoft.VisualStudio.QualityTools.Tips.UnitTest.Adapter, Version=10.0.0.0, Culture=neutral, PublicKeyToken=b03f5f7f11d50a3a" className="SGInventory.Presenters.Test.ColorSearchPresenterTest, SGInventory.Presenters.Test, Version=1.0.0.0, Culture=neutral, PublicKeyToken=null" name="DeleteSelectedCategories_GivenTheUserSayYes_Test" />
    </UnitTest>
    <UnitTest name="SaveDeliveryDetail_Given_ItemIsDamageAndNonOthers_Test" storage="e:\projects\sgiinventory\sginvetory\sginventory.presenters.test\bin\debug\sginventory.presenters.test.dll" id="955b49e0-f828-eceb-3c2a-e295da2bb199">
      <Execution id="043a2e7c-6be1-47f5-990a-741610bc56bb" />
      <TestMethod codeBase="E:/Projects/SGIInventory/SGInvetory/SGInventory.Presenters.Test/bin/Debug/SGInventory.Presenters.Test.DLL" adapterTypeName="Microsoft.VisualStudio.TestTools.TestTypes.Unit.UnitTestAdapter, Microsoft.VisualStudio.QualityTools.Tips.UnitTest.Adapter, Version=10.0.0.0, Culture=neutral, PublicKeyToken=b03f5f7f11d50a3a" className="SGInventory.Presenters.Test.DeliveryPresenterTest, SGInventory.Presenters.Test, Version=1.0.0.0, Culture=neutral, PublicKeyToken=null" name="SaveDeliveryDetail_Given_ItemIsDamageAndNonOthers_Test" />
    </UnitTest>
    <UnitTest name="LoadRoleTypes_ShouldLoadToComboBox" storage="e:\projects\sgiinventory\sginvetory\sginventory.presenters.test\bin\debug\sginventory.presenters.test.dll" id="a4da9462-de35-9d72-869d-8c4d6ebbb7e3">
      <Execution id="e11d3290-10d0-44c4-9ffd-8c792927c813" />
      <TestMethod codeBase="E:/Projects/SGIInventory/SGInvetory/SGInventory.Presenters.Test/bin/Debug/SGInventory.Presenters.Test.DLL" adapterTypeName="Microsoft.VisualStudio.TestTools.TestTypes.Unit.UnitTestAdapter, Microsoft.VisualStudio.QualityTools.Tips.UnitTest.Adapter, Version=10.0.0.0, Culture=neutral, PublicKeyToken=b03f5f7f11d50a3a" className="SGInventory.Presenters.Test.UserEditPresenterTest, SGInventory.Presenters.Test, Version=1.0.0.0, Culture=neutral, PublicKeyToken=null" name="LoadRoleTypes_ShouldLoadToComboBox" />
    </UnitTest>
    <UnitTest name="AddModel_Test" storage="e:\projects\sgiinventory\sginvetory\sginventory.presenters.test\bin\debug\sginventory.presenters.test.dll" id="e9131190-c6e2-db53-df32-d699924932da">
      <Execution id="0a41c700-3988-4130-9da8-1df3f7e86a00" />
      <TestMethod codeBase="E:/Projects/SGIInventory/SGInvetory/SGInventory.Presenters.Test/bin/Debug/SGInventory.Presenters.Test.DLL" adapterTypeName="Microsoft.VisualStudio.TestTools.TestTypes.Unit.UnitTestAdapter, Microsoft.VisualStudio.QualityTools.Tips.UnitTest.Adapter, Version=10.0.0.0, Culture=neutral, PublicKeyToken=b03f5f7f11d50a3a" className="SGInventory.Presenters.Test.ProductDetailSearchPresenterTest, SGInventory.Presenters.Test, Version=1.0.0.0, Culture=neutral, PublicKeyToken=null" name="AddModel_Test" />
    </UnitTest>
    <UnitTest name="SaveCategory_GivenTheNameAlreadyExistsFromTheDifferentIdUpdateExisting_ResultNotSuccessfull" storage="e:\projects\sgiinventory\sginvetory\sginventory.businessmodel.test\bin\debug\sginventory.businessmodel.test.dll" id="3b4b3aba-990d-44b3-e4f6-15427b7ac980">
      <Execution id="2a493b27-ca72-4055-b1eb-54af91d45685" />
      <TestMethod codeBase="E:/Projects/SGIInventory/SGInvetory/SGInventory.BusinessModel.Test/bin/Debug/SGInventory.BusinessModel.Test.DLL" adapterTypeName="Microsoft.VisualStudio.TestTools.TestTypes.Unit.UnitTestAdapter, Microsoft.VisualStudio.QualityTools.Tips.UnitTest.Adapter, Version=10.0.0.0, Culture=neutral, PublicKeyToken=b03f5f7f11d50a3a" className="SGInventory.Business.Model.CategoryBusinessModelTest, SGInventory.BusinessModel.Test, Version=1.0.0.0, Culture=neutral, PublicKeyToken=null" name="SaveCategory_GivenTheNameAlreadyExistsFromTheDifferentIdUpdateExisting_ResultNotSuccessfull" />
    </UnitTest>
    <UnitTest name="SelectAll_ShouldReturnList_Test" storage="e:\projects\sgiinventory\sginvetory\sginventory.businessmodel.test\bin\debug\sginventory.businessmodel.test.dll" id="38bbe9ad-1b51-037d-b217-7759145d1310">
      <Execution id="9953126d-3394-439c-b198-bcab597ec185" />
      <TestMethod codeBase="E:/Projects/SGIInventory/SGInvetory/SGInventory.BusinessModel.Test/bin/Debug/SGInventory.BusinessModel.Test.DLL" adapterTypeName="Microsoft.VisualStudio.TestTools.TestTypes.Unit.UnitTestAdapter, Microsoft.VisualStudio.QualityTools.Tips.UnitTest.Adapter, Version=10.0.0.0, Culture=neutral, PublicKeyToken=b03f5f7f11d50a3a" className="SGInventory.BusinessModel.Test.WashingBusinessModelTest, SGInventory.BusinessModel.Test, Version=1.0.0.0, Culture=neutral, PublicKeyToken=null" name="SelectAll_ShouldReturnList_Test" />
    </UnitTest>
    <UnitTest name="SaveModel_GivenModelExistsValidFieldsNameAlreadyExistsQueryHasResult_ResultSuccessfull" storage="e:\projects\sgiinventory\sginvetory\sginventory.businessmodel.test\bin\debug\sginventory.businessmodel.test.dll" id="2bf9a74c-8e9e-1247-f783-8b94fe8e7925">
      <Execution id="07e85bab-a27b-471b-a4ad-482283df6aa8" />
      <TestMethod codeBase="E:/Projects/SGIInventory/SGInvetory/SGInventory.BusinessModel.Test/bin/Debug/SGInventory.BusinessModel.Test.DLL" adapterTypeName="Microsoft.VisualStudio.TestTools.TestTypes.Unit.UnitTestAdapter, Microsoft.VisualStudio.QualityTools.Tips.UnitTest.Adapter, Version=10.0.0.0, Culture=neutral, PublicKeyToken=b03f5f7f11d50a3a" className="SGInventory.BusinessModel.Test.OutletBusinessModelTest, SGInventory.BusinessModel.Test, Version=1.0.0.0, Culture=neutral, PublicKeyToken=null" name="SaveModel_GivenModelExistsValidFieldsNameAlreadyExistsQueryHasResult_ResultSuccessfull" />
    </UnitTest>
    <UnitTest name="Save_GivenBarcodeExists_ReturnNull_Successfull_Test" storage="e:\projects\sgiinventory\sginvetory\sginventory.businessmodel.test\bin\debug\sginventory.businessmodel.test.dll" id="9bf3752d-1ff3-221d-6330-fc25752807c3">
      <Execution id="00cac564-82b5-4c1e-8511-6fc7c4b8b7bc" />
      <TestMethod codeBase="E:/Projects/SGIInventory/SGInvetory/SGInventory.BusinessModel.Test/bin/Debug/SGInventory.BusinessModel.Test.DLL" adapterTypeName="Microsoft.VisualStudio.TestTools.TestTypes.Unit.UnitTestAdapter, Microsoft.VisualStudio.QualityTools.Tips.UnitTest.Adapter, Version=10.0.0.0, Culture=neutral, PublicKeyToken=b03f5f7f11d50a3a" className="SGInventory.BusinessModel.Test.ProductDetailBusinessModelTest, SGInventory.BusinessModel.Test, Version=1.0.0.0, Culture=neutral, PublicKeyToken=null" name="Save_GivenBarcodeExists_ReturnNull_Successfull_Test" />
    </UnitTest>
    <UnitTest name="ValidationError_GivenNameExceedsTheLimit_Test" storage="e:\projects\sgiinventory\sginvetory\sginventory.presenters.test\bin\debug\sginventory.presenters.test.dll" id="7e167dec-390b-6357-0d28-41371b4739cd">
      <Execution id="dec9c089-53ff-4fb8-be1a-f28be755721d" />
      <TestMethod codeBase="E:/Projects/SGIInventory/SGInvetory/SGInventory.Presenters.Test/bin/Debug/SGInventory.Presenters.Test.DLL" adapterTypeName="Microsoft.VisualStudio.TestTools.TestTypes.Unit.UnitTestAdapter, Microsoft.VisualStudio.QualityTools.Tips.UnitTest.Adapter, Version=10.0.0.0, Culture=neutral, PublicKeyToken=b03f5f7f11d50a3a" className="SGInventory.Presenters.Test.OutletEditPresenterTest, SGInventory.Presenters.Test, Version=1.0.0.0, Culture=neutral, PublicKeyToken=null" name="ValidationError_GivenNameExceedsTheLimit_Test" />
    </UnitTest>
    <UnitTest name="LoadCost_Given_All_Is_Given_And_ProductDetailOverrideCost_IsNotNull_Test" storage="e:\projects\sgiinventory\sginvetory\sginventory.presenters.test\bin\debug\sginventory.presenters.test.dll" id="85341c1c-02dc-c0cd-6e24-42de4de3c486">
      <Execution id="0ac08e1a-c865-4e38-94e6-36d277d60004" />
      <TestMethod codeBase="E:/Projects/SGIInventory/SGInvetory/SGInventory.Presenters.Test/bin/Debug/SGInventory.Presenters.Test.DLL" adapterTypeName="Microsoft.VisualStudio.TestTools.TestTypes.Unit.UnitTestAdapter, Microsoft.VisualStudio.QualityTools.Tips.UnitTest.Adapter, Version=10.0.0.0, Culture=neutral, PublicKeyToken=b03f5f7f11d50a3a" className="SGInventory.Presenters.Test.DeliveryPresenterTest, SGInventory.Presenters.Test, Version=1.0.0.0, Culture=neutral, PublicKeyToken=null" name="LoadCost_Given_All_Is_Given_And_ProductDetailOverrideCost_IsNotNull_Test" />
    </UnitTest>
    <UnitTest name="SelectProductStatusIsGoodTest" storage="e:\projects\sgiinventory\sginvetory\sginventory.presenters.test\bin\debug\sginventory.presenters.test.dll" id="aef8684c-96d9-ce55-c302-0c7e0b2dc74a">
      <Execution id="d0274490-fa92-47ab-89a4-8d7b817b3e24" />
      <TestMethod codeBase="E:/Projects/SGIInventory/SGInvetory/SGInventory.Presenters.Test/bin/Debug/SGInventory.Presenters.Test.DLL" adapterTypeName="Microsoft.VisualStudio.TestTools.TestTypes.Unit.UnitTestAdapter, Microsoft.VisualStudio.QualityTools.Tips.UnitTest.Adapter, Version=10.0.0.0, Culture=neutral, PublicKeyToken=b03f5f7f11d50a3a" className="SGInventory.Presenters.Test.DeliveryPresenterTest, SGInventory.Presenters.Test, Version=1.0.0.0, Culture=neutral, PublicKeyToken=null" name="SelectProductStatusIsGoodTest" />
    </UnitTest>
    <UnitTest name="BuildDeliveryDetailsPanelWithAnInitialEmptyDeliveryTest" storage="e:\projects\sgiinventory\sginvetory\sginventory.presenters.test\bin\debug\sginventory.presenters.test.dll" id="2099bdbf-5489-2689-5f62-4f14732e624e">
      <Execution id="67050d4a-5fe6-4094-89ed-4df3cc515bb3" />
      <TestMethod codeBase="E:/Projects/SGIInventory/SGInvetory/SGInventory.Presenters.Test/bin/Debug/SGInventory.Presenters.Test.DLL" adapterTypeName="Microsoft.VisualStudio.TestTools.TestTypes.Unit.UnitTestAdapter, Microsoft.VisualStudio.QualityTools.Tips.UnitTest.Adapter, Version=10.0.0.0, Culture=neutral, PublicKeyToken=b03f5f7f11d50a3a" className="SGInventory.Presenters.Test.DeliveryPresenterTest, SGInventory.Presenters.Test, Version=1.0.0.0, Culture=neutral, PublicKeyToken=null" name="BuildDeliveryDetailsPanelWithAnInitialEmptyDeliveryTest" />
    </UnitTest>
    <UnitTest name="SelectByUserName_GivenUserNameIsInValid_ReturnIsNull" storage="e:\projects\sgiinventory\sginvetory\sginventory.businessmodel.test\bin\debug\sginventory.businessmodel.test.dll" id="0056fa1a-9326-7401-8d3a-9b75b13b0379">
      <Execution id="7956bbde-2ca5-4ec6-b31b-e044427a6c73" />
      <TestMethod codeBase="E:/Projects/SGIInventory/SGInvetory/SGInventory.BusinessModel.Test/bin/Debug/SGInventory.BusinessModel.Test.DLL" adapterTypeName="Microsoft.VisualStudio.TestTools.TestTypes.Unit.UnitTestAdapter, Microsoft.VisualStudio.QualityTools.Tips.UnitTest.Adapter, Version=10.0.0.0, Culture=neutral, PublicKeyToken=b03f5f7f11d50a3a" className="SGInventory.BusinessModel.Test.UserBusinessModelTest, SGInventory.BusinessModel.Test, Version=1.0.0.0, Culture=neutral, PublicKeyToken=null" name="SelectByUserName_GivenUserNameIsInValid_ReturnIsNull" />
    </UnitTest>
    <UnitTest name="DeleteSelectedModels_GivenTheUserSayYes_Test" storage="e:\projects\sgiinventory\sginvetory\sginventory.presenters.test\bin\debug\sginventory.presenters.test.dll" id="903fb00e-c93d-a6f1-38b6-fbf60296a921">
      <Execution id="fc109669-8fde-4e99-8ba6-ae6e7369338e" />
      <TestMethod codeBase="E:/Projects/SGIInventory/SGInvetory/SGInventory.Presenters.Test/bin/Debug/SGInventory.Presenters.Test.DLL" adapterTypeName="Microsoft.VisualStudio.TestTools.TestTypes.Unit.UnitTestAdapter, Microsoft.VisualStudio.QualityTools.Tips.UnitTest.Adapter, Version=10.0.0.0, Culture=neutral, PublicKeyToken=b03f5f7f11d50a3a" className="SGInventory.Presenters.Test.UserSearchPresenterTest, SGInventory.Presenters.Test, Version=1.0.0.0, Culture=neutral, PublicKeyToken=null" name="DeleteSelectedModels_GivenTheUserSayYes_Test" />
    </UnitTest>
    <UnitTest name="SaveOrUpdateGivenItIsNotNewAndNoChangesMadeEitherInPricesTest" storage="e:\projects\sgiinventory\sginvetory\sginvetory.dal.test\bin\debug\sginventory.dal.test.dll" id="fd3f812c-4d5f-910e-eb41-9e47697fcd83">
      <Execution id="f8377929-8ec5-49a2-bc8f-6ffc294af568" />
      <TestMethod codeBase="E:/Projects/SGIInventory/SGInvetory/SGInvetory.DAL.Test/bin/Debug/SGInventory.DAL.Test.DLL" adapterTypeName="Microsoft.VisualStudio.TestTools.TestTypes.Unit.UnitTestAdapter, Microsoft.VisualStudio.QualityTools.Tips.UnitTest.Adapter, Version=10.0.0.0, Culture=neutral, PublicKeyToken=b03f5f7f11d50a3a" className="SGInvetory.DAL.Test.ProductDalTest, SGInventory.DAL.Test, Version=1.0.0.0, Culture=neutral, PublicKeyToken=null" name="SaveOrUpdateGivenItIsNotNewAndNoChangesMadeEitherInPricesTest" />
    </UnitTest>
    <UnitTest name="DeleteSelectedCategories_GivenNoCategoriesIsSelected_Test" storage="e:\projects\sgiinventory\sginvetory\sginventory.presenters.test\bin\debug\sginventory.presenters.test.dll" id="91f89080-c6a4-4bad-6f96-c995d1350531">
      <Execution id="57213bcc-493e-4426-867d-f0689bfb5ce2" />
      <TestMethod codeBase="E:/Projects/SGIInventory/SGInvetory/SGInventory.Presenters.Test/bin/Debug/SGInventory.Presenters.Test.DLL" adapterTypeName="Microsoft.VisualStudio.TestTools.TestTypes.Unit.UnitTestAdapter, Microsoft.VisualStudio.QualityTools.Tips.UnitTest.Adapter, Version=10.0.0.0, Culture=neutral, PublicKeyToken=b03f5f7f11d50a3a" className="SGInventory.Presenters.Test.CategorySearchPresenterTest, SGInventory.Presenters.Test, Version=1.0.0.0, Culture=neutral, PublicKeyToken=null" name="DeleteSelectedCategories_GivenNoCategoriesIsSelected_Test" />
    </UnitTest>
    <UnitTest name="SelectBySp_GivenThereIsAParameter_ReturnShouldBeInList" storage="e:\projects\sgiinventory\sginvetory\sginvetory.dal.test\bin\debug\sginventory.dal.test.dll" id="dc5fcc51-28b7-c825-af7e-1f9e6127efbe">
      <Execution id="6749e1a6-65f2-4e6a-9fde-e397b0c455b5" />
      <TestMethod codeBase="E:/Projects/SGIInventory/SGInvetory/SGInvetory.DAL.Test/bin/Debug/SGInventory.DAL.Test.DLL" adapterTypeName="Microsoft.VisualStudio.TestTools.TestTypes.Unit.UnitTestAdapter, Microsoft.VisualStudio.QualityTools.Tips.UnitTest.Adapter, Version=10.0.0.0, Culture=neutral, PublicKeyToken=b03f5f7f11d50a3a" className="SGInventory.DAL.Test.ColorDalTest, SGInventory.DAL.Test, Version=1.0.0.0, Culture=neutral, PublicKeyToken=null" name="SelectBySp_GivenThereIsAParameter_ReturnShouldBeInList" />
    </UnitTest>
    <UnitTest name="FileOkTest" storage="e:\projects\sgiinventory\sginvetory\sginventory.presenters.test\bin\debug\sginventory.presenters.test.dll" id="bd35bc43-c02f-8b41-e0fb-e420f002893a">
      <Execution id="c6c52a81-ce62-418f-8082-ac13cf65dd99" />
      <TestMethod codeBase="E:/Projects/SGIInventory/SGInvetory/SGInventory.Presenters.Test/bin/Debug/SGInventory.Presenters.Test.DLL" adapterTypeName="Microsoft.VisualStudio.TestTools.TestTypes.Unit.UnitTestAdapter, Microsoft.VisualStudio.QualityTools.Tips.UnitTest.Adapter, Version=10.0.0.0, Culture=neutral, PublicKeyToken=b03f5f7f11d50a3a" className="SGInventory.Presenters.Test.ProductDetailEditPresenterTest, SGInventory.Presenters.Test, Version=1.0.0.0, Culture=neutral, PublicKeyToken=null" name="FileOkTest" />
    </UnitTest>
    <UnitTest name="DisableOrEnableSaveDeliveryButton_Given_All_Has_Values_And_Status_Is_Good_Enable_Test" storage="e:\projects\sgiinventory\sginvetory\sginventory.presenters.test\bin\debug\sginventory.presenters.test.dll" id="3723b7e7-788b-5811-09c3-e80dac9c435b">
      <Execution id="e537534f-405f-422e-a7b8-e9f7bcc819e3" />
      <TestMethod codeBase="E:/Projects/SGIInventory/SGInvetory/SGInventory.Presenters.Test/bin/Debug/SGInventory.Presenters.Test.DLL" adapterTypeName="Microsoft.VisualStudio.TestTools.TestTypes.Unit.UnitTestAdapter, Microsoft.VisualStudio.QualityTools.Tips.UnitTest.Adapter, Version=10.0.0.0, Culture=neutral, PublicKeyToken=b03f5f7f11d50a3a" className="SGInventory.Presenters.Test.DeliveryPresenterTest, SGInventory.Presenters.Test, Version=1.0.0.0, Culture=neutral, PublicKeyToken=null" name="DisableOrEnableSaveDeliveryButton_Given_All_Has_Values_And_Status_Is_Good_Enable_Test" />
    </UnitTest>
    <UnitTest name="SaveDelivery_Test" storage="e:\projects\sgiinventory\sginvetory\sginvetory.dal.test\bin\debug\sginventory.dal.test.dll" id="d287e19e-aeee-0bd4-d732-0ee2351a7e8c">
      <Execution id="6539a74d-9965-44ce-8ead-6058fa09f4d1" />
      <TestMethod codeBase="E:/Projects/SGIInventory/SGInvetory/SGInvetory.DAL.Test/bin/Debug/SGInventory.DAL.Test.DLL" adapterTypeName="Microsoft.VisualStudio.TestTools.TestTypes.Unit.UnitTestAdapter, Microsoft.VisualStudio.QualityTools.Tips.UnitTest.Adapter, Version=10.0.0.0, Culture=neutral, PublicKeyToken=b03f5f7f11d50a3a" className="SGInventory.DAL.Test.DeliveryDalTest, SGInventory.DAL.Test, Version=1.0.0.0, Culture=neutral, PublicKeyToken=null" name="SaveDelivery_Test" />
    </UnitTest>
    <UnitTest name="UniqueNameKeypress_GivenThatTextHasLength_ShouldReturnTrue_Test" storage="e:\projects\sgiinventory\sginvetory\sginventory.presenters.test\bin\debug\sginventory.presenters.test.dll" id="e289fc3f-3ffc-efa4-7e69-7ef09617ff37">
      <Execution id="0447d73f-a9be-4f84-a7d1-e0ec1babf924" />
      <TestMethod codeBase="E:/Projects/SGIInventory/SGInvetory/SGInventory.Presenters.Test/bin/Debug/SGInventory.Presenters.Test.DLL" adapterTypeName="Microsoft.VisualStudio.TestTools.TestTypes.Unit.UnitTestAdapter, Microsoft.VisualStudio.QualityTools.Tips.UnitTest.Adapter, Version=10.0.0.0, Culture=neutral, PublicKeyToken=b03f5f7f11d50a3a" className="SGInventory.Presenters.Test.SupplierEditPresenterTest, SGInventory.Presenters.Test, Version=1.0.0.0, Culture=neutral, PublicKeyToken=null" name="UniqueNameKeypress_GivenThatTextHasLength_ShouldReturnTrue_Test" />
    </UnitTest>
    <UnitTest name="Save_GivenStockNumberExceedTheMaximumLength_Test" storage="e:\projects\sgiinventory\sginvetory\sginventory.presenters.test\bin\debug\sginventory.presenters.test.dll" id="855b321e-a282-389b-e3a4-aeb250d3a6da">
      <Execution id="11508904-1aee-4787-8912-dc4812b64df9" />
      <TestMethod codeBase="E:/Projects/SGIInventory/SGInvetory/SGInventory.Presenters.Test/bin/Debug/SGInventory.Presenters.Test.DLL" adapterTypeName="Microsoft.VisualStudio.TestTools.TestTypes.Unit.UnitTestAdapter, Microsoft.VisualStudio.QualityTools.Tips.UnitTest.Adapter, Version=10.0.0.0, Culture=neutral, PublicKeyToken=b03f5f7f11d50a3a" className="SGInventory.Presenters.Test.ProductEditPresenterTest, SGInventory.Presenters.Test, Version=1.0.0.0, Culture=neutral, PublicKeyToken=null" name="Save_GivenStockNumberExceedTheMaximumLength_Test" />
    </UnitTest>
    <UnitTest name="SaveModel_GivenModelExistsValidFieldsUserNameAlreadyExistsQueryHasResult_ResultSuccessfull" storage="e:\projects\sgiinventory\sginvetory\sginventory.businessmodel.test\bin\debug\sginventory.businessmodel.test.dll" id="ec6ba0e5-08d7-cc71-515b-b96a4a657f77">
      <Execution id="d277fdec-4733-489b-9738-97de76382571" />
      <TestMethod codeBase="E:/Projects/SGIInventory/SGInvetory/SGInventory.BusinessModel.Test/bin/Debug/SGInventory.BusinessModel.Test.DLL" adapterTypeName="Microsoft.VisualStudio.TestTools.TestTypes.Unit.UnitTestAdapter, Microsoft.VisualStudio.QualityTools.Tips.UnitTest.Adapter, Version=10.0.0.0, Culture=neutral, PublicKeyToken=b03f5f7f11d50a3a" className="SGInventory.BusinessModel.Test.UserBusinessModelTest, SGInventory.BusinessModel.Test, Version=1.0.0.0, Culture=neutral, PublicKeyToken=null" name="SaveModel_GivenModelExistsValidFieldsUserNameAlreadyExistsQueryHasResult_ResultSuccessfull" />
    </UnitTest>
    <UnitTest name="Keypress_GivenThatNameHasNoLengthCodeHasLength_ShouldReturnTrue_Test" storage="e:\projects\sgiinventory\sginvetory\sginventory.presenters.test\bin\debug\sginventory.presenters.test.dll" id="0c0afd9d-ff7d-33fb-b885-9b266d132826">
      <Execution id="0bd3b885-598c-4367-8fa3-af6f13fcee24" />
      <TestMethod codeBase="E:/Projects/SGIInventory/SGInvetory/SGInventory.Presenters.Test/bin/Debug/SGInventory.Presenters.Test.DLL" adapterTypeName="Microsoft.VisualStudio.TestTools.TestTypes.Unit.UnitTestAdapter, Microsoft.VisualStudio.QualityTools.Tips.UnitTest.Adapter, Version=10.0.0.0, Culture=neutral, PublicKeyToken=b03f5f7f11d50a3a" className="SGInventory.Presenters.Test.ColorEditPresenterTest, SGInventory.Presenters.Test, Version=1.0.0.0, Culture=neutral, PublicKeyToken=null" name="Keypress_GivenThatNameHasNoLengthCodeHasLength_ShouldReturnTrue_Test" />
    </UnitTest>
    <UnitTest name="SaveDelivery_Test" storage="e:\projects\sgiinventory\sginvetory\sginventory.businessmodel.test\bin\debug\sginventory.businessmodel.test.dll" id="147c09ea-c7c5-8744-29a6-a73b964a4d82">
      <Execution id="bbca9d94-78a8-4807-9e10-69016844a1e5" />
      <TestMethod codeBase="E:/Projects/SGIInventory/SGInvetory/SGInventory.BusinessModel.Test/bin/Debug/SGInventory.BusinessModel.Test.DLL" adapterTypeName="Microsoft.VisualStudio.TestTools.TestTypes.Unit.UnitTestAdapter, Microsoft.VisualStudio.QualityTools.Tips.UnitTest.Adapter, Version=10.0.0.0, Culture=neutral, PublicKeyToken=b03f5f7f11d50a3a" className="SGInventory.BusinessModel.Test.DeliveryBusinessModelTest, SGInventory.BusinessModel.Test, Version=1.0.0.0, Culture=neutral, PublicKeyToken=null" name="SaveDelivery_Test" />
    </UnitTest>
    <UnitTest name="DeleteSelectedCategories_GivenTheUserSayYes_Test" storage="e:\projects\sgiinventory\sginvetory\sginventory.presenters.test\bin\debug\sginventory.presenters.test.dll" id="e2757431-6e59-464c-fd75-8d4213a71012">
      <Execution id="8e497bb2-560c-4155-a466-2ca4c701e449" />
      <TestMethod codeBase="E:/Projects/SGIInventory/SGInvetory/SGInventory.Presenters.Test/bin/Debug/SGInventory.Presenters.Test.DLL" adapterTypeName="Microsoft.VisualStudio.TestTools.TestTypes.Unit.UnitTestAdapter, Microsoft.VisualStudio.QualityTools.Tips.UnitTest.Adapter, Version=10.0.0.0, Culture=neutral, PublicKeyToken=b03f5f7f11d50a3a" className="SGInventory.Presenters.Test.CategorySearchPresenterTest, SGInventory.Presenters.Test, Version=1.0.0.0, Culture=neutral, PublicKeyToken=null" name="DeleteSelectedCategories_GivenTheUserSayYes_Test" />
    </UnitTest>
    <UnitTest name="ValidationError_GivenPasswordExceedsTheLimit_Test" storage="e:\projects\sgiinventory\sginvetory\sginventory.presenters.test\bin\debug\sginventory.presenters.test.dll" id="1f04af71-263d-c728-47da-8c7e048a3ef8">
      <Execution id="20e6ec05-40f4-46a8-b6c2-f657f1875022" />
      <TestMethod codeBase="E:/Projects/SGIInventory/SGInvetory/SGInventory.Presenters.Test/bin/Debug/SGInventory.Presenters.Test.DLL" adapterTypeName="Microsoft.VisualStudio.TestTools.TestTypes.Unit.UnitTestAdapter, Microsoft.VisualStudio.QualityTools.Tips.UnitTest.Adapter, Version=10.0.0.0, Culture=neutral, PublicKeyToken=b03f5f7f11d50a3a" className="SGInventory.Presenters.Test.UserEditPresenterTest, SGInventory.Presenters.Test, Version=1.0.0.0, Culture=neutral, PublicKeyToken=null" name="ValidationError_GivenPasswordExceedsTheLimit_Test" />
    </UnitTest>
    <UnitTest name="Keypress_GivenThatNameAndCodeHasLength_ShouldReturnTrue_Test" storage="e:\projects\sgiinventory\sginvetory\sginventory.presenters.test\bin\debug\sginventory.presenters.test.dll" id="2ea5a3a3-ecb4-6b00-0a0f-8c9b6adb9c72">
      <Execution id="6a9656c7-90d8-4579-8238-83cd0341e95a" />
      <TestMethod codeBase="E:/Projects/SGIInventory/SGInvetory/SGInventory.Presenters.Test/bin/Debug/SGInventory.Presenters.Test.DLL" adapterTypeName="Microsoft.VisualStudio.TestTools.TestTypes.Unit.UnitTestAdapter, Microsoft.VisualStudio.QualityTools.Tips.UnitTest.Adapter, Version=10.0.0.0, Culture=neutral, PublicKeyToken=b03f5f7f11d50a3a" className="SGInventory.Presenters.Test.ProductEditPresenterTest, SGInventory.Presenters.Test, Version=1.0.0.0, Culture=neutral, PublicKeyToken=null" name="Keypress_GivenThatNameAndCodeHasLength_ShouldReturnTrue_Test" />
    </UnitTest>
    <UnitTest name="LogIn_GivenCredential_IsNotValid_ResultClosingOfLogInForm" storage="e:\projects\sgiinventory\sginvetory\sginventory.presenters.test\bin\debug\sginventory.presenters.test.dll" id="522d6872-2659-d936-50bb-a94edcfd5657">
      <Execution id="3e9b4ce2-d45f-4940-81d8-eed2d706f6e6" />
      <TestMethod codeBase="E:/Projects/SGIInventory/SGInvetory/SGInventory.Presenters.Test/bin/Debug/SGInventory.Presenters.Test.DLL" adapterTypeName="Microsoft.VisualStudio.TestTools.TestTypes.Unit.UnitTestAdapter, Microsoft.VisualStudio.QualityTools.Tips.UnitTest.Adapter, Version=10.0.0.0, Culture=neutral, PublicKeyToken=b03f5f7f11d50a3a" className="SGInventory.Presenters.Test.LogInPresenterTest, SGInventory.Presenters.Test, Version=1.0.0.0, Culture=neutral, PublicKeyToken=null" name="LogIn_GivenCredential_IsNotValid_ResultClosingOfLogInForm" />
    </UnitTest>
    <UnitTest name="LoadAllWashings_Test" storage="e:\projects\sgiinventory\sginvetory\sginventory.presenters.test\bin\debug\sginventory.presenters.test.dll" id="d1234bf1-5caa-bc00-2a86-e1d1c42d393d">
      <Execution id="70c55009-f399-428a-8323-1edceb5560a1" />
      <TestMethod codeBase="E:/Projects/SGIInventory/SGInvetory/SGInventory.Presenters.Test/bin/Debug/SGInventory.Presenters.Test.DLL" adapterTypeName="Microsoft.VisualStudio.TestTools.TestTypes.Unit.UnitTestAdapter, Microsoft.VisualStudio.QualityTools.Tips.UnitTest.Adapter, Version=10.0.0.0, Culture=neutral, PublicKeyToken=b03f5f7f11d50a3a" className="SGInventory.Presenters.Test.ProductDetailEditPresenterTest, SGInventory.Presenters.Test, Version=1.0.0.0, Culture=neutral, PublicKeyToken=null" name="LoadAllWashings_Test" />
    </UnitTest>
    <UnitTest name="Save_GivenProduct_Has_Invalid_Format_Test" storage="e:\projects\sgiinventory\sginvetory\sginventory.businessmodel.test\bin\debug\sginventory.businessmodel.test.dll" id="0e66a20e-15e7-efc1-1cee-1089362a85c7">
      <Execution id="5e85c3f4-b6b2-4648-b267-c15f0a8d1b57" />
      <TestMethod codeBase="E:/Projects/SGIInventory/SGInvetory/SGInventory.BusinessModel.Test/bin/Debug/SGInventory.BusinessModel.Test.DLL" adapterTypeName="Microsoft.VisualStudio.TestTools.TestTypes.Unit.UnitTestAdapter, Microsoft.VisualStudio.QualityTools.Tips.UnitTest.Adapter, Version=10.0.0.0, Culture=neutral, PublicKeyToken=b03f5f7f11d50a3a" className="SGInventory.BusinessModel.Test.ProductBusinessModelTest, SGInventory.BusinessModel.Test, Version=1.0.0.0, Culture=neutral, PublicKeyToken=null" name="Save_GivenProduct_Has_Invalid_Format_Test" />
    </UnitTest>
    <UnitTest name="DeleteSelectedModels_GivenTheUserSayYes_Test" storage="e:\projects\sgiinventory\sginvetory\sginventory.presenters.test\bin\debug\sginventory.presenters.test.dll" id="897dd9d9-334c-5077-5f76-238e1faafba6">
      <Execution id="014dc29f-2aa9-4671-9993-98ff70d96120" />
      <TestMethod codeBase="E:/Projects/SGIInventory/SGInvetory/SGInventory.Presenters.Test/bin/Debug/SGInventory.Presenters.Test.DLL" adapterTypeName="Microsoft.VisualStudio.TestTools.TestTypes.Unit.UnitTestAdapter, Microsoft.VisualStudio.QualityTools.Tips.UnitTest.Adapter, Version=10.0.0.0, Culture=neutral, PublicKeyToken=b03f5f7f11d50a3a" className="SGInventory.Presenters.Test.SupplierSearchPresenterTest, SGInventory.Presenters.Test, Version=1.0.0.0, Culture=neutral, PublicKeyToken=null" name="DeleteSelectedModels_GivenTheUserSayYes_Test" />
    </UnitTest>
    <UnitTest name="SaveSize_GivenThatCodeAndNameNotExistsCreateNewSize_ResultSuccessfullPopUpMessage_Test" storage="e:\projects\sgiinventory\sginvetory\sginventory.presenters.test\bin\debug\sginventory.presenters.test.dll" id="f5a26ee6-6227-c30f-962f-97ef7e960054">
      <Execution id="f9cacd3a-6ab0-4577-8250-0c6c48490dac" />
      <TestMethod codeBase="E:/Projects/SGIInventory/SGInvetory/SGInventory.Presenters.Test/bin/Debug/SGInventory.Presenters.Test.DLL" adapterTypeName="Microsoft.VisualStudio.TestTools.TestTypes.Unit.UnitTestAdapter, Microsoft.VisualStudio.QualityTools.Tips.UnitTest.Adapter, Version=10.0.0.0, Culture=neutral, PublicKeyToken=b03f5f7f11d50a3a" className="SGInventory.Presenters.Test.SizeEditPresenterTest, SGInventory.Presenters.Test, Version=1.0.0.0, Culture=neutral, PublicKeyToken=null" name="SaveSize_GivenThatCodeAndNameNotExistsCreateNewSize_ResultSuccessfullPopUpMessage_Test" />
    </UnitTest>
    <UnitTest name="Save_GivenCodeExceedTheMaximumLength_Test" storage="e:\projects\sgiinventory\sginvetory\sginventory.presenters.test\bin\debug\sginventory.presenters.test.dll" id="fe624345-1abc-5cbc-eecf-d2bb406464f4">
      <Execution id="391026fc-e730-4811-a06d-501937133858" />
      <TestMethod codeBase="E:/Projects/SGIInventory/SGInvetory/SGInventory.Presenters.Test/bin/Debug/SGInventory.Presenters.Test.DLL" adapterTypeName="Microsoft.VisualStudio.TestTools.TestTypes.Unit.UnitTestAdapter, Microsoft.VisualStudio.QualityTools.Tips.UnitTest.Adapter, Version=10.0.0.0, Culture=neutral, PublicKeyToken=b03f5f7f11d50a3a" className="SGInventory.Presenters.Test.SizeEditPresenterTest, SGInventory.Presenters.Test, Version=1.0.0.0, Culture=neutral, PublicKeyToken=null" name="Save_GivenCodeExceedTheMaximumLength_Test" />
    </UnitTest>
    <UnitTest name="DeleteSelectedModels_GivenTheUserSayNo_Test" storage="e:\projects\sgiinventory\sginvetory\sginventory.presenters.test\bin\debug\sginventory.presenters.test.dll" id="984634c2-4b56-0534-6981-951a3cda6a6c">
      <Execution id="537088fc-8ff8-48b5-8cb5-be662770a280" />
      <TestMethod codeBase="E:/Projects/SGIInventory/SGInvetory/SGInventory.Presenters.Test/bin/Debug/SGInventory.Presenters.Test.DLL" adapterTypeName="Microsoft.VisualStudio.TestTools.TestTypes.Unit.UnitTestAdapter, Microsoft.VisualStudio.QualityTools.Tips.UnitTest.Adapter, Version=10.0.0.0, Culture=neutral, PublicKeyToken=b03f5f7f11d50a3a" className="SGInventory.Presenters.Test.ProductSearchPresenterTest, SGInventory.Presenters.Test, Version=1.0.0.0, Culture=neutral, PublicKeyToken=null" name="DeleteSelectedModels_GivenTheUserSayNo_Test" />
    </UnitTest>
    <UnitTest name="DeleteSelectedModels_GivenTheUserSayYes_Test" storage="e:\projects\sgiinventory\sginvetory\sginventory.presenters.test\bin\debug\sginventory.presenters.test.dll" id="b981fe1f-39d2-24b8-ff07-c5c0752792c0">
      <Execution id="840db251-b957-411c-86e6-19ffcde8d7d0" />
      <TestMethod codeBase="E:/Projects/SGIInventory/SGInvetory/SGInventory.Presenters.Test/bin/Debug/SGInventory.Presenters.Test.DLL" adapterTypeName="Microsoft.VisualStudio.TestTools.TestTypes.Unit.UnitTestAdapter, Microsoft.VisualStudio.QualityTools.Tips.UnitTest.Adapter, Version=10.0.0.0, Culture=neutral, PublicKeyToken=b03f5f7f11d50a3a" className="SGInventory.Presenters.Test.ProductDetailSearchPresenterTest, SGInventory.Presenters.Test, Version=1.0.0.0, Culture=neutral, PublicKeyToken=null" name="DeleteSelectedModels_GivenTheUserSayYes_Test" />
    </UnitTest>
    <UnitTest name="LoadDamageStatusTest" storage="e:\projects\sgiinventory\sginvetory\sginventory.presenters.test\bin\debug\sginventory.presenters.test.dll" id="542dead6-ed10-9222-74f9-a41b9a960344">
      <Execution id="3bd5f703-2a97-4fec-891c-493dd702736b" />
      <TestMethod codeBase="E:/Projects/SGIInventory/SGInvetory/SGInventory.Presenters.Test/bin/Debug/SGInventory.Presenters.Test.DLL" adapterTypeName="Microsoft.VisualStudio.TestTools.TestTypes.Unit.UnitTestAdapter, Microsoft.VisualStudio.QualityTools.Tips.UnitTest.Adapter, Version=10.0.0.0, Culture=neutral, PublicKeyToken=b03f5f7f11d50a3a" className="SGInventory.Presenters.Test.DeliveryPresenterTest, SGInventory.Presenters.Test, Version=1.0.0.0, Culture=neutral, PublicKeyToken=null" name="LoadDamageStatusTest" />
    </UnitTest>
    <UnitTest name="LoadCategory_GivenTheCategoryIsNotNull" storage="e:\projects\sgiinventory\sginvetory\sginventory.presenters.test\bin\debug\sginventory.presenters.test.dll" id="3126f73e-926a-ba67-febe-556911025421">
      <Execution id="39be12f8-7b96-4e66-b77e-90f619e3ed6e" />
      <TestMethod codeBase="E:/Projects/SGIInventory/SGInvetory/SGInventory.Presenters.Test/bin/Debug/SGInventory.Presenters.Test.DLL" adapterTypeName="Microsoft.VisualStudio.TestTools.TestTypes.Unit.UnitTestAdapter, Microsoft.VisualStudio.QualityTools.Tips.UnitTest.Adapter, Version=10.0.0.0, Culture=neutral, PublicKeyToken=b03f5f7f11d50a3a" className="SGInventory.Presenters.Test.CategoryEditPresenterTest, SGInventory.Presenters.Test, Version=1.0.0.0, Culture=neutral, PublicKeyToken=null" name="LoadCategory_GivenTheCategoryIsNotNull" />
    </UnitTest>
    <UnitTest name="LogIn_GivenUserHasInCorrectCredentials_ReturnUserModelObjectWhichIsNull" storage="e:\projects\sgiinventory\sginvetory\sginventory.businessmodel.test\bin\debug\sginventory.businessmodel.test.dll" id="cfceec20-fceb-2b80-9704-9b44d5752d44">
      <Execution id="c079a2aa-f87a-4363-9de5-e45e719c271d" />
      <TestMethod codeBase="E:/Projects/SGIInventory/SGInvetory/SGInventory.BusinessModel.Test/bin/Debug/SGInventory.BusinessModel.Test.DLL" adapterTypeName="Microsoft.VisualStudio.TestTools.TestTypes.Unit.UnitTestAdapter, Microsoft.VisualStudio.QualityTools.Tips.UnitTest.Adapter, Version=10.0.0.0, Culture=neutral, PublicKeyToken=b03f5f7f11d50a3a" className="SGInventory.BusinessModel.Test.UserBusinessModelTest, SGInventory.BusinessModel.Test, Version=1.0.0.0, Culture=neutral, PublicKeyToken=null" name="LogIn_GivenUserHasInCorrectCredentials_ReturnUserModelObjectWhichIsNull" />
    </UnitTest>
    <UnitTest name="LoadCategories_GivenAllCategories_Test" storage="e:\projects\sgiinventory\sginvetory\sginventory.presenters.test\bin\debug\sginventory.presenters.test.dll" id="527eb1f6-ec50-84f4-f44a-98c31b904503">
      <Execution id="489d69c1-b7b3-4ee9-a382-b805d1d94452" />
      <TestMethod codeBase="E:/Projects/SGIInventory/SGInvetory/SGInventory.Presenters.Test/bin/Debug/SGInventory.Presenters.Test.DLL" adapterTypeName="Microsoft.VisualStudio.TestTools.TestTypes.Unit.UnitTestAdapter, Microsoft.VisualStudio.QualityTools.Tips.UnitTest.Adapter, Version=10.0.0.0, Culture=neutral, PublicKeyToken=b03f5f7f11d50a3a" className="SGInventory.Presenters.Test.CategorySearchPresenterTest, SGInventory.Presenters.Test, Version=1.0.0.0, Culture=neutral, PublicKeyToken=null" name="LoadCategories_GivenAllCategories_Test" />
    </UnitTest>
    <UnitTest name="SaveDelivery_When_Exception" storage="e:\projects\sgiinventory\sginvetory\sginvetory.dal.test\bin\debug\sginventory.dal.test.dll" id="cb0d2037-228e-29e8-4b36-efc0b03f4ffb">
      <Execution id="747b8181-d225-46cc-9390-bb68c9df6ad5" />
      <TestMethod codeBase="E:/Projects/SGIInventory/SGInvetory/SGInvetory.DAL.Test/bin/Debug/SGInventory.DAL.Test.DLL" adapterTypeName="Microsoft.VisualStudio.TestTools.TestTypes.Unit.UnitTestAdapter, Microsoft.VisualStudio.QualityTools.Tips.UnitTest.Adapter, Version=10.0.0.0, Culture=neutral, PublicKeyToken=b03f5f7f11d50a3a" className="SGInventory.DAL.Test.DeliveryDalTest, SGInventory.DAL.Test, Version=1.0.0.0, Culture=neutral, PublicKeyToken=null" name="SaveDelivery_When_Exception" />
    </UnitTest>
    <UnitTest name="SaveCategory_GivenThanNameNotExistsCategoryAlreadyExists_ResultSuccessfullPopUpMessage_Test" storage="e:\projects\sgiinventory\sginvetory\sginventory.presenters.test\bin\debug\sginventory.presenters.test.dll" id="16375c49-1283-7bfd-0195-fc76965ea591">
      <Execution id="f5cbac58-3be2-406b-b6d3-9c62fcc9e422" />
      <TestMethod codeBase="E:/Projects/SGIInventory/SGInvetory/SGInventory.Presenters.Test/bin/Debug/SGInventory.Presenters.Test.DLL" adapterTypeName="Microsoft.VisualStudio.TestTools.TestTypes.Unit.UnitTestAdapter, Microsoft.VisualStudio.QualityTools.Tips.UnitTest.Adapter, Version=10.0.0.0, Culture=neutral, PublicKeyToken=b03f5f7f11d50a3a" className="SGInventory.Presenters.Test.CategoryEditPresenterTest, SGInventory.Presenters.Test, Version=1.0.0.0, Culture=neutral, PublicKeyToken=null" name="SaveCategory_GivenThanNameNotExistsCategoryAlreadyExists_ResultSuccessfullPopUpMessage_Test" />
    </UnitTest>
    <UnitTest name="SaveCategory_GivenTheNameExistsOnSameIdUpdate_ResultSuccessfull" storage="e:\projects\sgiinventory\sginvetory\sginventory.businessmodel.test\bin\debug\sginventory.businessmodel.test.dll" id="d6c79607-eac7-8700-9580-338d0db8cbad">
      <Execution id="9e59cf01-a526-42f6-add9-ffa93920eddd" />
      <TestMethod codeBase="E:/Projects/SGIInventory/SGInvetory/SGInventory.BusinessModel.Test/bin/Debug/SGInventory.BusinessModel.Test.DLL" adapterTypeName="Microsoft.VisualStudio.TestTools.TestTypes.Unit.UnitTestAdapter, Microsoft.VisualStudio.QualityTools.Tips.UnitTest.Adapter, Version=10.0.0.0, Culture=neutral, PublicKeyToken=b03f5f7f11d50a3a" className="SGInventory.Business.Model.CategoryBusinessModelTest, SGInventory.BusinessModel.Test, Version=1.0.0.0, Culture=neutral, PublicKeyToken=null" name="SaveCategory_GivenTheNameExistsOnSameIdUpdate_ResultSuccessfull" />
    </UnitTest>
    <UnitTest name="DisableOrEnableSaveDeliveryButton_GivenInputDamageIsFabricAndEmptyDescription_Test" storage="e:\projects\sgiinventory\sginvetory\sginventory.presenters.test\bin\debug\sginventory.presenters.test.dll" id="0c517588-31c4-72ad-5cbd-e8cda94d0273">
      <Execution id="27d7b041-5f37-4ac0-9f08-36cc5b6da626" />
      <TestMethod codeBase="E:/Projects/SGIInventory/SGInvetory/SGInventory.Presenters.Test/bin/Debug/SGInventory.Presenters.Test.DLL" adapterTypeName="Microsoft.VisualStudio.TestTools.TestTypes.Unit.UnitTestAdapter, Microsoft.VisualStudio.QualityTools.Tips.UnitTest.Adapter, Version=10.0.0.0, Culture=neutral, PublicKeyToken=b03f5f7f11d50a3a" className="SGInventory.Presenters.Test.DeliveryPresenterTest, SGInventory.Presenters.Test, Version=1.0.0.0, Culture=neutral, PublicKeyToken=null" name="DisableOrEnableSaveDeliveryButton_GivenInputDamageIsFabricAndEmptyDescription_Test" />
    </UnitTest>
    <UnitTest name="SelectAllTest" storage="e:\projects\sgiinventory\sginvetory\sginvetory.dal.test\bin\debug\sginventory.dal.test.dll" id="3d9363bb-e20b-8d5f-1837-7d1283731560">
      <Execution id="7bfde824-8243-4d59-a656-739edd4f3e20" />
      <TestMethod codeBase="E:/Projects/SGIInventory/SGInvetory/SGInvetory.DAL.Test/bin/Debug/SGInventory.DAL.Test.DLL" adapterTypeName="Microsoft.VisualStudio.TestTools.TestTypes.Unit.UnitTestAdapter, Microsoft.VisualStudio.QualityTools.Tips.UnitTest.Adapter, Version=10.0.0.0, Culture=neutral, PublicKeyToken=b03f5f7f11d50a3a" className="SGInventory.DAL.Test.CategoryDalTest, SGInventory.DAL.Test, Version=1.0.0.0, Culture=neutral, PublicKeyToken=null" name="SelectAllTest" />
    </UnitTest>
    <UnitTest name="SelectByPrimaryId_GivenTheIdNotExists_ShouldReturnEmptyCollectionTest" storage="e:\projects\sgiinventory\sginvetory\sginventory.businessmodel.test\bin\debug\sginventory.businessmodel.test.dll" id="fd94a609-fe90-6d48-120d-583308d09a13">
      <Execution id="3b2495fb-eff4-42e1-8d28-06e5561e3208" />
      <TestMethod codeBase="E:/Projects/SGIInventory/SGInvetory/SGInventory.BusinessModel.Test/bin/Debug/SGInventory.BusinessModel.Test.DLL" adapterTypeName="Microsoft.VisualStudio.TestTools.TestTypes.Unit.UnitTestAdapter, Microsoft.VisualStudio.QualityTools.Tips.UnitTest.Adapter, Version=10.0.0.0, Culture=neutral, PublicKeyToken=b03f5f7f11d50a3a" className="SGInventory.BusinessModel.Test.UserBusinessModelTest, SGInventory.BusinessModel.Test, Version=1.0.0.0, Culture=neutral, PublicKeyToken=null" name="SelectByPrimaryId_GivenTheIdNotExists_ShouldReturnEmptyCollectionTest" />
    </UnitTest>
    <UnitTest name="UniqueNameKeypress_GivenThatTextHasLength_ShouldReturnTrue_Test" storage="e:\projects\sgiinventory\sginvetory\sginventory.presenters.test\bin\debug\sginventory.presenters.test.dll" id="ec42ef37-e34f-1c1a-71dd-2c376f1dc2ec">
      <Execution id="0d69f394-e877-441c-958c-0cae1b68eaeb" />
      <TestMethod codeBase="E:/Projects/SGIInventory/SGInvetory/SGInventory.Presenters.Test/bin/Debug/SGInventory.Presenters.Test.DLL" adapterTypeName="Microsoft.VisualStudio.TestTools.TestTypes.Unit.UnitTestAdapter, Microsoft.VisualStudio.QualityTools.Tips.UnitTest.Adapter, Version=10.0.0.0, Culture=neutral, PublicKeyToken=b03f5f7f11d50a3a" className="SGInventory.Presenters.Test.CategoryEditPresenterTest, SGInventory.Presenters.Test, Version=1.0.0.0, Culture=neutral, PublicKeyToken=null" name="UniqueNameKeypress_GivenThatTextHasLength_ShouldReturnTrue_Test" />
    </UnitTest>
    <UnitTest name="ShouldEnable_AtleastOneKeyFieldsIsEmpty_ShouldReturnFalse" storage="e:\projects\sgiinventory\sginvetory\sginventory.presenters.test\bin\debug\sginventory.presenters.test.dll" id="b1c03645-3aca-6c97-bc6d-6a4b1ad89c2c">
      <Execution id="d7630397-572e-47be-9fc5-1d2445f7dd0e" />
      <TestMethod codeBase="E:/Projects/SGIInventory/SGInvetory/SGInventory.Presenters.Test/bin/Debug/SGInventory.Presenters.Test.DLL" adapterTypeName="Microsoft.VisualStudio.TestTools.TestTypes.Unit.UnitTestAdapter, Microsoft.VisualStudio.QualityTools.Tips.UnitTest.Adapter, Version=10.0.0.0, Culture=neutral, PublicKeyToken=b03f5f7f11d50a3a" className="SGInventory.Presenters.Test.UserEditPresenterTest, SGInventory.Presenters.Test, Version=1.0.0.0, Culture=neutral, PublicKeyToken=null" name="ShouldEnable_AtleastOneKeyFieldsIsEmpty_ShouldReturnFalse" />
    </UnitTest>
    <UnitTest name="DeleteSelectedModels_GivenTheUserSayNo_Test" storage="e:\projects\sgiinventory\sginvetory\sginventory.presenters.test\bin\debug\sginventory.presenters.test.dll" id="20cd243a-bbed-bddd-e146-90c77db91eac">
      <Execution id="021f83e5-2264-4c51-a230-b14ff3804886" />
      <TestMethod codeBase="E:/Projects/SGIInventory/SGInvetory/SGInventory.Presenters.Test/bin/Debug/SGInventory.Presenters.Test.DLL" adapterTypeName="Microsoft.VisualStudio.TestTools.TestTypes.Unit.UnitTestAdapter, Microsoft.VisualStudio.QualityTools.Tips.UnitTest.Adapter, Version=10.0.0.0, Culture=neutral, PublicKeyToken=b03f5f7f11d50a3a" className="SGInventory.Presenters.Test.OutletSearchPresenterTest, SGInventory.Presenters.Test, Version=1.0.0.0, Culture=neutral, PublicKeyToken=null" name="DeleteSelectedModels_GivenTheUserSayNo_Test" />
    </UnitTest>
    <UnitTest name="DeleteSelectedModels_GivenTheUserSayYes_Test" storage="e:\projects\sgiinventory\sginvetory\sginventory.presenters.test\bin\debug\sginventory.presenters.test.dll" id="515d385d-adca-9e39-0bea-536620a092c4">
      <Execution id="0c7cfed9-92db-4349-924a-aedd6550a9d3" />
      <TestMethod codeBase="E:/Projects/SGIInventory/SGInvetory/SGInventory.Presenters.Test/bin/Debug/SGInventory.Presenters.Test.DLL" adapterTypeName="Microsoft.VisualStudio.TestTools.TestTypes.Unit.UnitTestAdapter, Microsoft.VisualStudio.QualityTools.Tips.UnitTest.Adapter, Version=10.0.0.0, Culture=neutral, PublicKeyToken=b03f5f7f11d50a3a" className="SGInventory.Presenters.Test.WashingSearchPresenterTest, SGInventory.Presenters.Test, Version=1.0.0.0, Culture=neutral, PublicKeyToken=null" name="DeleteSelectedModels_GivenTheUserSayYes_Test" />
    </UnitTest>
    <UnitTest name="SaveDeliveryDetail_ReturnsException_Test" storage="e:\projects\sgiinventory\sginvetory\sginvetory.dal.test\bin\debug\sginventory.dal.test.dll" id="5c0dbced-b70d-a673-e256-41adf9ecfca9">
      <Execution id="23538843-a9e2-476a-88e7-609e18126f28" />
      <TestMethod codeBase="E:/Projects/SGIInventory/SGInvetory/SGInvetory.DAL.Test/bin/Debug/SGInventory.DAL.Test.DLL" adapterTypeName="Microsoft.VisualStudio.TestTools.TestTypes.Unit.UnitTestAdapter, Microsoft.VisualStudio.QualityTools.Tips.UnitTest.Adapter, Version=10.0.0.0, Culture=neutral, PublicKeyToken=b03f5f7f11d50a3a" className="SGInventory.DAL.Test.DeliveryDalTest, SGInventory.DAL.Test, Version=1.0.0.0, Culture=neutral, PublicKeyToken=null" name="SaveDeliveryDetail_ReturnsException_Test" />
    </UnitTest>
    <UnitTest name="LoadAllReferenceModel" storage="e:\projects\sgiinventory\sginvetory\sginventory.presenters.test\bin\debug\sginventory.presenters.test.dll" id="47d87f80-a67c-44f7-1df9-a42784191040">
      <Execution id="3c7841a0-66e1-41e6-89d5-a6d8e51559f2" />
      <TestMethod codeBase="E:/Projects/SGIInventory/SGInvetory/SGInventory.Presenters.Test/bin/Debug/SGInventory.Presenters.Test.DLL" adapterTypeName="Microsoft.VisualStudio.TestTools.TestTypes.Unit.UnitTestAdapter, Microsoft.VisualStudio.QualityTools.Tips.UnitTest.Adapter, Version=10.0.0.0, Culture=neutral, PublicKeyToken=b03f5f7f11d50a3a" className="SGInventory.Presenters.Test.ProductEditPresenterTest, SGInventory.Presenters.Test, Version=1.0.0.0, Culture=neutral, PublicKeyToken=null" name="LoadAllReferenceModel" />
    </UnitTest>
    <UnitTest name="SaveOutlet_GivenThanNameNotExistsOutletAlreadyExists_ResultSuccessfullPopUpMessage_Test" storage="e:\projects\sgiinventory\sginvetory\sginventory.presenters.test\bin\debug\sginventory.presenters.test.dll" id="8527f373-c40e-9e03-e98a-38a6f0f6619c">
      <Execution id="7d7487a5-3d56-43ef-82cf-ac3c42634224" />
      <TestMethod codeBase="E:/Projects/SGIInventory/SGInvetory/SGInventory.Presenters.Test/bin/Debug/SGInventory.Presenters.Test.DLL" adapterTypeName="Microsoft.VisualStudio.TestTools.TestTypes.Unit.UnitTestAdapter, Microsoft.VisualStudio.QualityTools.Tips.UnitTest.Adapter, Version=10.0.0.0, Culture=neutral, PublicKeyToken=b03f5f7f11d50a3a" className="SGInventory.Presenters.Test.OutletEditPresenterTest, SGInventory.Presenters.Test, Version=1.0.0.0, Culture=neutral, PublicKeyToken=null" name="SaveOutlet_GivenThanNameNotExistsOutletAlreadyExists_ResultSuccessfullPopUpMessage_Test" />
    </UnitTest>
    <UnitTest name="LoadCost_Given_All_Is_Given_And_ProductDetailOverrideCost_IsNull_Test" storage="e:\projects\sgiinventory\sginvetory\sginventory.presenters.test\bin\debug\sginventory.presenters.test.dll" id="a90dcb5c-5bc9-f719-7efd-3e8ef04ccecd">
      <Execution id="0574018b-0496-43f8-b674-cb496323f1df" />
      <TestMethod codeBase="E:/Projects/SGIInventory/SGInvetory/SGInventory.Presenters.Test/bin/Debug/SGInventory.Presenters.Test.DLL" adapterTypeName="Microsoft.VisualStudio.TestTools.TestTypes.Unit.UnitTestAdapter, Microsoft.VisualStudio.QualityTools.Tips.UnitTest.Adapter, Version=10.0.0.0, Culture=neutral, PublicKeyToken=b03f5f7f11d50a3a" className="SGInventory.Presenters.Test.DeliveryPresenterTest, SGInventory.Presenters.Test, Version=1.0.0.0, Culture=neutral, PublicKeyToken=null" name="LoadCost_Given_All_Is_Given_And_ProductDetailOverrideCost_IsNull_Test" />
    </UnitTest>
    <UnitTest name="Keypress_GivenThatNameAndCodeHasLength_ShouldReturnTrue_Test" storage="e:\projects\sgiinventory\sginvetory\sginventory.presenters.test\bin\debug\sginventory.presenters.test.dll" id="21d0a113-c626-7255-c86d-2f0063fda9ab">
      <Execution id="1b1f4077-1ad0-4a13-bfbd-113127d12178" />
      <TestMethod codeBase="E:/Projects/SGIInventory/SGInvetory/SGInventory.Presenters.Test/bin/Debug/SGInventory.Presenters.Test.DLL" adapterTypeName="Microsoft.VisualStudio.TestTools.TestTypes.Unit.UnitTestAdapter, Microsoft.VisualStudio.QualityTools.Tips.UnitTest.Adapter, Version=10.0.0.0, Culture=neutral, PublicKeyToken=b03f5f7f11d50a3a" className="SGInventory.Presenters.Test.ColorEditPresenterTest, SGInventory.Presenters.Test, Version=1.0.0.0, Culture=neutral, PublicKeyToken=null" name="Keypress_GivenThatNameAndCodeHasLength_ShouldReturnTrue_Test" />
    </UnitTest>
    <UnitTest name="SelectAll_ShouldReturnList_Test" storage="e:\projects\sgiinventory\sginvetory\sginventory.businessmodel.test\bin\debug\sginventory.businessmodel.test.dll" id="74adf5b8-1c77-ba23-0e1e-096056e527dc">
      <Execution id="e40bd65a-0526-47e5-bc12-fa162858aedc" />
      <TestMethod codeBase="E:/Projects/SGIInventory/SGInvetory/SGInventory.BusinessModel.Test/bin/Debug/SGInventory.BusinessModel.Test.DLL" adapterTypeName="Microsoft.VisualStudio.TestTools.TestTypes.Unit.UnitTestAdapter, Microsoft.VisualStudio.QualityTools.Tips.UnitTest.Adapter, Version=10.0.0.0, Culture=neutral, PublicKeyToken=b03f5f7f11d50a3a" className="SGInventory.BusinessModel.Test.ProductBusinessModelTest, SGInventory.BusinessModel.Test, Version=1.0.0.0, Culture=neutral, PublicKeyToken=null" name="SelectAll_ShouldReturnList_Test" />
    </UnitTest>
    <UnitTest name="AddModel_Test" storage="e:\projects\sgiinventory\sginvetory\sginventory.presenters.test\bin\debug\sginventory.presenters.test.dll" id="1c0b556f-9aca-55cb-cf6a-62386a73828f">
      <Execution id="12b7b283-e335-415d-b51f-662dd9a32cde" />
      <TestMethod codeBase="E:/Projects/SGIInventory/SGInvetory/SGInventory.Presenters.Test/bin/Debug/SGInventory.Presenters.Test.DLL" adapterTypeName="Microsoft.VisualStudio.TestTools.TestTypes.Unit.UnitTestAdapter, Microsoft.VisualStudio.QualityTools.Tips.UnitTest.Adapter, Version=10.0.0.0, Culture=neutral, PublicKeyToken=b03f5f7f11d50a3a" className="SGInventory.Presenters.Test.WashingSearchPresenterTest, SGInventory.Presenters.Test, Version=1.0.0.0, Culture=neutral, PublicKeyToken=null" name="AddModel_Test" />
    </UnitTest>
    <UnitTest name="SelectBySupplier_Test" storage="e:\projects\sgiinventory\sginvetory\sginvetory.dal.test\bin\debug\sginventory.dal.test.dll" id="69082284-2e2c-10ba-0843-46bea9561c62">
      <Execution id="097d0080-4dfa-4d57-a559-4c0c04f9a65c" />
      <TestMethod codeBase="E:/Projects/SGIInventory/SGInvetory/SGInvetory.DAL.Test/bin/Debug/SGInventory.DAL.Test.DLL" adapterTypeName="Microsoft.VisualStudio.TestTools.TestTypes.Unit.UnitTestAdapter, Microsoft.VisualStudio.QualityTools.Tips.UnitTest.Adapter, Version=10.0.0.0, Culture=neutral, PublicKeyToken=b03f5f7f11d50a3a" className="SGInventory.DAL.Test.DeliveryDalTest, SGInventory.DAL.Test, Version=1.0.0.0, Culture=neutral, PublicKeyToken=null" name="SelectBySupplier_Test" />
    </UnitTest>
    <UnitTest name="LoadColor_GivenTheColorIsNotNull" storage="e:\projects\sgiinventory\sginvetory\sginventory.presenters.test\bin\debug\sginventory.presenters.test.dll" id="3f2d2de3-22c5-30fb-643a-d97d362ce47e">
      <Execution id="2ad9dc97-7931-45a5-b092-684b9f986dbb" />
      <TestMethod codeBase="E:/Projects/SGIInventory/SGInvetory/SGInventory.Presenters.Test/bin/Debug/SGInventory.Presenters.Test.DLL" adapterTypeName="Microsoft.VisualStudio.TestTools.TestTypes.Unit.UnitTestAdapter, Microsoft.VisualStudio.QualityTools.Tips.UnitTest.Adapter, Version=10.0.0.0, Culture=neutral, PublicKeyToken=b03f5f7f11d50a3a" className="SGInventory.Presenters.Test.ColorEditPresenterTest, SGInventory.Presenters.Test, Version=1.0.0.0, Culture=neutral, PublicKeyToken=null" name="LoadColor_GivenTheColorIsNotNull" />
    </UnitTest>
    <UnitTest name="Delete_Test" storage="e:\projects\sgiinventory\sginvetory\sginventory.businessmodel.test\bin\debug\sginventory.businessmodel.test.dll" id="af497229-e5a2-31d4-5f98-120a645dc432">
      <Execution id="4f0e0d9a-df32-4a46-ada4-9aaf658ec231" />
      <TestMethod codeBase="E:/Projects/SGIInventory/SGInvetory/SGInventory.BusinessModel.Test/bin/Debug/SGInventory.BusinessModel.Test.DLL" adapterTypeName="Microsoft.VisualStudio.TestTools.TestTypes.Unit.UnitTestAdapter, Microsoft.VisualStudio.QualityTools.Tips.UnitTest.Adapter, Version=10.0.0.0, Culture=neutral, PublicKeyToken=b03f5f7f11d50a3a" className="SGInventory.BusinessModel.Test.SizeBusinessModelTest, SGInventory.BusinessModel.Test, Version=1.0.0.0, Culture=neutral, PublicKeyToken=null" name="Delete_Test" />
    </UnitTest>
    <UnitTest name="LoadUser_GivenTheUserIsNotNull" storage="e:\projects\sgiinventory\sginvetory\sginventory.presenters.test\bin\debug\sginventory.presenters.test.dll" id="65413e88-8d9d-6961-508d-faace79c34b8">
      <Execution id="57531391-2034-4e46-8d87-5b1bba618c9d" />
      <TestMethod codeBase="E:/Projects/SGIInventory/SGInvetory/SGInventory.Presenters.Test/bin/Debug/SGInventory.Presenters.Test.DLL" adapterTypeName="Microsoft.VisualStudio.TestTools.TestTypes.Unit.UnitTestAdapter, Microsoft.VisualStudio.QualityTools.Tips.UnitTest.Adapter, Version=10.0.0.0, Culture=neutral, PublicKeyToken=b03f5f7f11d50a3a" className="SGInventory.Presenters.Test.UserEditPresenterTest, SGInventory.Presenters.Test, Version=1.0.0.0, Culture=neutral, PublicKeyToken=null" name="LoadUser_GivenTheUserIsNotNull" />
    </UnitTest>
    <UnitTest name="Delete_Test" storage="e:\projects\sgiinventory\sginvetory\sginventory.businessmodel.test\bin\debug\sginventory.businessmodel.test.dll" id="a616359c-88a5-65c8-006b-acfd4a2da250">
      <Execution id="33ba5e7a-4727-41b3-95b1-f7151f6c4658" />
      <TestMethod codeBase="E:/Projects/SGIInventory/SGInvetory/SGInventory.BusinessModel.Test/bin/Debug/SGInventory.BusinessModel.Test.DLL" adapterTypeName="Microsoft.VisualStudio.TestTools.TestTypes.Unit.UnitTestAdapter, Microsoft.VisualStudio.QualityTools.Tips.UnitTest.Adapter, Version=10.0.0.0, Culture=neutral, PublicKeyToken=b03f5f7f11d50a3a" className="SGInventory.BusinessModel.Test.SupplierBusinessModelTest, SGInventory.BusinessModel.Test, Version=1.0.0.0, Culture=neutral, PublicKeyToken=null" name="Delete_Test" />
    </UnitTest>
    <UnitTest name="PopulateModelToEditForm_Test" storage="e:\projects\sgiinventory\sginvetory\sginventory.presenters.test\bin\debug\sginventory.presenters.test.dll" id="5f01ac2e-ee8a-9344-ff6d-d0da325553c5">
      <Execution id="4eefa59f-1443-4b04-92f4-7402c22dad84" />
      <TestMethod codeBase="E:/Projects/SGIInventory/SGInvetory/SGInventory.Presenters.Test/bin/Debug/SGInventory.Presenters.Test.DLL" adapterTypeName="Microsoft.VisualStudio.TestTools.TestTypes.Unit.UnitTestAdapter, Microsoft.VisualStudio.QualityTools.Tips.UnitTest.Adapter, Version=10.0.0.0, Culture=neutral, PublicKeyToken=b03f5f7f11d50a3a" className="SGInventory.Presenters.Test.OutletSearchPresenterTest, SGInventory.Presenters.Test, Version=1.0.0.0, Culture=neutral, PublicKeyToken=null" name="PopulateModelToEditForm_Test" />
    </UnitTest>
    <UnitTest name="SaveModel_GivenModelExistsValidFieldsSizeNameNotExistsQueryHasResult_ResultSuccessfull" storage="e:\projects\sgiinventory\sginvetory\sginventory.businessmodel.test\bin\debug\sginventory.businessmodel.test.dll" id="937d97db-d919-cf32-04b0-25d98877ee9e">
      <Execution id="2c0bbd65-ffee-461c-822e-dae87a829c98" />
      <TestMethod codeBase="E:/Projects/SGIInventory/SGInvetory/SGInventory.BusinessModel.Test/bin/Debug/SGInventory.BusinessModel.Test.DLL" adapterTypeName="Microsoft.VisualStudio.TestTools.TestTypes.Unit.UnitTestAdapter, Microsoft.VisualStudio.QualityTools.Tips.UnitTest.Adapter, Version=10.0.0.0, Culture=neutral, PublicKeyToken=b03f5f7f11d50a3a" className="SGInventory.BusinessModel.Test.SizeBusinessModelTest, SGInventory.BusinessModel.Test, Version=1.0.0.0, Culture=neutral, PublicKeyToken=null" name="SaveModel_GivenModelExistsValidFieldsSizeNameNotExistsQueryHasResult_ResultSuccessfull" />
    </UnitTest>
    <UnitTest name="SaveSupplier_GivenThanNameNotExistsSupplierAlreadyExists_ResultSuccessfullPopUpMessage_Test" storage="e:\projects\sgiinventory\sginvetory\sginventory.presenters.test\bin\debug\sginventory.presenters.test.dll" id="ebbdc9bb-da76-35cf-0363-cf7ec4965176">
      <Execution id="e8c71a7b-c06b-4364-b10d-0f966a2ee9c3" />
      <TestMethod codeBase="E:/Projects/SGIInventory/SGInvetory/SGInventory.Presenters.Test/bin/Debug/SGInventory.Presenters.Test.DLL" adapterTypeName="Microsoft.VisualStudio.TestTools.TestTypes.Unit.UnitTestAdapter, Microsoft.VisualStudio.QualityTools.Tips.UnitTest.Adapter, Version=10.0.0.0, Culture=neutral, PublicKeyToken=b03f5f7f11d50a3a" className="SGInventory.Presenters.Test.SupplierEditPresenterTest, SGInventory.Presenters.Test, Version=1.0.0.0, Culture=neutral, PublicKeyToken=null" name="SaveSupplier_GivenThanNameNotExistsSupplierAlreadyExists_ResultSuccessfullPopUpMessage_Test" />
    </UnitTest>
    <UnitTest name="OnSelectedSearchMode_DeliveryDateAndSupplierIsNotEmpty_Test" storage="e:\projects\sgiinventory\sginvetory\sginventory.presenters.test\bin\debug\sginventory.presenters.test.dll" id="01b98ec2-3148-cece-ec94-c4b0953c392d">
      <Execution id="57b897da-bb32-428c-a215-b4179ecbec84" />
      <TestMethod codeBase="E:/Projects/SGIInventory/SGInvetory/SGInventory.Presenters.Test/bin/Debug/SGInventory.Presenters.Test.DLL" adapterTypeName="Microsoft.VisualStudio.TestTools.TestTypes.Unit.UnitTestAdapter, Microsoft.VisualStudio.QualityTools.Tips.UnitTest.Adapter, Version=10.0.0.0, Culture=neutral, PublicKeyToken=b03f5f7f11d50a3a" className="SGInventory.Presenters.Test.SupplierSearchDeliveryPresenterTest, SGInventory.Presenters.Test, Version=1.0.0.0, Culture=neutral, PublicKeyToken=null" name="OnSelectedSearchMode_DeliveryDateAndSupplierIsNotEmpty_Test" />
    </UnitTest>
    <UnitTest name="Delete" storage="e:\projects\sgiinventory\sginvetory\sginvetory.dal.test\bin\debug\sginventory.dal.test.dll" id="5da33727-81e9-8ff1-4379-c0f7f8be68b2">
      <Execution id="ad23eafb-856c-4543-a72d-8ef66aafc8bd" />
      <TestMethod codeBase="E:/Projects/SGIInventory/SGInvetory/SGInvetory.DAL.Test/bin/Debug/SGInventory.DAL.Test.DLL" adapterTypeName="Microsoft.VisualStudio.TestTools.TestTypes.Unit.UnitTestAdapter, Microsoft.VisualStudio.QualityTools.Tips.UnitTest.Adapter, Version=10.0.0.0, Culture=neutral, PublicKeyToken=b03f5f7f11d50a3a" className="SGInventory.DAL.Test.SizeDalTest, SGInventory.DAL.Test, Version=1.0.0.0, Culture=neutral, PublicKeyToken=null" name="Delete" />
    </UnitTest>
    <UnitTest name="LoadAll_GivenAllAreSelected_Test" storage="e:\projects\sgiinventory\sginvetory\sginventory.presenters.test\bin\debug\sginventory.presenters.test.dll" id="8569eaf9-93ed-7440-92f4-c71ce22fe58d">
      <Execution id="91c654c3-0ff3-4552-8d51-3da7089979f7" />
      <TestMethod codeBase="E:/Projects/SGIInventory/SGInvetory/SGInventory.Presenters.Test/bin/Debug/SGInventory.Presenters.Test.DLL" adapterTypeName="Microsoft.VisualStudio.TestTools.TestTypes.Unit.UnitTestAdapter, Microsoft.VisualStudio.QualityTools.Tips.UnitTest.Adapter, Version=10.0.0.0, Culture=neutral, PublicKeyToken=b03f5f7f11d50a3a" className="SGInventory.Presenters.Test.OutletSearchPresenterTest, SGInventory.Presenters.Test, Version=1.0.0.0, Culture=neutral, PublicKeyToken=null" name="LoadAll_GivenAllAreSelected_Test" />
    </UnitTest>
    <UnitTest name="ValidationError_GivenNameExceedsTheLimit_Test" storage="e:\projects\sgiinventory\sginvetory\sginventory.presenters.test\bin\debug\sginventory.presenters.test.dll" id="2dab1e75-8753-6f99-f526-28eb7afb4037">
      <Execution id="a0ca750e-96f0-4a13-a675-1fcf1bac25d8" />
      <TestMethod codeBase="E:/Projects/SGIInventory/SGInvetory/SGInventory.Presenters.Test/bin/Debug/SGInventory.Presenters.Test.DLL" adapterTypeName="Microsoft.VisualStudio.TestTools.TestTypes.Unit.UnitTestAdapter, Microsoft.VisualStudio.QualityTools.Tips.UnitTest.Adapter, Version=10.0.0.0, Culture=neutral, PublicKeyToken=b03f5f7f11d50a3a" className="SGInventory.Presenters.Test.UserEditPresenterTest, SGInventory.Presenters.Test, Version=1.0.0.0, Culture=neutral, PublicKeyToken=null" name="ValidationError_GivenNameExceedsTheLimit_Test" />
    </UnitTest>
    <UnitTest name="SelectAllTest" storage="e:\projects\sgiinventory\sginvetory\sginvetory.dal.test\bin\debug\sginventory.dal.test.dll" id="b1226e7b-988b-94c7-4a9a-7e8cc353b71a">
      <Execution id="355f4da1-48a1-4047-8bbe-f55f0cefe1fa" />
      <TestMethod codeBase="E:/Projects/SGIInventory/SGInvetory/SGInvetory.DAL.Test/bin/Debug/SGInventory.DAL.Test.DLL" adapterTypeName="Microsoft.VisualStudio.TestTools.TestTypes.Unit.UnitTestAdapter, Microsoft.VisualStudio.QualityTools.Tips.UnitTest.Adapter, Version=10.0.0.0, Culture=neutral, PublicKeyToken=b03f5f7f11d50a3a" className="SGInventory.DAL.Test.SupplierDalTest, SGInventory.DAL.Test, Version=1.0.0.0, Culture=neutral, PublicKeyToken=null" name="SelectAllTest" />
    </UnitTest>
    <UnitTest name="BuildDeliveryDetailsPanelWithAnInitialNonEmptyDeliveryAndWithAdditionalDamageTest" storage="e:\projects\sgiinventory\sginvetory\sginventory.presenters.test\bin\debug\sginventory.presenters.test.dll" id="5135972e-6238-db4e-d032-88e725990ef7">
      <Execution id="8d1e74ee-0d7b-489b-b765-f039844f45c8" />
      <TestMethod codeBase="E:/Projects/SGIInventory/SGInvetory/SGInventory.Presenters.Test/bin/Debug/SGInventory.Presenters.Test.DLL" adapterTypeName="Microsoft.VisualStudio.TestTools.TestTypes.Unit.UnitTestAdapter, Microsoft.VisualStudio.QualityTools.Tips.UnitTest.Adapter, Version=10.0.0.0, Culture=neutral, PublicKeyToken=b03f5f7f11d50a3a" className="SGInventory.Presenters.Test.DeliveryPresenterTest, SGInventory.Presenters.Test, Version=1.0.0.0, Culture=neutral, PublicKeyToken=null" name="BuildDeliveryDetailsPanelWithAnInitialNonEmptyDeliveryAndWithAdditionalDamageTest" />
    </UnitTest>
    <UnitTest name="SaveDeliveryDetail_Test" storage="e:\projects\sgiinventory\sginvetory\sginvetory.dal.test\bin\debug\sginventory.dal.test.dll" id="fa84f423-ca01-788c-628b-3cf2afa736bb">
      <Execution id="26b44649-8d62-40c0-8cc7-f072b1ebd18f" />
      <TestMethod codeBase="E:/Projects/SGIInventory/SGInvetory/SGInvetory.DAL.Test/bin/Debug/SGInventory.DAL.Test.DLL" adapterTypeName="Microsoft.VisualStudio.TestTools.TestTypes.Unit.UnitTestAdapter, Microsoft.VisualStudio.QualityTools.Tips.UnitTest.Adapter, Version=10.0.0.0, Culture=neutral, PublicKeyToken=b03f5f7f11d50a3a" className="SGInventory.DAL.Test.DeliveryDalTest, SGInventory.DAL.Test, Version=1.0.0.0, Culture=neutral, PublicKeyToken=null" name="SaveDeliveryDetail_Test" />
    </UnitTest>
    <UnitTest name="SwitchSearchMode_GivenFalse_Test" storage="e:\projects\sgiinventory\sginvetory\sginventory.presenters.test\bin\debug\sginventory.presenters.test.dll" id="d4371ab4-4581-fe2f-5f25-170497c8a690">
      <Execution id="c12fd997-1a81-4143-baaa-b7350bd33ecd" />
      <TestMethod codeBase="E:/Projects/SGIInventory/SGInvetory/SGInventory.Presenters.Test/bin/Debug/SGInventory.Presenters.Test.DLL" adapterTypeName="Microsoft.VisualStudio.TestTools.TestTypes.Unit.UnitTestAdapter, Microsoft.VisualStudio.QualityTools.Tips.UnitTest.Adapter, Version=10.0.0.0, Culture=neutral, PublicKeyToken=b03f5f7f11d50a3a" className="SGInventory.Presenters.Test.DeliveryPresenterTest, SGInventory.Presenters.Test, Version=1.0.0.0, Culture=neutral, PublicKeyToken=null" name="SwitchSearchMode_GivenFalse_Test" />
    </UnitTest>
    <UnitTest name="InitialLoad_Test" storage="e:\projects\sgiinventory\sginvetory\sginventory.presenters.test\bin\debug\sginventory.presenters.test.dll" id="1456efec-0537-19ab-8e62-33f13fd61443">
      <Execution id="26eba298-25b1-4bce-a8f5-58e7d42c4bb6" />
      <TestMethod codeBase="E:/Projects/SGIInventory/SGInvetory/SGInventory.Presenters.Test/bin/Debug/SGInventory.Presenters.Test.DLL" adapterTypeName="Microsoft.VisualStudio.TestTools.TestTypes.Unit.UnitTestAdapter, Microsoft.VisualStudio.QualityTools.Tips.UnitTest.Adapter, Version=10.0.0.0, Culture=neutral, PublicKeyToken=b03f5f7f11d50a3a" className="SGInventory.Presenters.Test.SupplierSearchDeliveryPresenterTest, SGInventory.Presenters.Test, Version=1.0.0.0, Culture=neutral, PublicKeyToken=null" name="InitialLoad_Test" />
    </UnitTest>
    <UnitTest name="PopulateModelToEditForm_Test" storage="e:\projects\sgiinventory\sginvetory\sginventory.presenters.test\bin\debug\sginventory.presenters.test.dll" id="c1eb370b-9a24-b28a-ff60-2b5f147be534">
      <Execution id="3df75c3b-cf08-4268-9f1f-94c25e93a128" />
      <TestMethod codeBase="E:/Projects/SGIInventory/SGInvetory/SGInventory.Presenters.Test/bin/Debug/SGInventory.Presenters.Test.DLL" adapterTypeName="Microsoft.VisualStudio.TestTools.TestTypes.Unit.UnitTestAdapter, Microsoft.VisualStudio.QualityTools.Tips.UnitTest.Adapter, Version=10.0.0.0, Culture=neutral, PublicKeyToken=b03f5f7f11d50a3a" className="SGInventory.Presenters.Test.ColorSearchPresenterTest, SGInventory.Presenters.Test, Version=1.0.0.0, Culture=neutral, PublicKeyToken=null" name="PopulateModelToEditForm_Test" />
    </UnitTest>
    <UnitTest name="Save_GivenProduct_IsNew_And_None_And_Valid_Exists_Test" storage="e:\projects\sgiinventory\sginvetory\sginventory.businessmodel.test\bin\debug\sginventory.businessmodel.test.dll" id="db13dadd-4ea7-c3ef-cea0-82bd85486e09">
      <Execution id="6a453e1b-3b7e-4fed-aeb6-039e2aa62267" />
      <TestMethod codeBase="E:/Projects/SGIInventory/SGInvetory/SGInventory.BusinessModel.Test/bin/Debug/SGInventory.BusinessModel.Test.DLL" adapterTypeName="Microsoft.VisualStudio.TestTools.TestTypes.Unit.UnitTestAdapter, Microsoft.VisualStudio.QualityTools.Tips.UnitTest.Adapter, Version=10.0.0.0, Culture=neutral, PublicKeyToken=b03f5f7f11d50a3a" className="SGInventory.BusinessModel.Test.ProductBusinessModelTest, SGInventory.BusinessModel.Test, Version=1.0.0.0, Culture=neutral, PublicKeyToken=null" name="Save_GivenProduct_IsNew_And_None_And_Valid_Exists_Test" />
    </UnitTest>
    <UnitTest name="SelectAll_ShouldReturnList_Test" storage="e:\projects\sgiinventory\sginvetory\sginventory.businessmodel.test\bin\debug\sginventory.businessmodel.test.dll" id="624b8f9d-d4f5-406b-79bd-0ce1955026cc">
      <Execution id="190294e3-6d19-4f9d-b4e2-73fdcb234d1b" />
      <TestMethod codeBase="E:/Projects/SGIInventory/SGInvetory/SGInventory.BusinessModel.Test/bin/Debug/SGInventory.BusinessModel.Test.DLL" adapterTypeName="Microsoft.VisualStudio.TestTools.TestTypes.Unit.UnitTestAdapter, Microsoft.VisualStudio.QualityTools.Tips.UnitTest.Adapter, Version=10.0.0.0, Culture=neutral, PublicKeyToken=b03f5f7f11d50a3a" className="SGInventory.Business.Model.CategoryBusinessModelTest, SGInventory.BusinessModel.Test, Version=1.0.0.0, Culture=neutral, PublicKeyToken=null" name="SelectAll_ShouldReturnList_Test" />
    </UnitTest>
    <UnitTest name="SaveUser_GivenThanNameExistsCreateNewUser_ResultUnSuccessfullPopUpMessage_Test" storage="e:\projects\sgiinventory\sginvetory\sginventory.presenters.test\bin\debug\sginventory.presenters.test.dll" id="31779767-8baa-bd85-0079-344dcbd9f2ca">
      <Execution id="7d6403a4-6249-4db6-b5ab-c8f42609265f" />
      <TestMethod codeBase="E:/Projects/SGIInventory/SGInvetory/SGInventory.Presenters.Test/bin/Debug/SGInventory.Presenters.Test.DLL" adapterTypeName="Microsoft.VisualStudio.TestTools.TestTypes.Unit.UnitTestAdapter, Microsoft.VisualStudio.QualityTools.Tips.UnitTest.Adapter, Version=10.0.0.0, Culture=neutral, PublicKeyToken=b03f5f7f11d50a3a" className="SGInventory.Presenters.Test.UserEditPresenterTest, SGInventory.Presenters.Test, Version=1.0.0.0, Culture=neutral, PublicKeyToken=null" name="SaveUser_GivenThanNameExistsCreateNewUser_ResultUnSuccessfullPopUpMessage_Test" />
    </UnitTest>
    <UnitTest name="SaveModel_GivenModelIsNewValidFieldsNameAlreadyExistsQueryHasResult_ResultUnsuccessfull" storage="e:\projects\sgiinventory\sginvetory\sginventory.businessmodel.test\bin\debug\sginventory.businessmodel.test.dll" id="073b17e5-c431-5994-f1d6-3255bfab7738">
      <Execution id="b16e7a2c-5846-4b84-a278-fa3fbdd69598" />
      <TestMethod codeBase="E:/Projects/SGIInventory/SGInvetory/SGInventory.BusinessModel.Test/bin/Debug/SGInventory.BusinessModel.Test.DLL" adapterTypeName="Microsoft.VisualStudio.TestTools.TestTypes.Unit.UnitTestAdapter, Microsoft.VisualStudio.QualityTools.Tips.UnitTest.Adapter, Version=10.0.0.0, Culture=neutral, PublicKeyToken=b03f5f7f11d50a3a" className="SGInventory.BusinessModel.Test.SupplierBusinessModelTest, SGInventory.BusinessModel.Test, Version=1.0.0.0, Culture=neutral, PublicKeyToken=null" name="SaveModel_GivenModelIsNewValidFieldsNameAlreadyExistsQueryHasResult_ResultUnsuccessfull" />
    </UnitTest>
    <UnitTest name="SelectByProductDetailstTest" storage="e:\projects\sgiinventory\sginvetory\sginventory.businessmodel.test\bin\debug\sginventory.businessmodel.test.dll" id="1da39f75-89cc-1b00-9a81-7c64cb875560">
      <Execution id="517aa3e8-ddcf-4ed2-a233-ecff50bb6560" />
      <TestMethod codeBase="E:/Projects/SGIInventory/SGInvetory/SGInventory.BusinessModel.Test/bin/Debug/SGInventory.BusinessModel.Test.DLL" adapterTypeName="Microsoft.VisualStudio.TestTools.TestTypes.Unit.UnitTestAdapter, Microsoft.VisualStudio.QualityTools.Tips.UnitTest.Adapter, Version=10.0.0.0, Culture=neutral, PublicKeyToken=b03f5f7f11d50a3a" className="SGInventory.BusinessModel.Test.ColorBusinessModelTest, SGInventory.BusinessModel.Test, Version=1.0.0.0, Culture=neutral, PublicKeyToken=null" name="SelectByProductDetailstTest" />
    </UnitTest>
    <UnitTest name="SaveModel_GivenModelExistsValidFieldsSizeNameExistsAttachedToSameCodeQueryHasResult_ResultSuccessfull" storage="e:\projects\sgiinventory\sginvetory\sginventory.businessmodel.test\bin\debug\sginventory.businessmodel.test.dll" id="c3976b84-0cba-9bed-120a-8301a50f4126">
      <Execution id="ba15d38f-fabe-460d-bf79-a80d801946e4" />
      <TestMethod codeBase="E:/Projects/SGIInventory/SGInvetory/SGInventory.BusinessModel.Test/bin/Debug/SGInventory.BusinessModel.Test.DLL" adapterTypeName="Microsoft.VisualStudio.TestTools.TestTypes.Unit.UnitTestAdapter, Microsoft.VisualStudio.QualityTools.Tips.UnitTest.Adapter, Version=10.0.0.0, Culture=neutral, PublicKeyToken=b03f5f7f11d50a3a" className="SGInventory.BusinessModel.Test.SizeBusinessModelTest, SGInventory.BusinessModel.Test, Version=1.0.0.0, Culture=neutral, PublicKeyToken=null" name="SaveModel_GivenModelExistsValidFieldsSizeNameExistsAttachedToSameCodeQueryHasResult_ResultSuccessfull" />
    </UnitTest>
    <UnitTest name="ChangePassword_GivenTheConfirmationOldPasswordIsCorrect_ResultWillBeNewPasswordWillPushThrough" storage="e:\projects\sgiinventory\sginvetory\sginventory.presenters.test\bin\debug\sginventory.presenters.test.dll" id="a89d290d-3f82-a85a-5892-2da8562d46e2">
      <Execution id="72c28e69-750e-4203-8545-9d05f3fb63f8" />
      <TestMethod codeBase="E:/Projects/SGIInventory/SGInvetory/SGInventory.Presenters.Test/bin/Debug/SGInventory.Presenters.Test.DLL" adapterTypeName="Microsoft.VisualStudio.TestTools.TestTypes.Unit.UnitTestAdapter, Microsoft.VisualStudio.QualityTools.Tips.UnitTest.Adapter, Version=10.0.0.0, Culture=neutral, PublicKeyToken=b03f5f7f11d50a3a" className="SGInventory.Presenters.Test.ChangePasswordPresenterTest, SGInventory.Presenters.Test, Version=1.0.0.0, Culture=neutral, PublicKeyToken=null" name="ChangePassword_GivenTheConfirmationOldPasswordIsCorrect_ResultWillBeNewPasswordWillPushThrough" />
    </UnitTest>
    <UnitTest name="Delete" storage="e:\projects\sgiinventory\sginvetory\sginvetory.dal.test\bin\debug\sginventory.dal.test.dll" id="a01937e6-f257-6a21-c45e-4b44046075ff">
      <Execution id="95abc31c-80f9-4107-a200-dcde18688890" />
      <TestMethod codeBase="E:/Projects/SGIInventory/SGInvetory/SGInvetory.DAL.Test/bin/Debug/SGInventory.DAL.Test.DLL" adapterTypeName="Microsoft.VisualStudio.TestTools.TestTypes.Unit.UnitTestAdapter, Microsoft.VisualStudio.QualityTools.Tips.UnitTest.Adapter, Version=10.0.0.0, Culture=neutral, PublicKeyToken=b03f5f7f11d50a3a" className="SGInvetory.DAL.Test.ProductDalTest, SGInventory.DAL.Test, Version=1.0.0.0, Culture=neutral, PublicKeyToken=null" name="Delete" />
    </UnitTest>
    <UnitTest name="SaveSize_GivenThatNameNotExistsSizeAlreadyExists_ResultSuccessfullPopUpMessage_Test" storage="e:\projects\sgiinventory\sginvetory\sginventory.presenters.test\bin\debug\sginventory.presenters.test.dll" id="39941714-ed1b-2606-a77b-4d1505bd5e1c">
      <Execution id="9199e37f-212e-4a91-a180-1a465968a89a" />
      <TestMethod codeBase="E:/Projects/SGIInventory/SGInvetory/SGInventory.Presenters.Test/bin/Debug/SGInventory.Presenters.Test.DLL" adapterTypeName="Microsoft.VisualStudio.TestTools.TestTypes.Unit.UnitTestAdapter, Microsoft.VisualStudio.QualityTools.Tips.UnitTest.Adapter, Version=10.0.0.0, Culture=neutral, PublicKeyToken=b03f5f7f11d50a3a" className="SGInventory.Presenters.Test.SizeEditPresenterTest, SGInventory.Presenters.Test, Version=1.0.0.0, Culture=neutral, PublicKeyToken=null" name="SaveSize_GivenThatNameNotExistsSizeAlreadyExists_ResultSuccessfullPopUpMessage_Test" />
    </UnitTest>
    <UnitTest name="Validate_GivenInAddModeAndTheNameAlreadyExists_ShouldReturnFalse" storage="e:\projects\sgiinventory\sginvetory\sginventory.businessmodel.test\bin\debug\sginventory.businessmodel.test.dll" id="211fb244-7d84-e9cb-62ac-33d16a1583ba">
      <Execution id="995b7137-9f52-463e-a36b-e92732f6c18f" />
      <TestMethod codeBase="E:/Projects/SGIInventory/SGInvetory/SGInventory.BusinessModel.Test/bin/Debug/SGInventory.BusinessModel.Test.DLL" adapterTypeName="Microsoft.VisualStudio.TestTools.TestTypes.Unit.UnitTestAdapter, Microsoft.VisualStudio.QualityTools.Tips.UnitTest.Adapter, Version=10.0.0.0, Culture=neutral, PublicKeyToken=b03f5f7f11d50a3a" className="SGInventory.BusinessModel.Test.SupplierBusinessModelTest, SGInventory.BusinessModel.Test, Version=1.0.0.0, Culture=neutral, PublicKeyToken=null" name="Validate_GivenInAddModeAndTheNameAlreadyExists_ShouldReturnFalse" />
    </UnitTest>
    <UnitTest name="MonthGeneratorTest" storage="e:\projects\sgiinventory\sginvetory\sginventory.presenters.test\bin\debug\sginventory.presenters.test.dll" id="e44b57e1-5457-3e9a-ff44-547849a192a4">
      <Execution id="1816efc9-6513-42ed-a926-9299d22e3f36" />
      <TestMethod codeBase="E:/Projects/SGIInventory/SGInvetory/SGInventory.Presenters.Test/bin/Debug/SGInventory.Presenters.Test.DLL" adapterTypeName="Microsoft.VisualStudio.TestTools.TestTypes.Unit.UnitTestAdapter, Microsoft.VisualStudio.QualityTools.Tips.UnitTest.Adapter, Version=10.0.0.0, Culture=neutral, PublicKeyToken=b03f5f7f11d50a3a" className="SGInventory.Presenters.Test.DeliveryPresenterTest, SGInventory.Presenters.Test, Version=1.0.0.0, Culture=neutral, PublicKeyToken=null" name="MonthGeneratorTest" />
    </UnitTest>
    <UnitTest name="SelectAllTest" storage="e:\projects\sgiinventory\sginvetory\sginvetory.dal.test\bin\debug\sginventory.dal.test.dll" id="4d8de9ec-9c2b-1c4a-8bf1-c8d730a09274">
      <Execution id="794d7893-1613-41fb-9905-92add39e37a7" />
      <TestMethod codeBase="E:/Projects/SGIInventory/SGInvetory/SGInvetory.DAL.Test/bin/Debug/SGInventory.DAL.Test.DLL" adapterTypeName="Microsoft.VisualStudio.TestTools.TestTypes.Unit.UnitTestAdapter, Microsoft.VisualStudio.QualityTools.Tips.UnitTest.Adapter, Version=10.0.0.0, Culture=neutral, PublicKeyToken=b03f5f7f11d50a3a" className="SGInventory.DAL.Test.ColorDalTest, SGInventory.DAL.Test, Version=1.0.0.0, Culture=neutral, PublicKeyToken=null" name="SelectAllTest" />
    </UnitTest>
    <UnitTest name="Save_GivenNameExceedsTheMaximumLengthAndColorIsNew_Test" storage="e:\projects\sgiinventory\sginvetory\sginventory.presenters.test\bin\debug\sginventory.presenters.test.dll" id="225c93b2-1036-f002-931d-91dca3195f3e">
      <Execution id="78de8818-d982-459a-bfcb-197bf64e8974" />
      <TestMethod codeBase="E:/Projects/SGIInventory/SGInvetory/SGInventory.Presenters.Test/bin/Debug/SGInventory.Presenters.Test.DLL" adapterTypeName="Microsoft.VisualStudio.TestTools.TestTypes.Unit.UnitTestAdapter, Microsoft.VisualStudio.QualityTools.Tips.UnitTest.Adapter, Version=10.0.0.0, Culture=neutral, PublicKeyToken=b03f5f7f11d50a3a" className="SGInventory.Presenters.Test.ColorEditPresenterTest, SGInventory.Presenters.Test, Version=1.0.0.0, Culture=neutral, PublicKeyToken=null" name="Save_GivenNameExceedsTheMaximumLengthAndColorIsNew_Test" />
    </UnitTest>
    <UnitTest name="PopulateModelToEditForm_Test" storage="e:\projects\sgiinventory\sginvetory\sginventory.presenters.test\bin\debug\sginventory.presenters.test.dll" id="8fc8ba59-8c54-d6fd-25e7-ec439c81a2a5">
      <Execution id="4ee6e3c1-7535-4765-853e-66b78aad4c38" />
      <TestMethod codeBase="E:/Projects/SGIInventory/SGInvetory/SGInventory.Presenters.Test/bin/Debug/SGInventory.Presenters.Test.DLL" adapterTypeName="Microsoft.VisualStudio.TestTools.TestTypes.Unit.UnitTestAdapter, Microsoft.VisualStudio.QualityTools.Tips.UnitTest.Adapter, Version=10.0.0.0, Culture=neutral, PublicKeyToken=b03f5f7f11d50a3a" className="SGInventory.Presenters.Test.SupplierSearchPresenterTest, SGInventory.Presenters.Test, Version=1.0.0.0, Culture=neutral, PublicKeyToken=null" name="PopulateModelToEditForm_Test" />
    </UnitTest>
    <UnitTest name="SaveModel_GivenModelIsNewValidFieldsSizeCodeAndNameNotExistsQueryHasNoResult_ResultSuccessfull" storage="e:\projects\sgiinventory\sginvetory\sginventory.businessmodel.test\bin\debug\sginventory.businessmodel.test.dll" id="33c3b28e-5334-05bc-8967-e54882e572b9">
      <Execution id="bb82ee4d-4318-4544-8f92-9a01005593ef" />
      <TestMethod codeBase="E:/Projects/SGIInventory/SGInvetory/SGInventory.BusinessModel.Test/bin/Debug/SGInventory.BusinessModel.Test.DLL" adapterTypeName="Microsoft.VisualStudio.TestTools.TestTypes.Unit.UnitTestAdapter, Microsoft.VisualStudio.QualityTools.Tips.UnitTest.Adapter, Version=10.0.0.0, Culture=neutral, PublicKeyToken=b03f5f7f11d50a3a" className="SGInventory.BusinessModel.Test.SizeBusinessModelTest, SGInventory.BusinessModel.Test, Version=1.0.0.0, Culture=neutral, PublicKeyToken=null" name="SaveModel_GivenModelIsNewValidFieldsSizeCodeAndNameNotExistsQueryHasNoResult_ResultSuccessfull" />
    </UnitTest>
    <UnitTest name="DeleteSelectedModels_GivenNothingIsSelected_Test" storage="e:\projects\sgiinventory\sginvetory\sginventory.presenters.test\bin\debug\sginventory.presenters.test.dll" id="1c50b605-6d59-ded1-5945-61b144ce28e6">
      <Execution id="74f6160d-73ec-478a-870a-9070bc9f8514" />
      <TestMethod codeBase="E:/Projects/SGIInventory/SGInvetory/SGInventory.Presenters.Test/bin/Debug/SGInventory.Presenters.Test.DLL" adapterTypeName="Microsoft.VisualStudio.TestTools.TestTypes.Unit.UnitTestAdapter, Microsoft.VisualStudio.QualityTools.Tips.UnitTest.Adapter, Version=10.0.0.0, Culture=neutral, PublicKeyToken=b03f5f7f11d50a3a" className="SGInventory.Presenters.Test.OutletSearchPresenterTest, SGInventory.Presenters.Test, Version=1.0.0.0, Culture=neutral, PublicKeyToken=null" name="DeleteSelectedModels_GivenNothingIsSelected_Test" />
    </UnitTest>
  </TestDefinitions>
  <TestLists>
    <TestList name="Results Not in a List" id="8c84fa94-04c1-424b-9868-57a2d4851a1d" />
    <TestList name="All Loaded Results" id="19431567-8539-422a-85d7-44ee4e166bda" />
  </TestLists>
  <TestEntries>
    <TestEntry testId="003f4524-10f8-0ebd-f790-373082e4917e" executionId="25d672fd-31fc-4a8e-a978-2b2ce6d9c251" testListId="8c84fa94-04c1-424b-9868-57a2d4851a1d" />
    <TestEntry testId="0056fa1a-9326-7401-8d3a-9b75b13b0379" executionId="7956bbde-2ca5-4ec6-b31b-e044427a6c73" testListId="8c84fa94-04c1-424b-9868-57a2d4851a1d" />
    <TestEntry testId="00cac12b-3959-d21b-cb9f-46e69e8d1f24" executionId="2b31380e-cfc8-48e2-9734-a2523db57a5d" testListId="8c84fa94-04c1-424b-9868-57a2d4851a1d" />
    <TestEntry testId="00d6c35d-f1b8-c60e-0a49-6d20843eda4d" executionId="cc9c3c8b-4782-4aae-a1cc-d85efe55c37f" testListId="8c84fa94-04c1-424b-9868-57a2d4851a1d" />
    <TestEntry testId="014d272e-716f-3379-4790-b5b343b13625" executionId="87cc1617-d885-4d2e-be54-7185a3b1b04a" testListId="8c84fa94-04c1-424b-9868-57a2d4851a1d" />
    <TestEntry testId="01b98ec2-3148-cece-ec94-c4b0953c392d" executionId="57b897da-bb32-428c-a215-b4179ecbec84" testListId="8c84fa94-04c1-424b-9868-57a2d4851a1d" />
    <TestEntry testId="02169cf8-af27-3859-a0f5-77839280f6b1" executionId="133b64ef-b556-4698-b562-7dda35fe2682" testListId="8c84fa94-04c1-424b-9868-57a2d4851a1d" />
    <TestEntry testId="04cc0420-434e-211d-9076-ae8b6c47b66c" executionId="e60f456c-44e8-4468-955a-48f9ac445ce8" testListId="8c84fa94-04c1-424b-9868-57a2d4851a1d" />
    <TestEntry testId="04df712c-5b07-cd02-4c71-4dd31747814f" executionId="c7f6238f-dcf9-4f2f-8c6f-30426f4029f9" testListId="8c84fa94-04c1-424b-9868-57a2d4851a1d" />
    <TestEntry testId="05aa19e3-3a45-dd89-bb55-ab3df6693c42" executionId="f44c80ea-d74c-49c5-9ffd-d7e3cfba7b8c" testListId="8c84fa94-04c1-424b-9868-57a2d4851a1d" />
    <TestEntry testId="0726a243-8cfa-9281-0927-cb8a5eb11687" executionId="729696f6-0146-491a-a7f8-d9aa560680c8" testListId="8c84fa94-04c1-424b-9868-57a2d4851a1d" />
    <TestEntry testId="073b17e5-c431-5994-f1d6-3255bfab7738" executionId="b16e7a2c-5846-4b84-a278-fa3fbdd69598" testListId="8c84fa94-04c1-424b-9868-57a2d4851a1d" />
    <TestEntry testId="074d5827-f085-e93f-f797-2cc6f8115c56" executionId="9c10d947-8d84-4dbc-aea2-e59220fbaa15" testListId="8c84fa94-04c1-424b-9868-57a2d4851a1d" />
    <TestEntry testId="08dc6b0f-3858-decb-7953-b26cf57e7287" executionId="fd188d1b-0e82-45b5-b747-4e5c7ea8208b" testListId="8c84fa94-04c1-424b-9868-57a2d4851a1d" />
    <TestEntry testId="08e885f0-a902-86a5-3bb7-6e4615dd04e3" executionId="678accf3-6895-4427-8bbb-f3c2ba2b3043" testListId="8c84fa94-04c1-424b-9868-57a2d4851a1d" />
    <TestEntry testId="09d17bc3-e5eb-af32-9052-2715566a3ddb" executionId="ceed84bb-8eed-4031-b036-eb2fc62eee1a" testListId="8c84fa94-04c1-424b-9868-57a2d4851a1d" />
    <TestEntry testId="0b37b226-118b-94bc-462b-fad9883ecbe0" executionId="ce038707-c94e-46e2-871d-087ae4802a22" testListId="8c84fa94-04c1-424b-9868-57a2d4851a1d" />
    <TestEntry testId="0c0afd9d-ff7d-33fb-b885-9b266d132826" executionId="0bd3b885-598c-4367-8fa3-af6f13fcee24" testListId="8c84fa94-04c1-424b-9868-57a2d4851a1d" />
    <TestEntry testId="0c517588-31c4-72ad-5cbd-e8cda94d0273" executionId="27d7b041-5f37-4ac0-9f08-36cc5b6da626" testListId="8c84fa94-04c1-424b-9868-57a2d4851a1d" />
    <TestEntry testId="0caf0e9b-f83b-5c73-8740-3c54cefa2c31" executionId="31516ea8-2e9f-4ddc-9707-11dcb1378165" testListId="8c84fa94-04c1-424b-9868-57a2d4851a1d" />
    <TestEntry testId="0d19bb79-4185-d34a-60a2-685c7afad346" executionId="eef1da6b-cd06-4544-a5d5-b949144d4386" testListId="8c84fa94-04c1-424b-9868-57a2d4851a1d" />
    <TestEntry testId="0d2c9dbe-3d85-5fdc-ee94-b5f50b712da7" executionId="4250e2ac-56e2-4480-8a74-2ecc9568f404" testListId="8c84fa94-04c1-424b-9868-57a2d4851a1d" />
    <TestEntry testId="0e66a20e-15e7-efc1-1cee-1089362a85c7" executionId="5e85c3f4-b6b2-4648-b267-c15f0a8d1b57" testListId="8c84fa94-04c1-424b-9868-57a2d4851a1d" />
    <TestEntry testId="0ee1008d-8191-5224-5702-84b95f272fd1" executionId="1748aea7-95ac-49ae-b8e1-d1c657aa245c" testListId="8c84fa94-04c1-424b-9868-57a2d4851a1d" />
    <TestEntry testId="0f771127-89a5-3425-47b0-119fcd642e01" executionId="f3e68908-aa02-4e80-b935-fb709d1bacba" testListId="8c84fa94-04c1-424b-9868-57a2d4851a1d" />
    <TestEntry testId="1041bdeb-6e26-0b44-30a6-ffa741bfa737" executionId="e536c9ea-043d-49c5-9530-1b7e5c475b98" testListId="8c84fa94-04c1-424b-9868-57a2d4851a1d" />
    <TestEntry testId="12203655-0882-f850-488c-a86c4be73e2d" executionId="0d7cfea1-87be-4d16-886c-448bf3172d1f" testListId="8c84fa94-04c1-424b-9868-57a2d4851a1d" />
    <TestEntry testId="136c57e6-f71e-252a-8a0a-6577bfe34217" executionId="7683647b-fd3a-4010-bebe-f7957024b397" testListId="8c84fa94-04c1-424b-9868-57a2d4851a1d" />
    <TestEntry testId="1456efec-0537-19ab-8e62-33f13fd61443" executionId="26eba298-25b1-4bce-a8f5-58e7d42c4bb6" testListId="8c84fa94-04c1-424b-9868-57a2d4851a1d" />
    <TestEntry testId="147c09ea-c7c5-8744-29a6-a73b964a4d82" executionId="bbca9d94-78a8-4807-9e10-69016844a1e5" testListId="8c84fa94-04c1-424b-9868-57a2d4851a1d" />
    <TestEntry testId="15c53752-2ee8-35ef-e57a-cd27257f95c0" executionId="ef58b394-50da-4bd0-8d18-cb4d5a33e8b7" testListId="8c84fa94-04c1-424b-9868-57a2d4851a1d" />
    <TestEntry testId="16375c49-1283-7bfd-0195-fc76965ea591" executionId="f5cbac58-3be2-406b-b6d3-9c62fcc9e422" testListId="8c84fa94-04c1-424b-9868-57a2d4851a1d" />
    <TestEntry testId="166524a2-9464-cc0f-06aa-a2d66f09b68f" executionId="adfc7887-0c23-4842-ac60-460f123e2618" testListId="8c84fa94-04c1-424b-9868-57a2d4851a1d" />
    <TestEntry testId="16ad4f40-be8f-801c-2354-1e12b1cb752f" executionId="d0937eb8-4088-4d0d-af25-f5cdd902d08c" testListId="8c84fa94-04c1-424b-9868-57a2d4851a1d" />
    <TestEntry testId="18879252-c743-f793-9403-301b2ccee4d1" executionId="e41cd006-62ce-48cf-b9ca-63a6dbd4de29" testListId="8c84fa94-04c1-424b-9868-57a2d4851a1d" />
    <TestEntry testId="1960844a-f4bf-57b5-48b1-9880f90c08da" executionId="2410964b-879c-47db-82db-5573b0887d3b" testListId="8c84fa94-04c1-424b-9868-57a2d4851a1d" />
    <TestEntry testId="19bdb54c-f8ba-12c4-2f25-6616b02d79a5" executionId="3b7c059b-e973-4bed-ab9f-bac9c4d427b3" testListId="8c84fa94-04c1-424b-9868-57a2d4851a1d" />
    <TestEntry testId="1ac602c2-65d3-6943-d64f-d7b7f57677aa" executionId="5081e7e0-b349-4a02-89a4-810be78bbe41" testListId="8c84fa94-04c1-424b-9868-57a2d4851a1d" />
    <TestEntry testId="1b737d7a-9771-3cc0-0a3c-20b6711fea3e" executionId="ffc42fd4-98a5-462a-8e04-8fb5b08733ee" testListId="8c84fa94-04c1-424b-9868-57a2d4851a1d" />
    <TestEntry testId="1b917958-153d-de30-251b-aa6049023fb2" executionId="f59b2ad3-5019-4cd3-87a5-4483f1df6839" testListId="8c84fa94-04c1-424b-9868-57a2d4851a1d" />
    <TestEntry testId="1bb26677-f101-05d9-fbb4-eb9ce98a311f" executionId="36dfc86f-f5c5-4973-8311-ec39a336b54a" testListId="8c84fa94-04c1-424b-9868-57a2d4851a1d" />
    <TestEntry testId="1c0b556f-9aca-55cb-cf6a-62386a73828f" executionId="12b7b283-e335-415d-b51f-662dd9a32cde" testListId="8c84fa94-04c1-424b-9868-57a2d4851a1d" />
    <TestEntry testId="1c50b605-6d59-ded1-5945-61b144ce28e6" executionId="74f6160d-73ec-478a-870a-9070bc9f8514" testListId="8c84fa94-04c1-424b-9868-57a2d4851a1d" />
    <TestEntry testId="1da39f75-89cc-1b00-9a81-7c64cb875560" executionId="517aa3e8-ddcf-4ed2-a233-ecff50bb6560" testListId="8c84fa94-04c1-424b-9868-57a2d4851a1d" />
    <TestEntry testId="1f04af71-263d-c728-47da-8c7e048a3ef8" executionId="20e6ec05-40f4-46a8-b6c2-f657f1875022" testListId="8c84fa94-04c1-424b-9868-57a2d4851a1d" />
    <TestEntry testId="202c6463-0f97-b24d-ea97-6c8ffafbd417" executionId="b6ac20e3-d268-494a-bc0c-54a38fd99de5" testListId="8c84fa94-04c1-424b-9868-57a2d4851a1d" />
    <TestEntry testId="2099bdbf-5489-2689-5f62-4f14732e624e" executionId="67050d4a-5fe6-4094-89ed-4df3cc515bb3" testListId="8c84fa94-04c1-424b-9868-57a2d4851a1d" />
    <TestEntry testId="20cd243a-bbed-bddd-e146-90c77db91eac" executionId="021f83e5-2264-4c51-a230-b14ff3804886" testListId="8c84fa94-04c1-424b-9868-57a2d4851a1d" />
    <TestEntry testId="20f1aa1d-ca70-77ec-8530-03532dcd0555" executionId="9e037dff-7bc8-4326-a12b-cb689f43d4aa" testListId="8c84fa94-04c1-424b-9868-57a2d4851a1d" />
    <TestEntry testId="20f97e38-3732-f7da-1abf-494d2411748e" executionId="6212d0df-8d68-49b8-88a8-f2d802749054" testListId="8c84fa94-04c1-424b-9868-57a2d4851a1d" />
    <TestEntry testId="211fb244-7d84-e9cb-62ac-33d16a1583ba" executionId="995b7137-9f52-463e-a36b-e92732f6c18f" testListId="8c84fa94-04c1-424b-9868-57a2d4851a1d" />
    <TestEntry testId="21d0a113-c626-7255-c86d-2f0063fda9ab" executionId="1b1f4077-1ad0-4a13-bfbd-113127d12178" testListId="8c84fa94-04c1-424b-9868-57a2d4851a1d" />
    <TestEntry testId="225c93b2-1036-f002-931d-91dca3195f3e" executionId="78de8818-d982-459a-bfcb-197bf64e8974" testListId="8c84fa94-04c1-424b-9868-57a2d4851a1d" />
    <TestEntry testId="226edad5-4136-d1fb-20e1-e8f254f8c663" executionId="aa71dd00-db7d-4f0e-99f1-93d8c126624a" testListId="8c84fa94-04c1-424b-9868-57a2d4851a1d" />
    <TestEntry testId="23e045a5-e347-0c9d-f01c-7d52cbd50a10" executionId="ea4ce864-8b2f-4cd8-9a1f-0797d9ae6807" testListId="8c84fa94-04c1-424b-9868-57a2d4851a1d" />
    <TestEntry testId="247951d6-e32c-7ff8-32a0-e21fd0d47202" executionId="cc4b235b-40b3-4688-bd32-281403466696" testListId="8c84fa94-04c1-424b-9868-57a2d4851a1d" />
    <TestEntry testId="252088c8-e5fa-6ee6-59ad-76481223e49b" executionId="4387c20b-a89f-4e71-9c62-868db8ade253" testListId="8c84fa94-04c1-424b-9868-57a2d4851a1d" />
    <TestEntry testId="25bf6c70-f5d3-57df-3533-b01b905e6cd8" executionId="3108937f-1131-482e-950b-d7b6b3c81123" testListId="8c84fa94-04c1-424b-9868-57a2d4851a1d" />
    <TestEntry testId="2609ad13-4cca-4c3d-e460-3e9d85613777" executionId="86d38158-e155-40b7-80c6-64d6e9184e3d" testListId="8c84fa94-04c1-424b-9868-57a2d4851a1d" />
    <TestEntry testId="2655c140-00dc-02ec-0bc9-461b2f28f10b" executionId="78e0218f-1878-4f0e-b466-a95e396da491" testListId="8c84fa94-04c1-424b-9868-57a2d4851a1d" />
    <TestEntry testId="26db3c8c-0554-ad61-b6ee-b9cfe33cc89b" executionId="93c9bbe6-86d6-494c-9225-8192778236ad" testListId="8c84fa94-04c1-424b-9868-57a2d4851a1d" />
    <TestEntry testId="284e77e3-a7f2-0e57-8ddf-dc3ad1476560" executionId="31f186eb-2f55-47cd-8cca-405585e3b5d7" testListId="8c84fa94-04c1-424b-9868-57a2d4851a1d" />
    <TestEntry testId="2882589c-6cf2-6742-988e-a2f972433829" executionId="ebb169b9-65fe-443a-b90a-2db71b353bd9" testListId="8c84fa94-04c1-424b-9868-57a2d4851a1d" />
    <TestEntry testId="294cfa9d-b9d9-ef7a-02b1-a636d2b48423" executionId="17a8f7f8-561e-4ae3-8272-33f0cf5ecd54" testListId="8c84fa94-04c1-424b-9868-57a2d4851a1d" />
    <TestEntry testId="2a29165f-76a0-5dc8-c5cb-895d4df293a1" executionId="f7d2bf13-c5d4-44c2-af28-208392d03ebd" testListId="8c84fa94-04c1-424b-9868-57a2d4851a1d" />
    <TestEntry testId="2b43ca8c-c2de-a711-7145-f7a1d478390e" executionId="98cd6503-2a87-45f2-bbe8-bd6f90718672" testListId="8c84fa94-04c1-424b-9868-57a2d4851a1d" />
    <TestEntry testId="2b68ae3f-555e-ca32-00eb-cd78da3a6bfe" executionId="e2f525d4-1d6f-4b83-aa57-d297b3099cc9" testListId="8c84fa94-04c1-424b-9868-57a2d4851a1d" />
    <TestEntry testId="2b6dab54-cc59-ad3c-8563-37eb80167637" executionId="6a132123-ab7b-41bd-9cc5-00e101343a03" testListId="8c84fa94-04c1-424b-9868-57a2d4851a1d" />
    <TestEntry testId="2bf9a74c-8e9e-1247-f783-8b94fe8e7925" executionId="07e85bab-a27b-471b-a4ad-482283df6aa8" testListId="8c84fa94-04c1-424b-9868-57a2d4851a1d" />
    <TestEntry testId="2c7d5cda-6bf0-7130-3fea-1cf3b9e0f273" executionId="e78a847c-ee77-41e7-b706-af7ed025d061" testListId="8c84fa94-04c1-424b-9868-57a2d4851a1d" />
    <TestEntry testId="2cd342aa-9abc-727b-5785-f16fd7d69afe" executionId="c9c064a4-cc7f-49bb-a94f-e181597a1306" testListId="8c84fa94-04c1-424b-9868-57a2d4851a1d" />
    <TestEntry testId="2cdc6001-0246-9dd5-4cbf-f1ab239a1d6c" executionId="e9c499e4-4a50-4abd-aa84-87133e02454d" testListId="8c84fa94-04c1-424b-9868-57a2d4851a1d" />
    <TestEntry testId="2ce880b9-70c8-56a6-2dac-0f2bc06b7cff" executionId="c4852341-3d07-4bb5-85a1-455499630678" testListId="8c84fa94-04c1-424b-9868-57a2d4851a1d" />
    <TestEntry testId="2d4db8a3-e895-922b-a282-812e4f72f742" executionId="81271425-5468-4982-9032-8acf20581b46" testListId="8c84fa94-04c1-424b-9868-57a2d4851a1d" />
    <TestEntry testId="2dab1e75-8753-6f99-f526-28eb7afb4037" executionId="a0ca750e-96f0-4a13-a675-1fcf1bac25d8" testListId="8c84fa94-04c1-424b-9868-57a2d4851a1d" />
    <TestEntry testId="2e6cd78c-f356-f6bb-2338-7d56e4dfef0c" executionId="9e5c9d58-8477-4db9-b3b6-76ca0a54aa72" testListId="8c84fa94-04c1-424b-9868-57a2d4851a1d" />
    <TestEntry testId="2ea5a3a3-ecb4-6b00-0a0f-8c9b6adb9c72" executionId="6a9656c7-90d8-4579-8238-83cd0341e95a" testListId="8c84fa94-04c1-424b-9868-57a2d4851a1d" />
    <TestEntry testId="2eceb302-5acb-8d69-a543-e8da3d28bf48" executionId="7b50a5eb-a9eb-4e1e-ba08-b5165e04af61" testListId="8c84fa94-04c1-424b-9868-57a2d4851a1d" />
    <TestEntry testId="3126f73e-926a-ba67-febe-556911025421" executionId="39be12f8-7b96-4e66-b77e-90f619e3ed6e" testListId="8c84fa94-04c1-424b-9868-57a2d4851a1d" />
    <TestEntry testId="31597b65-c0b0-5bab-32c9-476e7c99508a" executionId="66ca7d68-b697-414e-ad59-09e18b52c444" testListId="8c84fa94-04c1-424b-9868-57a2d4851a1d" />
    <TestEntry testId="31779767-8baa-bd85-0079-344dcbd9f2ca" executionId="7d6403a4-6249-4db6-b5ab-c8f42609265f" testListId="8c84fa94-04c1-424b-9868-57a2d4851a1d" />
    <TestEntry testId="31f3db5c-b299-2f20-c8d9-8eadd750baad" executionId="35c612d8-5472-4594-9a80-7f999d1b8639" testListId="8c84fa94-04c1-424b-9868-57a2d4851a1d" />
    <TestEntry testId="324a1a1f-ce2b-9ccb-c816-31af5d3f332e" executionId="db74fe63-8c7f-41a1-9e04-f58b2511b6ad" testListId="8c84fa94-04c1-424b-9868-57a2d4851a1d" />
    <TestEntry testId="324d56ae-6360-71b1-e84a-e7099331f618" executionId="14244e96-fb8e-4438-970d-99fcb54757a9" testListId="8c84fa94-04c1-424b-9868-57a2d4851a1d" />
    <TestEntry testId="338f261d-879c-1700-36a6-5fe3d54286b2" executionId="bb676f40-2c8e-4173-acd5-8e84077251b0" testListId="8c84fa94-04c1-424b-9868-57a2d4851a1d" />
    <TestEntry testId="33c3b28e-5334-05bc-8967-e54882e572b9" executionId="bb82ee4d-4318-4544-8f92-9a01005593ef" testListId="8c84fa94-04c1-424b-9868-57a2d4851a1d" />
    <TestEntry testId="34215581-689a-93ae-3c88-007ee8d20375" executionId="87a8493e-8e79-472c-85d8-bca0cc99ddcf" testListId="8c84fa94-04c1-424b-9868-57a2d4851a1d" />
    <TestEntry testId="345c7303-12ce-0be6-0ded-b3ed35dd3ca6" executionId="8f75b45e-365a-4e72-b282-7a0c07e8561e" testListId="8c84fa94-04c1-424b-9868-57a2d4851a1d" />
    <TestEntry testId="35909553-f0f2-4fa1-c52c-d6ba661a299b" executionId="58d954ca-74cf-496c-b914-e349bf732664" testListId="8c84fa94-04c1-424b-9868-57a2d4851a1d" />
    <TestEntry testId="35f60ba7-e512-4755-757e-faf2264a2603" executionId="5797cb60-1233-4e42-8376-fa3769b946b0" testListId="8c84fa94-04c1-424b-9868-57a2d4851a1d" />
    <TestEntry testId="36dc92e3-5d37-9a51-923b-71f3c61bef58" executionId="1205bf38-11a1-4626-a866-291e0472fcad" testListId="8c84fa94-04c1-424b-9868-57a2d4851a1d" />
    <TestEntry testId="3723b7e7-788b-5811-09c3-e80dac9c435b" executionId="e537534f-405f-422e-a7b8-e9f7bcc819e3" testListId="8c84fa94-04c1-424b-9868-57a2d4851a1d" />
    <TestEntry testId="37d53c3c-a853-2aa8-0ee9-822b8776a78f" executionId="8b29a1a1-9fb0-476f-be75-62b3e557e8d7" testListId="8c84fa94-04c1-424b-9868-57a2d4851a1d" />
    <TestEntry testId="382df8d8-95a1-3acf-b0c5-b71070cfc03c" executionId="a8849d21-8dc9-4629-8ecc-b6c43ce66eae" testListId="8c84fa94-04c1-424b-9868-57a2d4851a1d" />
    <TestEntry testId="38bbe9ad-1b51-037d-b217-7759145d1310" executionId="9953126d-3394-439c-b198-bcab597ec185" testListId="8c84fa94-04c1-424b-9868-57a2d4851a1d" />
    <TestEntry testId="38fceabe-c0dc-5981-1c25-ba50980cc25f" executionId="7993f594-2ad4-4222-b38b-e38766697d5d" testListId="8c84fa94-04c1-424b-9868-57a2d4851a1d" />
    <TestEntry testId="39941714-ed1b-2606-a77b-4d1505bd5e1c" executionId="9199e37f-212e-4a91-a180-1a465968a89a" testListId="8c84fa94-04c1-424b-9868-57a2d4851a1d" />
    <TestEntry testId="3a12f60e-9370-05db-f498-5aa2685fdcf3" executionId="cda82257-1e8e-46e7-bfc3-1ee0763a5ce8" testListId="8c84fa94-04c1-424b-9868-57a2d4851a1d" />
    <TestEntry testId="3a575d61-6b98-3d56-c447-9a4d806bb69f" executionId="df6bf88d-4750-4564-b86b-aedb37919342" testListId="8c84fa94-04c1-424b-9868-57a2d4851a1d" />
    <TestEntry testId="3a5b4ed2-9e10-c3db-05fa-e0b5cd99bae2" executionId="d73e0069-d8a5-420c-925d-0b27a195d3e6" testListId="8c84fa94-04c1-424b-9868-57a2d4851a1d" />
    <TestEntry testId="3b0ac9e6-348b-3458-4702-32837ddfa841" executionId="af681961-761a-47dc-bd4d-47b98198fcd6" testListId="8c84fa94-04c1-424b-9868-57a2d4851a1d" />
    <TestEntry testId="3b19a912-97d6-b596-0130-431788f11b4d" executionId="3a29efd2-d5b7-4445-b916-3d0a97b95add" testListId="8c84fa94-04c1-424b-9868-57a2d4851a1d" />
    <TestEntry testId="3b46e1ad-8758-104e-ec7c-4c69f20b26a1" executionId="9ba0e752-136a-46ae-8cc3-283b63a278ce" testListId="8c84fa94-04c1-424b-9868-57a2d4851a1d" />
    <TestEntry testId="3b4b3aba-990d-44b3-e4f6-15427b7ac980" executionId="2a493b27-ca72-4055-b1eb-54af91d45685" testListId="8c84fa94-04c1-424b-9868-57a2d4851a1d" />
    <TestEntry testId="3bde29e8-a7a3-b5db-7b48-74f9e5c1b9f5" executionId="6451b4e3-097b-4a99-8960-1c1e81c6c938" testListId="8c84fa94-04c1-424b-9868-57a2d4851a1d" />
    <TestEntry testId="3cbde3fe-69a8-4ab6-4644-3de0dadc5209" executionId="4cb0b93c-fc65-43f9-9c6e-5d6611249567" testListId="8c84fa94-04c1-424b-9868-57a2d4851a1d" />
    <TestEntry testId="3d9363bb-e20b-8d5f-1837-7d1283731560" executionId="7bfde824-8243-4d59-a656-739edd4f3e20" testListId="8c84fa94-04c1-424b-9868-57a2d4851a1d" />
    <TestEntry testId="3efa30ea-c6d0-e809-4767-f9b87a4423fd" executionId="54b2360e-d161-459d-88d7-7de049c0a7df" testListId="8c84fa94-04c1-424b-9868-57a2d4851a1d" />
    <TestEntry testId="3f1008a6-e6ba-5f43-71e6-692b463e72ff" executionId="c161f974-6a63-4060-b2bd-dabaa864d3cf" testListId="8c84fa94-04c1-424b-9868-57a2d4851a1d" />
    <TestEntry testId="3f2d2de3-22c5-30fb-643a-d97d362ce47e" executionId="2ad9dc97-7931-45a5-b092-684b9f986dbb" testListId="8c84fa94-04c1-424b-9868-57a2d4851a1d" />
    <TestEntry testId="3f2e9ceb-b6e7-5362-e28c-812fbc047662" executionId="540674b6-9ef4-4baa-9b68-33eb7de851e3" testListId="8c84fa94-04c1-424b-9868-57a2d4851a1d" />
    <TestEntry testId="3fd08c9b-f53e-bf48-974e-596390d289f9" executionId="c999d2de-daab-4ae1-8014-58cb869e82b9" testListId="8c84fa94-04c1-424b-9868-57a2d4851a1d" />
    <TestEntry testId="3fdf6183-5ba1-8bc3-ff67-911577161373" executionId="c1762eb3-0749-4ab4-9332-d407f849aba5" testListId="8c84fa94-04c1-424b-9868-57a2d4851a1d" />
    <TestEntry testId="41126980-9a99-81fa-1e1d-71cf1765f014" executionId="f79a585d-398a-4b31-815a-d92d5b90a4ed" testListId="8c84fa94-04c1-424b-9868-57a2d4851a1d" />
    <TestEntry testId="42539715-0965-6f26-12cf-8ae8b54860a9" executionId="7246b93c-f396-4de5-bc13-51b0c620bd4b" testListId="8c84fa94-04c1-424b-9868-57a2d4851a1d" />
    <TestEntry testId="440dd3ef-be8d-61a9-99eb-e3059de76940" executionId="094308ab-83e7-4365-9c5a-5030b41cc44d" testListId="8c84fa94-04c1-424b-9868-57a2d4851a1d" />
    <TestEntry testId="45f1b870-02fa-94dc-a239-2db73d77c14b" executionId="953d7f42-5138-4a22-ac1f-f8b7c8686eab" testListId="8c84fa94-04c1-424b-9868-57a2d4851a1d" />
    <TestEntry testId="46274c2d-5960-f1c1-3b92-ebaf1f680b56" executionId="948250a5-6ac1-4ff9-ae1f-76426522e848" testListId="8c84fa94-04c1-424b-9868-57a2d4851a1d" />
    <TestEntry testId="47d87f80-a67c-44f7-1df9-a42784191040" executionId="3c7841a0-66e1-41e6-89d5-a6d8e51559f2" testListId="8c84fa94-04c1-424b-9868-57a2d4851a1d" />
    <TestEntry testId="48e5f004-69c8-3165-a043-0a4fcd929c2a" executionId="ea6750c9-3c09-4921-b014-098aefb632c9" testListId="8c84fa94-04c1-424b-9868-57a2d4851a1d" />
    <TestEntry testId="49a91ca9-00f8-94c8-ebc9-8967a0b808fd" executionId="9b4838b1-f1ef-4293-be97-37e557a321d7" testListId="8c84fa94-04c1-424b-9868-57a2d4851a1d" />
    <TestEntry testId="4ae54d20-69e8-986f-b7ab-2abc85fda24a" executionId="23113f59-00e8-45d9-8549-ddb133152101" testListId="8c84fa94-04c1-424b-9868-57a2d4851a1d" />
    <TestEntry testId="4c6f0a6e-035f-47fd-785d-d0a96b9b0bce" executionId="acacd0d8-271c-47cf-970b-299cf493df6f" testListId="8c84fa94-04c1-424b-9868-57a2d4851a1d" />
    <TestEntry testId="4d8de9ec-9c2b-1c4a-8bf1-c8d730a09274" executionId="794d7893-1613-41fb-9905-92add39e37a7" testListId="8c84fa94-04c1-424b-9868-57a2d4851a1d" />
    <TestEntry testId="4eb87f62-6044-b074-ea4d-e895f913a38d" executionId="35d86d45-e8d3-458b-a94b-30d3d84d03f7" testListId="8c84fa94-04c1-424b-9868-57a2d4851a1d" />
    <TestEntry testId="4f178144-2489-0522-2c10-5f501068d1da" executionId="eb493f54-2a25-41ac-94e0-9e7593e5d3d4" testListId="8c84fa94-04c1-424b-9868-57a2d4851a1d" />
    <TestEntry testId="5135972e-6238-db4e-d032-88e725990ef7" executionId="8d1e74ee-0d7b-489b-b765-f039844f45c8" testListId="8c84fa94-04c1-424b-9868-57a2d4851a1d" />
    <TestEntry testId="515d385d-adca-9e39-0bea-536620a092c4" executionId="0c7cfed9-92db-4349-924a-aedd6550a9d3" testListId="8c84fa94-04c1-424b-9868-57a2d4851a1d" />
    <TestEntry testId="515d6726-f501-c0f8-a81d-ef47ddca30d7" executionId="2371dbfb-a32f-41f5-aed0-919aceb30f1e" testListId="8c84fa94-04c1-424b-9868-57a2d4851a1d" />
    <TestEntry testId="519035b2-ca56-26af-cacf-b973ba8ce479" executionId="98f3da6c-aaf7-4aa4-80a6-01f6fb959ddc" testListId="8c84fa94-04c1-424b-9868-57a2d4851a1d" />
    <TestEntry testId="519378da-bcf6-4fa5-21da-3e10fc22dbc4" executionId="90a23b59-2e3c-4dbf-9827-c7c2f5f88a48" testListId="8c84fa94-04c1-424b-9868-57a2d4851a1d" />
    <TestEntry testId="522d6872-2659-d936-50bb-a94edcfd5657" executionId="3e9b4ce2-d45f-4940-81d8-eed2d706f6e6" testListId="8c84fa94-04c1-424b-9868-57a2d4851a1d" />
    <TestEntry testId="527eb1f6-ec50-84f4-f44a-98c31b904503" executionId="489d69c1-b7b3-4ee9-a382-b805d1d94452" testListId="8c84fa94-04c1-424b-9868-57a2d4851a1d" />
    <TestEntry testId="52c2f42b-12ef-6a9d-9d5b-f1a572b28101" executionId="9aa8a239-370a-457b-940e-9ad44c8809f2" testListId="8c84fa94-04c1-424b-9868-57a2d4851a1d" />
    <TestEntry testId="53874d80-2116-9cc9-8ee2-eaffe314963b" executionId="3645aab5-a71c-42ad-99fd-889df032cd8b" testListId="8c84fa94-04c1-424b-9868-57a2d4851a1d" />
    <TestEntry testId="53ca1852-49a0-a11c-e7e8-a284473e42dd" executionId="f433fd7c-9a95-4ae3-91f4-f5b5e8b57eef" testListId="8c84fa94-04c1-424b-9868-57a2d4851a1d" />
    <TestEntry testId="53f6bc98-39c6-ede7-7a7f-876e1759ce0f" executionId="55df439e-762c-4ab7-b755-fc9a7d59a890" testListId="8c84fa94-04c1-424b-9868-57a2d4851a1d" />
    <TestEntry testId="542dead6-ed10-9222-74f9-a41b9a960344" executionId="3bd5f703-2a97-4fec-891c-493dd702736b" testListId="8c84fa94-04c1-424b-9868-57a2d4851a1d" />
    <TestEntry testId="567d3c2b-4962-3d47-96ab-601a74aaffe5" executionId="bc385092-8c84-4a6f-be86-cef125e7b711" testListId="8c84fa94-04c1-424b-9868-57a2d4851a1d" />
    <TestEntry testId="56f7a881-8a34-6e76-ef50-a6f821049503" executionId="59890a7b-f884-484a-850a-6fe5ac766198" testListId="8c84fa94-04c1-424b-9868-57a2d4851a1d" />
    <TestEntry testId="58e12531-db4b-c490-c432-e51ba1ab7ea2" executionId="5fd8cb88-655d-4936-800e-844e784ebf1e" testListId="8c84fa94-04c1-424b-9868-57a2d4851a1d" />
    <TestEntry testId="58e66ba9-1cce-bb12-e37f-d6e0a73a2f7a" executionId="cf46293d-55ec-41fd-8106-3f05dbdf00af" testListId="8c84fa94-04c1-424b-9868-57a2d4851a1d" />
    <TestEntry testId="590d5bab-20b0-0504-d688-d3e1a3fe9d43" executionId="05cfdf5c-f0b1-4176-bbb5-73686d138cf1" testListId="8c84fa94-04c1-424b-9868-57a2d4851a1d" />
    <TestEntry testId="594dfd48-8cc2-36d1-addf-7488748985b4" executionId="1bc6dac3-ec68-44f4-bbac-7209a8e0a4d2" testListId="8c84fa94-04c1-424b-9868-57a2d4851a1d" />
    <TestEntry testId="598e5173-77e5-ebc7-38c2-6bc55dbb7c99" executionId="5c78939a-f001-4569-ad6b-4684799c720b" testListId="8c84fa94-04c1-424b-9868-57a2d4851a1d" />
    <TestEntry testId="5bca1925-f78b-b055-3084-d834ba90e7ac" executionId="09917395-6fd0-4c94-a1f2-59eaca837c69" testListId="8c84fa94-04c1-424b-9868-57a2d4851a1d" />
    <TestEntry testId="5c0dbced-b70d-a673-e256-41adf9ecfca9" executionId="23538843-a9e2-476a-88e7-609e18126f28" testListId="8c84fa94-04c1-424b-9868-57a2d4851a1d" />
    <TestEntry testId="5c93c3b8-238e-e9ac-d3a5-9a2ef47a74cc" executionId="8b6eae91-beee-4bd6-93f4-fe4a9f4babd3" testListId="8c84fa94-04c1-424b-9868-57a2d4851a1d" />
    <TestEntry testId="5cc59f33-af36-5571-545a-946daa9eebe0" executionId="53a3c6ea-5cf7-48a0-8a68-577356d4cbde" testListId="8c84fa94-04c1-424b-9868-57a2d4851a1d" />
    <TestEntry testId="5d906f48-ca95-f96e-4ed5-77461a10a7e3" executionId="0dd0d6d9-109c-4839-970e-c1d018896f97" testListId="8c84fa94-04c1-424b-9868-57a2d4851a1d" />
    <TestEntry testId="5da33727-81e9-8ff1-4379-c0f7f8be68b2" executionId="ad23eafb-856c-4543-a72d-8ef66aafc8bd" testListId="8c84fa94-04c1-424b-9868-57a2d4851a1d" />
    <TestEntry testId="5f01ac2e-ee8a-9344-ff6d-d0da325553c5" executionId="4eefa59f-1443-4b04-92f4-7402c22dad84" testListId="8c84fa94-04c1-424b-9868-57a2d4851a1d" />
    <TestEntry testId="60254a77-70ff-2975-ebe1-66d52b47f210" executionId="31f4e1a7-37d9-4d16-8300-a64d7172ac5b" testListId="8c84fa94-04c1-424b-9868-57a2d4851a1d" />
    <TestEntry testId="6052deb6-3d4e-f2a2-259c-a00ac7f969dc" executionId="f87cbb72-e30e-4693-8a42-00cb55d35b42" testListId="8c84fa94-04c1-424b-9868-57a2d4851a1d" />
    <TestEntry testId="615a6b46-1aee-dd6e-cd06-60e43626c58e" executionId="3bcdac10-ebb6-4e24-82bc-fa0a1715fc36" testListId="8c84fa94-04c1-424b-9868-57a2d4851a1d" />
    <TestEntry testId="62402179-7008-d618-28c8-48f913d118da" executionId="b5933fae-81cf-4a44-8239-a9805b2c5a95" testListId="8c84fa94-04c1-424b-9868-57a2d4851a1d" />
    <TestEntry testId="624b8f9d-d4f5-406b-79bd-0ce1955026cc" executionId="190294e3-6d19-4f9d-b4e2-73fdcb234d1b" testListId="8c84fa94-04c1-424b-9868-57a2d4851a1d" />
    <TestEntry testId="63d96449-2cb4-357d-b39a-b414455707d9" executionId="85e24e34-4c47-4ca7-96f9-27cfce9884fd" testListId="8c84fa94-04c1-424b-9868-57a2d4851a1d" />
    <TestEntry testId="65413e88-8d9d-6961-508d-faace79c34b8" executionId="57531391-2034-4e46-8d87-5b1bba618c9d" testListId="8c84fa94-04c1-424b-9868-57a2d4851a1d" />
    <TestEntry testId="665c847c-a2bb-4c7e-b2d0-afafec6e3132" executionId="430e0094-150a-48a1-a117-639671a59f70" testListId="8c84fa94-04c1-424b-9868-57a2d4851a1d" />
    <TestEntry testId="668ed41d-29fd-0cff-a58f-2bb4b9bb7aaa" executionId="a0cbbdc0-ffc2-47aa-ae99-3998be67755b" testListId="8c84fa94-04c1-424b-9868-57a2d4851a1d" />
    <TestEntry testId="69082284-2e2c-10ba-0843-46bea9561c62" executionId="097d0080-4dfa-4d57-a559-4c0c04f9a65c" testListId="8c84fa94-04c1-424b-9868-57a2d4851a1d" />
    <TestEntry testId="698ffbe7-b725-a227-e9f4-5258393318b2" executionId="07d57655-b07d-4d04-93e8-034958b1218e" testListId="8c84fa94-04c1-424b-9868-57a2d4851a1d" />
    <TestEntry testId="6a2e36ee-16e9-760e-fc85-c35d3744586f" executionId="91be646a-f9a1-41b7-b772-fd3fa2716e29" testListId="8c84fa94-04c1-424b-9868-57a2d4851a1d" />
    <TestEntry testId="6a72835d-27c7-2646-080e-32b7a036f152" executionId="4560435e-004a-4acd-82a7-4b5f301d0788" testListId="8c84fa94-04c1-424b-9868-57a2d4851a1d" />
    <TestEntry testId="6c027b9f-39ec-d034-caa1-5b261fcf45c3" executionId="9df8045e-baa9-46b0-b517-945b1fd7f78d" testListId="8c84fa94-04c1-424b-9868-57a2d4851a1d" />
    <TestEntry testId="6cfa7673-dbb0-a210-0983-dc223117554b" executionId="c7fae5e6-1a13-45e1-ba17-8f5ca5f75219" testListId="8c84fa94-04c1-424b-9868-57a2d4851a1d" />
    <TestEntry testId="6ec02b73-823d-f0af-b087-a3598d31bf1f" executionId="aec419a9-d6e0-4eb3-8201-d9e8ef75b639" testListId="8c84fa94-04c1-424b-9868-57a2d4851a1d" />
    <TestEntry testId="70225456-6cf1-589d-a058-c5368a0ee7ed" executionId="662d3dd0-21ea-4066-a7c1-9b39b2d1dff7" testListId="8c84fa94-04c1-424b-9868-57a2d4851a1d" />
    <TestEntry testId="70a17d9d-fb4e-8c3e-de5e-9e96a71dfe0d" executionId="51856618-f9b6-4c44-84f8-fc9751a0db43" testListId="8c84fa94-04c1-424b-9868-57a2d4851a1d" />
    <TestEntry testId="70a33ed0-1988-45aa-e7ca-9e27a97f2dd8" executionId="54682412-01ac-451f-a8b8-fa0a12b1f3aa" testListId="8c84fa94-04c1-424b-9868-57a2d4851a1d" />
    <TestEntry testId="71fee96a-f6a1-ed6b-1792-aa169462bbfc" executionId="b5b3e978-cec3-4ea8-930c-5a8f58b3f456" testListId="8c84fa94-04c1-424b-9868-57a2d4851a1d" />
    <TestEntry testId="744bfcff-4574-a118-1c00-5339972b18db" executionId="5ba5569f-f551-4170-b2c9-9235a60e6f8e" testListId="8c84fa94-04c1-424b-9868-57a2d4851a1d" />
    <TestEntry testId="74adf5b8-1c77-ba23-0e1e-096056e527dc" executionId="e40bd65a-0526-47e5-bc12-fa162858aedc" testListId="8c84fa94-04c1-424b-9868-57a2d4851a1d" />
    <TestEntry testId="74de0c74-c385-d186-8b5a-7ef10e92d680" executionId="359bc6f6-81a3-419a-b091-f347d7bf6ac9" testListId="8c84fa94-04c1-424b-9868-57a2d4851a1d" />
    <TestEntry testId="754a5d2b-b233-3c92-521a-5f9381308eca" executionId="a34766ad-759f-4ba3-ab37-4650599359f9" testListId="8c84fa94-04c1-424b-9868-57a2d4851a1d" />
    <TestEntry testId="756d93dc-5e30-2468-3701-44f26fd7c410" executionId="3fe407f9-3c3b-4089-84d0-7d1ad0c1e4eb" testListId="8c84fa94-04c1-424b-9868-57a2d4851a1d" />
    <TestEntry testId="75ca4a6c-a247-dc07-58c0-23865317ceef" executionId="73608ef6-4a7f-4406-bd15-e1e0b3211303" testListId="8c84fa94-04c1-424b-9868-57a2d4851a1d" />
    <TestEntry testId="7636132b-c0e9-1067-6e8b-7839b9dcb2e5" executionId="905f1e53-8055-4c76-9ba1-4b84ed5d7675" testListId="8c84fa94-04c1-424b-9868-57a2d4851a1d" />
    <TestEntry testId="76c75cb5-a994-6fb2-3465-221b73046ddd" executionId="1a0aed96-a92e-4c76-82a4-dd7517fa2758" testListId="8c84fa94-04c1-424b-9868-57a2d4851a1d" />
    <TestEntry testId="776083fb-40d9-ace0-cafd-b575a93717af" executionId="af2a3e06-c1a2-4f96-8e7d-56439cb217b2" testListId="8c84fa94-04c1-424b-9868-57a2d4851a1d" />
    <TestEntry testId="77cd3b98-20ea-e427-b5de-9ff1d6da9cbe" executionId="83aaa224-9f69-459b-b3c7-73798ec82498" testListId="8c84fa94-04c1-424b-9868-57a2d4851a1d" />
    <TestEntry testId="7b3c6718-5b2d-f656-918a-d6069f4f0b54" executionId="09856431-2222-43a6-905a-8c20f4c550b6" testListId="8c84fa94-04c1-424b-9868-57a2d4851a1d" />
    <TestEntry testId="7c58561d-a0ec-72d7-0151-1803097c4b45" executionId="b57d29b5-74cd-467c-a224-0cc9eb3f0b1b" testListId="8c84fa94-04c1-424b-9868-57a2d4851a1d" />
    <TestEntry testId="7d3a4128-3efb-f9cb-3938-7960045091d6" executionId="bc55f4b5-5192-4388-af91-91344499c1fe" testListId="8c84fa94-04c1-424b-9868-57a2d4851a1d" />
    <TestEntry testId="7e167dec-390b-6357-0d28-41371b4739cd" executionId="dec9c089-53ff-4fb8-be1a-f28be755721d" testListId="8c84fa94-04c1-424b-9868-57a2d4851a1d" />
    <TestEntry testId="806f26ec-3677-22da-18d2-d74af9dbcb58" executionId="7c61731d-37ab-4a0a-a204-fa049c363843" testListId="8c84fa94-04c1-424b-9868-57a2d4851a1d" />
    <TestEntry testId="83a0847d-f208-9537-fed5-01ec6d57e1bc" executionId="92134ed8-e741-4221-abb6-e588ddfd8d8c" testListId="8c84fa94-04c1-424b-9868-57a2d4851a1d" />
    <TestEntry testId="844c4df9-2932-1744-9863-913e592d6dc3" executionId="bed67237-6abf-4137-9abc-2c836e945dcf" testListId="8c84fa94-04c1-424b-9868-57a2d4851a1d" />
    <TestEntry testId="84fd3cae-9802-1d73-5e1c-a78d7fd1c84d" executionId="a3152fe8-1a42-4884-9669-b827b0e6c5ed" testListId="8c84fa94-04c1-424b-9868-57a2d4851a1d" />
    <TestEntry testId="8527f373-c40e-9e03-e98a-38a6f0f6619c" executionId="7d7487a5-3d56-43ef-82cf-ac3c42634224" testListId="8c84fa94-04c1-424b-9868-57a2d4851a1d" />
    <TestEntry testId="85341c1c-02dc-c0cd-6e24-42de4de3c486" executionId="0ac08e1a-c865-4e38-94e6-36d277d60004" testListId="8c84fa94-04c1-424b-9868-57a2d4851a1d" />
    <TestEntry testId="855b321e-a282-389b-e3a4-aeb250d3a6da" executionId="11508904-1aee-4787-8912-dc4812b64df9" testListId="8c84fa94-04c1-424b-9868-57a2d4851a1d" />
    <TestEntry testId="8569eaf9-93ed-7440-92f4-c71ce22fe58d" executionId="91c654c3-0ff3-4552-8d51-3da7089979f7" testListId="8c84fa94-04c1-424b-9868-57a2d4851a1d" />
    <TestEntry testId="8600012c-9486-6dc3-7be0-eed246d0c241" executionId="66eeeb17-3526-4486-89aa-98899c9cd57d" testListId="8c84fa94-04c1-424b-9868-57a2d4851a1d" />
    <TestEntry testId="86bd0d16-562f-cc8a-c2fa-2e6243b45983" executionId="040cacf2-d7f6-4fa2-80af-28c10db0c1e4" testListId="8c84fa94-04c1-424b-9868-57a2d4851a1d" />
    <TestEntry testId="86ea1c84-716f-1411-4e8e-eef0ee3fa44f" executionId="10e2dd32-b6a8-4fd8-8cd4-766952f658c0" testListId="8c84fa94-04c1-424b-9868-57a2d4851a1d" />
    <TestEntry testId="87e9cf55-9aeb-fdbc-21f3-9da8d9cfd761" executionId="b19d24f9-3a84-4e5e-b388-90b84b435f52" testListId="8c84fa94-04c1-424b-9868-57a2d4851a1d" />
    <TestEntry testId="88271768-9066-e298-05ea-c7c3711202ed" executionId="f5dcd8af-ea78-41de-81ca-c43176bfb2cc" testListId="8c84fa94-04c1-424b-9868-57a2d4851a1d" />
    <TestEntry testId="897dd9d9-334c-5077-5f76-238e1faafba6" executionId="014dc29f-2aa9-4671-9993-98ff70d96120" testListId="8c84fa94-04c1-424b-9868-57a2d4851a1d" />
    <TestEntry testId="8a737c96-b1b7-c951-5c82-9f4289c05abe" executionId="f61ff2c3-42be-4eda-8131-7fd7db5f6983" testListId="8c84fa94-04c1-424b-9868-57a2d4851a1d" />
    <TestEntry testId="8c1e773a-137a-9b93-574d-7de86f793fdf" executionId="ccd20f14-84a8-4985-900e-3e43a3012628" testListId="8c84fa94-04c1-424b-9868-57a2d4851a1d" />
    <TestEntry testId="8fc8ba59-8c54-d6fd-25e7-ec439c81a2a5" executionId="4ee6e3c1-7535-4765-853e-66b78aad4c38" testListId="8c84fa94-04c1-424b-9868-57a2d4851a1d" />
    <TestEntry testId="903fb00e-c93d-a6f1-38b6-fbf60296a921" executionId="fc109669-8fde-4e99-8ba6-ae6e7369338e" testListId="8c84fa94-04c1-424b-9868-57a2d4851a1d" />
    <TestEntry testId="9088cd19-969e-646e-4141-3172356eb6a4" executionId="04b5620d-97c0-4353-ac03-335b42471293" testListId="8c84fa94-04c1-424b-9868-57a2d4851a1d" />
    <TestEntry testId="91f89080-c6a4-4bad-6f96-c995d1350531" executionId="57213bcc-493e-4426-867d-f0689bfb5ce2" testListId="8c84fa94-04c1-424b-9868-57a2d4851a1d" />
    <TestEntry testId="937d97db-d919-cf32-04b0-25d98877ee9e" executionId="2c0bbd65-ffee-461c-822e-dae87a829c98" testListId="8c84fa94-04c1-424b-9868-57a2d4851a1d" />
    <TestEntry testId="94a69f52-74f5-f528-3999-c8d2fcffed92" executionId="4c9d7abb-fc13-497d-af27-1b3de16a5f47" testListId="8c84fa94-04c1-424b-9868-57a2d4851a1d" />
    <TestEntry testId="95374570-e83d-3a49-bb13-a1923d7f42dd" executionId="745ce5ea-e6f6-4a16-8e53-e64c277a2013" testListId="8c84fa94-04c1-424b-9868-57a2d4851a1d" />
    <TestEntry testId="955b49e0-f828-eceb-3c2a-e295da2bb199" executionId="043a2e7c-6be1-47f5-990a-741610bc56bb" testListId="8c84fa94-04c1-424b-9868-57a2d4851a1d" />
    <TestEntry testId="95bac72e-d0af-61e7-ebbb-293257cd5a39" executionId="5b5a0670-af84-4da2-a6a1-0aef85d48554" testListId="8c84fa94-04c1-424b-9868-57a2d4851a1d" />
    <TestEntry testId="960715e1-e435-d363-5dc1-71152b5f89c9" executionId="01e0873f-c672-4e40-8a0c-a1755e6f8823" testListId="8c84fa94-04c1-424b-9868-57a2d4851a1d" />
    <TestEntry testId="964f826f-4e15-d08c-244f-65b0e07d69a5" executionId="5b97a8c1-9c31-44d5-baac-661da8a0cdc9" testListId="8c84fa94-04c1-424b-9868-57a2d4851a1d" />
    <TestEntry testId="96624594-37d8-b9ce-e796-b2e326c8e3a9" executionId="d60d7162-af66-4a16-a309-b490dfeca84d" testListId="8c84fa94-04c1-424b-9868-57a2d4851a1d" />
    <TestEntry testId="9806c174-fb19-4c13-d4a9-bac5b5c7016e" executionId="1b596456-be92-494c-a98a-6f54aad27b7a" testListId="8c84fa94-04c1-424b-9868-57a2d4851a1d" />
    <TestEntry testId="984634c2-4b56-0534-6981-951a3cda6a6c" executionId="537088fc-8ff8-48b5-8cb5-be662770a280" testListId="8c84fa94-04c1-424b-9868-57a2d4851a1d" />
    <TestEntry testId="98605777-f680-d719-c8a2-29e79f98a843" executionId="63d2a8ea-66dd-4d95-9584-ef78a9cb030c" testListId="8c84fa94-04c1-424b-9868-57a2d4851a1d" />
    <TestEntry testId="989d61d5-4f00-deb9-93ae-00b5cc4361a8" executionId="0a2d907e-7946-4306-a501-4b1ce6e68035" testListId="8c84fa94-04c1-424b-9868-57a2d4851a1d" />
    <TestEntry testId="98cc7ff0-f07f-99d1-3543-dbb75959abb7" executionId="3663efb3-1e7b-474f-9292-cad1c5932c36" testListId="8c84fa94-04c1-424b-9868-57a2d4851a1d" />
    <TestEntry testId="9b4b7832-1dfe-9ab1-20b0-314be6fd0d43" executionId="0917c644-338a-4587-913f-f62fd1fda653" testListId="8c84fa94-04c1-424b-9868-57a2d4851a1d" />
    <TestEntry testId="9bf3752d-1ff3-221d-6330-fc25752807c3" executionId="00cac564-82b5-4c1e-8511-6fc7c4b8b7bc" testListId="8c84fa94-04c1-424b-9868-57a2d4851a1d" />
    <TestEntry testId="9d29502e-78a2-7f8c-ae9e-e040aeb3dc4f" executionId="6fae4674-2430-4ccb-ae84-79d946ce55cb" testListId="8c84fa94-04c1-424b-9868-57a2d4851a1d" />
    <TestEntry testId="9d831a30-a7f5-ef34-e29b-f61470a786aa" executionId="0b2abcfa-3334-438c-8abc-c8bb0de3242d" testListId="8c84fa94-04c1-424b-9868-57a2d4851a1d" />
    <TestEntry testId="9e187ad4-d253-fd03-588e-b6539c32581a" executionId="d3f4517e-35cd-4534-8ee9-2efc6f8e98dd" testListId="8c84fa94-04c1-424b-9868-57a2d4851a1d" />
    <TestEntry testId="9e3b704c-817c-ceaf-28ca-e379a72ae5db" executionId="c89d4bdb-c483-49ae-82a6-cb19c338cf4f" testListId="8c84fa94-04c1-424b-9868-57a2d4851a1d" />
    <TestEntry testId="9ed572a2-3af0-ef4b-1810-eafcaa3d0923" executionId="46091d00-82de-4254-b170-edf95748128e" testListId="8c84fa94-04c1-424b-9868-57a2d4851a1d" />
    <TestEntry testId="9f367ad8-de24-c5af-8464-1b83c3db2eb4" executionId="cc18c58d-c14b-48b9-a8ea-30c30fd4e70f" testListId="8c84fa94-04c1-424b-9868-57a2d4851a1d" />
    <TestEntry testId="9f62473b-095e-9ad8-8659-4f77d872bfac" executionId="0a87d67b-2e9e-41bd-951a-d2c97069d9e7" testListId="8c84fa94-04c1-424b-9868-57a2d4851a1d" />
    <TestEntry testId="9ff9846c-9460-0889-c7c6-d1f3d898ca8a" executionId="d15e625f-880c-428d-a234-66bd0a61cb54" testListId="8c84fa94-04c1-424b-9868-57a2d4851a1d" />
    <TestEntry testId="a01937e6-f257-6a21-c45e-4b44046075ff" executionId="95abc31c-80f9-4107-a200-dcde18688890" testListId="8c84fa94-04c1-424b-9868-57a2d4851a1d" />
    <TestEntry testId="a0656819-52af-0122-4659-3b35a1247c16" executionId="f20fee75-515f-4042-8cde-5d94c4777719" testListId="8c84fa94-04c1-424b-9868-57a2d4851a1d" />
    <TestEntry testId="a1754ac9-7aed-e19d-296e-d0ed14435b19" executionId="84240e74-cc1f-4e84-bebb-cac945e6d83b" testListId="8c84fa94-04c1-424b-9868-57a2d4851a1d" />
    <TestEntry testId="a1b6f0a3-d3a9-318d-5fb6-4bf388eb0281" executionId="aa707b6d-9582-45a8-9c28-b507dfa23607" testListId="8c84fa94-04c1-424b-9868-57a2d4851a1d" />
    <TestEntry testId="a1baa385-e93b-b39f-d4ab-100fb9e451e2" executionId="9fc56780-5fc8-449c-b5e6-82707098a1ec" testListId="8c84fa94-04c1-424b-9868-57a2d4851a1d" />
    <TestEntry testId="a21c8ecc-49e9-1518-1952-4d9d38fa5df2" executionId="e9f972fc-45bb-42b8-9462-8a8f51bfd163" testListId="8c84fa94-04c1-424b-9868-57a2d4851a1d" />
    <TestEntry testId="a3c5d30c-026a-65f5-b410-6b577509d2d0" executionId="17bae0c3-123a-4ae2-9565-e6f789998239" testListId="8c84fa94-04c1-424b-9868-57a2d4851a1d" />
    <TestEntry testId="a4a89e96-681d-1446-27f6-8a70fd09d7b9" executionId="3e8c1cdd-979b-4aa0-8841-5c56d58c2893" testListId="8c84fa94-04c1-424b-9868-57a2d4851a1d" />
    <TestEntry testId="a4da9462-de35-9d72-869d-8c4d6ebbb7e3" executionId="e11d3290-10d0-44c4-9ffd-8c792927c813" testListId="8c84fa94-04c1-424b-9868-57a2d4851a1d" />
    <TestEntry testId="a56003bf-09ed-8456-66f1-106afd0cf559" executionId="4872fb7c-b352-44eb-b6d7-668a327bb8ae" testListId="8c84fa94-04c1-424b-9868-57a2d4851a1d" />
    <TestEntry testId="a5dcae97-2768-2d08-8d99-69f1e48de25e" executionId="0b8be799-c61a-4ce5-8e71-1bba18842967" testListId="8c84fa94-04c1-424b-9868-57a2d4851a1d" />
    <TestEntry testId="a616359c-88a5-65c8-006b-acfd4a2da250" executionId="33ba5e7a-4727-41b3-95b1-f7151f6c4658" testListId="8c84fa94-04c1-424b-9868-57a2d4851a1d" />
    <TestEntry testId="a61f8162-c2ea-0f0e-eaed-d380c73cf004" executionId="86499803-686f-46c3-8d91-f983c926f6cf" testListId="8c84fa94-04c1-424b-9868-57a2d4851a1d" />
    <TestEntry testId="a6f44b3b-d192-d47e-4da9-106d54454e08" executionId="b370307a-f567-4ef2-9fc5-cb1ced4dc820" testListId="8c84fa94-04c1-424b-9868-57a2d4851a1d" />
    <TestEntry testId="a89d290d-3f82-a85a-5892-2da8562d46e2" executionId="72c28e69-750e-4203-8545-9d05f3fb63f8" testListId="8c84fa94-04c1-424b-9868-57a2d4851a1d" />
    <TestEntry testId="a90dcb5c-5bc9-f719-7efd-3e8ef04ccecd" executionId="0574018b-0496-43f8-b674-cb496323f1df" testListId="8c84fa94-04c1-424b-9868-57a2d4851a1d" />
    <TestEntry testId="aa04e3c5-5802-6d1d-3440-7c0dd938c92e" executionId="ca0b255d-07f0-437b-9a13-1827c6643ff1" testListId="8c84fa94-04c1-424b-9868-57a2d4851a1d" />
    <TestEntry testId="abe71294-0842-5ad9-ba31-1e89296f6e7a" executionId="a829d308-c088-4192-90c3-9e4d4ac2f7aa" testListId="8c84fa94-04c1-424b-9868-57a2d4851a1d" />
    <TestEntry testId="ac1cc0d2-1fac-1a38-7e28-028c11e9d35f" executionId="1c246e42-13df-45b7-93a8-efc8d520853b" testListId="8c84fa94-04c1-424b-9868-57a2d4851a1d" />
    <TestEntry testId="aceeaf06-5f9a-cc19-3a25-97792566d8c3" executionId="3b4e6f59-33cb-4798-8f97-e59d9e4501b0" testListId="8c84fa94-04c1-424b-9868-57a2d4851a1d" />
    <TestEntry testId="ad251565-d254-9c1c-fbf8-7bd473461ed1" executionId="611d4e4d-4c1a-4c6f-be69-2c22af4a8020" testListId="8c84fa94-04c1-424b-9868-57a2d4851a1d" />
    <TestEntry testId="ae30ed5b-4d9c-f090-dcfe-b45809d6d3d4" executionId="960ff190-8509-4ad7-9b5a-a5a55f902476" testListId="8c84fa94-04c1-424b-9868-57a2d4851a1d" />
    <TestEntry testId="ae9f039e-de48-abf5-2743-be0e396f0007" executionId="5be6afa8-60fb-42e6-b7c6-7c498ecb893e" testListId="8c84fa94-04c1-424b-9868-57a2d4851a1d" />
    <TestEntry testId="aeee27a0-16d0-84e9-d85c-2083a6c4fdc0" executionId="b1fcd284-d63f-4c32-b3aa-9591bcc9892f" testListId="8c84fa94-04c1-424b-9868-57a2d4851a1d" />
    <TestEntry testId="aef8684c-96d9-ce55-c302-0c7e0b2dc74a" executionId="d0274490-fa92-47ab-89a4-8d7b817b3e24" testListId="8c84fa94-04c1-424b-9868-57a2d4851a1d" />
    <TestEntry testId="af497229-e5a2-31d4-5f98-120a645dc432" executionId="4f0e0d9a-df32-4a46-ada4-9aaf658ec231" testListId="8c84fa94-04c1-424b-9868-57a2d4851a1d" />
    <TestEntry testId="af5dac9d-7536-d822-6256-f0bd6408de61" executionId="b96503df-d0b3-4d10-b018-6a399ab5cb26" testListId="8c84fa94-04c1-424b-9868-57a2d4851a1d" />
    <TestEntry testId="af609df7-1ee3-6905-d4fe-3aa5fcb650a7" executionId="6618d371-d21b-4be8-9a91-c401ec46352c" testListId="8c84fa94-04c1-424b-9868-57a2d4851a1d" />
    <TestEntry testId="af991648-2f4d-a3c0-4c0c-665bdb897471" executionId="e67c0f67-2633-42c6-8a3c-a40f802a4af8" testListId="8c84fa94-04c1-424b-9868-57a2d4851a1d" />
    <TestEntry testId="affc3c7b-2282-a1a7-f6ae-ff585a6ff85e" executionId="dbf0f365-a26d-42ca-a357-c78840d72725" testListId="8c84fa94-04c1-424b-9868-57a2d4851a1d" />
    <TestEntry testId="b1226e7b-988b-94c7-4a9a-7e8cc353b71a" executionId="355f4da1-48a1-4047-8bbe-f55f0cefe1fa" testListId="8c84fa94-04c1-424b-9868-57a2d4851a1d" />
    <TestEntry testId="b1b446a0-5c8b-78a3-24e1-b42fd5271256" executionId="bdf450ae-177d-4d0b-ba10-ede2a627107e" testListId="8c84fa94-04c1-424b-9868-57a2d4851a1d" />
    <TestEntry testId="b1c03645-3aca-6c97-bc6d-6a4b1ad89c2c" executionId="d7630397-572e-47be-9fc5-1d2445f7dd0e" testListId="8c84fa94-04c1-424b-9868-57a2d4851a1d" />
    <TestEntry testId="b2f748e5-9d74-6d60-360d-6dfd3bbe5ab5" executionId="4031ee6a-6ec0-4b4e-86bf-751690d1d5d0" testListId="8c84fa94-04c1-424b-9868-57a2d4851a1d" />
    <TestEntry testId="b32a286d-447c-44f2-f0e5-3665f3adba00" executionId="328fe518-b911-485b-a6e9-a0c72a81be9e" testListId="8c84fa94-04c1-424b-9868-57a2d4851a1d" />
    <TestEntry testId="b3d97380-bcb0-224d-2153-317cd3a34fdf" executionId="5fbd4003-bf4a-4f2e-9fa5-2f25e64e31ef" testListId="8c84fa94-04c1-424b-9868-57a2d4851a1d" />
    <TestEntry testId="b4f9f3fc-72d6-8b81-7837-68269cf99335" executionId="fc320852-6cad-4316-834b-9faee630cedc" testListId="8c84fa94-04c1-424b-9868-57a2d4851a1d" />
    <TestEntry testId="b629fbfa-f168-2a48-3f0b-99386fd3e0b7" executionId="a50dec00-b91a-42e4-a7d8-28c1005cf937" testListId="8c84fa94-04c1-424b-9868-57a2d4851a1d" />
    <TestEntry testId="b63c1b34-4a7d-454c-cafd-7c3ad6553cbf" executionId="c5a11d02-7f6d-49f2-a0e7-2b66f9cdcda6" testListId="8c84fa94-04c1-424b-9868-57a2d4851a1d" />
    <TestEntry testId="b670c5d2-fdb6-caf7-3f8e-cbbe1841e8c2" executionId="1b0fda96-4a3d-41e4-8b63-4158cf9f7419" testListId="8c84fa94-04c1-424b-9868-57a2d4851a1d" />
    <TestEntry testId="b683543b-04a3-87ac-dd29-5ba0500f8472" executionId="0bd65dc7-f153-4d2f-a76b-9758c68b26c4" testListId="8c84fa94-04c1-424b-9868-57a2d4851a1d" />
    <TestEntry testId="b7e7ac48-9b99-3bc9-a4e9-650802570499" executionId="feb1e2d0-d4f5-4ede-9e53-4812d346df98" testListId="8c84fa94-04c1-424b-9868-57a2d4851a1d" />
    <TestEntry testId="b9717f53-1407-ae65-4b7d-dd93ac3a0b88" executionId="995113a1-1666-4631-b4b4-51c3f3a36e4c" testListId="8c84fa94-04c1-424b-9868-57a2d4851a1d" />
    <TestEntry testId="b981fe1f-39d2-24b8-ff07-c5c0752792c0" executionId="840db251-b957-411c-86e6-19ffcde8d7d0" testListId="8c84fa94-04c1-424b-9868-57a2d4851a1d" />
    <TestEntry testId="bb1bbd82-c4f3-5a8e-a3ab-837f632aaa95" executionId="341c9d82-0026-4e36-84c8-8b7c9f6b968c" testListId="8c84fa94-04c1-424b-9868-57a2d4851a1d" />
    <TestEntry testId="bb305726-706d-f65d-c5bc-17f2acdeab3a" executionId="41387036-20c9-4919-9e7e-d20562270eef" testListId="8c84fa94-04c1-424b-9868-57a2d4851a1d" />
    <TestEntry testId="bd35bc43-c02f-8b41-e0fb-e420f002893a" executionId="c6c52a81-ce62-418f-8082-ac13cf65dd99" testListId="8c84fa94-04c1-424b-9868-57a2d4851a1d" />
    <TestEntry testId="beda478b-718f-efc8-670e-bf6de8b18588" executionId="b214fe7b-4e7f-4639-a952-b0787f7649ce" testListId="8c84fa94-04c1-424b-9868-57a2d4851a1d" />
    <TestEntry testId="bf113fb2-3418-2e4d-9db5-f3cb00704405" executionId="1d7be9f2-fc73-407a-b5ad-29f6a7cfc29f" testListId="8c84fa94-04c1-424b-9868-57a2d4851a1d" />
    <TestEntry testId="bf319038-565b-c446-26a6-f82c6abe2cb7" executionId="79489ffa-ba05-41d2-940e-f43169416846" testListId="8c84fa94-04c1-424b-9868-57a2d4851a1d" />
    <TestEntry testId="c05dc14b-034b-5fd2-fd0b-143e3edaf55a" executionId="7c0cdf4c-e5c9-40a0-afd0-36d2fa64e518" testListId="8c84fa94-04c1-424b-9868-57a2d4851a1d" />
    <TestEntry testId="c0627374-0159-9389-64a7-d55fc4c3eff9" executionId="0c196108-1dd7-46d2-b81a-6e31b0615f34" testListId="8c84fa94-04c1-424b-9868-57a2d4851a1d" />
    <TestEntry testId="c1eb370b-9a24-b28a-ff60-2b5f147be534" executionId="3df75c3b-cf08-4268-9f1f-94c25e93a128" testListId="8c84fa94-04c1-424b-9868-57a2d4851a1d" />
    <TestEntry testId="c3581613-3ea7-bafc-1db6-2207629ed207" executionId="485d9d15-9a32-4cd4-8ee5-174213fa20e5" testListId="8c84fa94-04c1-424b-9868-57a2d4851a1d" />
    <TestEntry testId="c38ff559-aa22-cc54-6615-f34be0e8e99c" executionId="e0a0f803-2148-46af-b34e-fb39ae833d4c" testListId="8c84fa94-04c1-424b-9868-57a2d4851a1d" />
    <TestEntry testId="c3976b84-0cba-9bed-120a-8301a50f4126" executionId="ba15d38f-fabe-460d-bf79-a80d801946e4" testListId="8c84fa94-04c1-424b-9868-57a2d4851a1d" />
    <TestEntry testId="c557895b-c36c-6624-8cf1-5e704676491c" executionId="4f8a1877-490c-4a77-9a9b-d12def73bcbc" testListId="8c84fa94-04c1-424b-9868-57a2d4851a1d" />
    <TestEntry testId="c6a31f09-af16-623f-92f5-4076acccad01" executionId="501e02ec-9ab5-403d-a140-0359c8a30836" testListId="8c84fa94-04c1-424b-9868-57a2d4851a1d" />
    <TestEntry testId="c74ed87d-c21e-843c-0ed2-5517fcd37a9b" executionId="29b74e4c-b743-49a6-800c-35414f2478de" testListId="8c84fa94-04c1-424b-9868-57a2d4851a1d" />
    <TestEntry testId="c8e98fc7-d6b8-a9d4-0da0-e0d0487b47d2" executionId="88bcf3dc-358b-4392-88b5-c692a57a70f6" testListId="8c84fa94-04c1-424b-9868-57a2d4851a1d" />
    <TestEntry testId="c96a23c4-7149-5feb-e6c2-9f64455f0f9f" executionId="c6432043-b806-4794-a6f5-3b2a1ced6401" testListId="8c84fa94-04c1-424b-9868-57a2d4851a1d" />
    <TestEntry testId="c9aee37a-3e40-c31d-001f-3b0ad1a258af" executionId="49a428e2-3b8f-4706-8bee-83a1dbccc33b" testListId="8c84fa94-04c1-424b-9868-57a2d4851a1d" />
    <TestEntry testId="c9c7e053-a4e5-6291-200c-c44a2aeeebfb" executionId="8d9e0d6a-930a-4de9-b802-c725d01d3caf" testListId="8c84fa94-04c1-424b-9868-57a2d4851a1d" />
    <TestEntry testId="cb0d2037-228e-29e8-4b36-efc0b03f4ffb" executionId="747b8181-d225-46cc-9390-bb68c9df6ad5" testListId="8c84fa94-04c1-424b-9868-57a2d4851a1d" />
    <TestEntry testId="cba36912-cd40-6ace-d587-33fa675a7d0a" executionId="b2f1f5a0-9bb8-489e-9ff3-1471d0604c11" testListId="8c84fa94-04c1-424b-9868-57a2d4851a1d" />
    <TestEntry testId="cc04b73d-f5fc-188d-6b3c-483c5bd10d19" executionId="dc61a35e-e341-443b-a80f-19de5ec79058" testListId="8c84fa94-04c1-424b-9868-57a2d4851a1d" />
    <TestEntry testId="cc497315-0e0f-da31-785d-e872c7d04ce1" executionId="6db3b9af-e815-4650-9cbf-cbac31b2546d" testListId="8c84fa94-04c1-424b-9868-57a2d4851a1d" />
    <TestEntry testId="ccf1d8fd-6364-029c-2047-b39fe5f42649" executionId="4f58e0c9-29a5-48c1-9221-867ee573936b" testListId="8c84fa94-04c1-424b-9868-57a2d4851a1d" />
    <TestEntry testId="cef28fb0-2b1b-cc42-8a52-356dfc6a1d9d" executionId="ef530bf5-0000-4465-b70a-15879552b3df" testListId="8c84fa94-04c1-424b-9868-57a2d4851a1d" />
    <TestEntry testId="cfceec20-fceb-2b80-9704-9b44d5752d44" executionId="c079a2aa-f87a-4363-9de5-e45e719c271d" testListId="8c84fa94-04c1-424b-9868-57a2d4851a1d" />
    <TestEntry testId="cfd73a2f-2089-bc77-de68-2eabe8bebc4e" executionId="f0f13959-bcef-4258-8209-fe7467cda426" testListId="8c84fa94-04c1-424b-9868-57a2d4851a1d" />
    <TestEntry testId="d07ea7f2-0ba1-3755-edbb-5a01a7442d68" executionId="d0babbf2-4e4d-4b3e-807a-8b68f6057ccb" testListId="8c84fa94-04c1-424b-9868-57a2d4851a1d" />
    <TestEntry testId="d0d75e97-a3ad-e770-d99c-e7793cdaaf16" executionId="6ef9df8b-4cdb-4d90-8311-0405dcd766d6" testListId="8c84fa94-04c1-424b-9868-57a2d4851a1d" />
    <TestEntry testId="d1234bf1-5caa-bc00-2a86-e1d1c42d393d" executionId="70c55009-f399-428a-8323-1edceb5560a1" testListId="8c84fa94-04c1-424b-9868-57a2d4851a1d" />
    <TestEntry testId="d287e19e-aeee-0bd4-d732-0ee2351a7e8c" executionId="6539a74d-9965-44ce-8ead-6058fa09f4d1" testListId="8c84fa94-04c1-424b-9868-57a2d4851a1d" />
    <TestEntry testId="d2fe96e8-062c-ce5e-150f-1ccc703033b3" executionId="37bd2f1e-4c39-41c9-9af6-d408e161b51b" testListId="8c84fa94-04c1-424b-9868-57a2d4851a1d" />
    <TestEntry testId="d4371ab4-4581-fe2f-5f25-170497c8a690" executionId="c12fd997-1a81-4143-baaa-b7350bd33ecd" testListId="8c84fa94-04c1-424b-9868-57a2d4851a1d" />
    <TestEntry testId="d5011e66-7472-792e-b5eb-e23aac6828ff" executionId="4445c7f1-f12f-4d2c-8900-4f404ecc141f" testListId="8c84fa94-04c1-424b-9868-57a2d4851a1d" />
    <TestEntry testId="d6ba2605-b78b-2dbd-242d-a688bc0d5d21" executionId="a55ae362-871b-4d72-89fe-7bc1f7b5753f" testListId="8c84fa94-04c1-424b-9868-57a2d4851a1d" />
    <TestEntry testId="d6c79607-eac7-8700-9580-338d0db8cbad" executionId="9e59cf01-a526-42f6-add9-ffa93920eddd" testListId="8c84fa94-04c1-424b-9868-57a2d4851a1d" />
    <TestEntry testId="d90c8886-e84d-fb76-05b4-0f5e32daee6c" executionId="805e35c5-6f2d-48b3-8747-6e218dd6c14e" testListId="8c84fa94-04c1-424b-9868-57a2d4851a1d" />
    <TestEntry testId="d9de7a0e-b476-721e-1ad3-17f7ad46f19c" executionId="b420bbd3-c6ed-40c0-b4b9-a775a4bdcf5c" testListId="8c84fa94-04c1-424b-9868-57a2d4851a1d" />
    <TestEntry testId="db04381d-9eba-9777-cc16-6508ab5fd323" executionId="68df90b9-8c48-4b2e-9de0-7a8644b0584b" testListId="8c84fa94-04c1-424b-9868-57a2d4851a1d" />
    <TestEntry testId="db13dadd-4ea7-c3ef-cea0-82bd85486e09" executionId="6a453e1b-3b7e-4fed-aeb6-039e2aa62267" testListId="8c84fa94-04c1-424b-9868-57a2d4851a1d" />
    <TestEntry testId="db8ae9f9-5df8-b0a0-0491-27533efc01dd" executionId="13f59be8-910d-49fc-861d-e00d5cff1307" testListId="8c84fa94-04c1-424b-9868-57a2d4851a1d" />
    <TestEntry testId="dbcfde09-38cd-91e4-b28e-e13cd6184e1f" executionId="0bbfa9d7-3bd3-4f91-bb2d-7afa98359af8" testListId="8c84fa94-04c1-424b-9868-57a2d4851a1d" />
    <TestEntry testId="dbda505f-e172-ab0c-34e1-f26ede80da38" executionId="3fc1ee5e-7904-446a-91d6-3b39e6965a78" testListId="8c84fa94-04c1-424b-9868-57a2d4851a1d" />
    <TestEntry testId="dc5fcc51-28b7-c825-af7e-1f9e6127efbe" executionId="6749e1a6-65f2-4e6a-9fde-e397b0c455b5" testListId="8c84fa94-04c1-424b-9868-57a2d4851a1d" />
    <TestEntry testId="dd88d382-a029-26c8-5280-fb736f8309c7" executionId="36f1de33-d709-4557-a8a5-d8914c1c1051" testListId="8c84fa94-04c1-424b-9868-57a2d4851a1d" />
    <TestEntry testId="ddc0208e-779b-b9dd-07ce-1509dca49764" executionId="5db18b9d-c7f3-410e-98e7-27afa5487960" testListId="8c84fa94-04c1-424b-9868-57a2d4851a1d" />
    <TestEntry testId="de759343-c7c6-bbee-9117-2c928908f8a2" executionId="4a563ce6-1db4-47d2-a9d2-93647eb4a8c6" testListId="8c84fa94-04c1-424b-9868-57a2d4851a1d" />
    <TestEntry testId="de9ee996-0d61-7e10-533b-3e3d6a5437a6" executionId="1ba75a17-f4f4-469e-a45f-497a47f7007c" testListId="8c84fa94-04c1-424b-9868-57a2d4851a1d" />
    <TestEntry testId="df60373e-2f5f-7715-e0bb-4ebb3d1c03fd" executionId="c6fa4770-d594-4b1b-bbc3-5f97d2b3d73d" testListId="8c84fa94-04c1-424b-9868-57a2d4851a1d" />
    <TestEntry testId="df802102-d237-e330-6248-958a6a0aa8b9" executionId="c8a67975-266f-4bc9-90ae-0cd139b3e9fa" testListId="8c84fa94-04c1-424b-9868-57a2d4851a1d" />
    <TestEntry testId="e0bd1a5e-b53c-ba27-af82-db933039b2c8" executionId="fc21266c-c7ca-4f9f-bcf7-6abbb1ba045a" testListId="8c84fa94-04c1-424b-9868-57a2d4851a1d" />
    <TestEntry testId="e0eee60b-7289-30a4-0164-a2e81c253a57" executionId="7d2338df-8af6-4cff-b137-0e292d9a7748" testListId="8c84fa94-04c1-424b-9868-57a2d4851a1d" />
    <TestEntry testId="e17f3ff1-c52b-7bb6-8863-340e946e73c7" executionId="550f0159-96f3-4bea-8a70-2042892ebb8d" testListId="8c84fa94-04c1-424b-9868-57a2d4851a1d" />
    <TestEntry testId="e1b5b1f9-f076-f5b5-e190-3addef2b171f" executionId="dc3e1253-45b0-41bd-85f8-c9a9a909279d" testListId="8c84fa94-04c1-424b-9868-57a2d4851a1d" />
    <TestEntry testId="e22a67d0-4fbb-ee5b-5055-fcc602b517d4" executionId="1745d378-c467-46df-aada-d0b81fec6565" testListId="8c84fa94-04c1-424b-9868-57a2d4851a1d" />
    <TestEntry testId="e22c4575-62ee-9465-eaa4-14c7f6db60be" executionId="7b669638-150d-449f-b92a-0ae8512d444c" testListId="8c84fa94-04c1-424b-9868-57a2d4851a1d" />
    <TestEntry testId="e2757431-6e59-464c-fd75-8d4213a71012" executionId="8e497bb2-560c-4155-a466-2ca4c701e449" testListId="8c84fa94-04c1-424b-9868-57a2d4851a1d" />
    <TestEntry testId="e289fc3f-3ffc-efa4-7e69-7ef09617ff37" executionId="0447d73f-a9be-4f84-a7d1-e0ec1babf924" testListId="8c84fa94-04c1-424b-9868-57a2d4851a1d" />
    <TestEntry testId="e314496e-78c7-5efd-5c84-f1d7de486c6d" executionId="9eebfe91-e6dd-46e7-8109-63a8fa2e1b31" testListId="8c84fa94-04c1-424b-9868-57a2d4851a1d" />
    <TestEntry testId="e32760e1-1205-d9b5-df28-fd9784a03f5b" executionId="53ae4560-4a2d-42ca-9274-bda29eca764b" testListId="8c84fa94-04c1-424b-9868-57a2d4851a1d" />
    <TestEntry testId="e3ab030d-a53e-313c-39e1-bfee3779d1bf" executionId="9ca540e4-0cf4-441e-909f-54378686c3b6" testListId="8c84fa94-04c1-424b-9868-57a2d4851a1d" />
    <TestEntry testId="e3c7a02d-091f-e9f3-b70a-10a58aa9b252" executionId="8299af72-e7ef-4945-badc-08558487d518" testListId="8c84fa94-04c1-424b-9868-57a2d4851a1d" />
    <TestEntry testId="e44b57e1-5457-3e9a-ff44-547849a192a4" executionId="1816efc9-6513-42ed-a926-9299d22e3f36" testListId="8c84fa94-04c1-424b-9868-57a2d4851a1d" />
    <TestEntry testId="e8a4fef0-f85e-08ed-0618-0d3ad355d41f" executionId="8ffb6a1c-6d0d-4ed4-a294-9926712b3184" testListId="8c84fa94-04c1-424b-9868-57a2d4851a1d" />
    <TestEntry testId="e9131190-c6e2-db53-df32-d699924932da" executionId="0a41c700-3988-4130-9da8-1df3f7e86a00" testListId="8c84fa94-04c1-424b-9868-57a2d4851a1d" />
    <TestEntry testId="e9237481-ec84-2cfa-48f8-0eba70a6226c" executionId="9b7caa30-e488-4c58-9e5b-7bd23ffebf2c" testListId="8c84fa94-04c1-424b-9868-57a2d4851a1d" />
    <TestEntry testId="e965ac05-7bc0-fd9b-1a98-68a36a7e209f" executionId="7c745403-ce29-45de-aae9-0e22e50aca36" testListId="8c84fa94-04c1-424b-9868-57a2d4851a1d" />
    <TestEntry testId="ebbdc9bb-da76-35cf-0363-cf7ec4965176" executionId="e8c71a7b-c06b-4364-b10d-0f966a2ee9c3" testListId="8c84fa94-04c1-424b-9868-57a2d4851a1d" />
    <TestEntry testId="ec42ef37-e34f-1c1a-71dd-2c376f1dc2ec" executionId="0d69f394-e877-441c-958c-0cae1b68eaeb" testListId="8c84fa94-04c1-424b-9868-57a2d4851a1d" />
    <TestEntry testId="ec6ba0e5-08d7-cc71-515b-b96a4a657f77" executionId="d277fdec-4733-489b-9738-97de76382571" testListId="8c84fa94-04c1-424b-9868-57a2d4851a1d" />
    <TestEntry testId="ec88895d-a8f6-c0a7-411a-1946c81ec89a" executionId="4095d6d3-872d-4620-9059-ba62d51a78b3" testListId="8c84fa94-04c1-424b-9868-57a2d4851a1d" />
    <TestEntry testId="ef1f1ccd-eec8-7c2a-dc70-18bd9a745745" executionId="5258507c-05bd-4a53-8c29-bfc8d861e724" testListId="8c84fa94-04c1-424b-9868-57a2d4851a1d" />
    <TestEntry testId="ef70b526-178e-f567-ca7f-9568174f14e2" executionId="8dccba7b-6793-40e7-89cc-11ff45099e2e" testListId="8c84fa94-04c1-424b-9868-57a2d4851a1d" />
    <TestEntry testId="efbf6bac-c955-325a-d8ba-dfb3b9c8146b" executionId="d73d8b58-38ae-431d-a066-d9530da6847a" testListId="8c84fa94-04c1-424b-9868-57a2d4851a1d" />
    <TestEntry testId="f017e773-9245-d445-5fce-b92d1ba0d7c0" executionId="1b00bbaa-4108-4be0-8e48-edb669430066" testListId="8c84fa94-04c1-424b-9868-57a2d4851a1d" />
    <TestEntry testId="f0e1bad1-04d1-2445-cfe6-89161a86d2be" executionId="fe51116c-fc83-4ba7-8717-1395303d8dcf" testListId="8c84fa94-04c1-424b-9868-57a2d4851a1d" />
    <TestEntry testId="f1117546-4a2c-021c-945b-47482d72c67c" executionId="acd6bb0e-7497-41a3-823c-466939ab893b" testListId="8c84fa94-04c1-424b-9868-57a2d4851a1d" />
    <TestEntry testId="f18a9e94-6a3d-e388-3963-abca5be8fd91" executionId="c633172c-e21e-4f7c-8a7e-1d4367ab2628" testListId="8c84fa94-04c1-424b-9868-57a2d4851a1d" />
    <TestEntry testId="f1c0c76f-29b9-c8dd-3419-c5e19806a8f6" executionId="31593c8c-87cd-44ab-b8ba-ebe2e869388c" testListId="8c84fa94-04c1-424b-9868-57a2d4851a1d" />
    <TestEntry testId="f22b8713-03de-7d63-d19e-d4d83bff0c8a" executionId="35644f2a-7e4a-43da-9e74-843f8c695e12" testListId="8c84fa94-04c1-424b-9868-57a2d4851a1d" />
    <TestEntry testId="f3d0172a-55c7-565f-08b6-3692c40d25cb" executionId="a601b64e-c69f-43ed-9f34-23076f3739a9" testListId="8c84fa94-04c1-424b-9868-57a2d4851a1d" />
    <TestEntry testId="f472f600-6709-da18-f733-8439950f7e2b" executionId="67603126-75f5-48e8-bbe9-f288252bde08" testListId="8c84fa94-04c1-424b-9868-57a2d4851a1d" />
    <TestEntry testId="f5a26ee6-6227-c30f-962f-97ef7e960054" executionId="f9cacd3a-6ab0-4577-8250-0c6c48490dac" testListId="8c84fa94-04c1-424b-9868-57a2d4851a1d" />
    <TestEntry testId="f616ad3b-1c96-1b93-b373-13ac9b69af60" executionId="780314db-41f3-42d6-88a4-08df3c3f9231" testListId="8c84fa94-04c1-424b-9868-57a2d4851a1d" />
    <TestEntry testId="f6efb228-afe7-15e3-3cf2-99c928893805" executionId="d7a68155-d665-44de-a48d-aaf14b496cd0" testListId="8c84fa94-04c1-424b-9868-57a2d4851a1d" />
    <TestEntry testId="f7e6dfe7-ebf5-69b2-1960-05870dbb76e3" executionId="39e52e58-cb46-444b-87c6-abe5b88d10bf" testListId="8c84fa94-04c1-424b-9868-57a2d4851a1d" />
    <TestEntry testId="fa84f423-ca01-788c-628b-3cf2afa736bb" executionId="26b44649-8d62-40c0-8cc7-f072b1ebd18f" testListId="8c84fa94-04c1-424b-9868-57a2d4851a1d" />
    <TestEntry testId="faed0243-f7e8-cdd9-b5b9-3933b9a315c5" executionId="c4240535-4932-47a1-b15b-53c0d2c38a2f" testListId="8c84fa94-04c1-424b-9868-57a2d4851a1d" />
    <TestEntry testId="faf7dc48-7a49-78c4-5c48-78894f012137" executionId="edfabfc3-24ee-4ee6-a675-dbeea89f36e5" testListId="8c84fa94-04c1-424b-9868-57a2d4851a1d" />
    <TestEntry testId="fd3f812c-4d5f-910e-eb41-9e47697fcd83" executionId="f8377929-8ec5-49a2-bc8f-6ffc294af568" testListId="8c84fa94-04c1-424b-9868-57a2d4851a1d" />
    <TestEntry testId="fd94a609-fe90-6d48-120d-583308d09a13" executionId="3b2495fb-eff4-42e1-8d28-06e5561e3208" testListId="8c84fa94-04c1-424b-9868-57a2d4851a1d" />
    <TestEntry testId="fdf1b65b-7adb-269d-d53f-3e3867a9921f" executionId="97b7e8d8-925f-4f07-a67c-98bd3e132ac3" testListId="8c84fa94-04c1-424b-9868-57a2d4851a1d" />
    <TestEntry testId="fe3df838-1504-9a92-05c2-2ac9faa7220c" executionId="a59afc55-3c39-49d7-a777-9ce0ae04149e" testListId="8c84fa94-04c1-424b-9868-57a2d4851a1d" />
    <TestEntry testId="fe624345-1abc-5cbc-eecf-d2bb406464f4" executionId="391026fc-e730-4811-a06d-501937133858" testListId="8c84fa94-04c1-424b-9868-57a2d4851a1d" />
  </TestEntries>
  <Results>
    <UnitTestResult executionId="25d672fd-31fc-4a8e-a978-2b2ce6d9c251" testId="003f4524-10f8-0ebd-f790-373082e4917e" testName="DeleteSelectedCategories_GivenTheUserSayYes_Test" computerName="ACERSANTOS" duration="00:00:01.0719644" startTime="2014-01-09T00:34:36.9218750+08:00" endTime="2014-01-09T00:34:38.4375000+08:00" testType="13cdc9d9-ddb5-4fa4-a97d-d965ccfc6d4b" outcome="Passed" testListId="8c84fa94-04c1-424b-9868-57a2d4851a1d" relativeResultsDirectory="25d672fd-31fc-4a8e-a978-2b2ce6d9c251">
    </UnitTestResult>
    <UnitTestResult executionId="7956bbde-2ca5-4ec6-b31b-e044427a6c73" testId="0056fa1a-9326-7401-8d3a-9b75b13b0379" testName="SelectByUserName_GivenUserNameIsInValid_ReturnIsNull" computerName="ACERSANTOS" duration="00:00:00.7927770" startTime="2014-01-09T00:34:38.4375000+08:00" endTime="2014-01-09T00:34:39.6093750+08:00" testType="13cdc9d9-ddb5-4fa4-a97d-d965ccfc6d4b" outcome="Passed" testListId="8c84fa94-04c1-424b-9868-57a2d4851a1d" relativeResultsDirectory="7956bbde-2ca5-4ec6-b31b-e044427a6c73">
    </UnitTestResult>
    <UnitTestResult executionId="2b31380e-cfc8-48e2-9734-a2523db57a5d" testId="00cac12b-3959-d21b-cb9f-46e69e8d1f24" testName="SelectProductStatusIsDamageTest" computerName="ACERSANTOS" duration="00:00:00.2366521" startTime="2014-01-09T00:34:39.6093750+08:00" endTime="2014-01-09T00:34:39.8593750+08:00" testType="13cdc9d9-ddb5-4fa4-a97d-d965ccfc6d4b" outcome="Passed" testListId="8c84fa94-04c1-424b-9868-57a2d4851a1d" relativeResultsDirectory="2b31380e-cfc8-48e2-9734-a2523db57a5d">
    </UnitTestResult>
    <UnitTestResult executionId="cc9c3c8b-4782-4aae-a1cc-d85efe55c37f" testId="00d6c35d-f1b8-c60e-0a49-6d20843eda4d" testName="Keypress_GivenThatNameAndCodeHasLength_ShouldReturnTrue_Test" computerName="ACERSANTOS" duration="00:00:00.0930350" startTime="2014-01-09T00:34:39.8593750+08:00" endTime="2014-01-09T00:34:39.9687500+08:00" testType="13cdc9d9-ddb5-4fa4-a97d-d965ccfc6d4b" outcome="Passed" testListId="8c84fa94-04c1-424b-9868-57a2d4851a1d" relativeResultsDirectory="cc9c3c8b-4782-4aae-a1cc-d85efe55c37f">
    </UnitTestResult>
    <UnitTestResult executionId="87cc1617-d885-4d2e-be54-7185a3b1b04a" testId="014d272e-716f-3379-4790-b5b343b13625" testName="UniqueNameKeypress_GivenThatTextHasNoLength_ShouldReturnTrue_Test" computerName="ACERSANTOS" duration="00:00:00.0358830" startTime="2014-01-09T00:34:39.9687500+08:00" endTime="2014-01-09T00:34:40.0156250+08:00" testType="13cdc9d9-ddb5-4fa4-a97d-d965ccfc6d4b" outcome="Passed" testListId="8c84fa94-04c1-424b-9868-57a2d4851a1d" relativeResultsDirectory="87cc1617-d885-4d2e-be54-7185a3b1b04a">
    </UnitTestResult>
    <UnitTestResult executionId="57b897da-bb32-428c-a215-b4179ecbec84" testId="01b98ec2-3148-cece-ec94-c4b0953c392d" testName="OnSelectedSearchMode_DeliveryDateAndSupplierIsNotEmpty_Test" computerName="ACERSANTOS" duration="00:00:00.0273163" startTime="2014-01-09T00:34:40.0156250+08:00" endTime="2014-01-09T00:34:40.0468750+08:00" testType="13cdc9d9-ddb5-4fa4-a97d-d965ccfc6d4b" outcome="Passed" testListId="8c84fa94-04c1-424b-9868-57a2d4851a1d" relativeResultsDirectory="57b897da-bb32-428c-a215-b4179ecbec84">
    </UnitTestResult>
    <UnitTestResult executionId="133b64ef-b556-4698-b562-7dda35fe2682" testId="02169cf8-af27-3859-a0f5-77839280f6b1" testName="LoadCost_Given_Size_Is_Given_Test" computerName="ACERSANTOS" duration="00:00:00.0094523" startTime="2014-01-09T00:34:40.0625000+08:00" endTime="2014-01-09T00:34:40.0781250+08:00" testType="13cdc9d9-ddb5-4fa4-a97d-d965ccfc6d4b" outcome="Passed" testListId="8c84fa94-04c1-424b-9868-57a2d4851a1d" relativeResultsDirectory="133b64ef-b556-4698-b562-7dda35fe2682">
    </UnitTestResult>
    <UnitTestResult executionId="e60f456c-44e8-4468-955a-48f9ac445ce8" testId="04cc0420-434e-211d-9076-ae8b6c47b66c" testName="DeleteSelectedModels_GivenNothingIsSelected_Test" computerName="ACERSANTOS" duration="00:00:00.0444265" startTime="2014-01-09T00:34:40.0781250+08:00" endTime="2014-01-09T00:34:40.1250000+08:00" testType="13cdc9d9-ddb5-4fa4-a97d-d965ccfc6d4b" outcome="Passed" testListId="8c84fa94-04c1-424b-9868-57a2d4851a1d" relativeResultsDirectory="e60f456c-44e8-4468-955a-48f9ac445ce8">
    </UnitTestResult>
    <UnitTestResult executionId="c7f6238f-dcf9-4f2f-8c6f-30426f4029f9" testId="04df712c-5b07-cd02-4c71-4dd31747814f" testName="DisableOrEnableSaveDeliveryButton_GivenInputIsGoodTest" computerName="ACERSANTOS" duration="00:00:00.0413778" startTime="2014-01-09T00:34:40.1406250+08:00" endTime="2014-01-09T00:34:40.1875000+08:00" testType="13cdc9d9-ddb5-4fa4-a97d-d965ccfc6d4b" outcome="Passed" testListId="8c84fa94-04c1-424b-9868-57a2d4851a1d" relativeResultsDirectory="c7f6238f-dcf9-4f2f-8c6f-30426f4029f9">
    </UnitTestResult>
    <UnitTestResult executionId="f44c80ea-d74c-49c5-9ffd-d7e3cfba7b8c" testId="05aa19e3-3a45-dd89-bb55-ab3df6693c42" testName="LoadAllSizes_Test" computerName="ACERSANTOS" duration="00:00:00.0494135" startTime="2014-01-09T00:34:40.1875000+08:00" endTime="2014-01-09T00:34:40.2500000+08:00" testType="13cdc9d9-ddb5-4fa4-a97d-d965ccfc6d4b" outcome="Passed" testListId="8c84fa94-04c1-424b-9868-57a2d4851a1d" relativeResultsDirectory="f44c80ea-d74c-49c5-9ffd-d7e3cfba7b8c">
    </UnitTestResult>
    <UnitTestResult executionId="729696f6-0146-491a-a7f8-d9aa560680c8" testId="0726a243-8cfa-9281-0927-cb8a5eb11687" testName="PopulateModelToEditForm_Test" computerName="ACERSANTOS" duration="00:00:00.0362037" startTime="2014-01-09T00:34:40.2500000+08:00" endTime="2014-01-09T00:34:40.3125000+08:00" testType="13cdc9d9-ddb5-4fa4-a97d-d965ccfc6d4b" outcome="Passed" testListId="8c84fa94-04c1-424b-9868-57a2d4851a1d" relativeResultsDirectory="729696f6-0146-491a-a7f8-d9aa560680c8">
    </UnitTestResult>
    <UnitTestResult executionId="b16e7a2c-5846-4b84-a278-fa3fbdd69598" testId="073b17e5-c431-5994-f1d6-3255bfab7738" testName="SaveModel_GivenModelIsNewValidFieldsNameAlreadyExistsQueryHasResult_ResultUnsuccessfull" computerName="ACERSANTOS" duration="00:00:00.0300412" startTime="2014-01-09T00:34:40.3125000+08:00" endTime="2014-01-09T00:34:40.3593750+08:00" testType="13cdc9d9-ddb5-4fa4-a97d-d965ccfc6d4b" outcome="Passed" testListId="8c84fa94-04c1-424b-9868-57a2d4851a1d" relativeResultsDirectory="b16e7a2c-5846-4b84-a278-fa3fbdd69598">
    </UnitTestResult>
    <UnitTestResult executionId="9c10d947-8d84-4dbc-aea2-e59220fbaa15" testId="074d5827-f085-e93f-f797-2cc6f8115c56" testName="SelectAll_ShouldReturnList_Test" computerName="ACERSANTOS" duration="00:00:00.0416726" startTime="2014-01-09T00:34:40.3593750+08:00" endTime="2014-01-09T00:34:40.4062500+08:00" testType="13cdc9d9-ddb5-4fa4-a97d-d965ccfc6d4b" outcome="Passed" testListId="8c84fa94-04c1-424b-9868-57a2d4851a1d" relativeResultsDirectory="9c10d947-8d84-4dbc-aea2-e59220fbaa15">
    </UnitTestResult>
    <UnitTestResult executionId="fd188d1b-0e82-45b5-b747-4e5c7ea8208b" testId="08dc6b0f-3858-decb-7953-b26cf57e7287" testName="BuildDeliveryDetailsPanelWithAnInitialNonEmptyDeliveryAndNoDamageTest" computerName="ACERSANTOS" duration="00:00:00.4427786" startTime="2014-01-09T00:34:40.4218750+08:00" endTime="2014-01-09T00:34:40.8750000+08:00" testType="13cdc9d9-ddb5-4fa4-a97d-d965ccfc6d4b" outcome="Passed" testListId="8c84fa94-04c1-424b-9868-57a2d4851a1d" relativeResultsDirectory="fd188d1b-0e82-45b5-b747-4e5c7ea8208b">
    </UnitTestResult>
    <UnitTestResult executionId="678accf3-6895-4427-8bbb-f3c2ba2b3043" testId="08e885f0-a902-86a5-3bb7-6e4615dd04e3" testName="SaveProduct_GivenThatProductAlreadyExists_ResultSuccessfullPopUpMessage_Test" computerName="ACERSANTOS" duration="00:00:00.0574017" startTime="2014-01-09T00:34:40.8906250+08:00" endTime="2014-01-09T00:34:40.9531250+08:00" testType="13cdc9d9-ddb5-4fa4-a97d-d965ccfc6d4b" outcome="Passed" testListId="8c84fa94-04c1-424b-9868-57a2d4851a1d" relativeResultsDirectory="678accf3-6895-4427-8bbb-f3c2ba2b3043">
    </UnitTestResult>
    <UnitTestResult executionId="ceed84bb-8eed-4031-b036-eb2fc62eee1a" testId="09d17bc3-e5eb-af32-9052-2715566a3ddb" testName="SaveOrUpdateGivenItIsNotNewAndChangesMadeInQuantityTest" computerName="ACERSANTOS" duration="00:00:01.7407251" startTime="2014-01-09T00:34:40.9531250+08:00" endTime="2014-01-09T00:34:43.0156250+08:00" testType="13cdc9d9-ddb5-4fa4-a97d-d965ccfc6d4b" outcome="Passed" testListId="8c84fa94-04c1-424b-9868-57a2d4851a1d" relativeResultsDirectory="ceed84bb-8eed-4031-b036-eb2fc62eee1a">
    </UnitTestResult>
    <UnitTestResult executionId="ce038707-c94e-46e2-871d-087ae4802a22" testId="0b37b226-118b-94bc-462b-fad9883ecbe0" testName="PopulateModelToEditForm_Test" computerName="ACERSANTOS" duration="00:00:00.0386937" startTime="2014-01-09T00:34:43.0312500+08:00" endTime="2014-01-09T00:34:43.0781250+08:00" testType="13cdc9d9-ddb5-4fa4-a97d-d965ccfc6d4b" outcome="Passed" testListId="8c84fa94-04c1-424b-9868-57a2d4851a1d" relativeResultsDirectory="ce038707-c94e-46e2-871d-087ae4802a22">
    </UnitTestResult>
    <UnitTestResult executionId="0bd3b885-598c-4367-8fa3-af6f13fcee24" testId="0c0afd9d-ff7d-33fb-b885-9b266d132826" testName="Keypress_GivenThatNameHasNoLengthCodeHasLength_ShouldReturnTrue_Test" computerName="ACERSANTOS" duration="00:00:00.0229140" startTime="2014-01-09T00:34:43.0781250+08:00" endTime="2014-01-09T00:34:43.1093750+08:00" testType="13cdc9d9-ddb5-4fa4-a97d-d965ccfc6d4b" outcome="Passed" testListId="8c84fa94-04c1-424b-9868-57a2d4851a1d" relativeResultsDirectory="0bd3b885-598c-4367-8fa3-af6f13fcee24">
    </UnitTestResult>
    <UnitTestResult executionId="27d7b041-5f37-4ac0-9f08-36cc5b6da626" testId="0c517588-31c4-72ad-5cbd-e8cda94d0273" testName="DisableOrEnableSaveDeliveryButton_GivenInputDamageIsFabricAndEmptyDescription_Test" computerName="ACERSANTOS" duration="00:00:00.0061354" startTime="2014-01-09T00:34:43.1093750+08:00" endTime="2014-01-09T00:34:43.1250000+08:00" testType="13cdc9d9-ddb5-4fa4-a97d-d965ccfc6d4b" outcome="Passed" testListId="8c84fa94-04c1-424b-9868-57a2d4851a1d" relativeResultsDirectory="27d7b041-5f37-4ac0-9f08-36cc5b6da626">
    </UnitTestResult>
    <UnitTestResult executionId="31516ea8-2e9f-4ddc-9707-11dcb1378165" testId="0caf0e9b-f83b-5c73-8740-3c54cefa2c31" testName="DisableOrEnableSaveDeliveryButton_GivenInputDamageIsFabric_Test" computerName="ACERSANTOS" duration="00:00:00.0057834" startTime="2014-01-09T00:34:43.1250000+08:00" endTime="2014-01-09T00:34:43.1562500+08:00" testType="13cdc9d9-ddb5-4fa4-a97d-d965ccfc6d4b" outcome="Passed" testListId="8c84fa94-04c1-424b-9868-57a2d4851a1d" relativeResultsDirectory="31516ea8-2e9f-4ddc-9707-11dcb1378165">
    </UnitTestResult>
    <UnitTestResult executionId="eef1da6b-cd06-4544-a5d5-b949144d4386" testId="0d19bb79-4185-d34a-60a2-685c7afad346" testName="Delete_Test" computerName="ACERSANTOS" duration="00:00:00.0638528" startTime="2014-01-09T00:34:43.1562500+08:00" endTime="2014-01-09T00:34:43.2343750+08:00" testType="13cdc9d9-ddb5-4fa4-a97d-d965ccfc6d4b" outcome="Passed" testListId="8c84fa94-04c1-424b-9868-57a2d4851a1d" relativeResultsDirectory="eef1da6b-cd06-4544-a5d5-b949144d4386">
    </UnitTestResult>
    <UnitTestResult executionId="4250e2ac-56e2-4480-8a74-2ecc9568f404" testId="0d2c9dbe-3d85-5fdc-ee94-b5f50b712da7" testName="Save_GivenProduct_Exists" computerName="ACERSANTOS" duration="00:00:00.1278106" startTime="2014-01-09T00:34:43.2343750+08:00" endTime="2014-01-09T00:34:43.3593750+08:00" testType="13cdc9d9-ddb5-4fa4-a97d-d965ccfc6d4b" outcome="Passed" testListId="8c84fa94-04c1-424b-9868-57a2d4851a1d" relativeResultsDirectory="4250e2ac-56e2-4480-8a74-2ecc9568f404">
    </UnitTestResult>
    <UnitTestResult executionId="5e85c3f4-b6b2-4648-b267-c15f0a8d1b57" testId="0e66a20e-15e7-efc1-1cee-1089362a85c7" testName="Save_GivenProduct_Has_Invalid_Format_Test" computerName="ACERSANTOS" duration="00:00:00.0022863" startTime="2014-01-09T00:34:43.3750000+08:00" endTime="2014-01-09T00:34:43.3750000+08:00" testType="13cdc9d9-ddb5-4fa4-a97d-d965ccfc6d4b" outcome="Passed" testListId="8c84fa94-04c1-424b-9868-57a2d4851a1d" relativeResultsDirectory="5e85c3f4-b6b2-4648-b267-c15f0a8d1b57">
    </UnitTestResult>
    <UnitTestResult executionId="1748aea7-95ac-49ae-b8e1-d1c657aa245c" testId="0ee1008d-8191-5224-5702-84b95f272fd1" testName="SaveModel_GivenModelIsNewValidFieldsColorCodeAndNameNotExistsQueryHasNoResult_ResultSuccessfull" computerName="ACERSANTOS" duration="00:00:00.0470339" startTime="2014-01-09T00:34:43.3750000+08:00" endTime="2014-01-09T00:34:43.4375000+08:00" testType="13cdc9d9-ddb5-4fa4-a97d-d965ccfc6d4b" outcome="Passed" testListId="8c84fa94-04c1-424b-9868-57a2d4851a1d" relativeResultsDirectory="1748aea7-95ac-49ae-b8e1-d1c657aa245c">
    </UnitTestResult>
    <UnitTestResult executionId="f3e68908-aa02-4e80-b935-fb709d1bacba" testId="0f771127-89a5-3425-47b0-119fcd642e01" testName="ChangePassword_GivenTheConfirmationOldPasswordIsNotCorrect_ResultWillBeNewPasswordWillNotPushThrough" computerName="ACERSANTOS" duration="00:00:00.0285745" startTime="2014-01-09T00:34:43.4375000+08:00" endTime="2014-01-09T00:34:43.4843750+08:00" testType="13cdc9d9-ddb5-4fa4-a97d-d965ccfc6d4b" outcome="Passed" testListId="8c84fa94-04c1-424b-9868-57a2d4851a1d" relativeResultsDirectory="f3e68908-aa02-4e80-b935-fb709d1bacba">
    </UnitTestResult>
    <UnitTestResult executionId="e536c9ea-043d-49c5-9530-1b7e5c475b98" testId="1041bdeb-6e26-0b44-30a6-ffa741bfa737" testName="SaveModel_GivenModelExistsValidFieldsWashingNameNotExistsQueryHasResult_ResultSuccessfull" computerName="ACERSANTOS" duration="00:00:00.0309762" startTime="2014-01-09T00:34:43.4843750+08:00" endTime="2014-01-09T00:34:43.5468750+08:00" testType="13cdc9d9-ddb5-4fa4-a97d-d965ccfc6d4b" outcome="Passed" testListId="8c84fa94-04c1-424b-9868-57a2d4851a1d" relativeResultsDirectory="e536c9ea-043d-49c5-9530-1b7e5c475b98">
    </UnitTestResult>
    <UnitTestResult executionId="0d7cfea1-87be-4d16-886c-448bf3172d1f" testId="12203655-0882-f850-488c-a86c4be73e2d" testName="SelectAllTest" computerName="ACERSANTOS" duration="00:00:00.0120174" startTime="2014-01-09T00:34:43.5468750+08:00" endTime="2014-01-09T00:34:43.5625000+08:00" testType="13cdc9d9-ddb5-4fa4-a97d-d965ccfc6d4b" outcome="Passed" testListId="8c84fa94-04c1-424b-9868-57a2d4851a1d" relativeResultsDirectory="0d7cfea1-87be-4d16-886c-448bf3172d1f">
    </UnitTestResult>
    <UnitTestResult executionId="7683647b-fd3a-4010-bebe-f7957024b397" testId="136c57e6-f71e-252a-8a0a-6577bfe34217" testName="BuildDeliveryDetailsPanelWithAnInitialNonEmptyDeliveryAndDamageWithSameSDamageDescriptionAndNoGoodProductTest" computerName="ACERSANTOS" duration="00:00:00.0187666" startTime="2014-01-09T00:34:43.5625000+08:00" endTime="2014-01-09T00:34:43.5937500+08:00" testType="13cdc9d9-ddb5-4fa4-a97d-d965ccfc6d4b" outcome="Passed" testListId="8c84fa94-04c1-424b-9868-57a2d4851a1d" relativeResultsDirectory="7683647b-fd3a-4010-bebe-f7957024b397">
    </UnitTestResult>
    <UnitTestResult executionId="26eba298-25b1-4bce-a8f5-58e7d42c4bb6" testId="1456efec-0537-19ab-8e62-33f13fd61443" testName="InitialLoad_Test" computerName="ACERSANTOS" duration="00:00:00.0185788" startTime="2014-01-09T00:34:43.5937500+08:00" endTime="2014-01-09T00:34:43.6250000+08:00" testType="13cdc9d9-ddb5-4fa4-a97d-d965ccfc6d4b" outcome="Passed" testListId="8c84fa94-04c1-424b-9868-57a2d4851a1d" relativeResultsDirectory="26eba298-25b1-4bce-a8f5-58e7d42c4bb6">
    </UnitTestResult>
    <UnitTestResult executionId="bbca9d94-78a8-4807-9e10-69016844a1e5" testId="147c09ea-c7c5-8744-29a6-a73b964a4d82" testName="SaveDelivery_Test" computerName="ACERSANTOS" duration="00:00:00.2642171" startTime="2014-01-09T00:34:43.6250000+08:00" endTime="2014-01-09T00:34:43.9062500+08:00" testType="13cdc9d9-ddb5-4fa4-a97d-d965ccfc6d4b" outcome="Passed" testListId="8c84fa94-04c1-424b-9868-57a2d4851a1d" relativeResultsDirectory="bbca9d94-78a8-4807-9e10-69016844a1e5">
    </UnitTestResult>
    <UnitTestResult executionId="ef58b394-50da-4bd0-8d18-cb4d5a33e8b7" testId="15c53752-2ee8-35ef-e57a-cd27257f95c0" testName="SaveModel_GivenModelIsNewValidFieldsSizeCodeNotExistsButNameExistsQueryHasNoResult_ResultSuccessfull" computerName="ACERSANTOS" duration="00:00:00.0239315" startTime="2014-01-09T00:34:43.9218750+08:00" endTime="2014-01-09T00:34:43.9531250+08:00" testType="13cdc9d9-ddb5-4fa4-a97d-d965ccfc6d4b" outcome="Passed" testListId="8c84fa94-04c1-424b-9868-57a2d4851a1d" relativeResultsDirectory="ef58b394-50da-4bd0-8d18-cb4d5a33e8b7">
    </UnitTestResult>
    <UnitTestResult executionId="f5cbac58-3be2-406b-b6d3-9c62fcc9e422" testId="16375c49-1283-7bfd-0195-fc76965ea591" testName="SaveCategory_GivenThanNameNotExistsCategoryAlreadyExists_ResultSuccessfullPopUpMessage_Test" computerName="ACERSANTOS" duration="00:00:00.0878639" startTime="2014-01-09T00:34:43.9531250+08:00" endTime="2014-01-09T00:34:44.0468750+08:00" testType="13cdc9d9-ddb5-4fa4-a97d-d965ccfc6d4b" outcome="Passed" testListId="8c84fa94-04c1-424b-9868-57a2d4851a1d" relativeResultsDirectory="f5cbac58-3be2-406b-b6d3-9c62fcc9e422">
    </UnitTestResult>
    <UnitTestResult executionId="adfc7887-0c23-4842-ac60-460f123e2618" testId="166524a2-9464-cc0f-06aa-a2d66f09b68f" testName="Save_GivenThatOnCreateModeAndWashingAlreadyExist_ResultUnsuccessfullPopupMessage_Test" computerName="ACERSANTOS" duration="00:00:00.0285865" startTime="2014-01-09T00:34:44.0468750+08:00" endTime="2014-01-09T00:34:44.0937500+08:00" testType="13cdc9d9-ddb5-4fa4-a97d-d965ccfc6d4b" outcome="Passed" testListId="8c84fa94-04c1-424b-9868-57a2d4851a1d" relativeResultsDirectory="adfc7887-0c23-4842-ac60-460f123e2618">
    </UnitTestResult>
    <UnitTestResult executionId="d0937eb8-4088-4d0d-af25-f5cdd902d08c" testId="16ad4f40-be8f-801c-2354-1e12b1cb752f" testName="PopulateModelToEditForm_Test" computerName="ACERSANTOS" duration="00:00:00.0253169" startTime="2014-01-09T00:34:44.0937500+08:00" endTime="2014-01-09T00:34:44.1250000+08:00" testType="13cdc9d9-ddb5-4fa4-a97d-d965ccfc6d4b" outcome="Passed" testListId="8c84fa94-04c1-424b-9868-57a2d4851a1d" relativeResultsDirectory="d0937eb8-4088-4d0d-af25-f5cdd902d08c">
    </UnitTestResult>
    <UnitTestResult executionId="e41cd006-62ce-48cf-b9ca-63a6dbd4de29" testId="18879252-c743-f793-9403-301b2ccee4d1" testName="LoadSuppliersTest" computerName="ACERSANTOS" duration="00:00:00.0042815" startTime="2014-01-09T00:34:44.1250000+08:00" endTime="2014-01-09T00:34:44.1406250+08:00" testType="13cdc9d9-ddb5-4fa4-a97d-d965ccfc6d4b" outcome="Passed" testListId="8c84fa94-04c1-424b-9868-57a2d4851a1d" relativeResultsDirectory="e41cd006-62ce-48cf-b9ca-63a6dbd4de29">
    </UnitTestResult>
    <UnitTestResult executionId="2410964b-879c-47db-82db-5573b0887d3b" testId="1960844a-f4bf-57b5-48b1-9880f90c08da" testName="SelectByPrimaryId_GivenTheId_Exists_ShouldReturnOneObjectTest" computerName="ACERSANTOS" duration="00:00:00.0082580" startTime="2014-01-09T00:34:44.1406250+08:00" endTime="2014-01-09T00:34:44.1562500+08:00" testType="13cdc9d9-ddb5-4fa4-a97d-d965ccfc6d4b" outcome="Passed" testListId="8c84fa94-04c1-424b-9868-57a2d4851a1d" relativeResultsDirectory="2410964b-879c-47db-82db-5573b0887d3b">
    </UnitTestResult>
    <UnitTestResult executionId="3b7c059b-e973-4bed-ab9f-bac9c4d427b3" testId="19bdb54c-f8ba-12c4-2f25-6616b02d79a5" testName="Save_GivenDescriptionExceedsTheMaximumLength_Test" computerName="ACERSANTOS" duration="00:00:00.0052746" startTime="2014-01-09T00:34:44.1718750+08:00" endTime="2014-01-09T00:34:44.1875000+08:00" testType="13cdc9d9-ddb5-4fa4-a97d-d965ccfc6d4b" outcome="Passed" testListId="8c84fa94-04c1-424b-9868-57a2d4851a1d" relativeResultsDirectory="3b7c059b-e973-4bed-ab9f-bac9c4d427b3">
    </UnitTestResult>
    <UnitTestResult executionId="5081e7e0-b349-4a02-89a4-810be78bbe41" testId="1ac602c2-65d3-6943-d64f-d7b7f57677aa" testName="UniqueNameKeypress_GivenThatTextHasNoLength_ShouldReturnTrue_Test" computerName="ACERSANTOS" duration="00:00:00.0212577" startTime="2014-01-09T00:34:44.1875000+08:00" endTime="2014-01-09T00:34:44.2187500+08:00" testType="13cdc9d9-ddb5-4fa4-a97d-d965ccfc6d4b" outcome="Passed" testListId="8c84fa94-04c1-424b-9868-57a2d4851a1d" relativeResultsDirectory="5081e7e0-b349-4a02-89a4-810be78bbe41">
    </UnitTestResult>
    <UnitTestResult executionId="ffc42fd4-98a5-462a-8e04-8fb5b08733ee" testId="1b737d7a-9771-3cc0-0a3c-20b6711fea3e" testName="LoadCost_Given_All_Is_Given_And_ProductDetail_Null_Test" computerName="ACERSANTOS" duration="00:00:00.0103110" startTime="2014-01-09T00:34:44.2187500+08:00" endTime="2014-01-09T00:34:44.2343750+08:00" testType="13cdc9d9-ddb5-4fa4-a97d-d965ccfc6d4b" outcome="Passed" testListId="8c84fa94-04c1-424b-9868-57a2d4851a1d" relativeResultsDirectory="ffc42fd4-98a5-462a-8e04-8fb5b08733ee">
    </UnitTestResult>
    <UnitTestResult executionId="f59b2ad3-5019-4cd3-87a5-4483f1df6839" testId="1b917958-153d-de30-251b-aa6049023fb2" testName="Validate_GivenInEditModeTheNameAlreadyExistsFromDifferentId_ShouldReturnFalse" computerName="ACERSANTOS" duration="00:00:00.0036839" startTime="2014-01-09T00:34:44.2343750+08:00" endTime="2014-01-09T00:34:44.2500000+08:00" testType="13cdc9d9-ddb5-4fa4-a97d-d965ccfc6d4b" outcome="Passed" testListId="8c84fa94-04c1-424b-9868-57a2d4851a1d" relativeResultsDirectory="f59b2ad3-5019-4cd3-87a5-4483f1df6839">
    </UnitTestResult>
    <UnitTestResult executionId="36dfc86f-f5c5-4973-8311-ec39a336b54a" testId="1bb26677-f101-05d9-fbb4-eb9ce98a311f" testName="SaveUser_GivenThanNameNotExistsUserAlreadyExists_ResultSuccessfullPopUpMessage_Test" computerName="ACERSANTOS" duration="00:00:00.0443891" startTime="2014-01-09T00:34:44.2500000+08:00" endTime="2014-01-09T00:34:44.3125000+08:00" testType="13cdc9d9-ddb5-4fa4-a97d-d965ccfc6d4b" outcome="Passed" testListId="8c84fa94-04c1-424b-9868-57a2d4851a1d" relativeResultsDirectory="36dfc86f-f5c5-4973-8311-ec39a336b54a">
    </UnitTestResult>
    <UnitTestResult executionId="12b7b283-e335-415d-b51f-662dd9a32cde" testId="1c0b556f-9aca-55cb-cf6a-62386a73828f" testName="AddModel_Test" computerName="ACERSANTOS" duration="00:00:00.0022737" startTime="2014-01-09T00:34:44.3125000+08:00" endTime="2014-01-09T00:34:44.3125000+08:00" testType="13cdc9d9-ddb5-4fa4-a97d-d965ccfc6d4b" outcome="Passed" testListId="8c84fa94-04c1-424b-9868-57a2d4851a1d" relativeResultsDirectory="12b7b283-e335-415d-b51f-662dd9a32cde">
    </UnitTestResult>
    <UnitTestResult executionId="74f6160d-73ec-478a-870a-9070bc9f8514" testId="1c50b605-6d59-ded1-5945-61b144ce28e6" testName="DeleteSelectedModels_GivenNothingIsSelected_Test" computerName="ACERSANTOS" duration="00:00:00.0249115" startTime="2014-01-09T00:34:44.3281250+08:00" endTime="2014-01-09T00:34:44.3593750+08:00" testType="13cdc9d9-ddb5-4fa4-a97d-d965ccfc6d4b" outcome="Passed" testListId="8c84fa94-04c1-424b-9868-57a2d4851a1d" relativeResultsDirectory="74f6160d-73ec-478a-870a-9070bc9f8514">
    </UnitTestResult>
    <UnitTestResult executionId="517aa3e8-ddcf-4ed2-a233-ecff50bb6560" testId="1da39f75-89cc-1b00-9a81-7c64cb875560" testName="SelectByProductDetailstTest" computerName="ACERSANTOS" duration="00:00:00.0027285" startTime="2014-01-09T00:34:44.3593750+08:00" endTime="2014-01-09T00:34:44.3593750+08:00" testType="13cdc9d9-ddb5-4fa4-a97d-d965ccfc6d4b" outcome="Passed" testListId="8c84fa94-04c1-424b-9868-57a2d4851a1d" relativeResultsDirectory="517aa3e8-ddcf-4ed2-a233-ecff50bb6560">
    </UnitTestResult>
    <UnitTestResult executionId="20e6ec05-40f4-46a8-b6c2-f657f1875022" testId="1f04af71-263d-c728-47da-8c7e048a3ef8" testName="ValidationError_GivenPasswordExceedsTheLimit_Test" computerName="ACERSANTOS" duration="00:00:00.0079010" startTime="2014-01-09T00:34:44.3750000+08:00" endTime="2014-01-09T00:34:44.3906250+08:00" testType="13cdc9d9-ddb5-4fa4-a97d-d965ccfc6d4b" outcome="Passed" testListId="8c84fa94-04c1-424b-9868-57a2d4851a1d" relativeResultsDirectory="20e6ec05-40f4-46a8-b6c2-f657f1875022">
    </UnitTestResult>
    <UnitTestResult executionId="b6ac20e3-d268-494a-bc0c-54a38fd99de5" testId="202c6463-0f97-b24d-ea97-6c8ffafbd417" testName="Save_GiveModelIsNew_Successfull_Test" computerName="ACERSANTOS" duration="00:00:00.0614826" startTime="2014-01-09T00:34:44.3906250+08:00" endTime="2014-01-09T00:34:44.4531250+08:00" testType="13cdc9d9-ddb5-4fa4-a97d-d965ccfc6d4b" outcome="Passed" testListId="8c84fa94-04c1-424b-9868-57a2d4851a1d" relativeResultsDirectory="b6ac20e3-d268-494a-bc0c-54a38fd99de5">
    </UnitTestResult>
    <UnitTestResult executionId="67050d4a-5fe6-4094-89ed-4df3cc515bb3" testId="2099bdbf-5489-2689-5f62-4f14732e624e" testName="BuildDeliveryDetailsPanelWithAnInitialEmptyDeliveryTest" computerName="ACERSANTOS" duration="00:00:00.0018963" startTime="2014-01-09T00:34:44.4687500+08:00" endTime="2014-01-09T00:34:44.4687500+08:00" testType="13cdc9d9-ddb5-4fa4-a97d-d965ccfc6d4b" outcome="Passed" testListId="8c84fa94-04c1-424b-9868-57a2d4851a1d" relativeResultsDirectory="67050d4a-5fe6-4094-89ed-4df3cc515bb3">
    </UnitTestResult>
    <UnitTestResult executionId="021f83e5-2264-4c51-a230-b14ff3804886" testId="20cd243a-bbed-bddd-e146-90c77db91eac" testName="DeleteSelectedModels_GivenTheUserSayNo_Test" computerName="ACERSANTOS" duration="00:00:00.0062555" startTime="2014-01-09T00:34:44.4687500+08:00" endTime="2014-01-09T00:34:44.4843750+08:00" testType="13cdc9d9-ddb5-4fa4-a97d-d965ccfc6d4b" outcome="Passed" testListId="8c84fa94-04c1-424b-9868-57a2d4851a1d" relativeResultsDirectory="021f83e5-2264-4c51-a230-b14ff3804886">
    </UnitTestResult>
    <UnitTestResult executionId="9e037dff-7bc8-4326-a12b-cb689f43d4aa" testId="20f1aa1d-ca70-77ec-8530-03532dcd0555" testName="AfterSelectingColor_AutoComplete_Test" computerName="ACERSANTOS" duration="00:00:00.0049483" startTime="2014-01-09T00:34:44.4843750+08:00" endTime="2014-01-09T00:34:44.5000000+08:00" testType="13cdc9d9-ddb5-4fa4-a97d-d965ccfc6d4b" outcome="Passed" testListId="8c84fa94-04c1-424b-9868-57a2d4851a1d" relativeResultsDirectory="9e037dff-7bc8-4326-a12b-cb689f43d4aa">
    </UnitTestResult>
    <UnitTestResult executionId="6212d0df-8d68-49b8-88a8-f2d802749054" testId="20f97e38-3732-f7da-1abf-494d2411748e" testName="DeleteSelectedModels_GivenNoModelIsSelected_Test" computerName="ACERSANTOS" duration="00:00:00.0041387" startTime="2014-01-09T00:34:44.5000000+08:00" endTime="2014-01-09T00:34:44.5156250+08:00" testType="13cdc9d9-ddb5-4fa4-a97d-d965ccfc6d4b" outcome="Passed" testListId="8c84fa94-04c1-424b-9868-57a2d4851a1d" relativeResultsDirectory="6212d0df-8d68-49b8-88a8-f2d802749054">
    </UnitTestResult>
    <UnitTestResult executionId="995b7137-9f52-463e-a36b-e92732f6c18f" testId="211fb244-7d84-e9cb-62ac-33d16a1583ba" testName="Validate_GivenInAddModeAndTheNameAlreadyExists_ShouldReturnFalse" computerName="ACERSANTOS" duration="00:00:00.0036714" startTime="2014-01-09T00:34:44.5156250+08:00" endTime="2014-01-09T00:34:44.5312500+08:00" testType="13cdc9d9-ddb5-4fa4-a97d-d965ccfc6d4b" outcome="Passed" testListId="8c84fa94-04c1-424b-9868-57a2d4851a1d" relativeResultsDirectory="995b7137-9f52-463e-a36b-e92732f6c18f">
    </UnitTestResult>
    <UnitTestResult executionId="1b1f4077-1ad0-4a13-bfbd-113127d12178" testId="21d0a113-c626-7255-c86d-2f0063fda9ab" testName="Keypress_GivenThatNameAndCodeHasLength_ShouldReturnTrue_Test" computerName="ACERSANTOS" duration="00:00:00.0032126" startTime="2014-01-09T00:34:44.5312500+08:00" endTime="2014-01-09T00:34:44.5468750+08:00" testType="13cdc9d9-ddb5-4fa4-a97d-d965ccfc6d4b" outcome="Passed" testListId="8c84fa94-04c1-424b-9868-57a2d4851a1d" relativeResultsDirectory="1b1f4077-1ad0-4a13-bfbd-113127d12178">
    </UnitTestResult>
    <UnitTestResult executionId="78de8818-d982-459a-bfcb-197bf64e8974" testId="225c93b2-1036-f002-931d-91dca3195f3e" testName="Save_GivenNameExceedsTheMaximumLengthAndColorIsNew_Test" computerName="ACERSANTOS" duration="00:00:00.0058412" startTime="2014-01-09T00:34:44.5468750+08:00" endTime="2014-01-09T00:34:44.5625000+08:00" testType="13cdc9d9-ddb5-4fa4-a97d-d965ccfc6d4b" outcome="Passed" testListId="8c84fa94-04c1-424b-9868-57a2d4851a1d" relativeResultsDirectory="78de8818-d982-459a-bfcb-197bf64e8974">
    </UnitTestResult>
    <UnitTestResult executionId="aa71dd00-db7d-4f0e-99f1-93d8c126624a" testId="226edad5-4136-d1fb-20e1-e8f254f8c663" testName="SelectByPrimaryId_GivenTheIdNotExists_ShouldReturnEmptyCollectionTest" computerName="ACERSANTOS" duration="00:00:00.0063312" startTime="2014-01-09T00:34:44.5625000+08:00" endTime="2014-01-09T00:34:44.5781250+08:00" testType="13cdc9d9-ddb5-4fa4-a97d-d965ccfc6d4b" outcome="Passed" testListId="8c84fa94-04c1-424b-9868-57a2d4851a1d" relativeResultsDirectory="aa71dd00-db7d-4f0e-99f1-93d8c126624a">
    </UnitTestResult>
    <UnitTestResult executionId="ea4ce864-8b2f-4cd8-9a1f-0797d9ae6807" testId="23e045a5-e347-0c9d-f01c-7d52cbd50a10" testName="AddModel_Test" computerName="ACERSANTOS" duration="00:00:00.0034384" startTime="2014-01-09T00:34:44.5781250+08:00" endTime="2014-01-09T00:34:44.5937500+08:00" testType="13cdc9d9-ddb5-4fa4-a97d-d965ccfc6d4b" outcome="Passed" testListId="8c84fa94-04c1-424b-9868-57a2d4851a1d" relativeResultsDirectory="ea4ce864-8b2f-4cd8-9a1f-0797d9ae6807">
    </UnitTestResult>
    <UnitTestResult executionId="cc4b235b-40b3-4688-bd32-281403466696" testId="247951d6-e32c-7ff8-32a0-e21fd0d47202" testName="LoadCost_Given_Color_Is_Given_Test" computerName="ACERSANTOS" duration="00:00:00.0051408" startTime="2014-01-09T00:34:44.5937500+08:00" endTime="2014-01-09T00:34:44.6093750+08:00" testType="13cdc9d9-ddb5-4fa4-a97d-d965ccfc6d4b" outcome="Passed" testListId="8c84fa94-04c1-424b-9868-57a2d4851a1d" relativeResultsDirectory="cc4b235b-40b3-4688-bd32-281403466696">
    </UnitTestResult>
    <UnitTestResult executionId="4387c20b-a89f-4e71-9c62-868db8ade253" testId="252088c8-e5fa-6ee6-59ad-76481223e49b" testName="ScannerResponseOkTest" computerName="ACERSANTOS" duration="00:00:00.0070070" startTime="2014-01-09T00:34:44.6093750+08:00" endTime="2014-01-09T00:34:44.6250000+08:00" testType="13cdc9d9-ddb5-4fa4-a97d-d965ccfc6d4b" outcome="Passed" testListId="8c84fa94-04c1-424b-9868-57a2d4851a1d" relativeResultsDirectory="4387c20b-a89f-4e71-9c62-868db8ade253">
    </UnitTestResult>
    <UnitTestResult executionId="3108937f-1131-482e-950b-d7b6b3c81123" testId="25bf6c70-f5d3-57df-3533-b01b905e6cd8" testName="SelectByPrimaryKey_GivenPrimaryKey_ReturnShouldNotBeNull" computerName="ACERSANTOS" duration="00:00:00.0096593" startTime="2014-01-09T00:34:44.6250000+08:00" endTime="2014-01-09T00:34:44.6406250+08:00" testType="13cdc9d9-ddb5-4fa4-a97d-d965ccfc6d4b" outcome="Passed" testListId="8c84fa94-04c1-424b-9868-57a2d4851a1d" relativeResultsDirectory="3108937f-1131-482e-950b-d7b6b3c81123">
    </UnitTestResult>
    <UnitTestResult executionId="86d38158-e155-40b7-80c6-64d6e9184e3d" testId="2609ad13-4cca-4c3d-e460-3e9d85613777" testName="SaveOrUpdate" computerName="ACERSANTOS" duration="00:00:00.0076906" startTime="2014-01-09T00:34:44.6406250+08:00" endTime="2014-01-09T00:34:44.6562500+08:00" testType="13cdc9d9-ddb5-4fa4-a97d-d965ccfc6d4b" outcome="Passed" testListId="8c84fa94-04c1-424b-9868-57a2d4851a1d" relativeResultsDirectory="86d38158-e155-40b7-80c6-64d6e9184e3d">
    </UnitTestResult>
    <UnitTestResult executionId="78e0218f-1878-4f0e-b466-a95e396da491" testId="2655c140-00dc-02ec-0bc9-461b2f28f10b" testName="OnSelectedSearchMode_DeliveryDate_Test" computerName="ACERSANTOS" duration="00:00:00.0019522" startTime="2014-01-09T00:34:44.6718750+08:00" endTime="2014-01-09T00:34:44.6718750+08:00" testType="13cdc9d9-ddb5-4fa4-a97d-d965ccfc6d4b" outcome="Passed" testListId="8c84fa94-04c1-424b-9868-57a2d4851a1d" relativeResultsDirectory="78e0218f-1878-4f0e-b466-a95e396da491">
    </UnitTestResult>
    <UnitTestResult executionId="93c9bbe6-86d6-494c-9225-8192778236ad" testId="26db3c8c-0554-ad61-b6ee-b9cfe33cc89b" testName="Delete" computerName="ACERSANTOS" duration="00:00:00.0066005" startTime="2014-01-09T00:34:44.6875000+08:00" endTime="2014-01-09T00:34:44.6875000+08:00" testType="13cdc9d9-ddb5-4fa4-a97d-d965ccfc6d4b" outcome="Passed" testListId="8c84fa94-04c1-424b-9868-57a2d4851a1d" relativeResultsDirectory="93c9bbe6-86d6-494c-9225-8192778236ad">
    </UnitTestResult>
    <UnitTestResult executionId="31f186eb-2f55-47cd-8cca-405585e3b5d7" testId="284e77e3-a7f2-0e57-8ddf-dc3ad1476560" testName="BuildDeliveryDetailsPanelWithAnInitialNonEmptyDeliveryAndDamageWithSameSDamageDescriptionTest" computerName="ACERSANTOS" duration="00:00:00.0040907" startTime="2014-01-09T00:34:44.7031250+08:00" endTime="2014-01-09T00:34:44.7031250+08:00" testType="13cdc9d9-ddb5-4fa4-a97d-d965ccfc6d4b" outcome="Passed" testListId="8c84fa94-04c1-424b-9868-57a2d4851a1d" relativeResultsDirectory="31f186eb-2f55-47cd-8cca-405585e3b5d7">
    </UnitTestResult>
    <UnitTestResult executionId="ebb169b9-65fe-443a-b90a-2db71b353bd9" testId="2882589c-6cf2-6742-988e-a2f972433829" testName="DeleteSelectedModels_GivenTheUserSayNo_Test" computerName="ACERSANTOS" duration="00:00:00.0319613" startTime="2014-01-09T00:34:44.7031250+08:00" endTime="2014-01-09T00:34:44.7500000+08:00" testType="13cdc9d9-ddb5-4fa4-a97d-d965ccfc6d4b" outcome="Passed" testListId="8c84fa94-04c1-424b-9868-57a2d4851a1d" relativeResultsDirectory="ebb169b9-65fe-443a-b90a-2db71b353bd9">
    </UnitTestResult>
    <UnitTestResult executionId="17a8f7f8-561e-4ae3-8272-33f0cf5ecd54" testId="294cfa9d-b9d9-ef7a-02b1-a636d2b48423" testName="SelectBySp_GivenThereIsAParameter_ReturnShouldBeInList" computerName="ACERSANTOS" duration="00:00:00.0124228" startTime="2014-01-09T00:34:44.7500000+08:00" endTime="2014-01-09T00:34:44.7812500+08:00" testType="13cdc9d9-ddb5-4fa4-a97d-d965ccfc6d4b" outcome="Passed" testListId="8c84fa94-04c1-424b-9868-57a2d4851a1d" relativeResultsDirectory="17a8f7f8-561e-4ae3-8272-33f0cf5ecd54">
    </UnitTestResult>
    <UnitTestResult executionId="f7d2bf13-c5d4-44c2-af28-208392d03ebd" testId="2a29165f-76a0-5dc8-c5cb-895d4df293a1" testName="Save_GivenThanNameNotExistsCreateNewModel_ResultSuccessfullPopUpMessage_Test" computerName="ACERSANTOS" duration="00:00:00.0099551" startTime="2014-01-09T00:34:44.7812500+08:00" endTime="2014-01-09T00:34:44.7968750+08:00" testType="13cdc9d9-ddb5-4fa4-a97d-d965ccfc6d4b" outcome="Passed" testListId="8c84fa94-04c1-424b-9868-57a2d4851a1d" relativeResultsDirectory="f7d2bf13-c5d4-44c2-af28-208392d03ebd">
    </UnitTestResult>
    <UnitTestResult executionId="98cd6503-2a87-45f2-bbe8-bd6f90718672" testId="2b43ca8c-c2de-a711-7145-f7a1d478390e" testName="SelectByPrimaryKey_GivenPrimaryKey_ReturnShouldNotBeNull" computerName="ACERSANTOS" duration="00:00:00.0069922" startTime="2014-01-09T00:34:44.7968750+08:00" endTime="2014-01-09T00:34:44.8125000+08:00" testType="13cdc9d9-ddb5-4fa4-a97d-d965ccfc6d4b" outcome="Passed" testListId="8c84fa94-04c1-424b-9868-57a2d4851a1d" relativeResultsDirectory="98cd6503-2a87-45f2-bbe8-bd6f90718672">
    </UnitTestResult>
    <UnitTestResult executionId="e2f525d4-1d6f-4b83-aa57-d297b3099cc9" testId="2b68ae3f-555e-ca32-00eb-cd78da3a6bfe" testName="SaveWashing_GivenThatNameNotExistsWashingAlreadyExists_ResultSuccessfullPopUpMessage_Test" computerName="ACERSANTOS" duration="00:00:00.0098808" startTime="2014-01-09T00:34:44.8125000+08:00" endTime="2014-01-09T00:34:44.8281250+08:00" testType="13cdc9d9-ddb5-4fa4-a97d-d965ccfc6d4b" outcome="Passed" testListId="8c84fa94-04c1-424b-9868-57a2d4851a1d" relativeResultsDirectory="e2f525d4-1d6f-4b83-aa57-d297b3099cc9">
    </UnitTestResult>
    <UnitTestResult executionId="6a132123-ab7b-41bd-9cc5-00e101343a03" testId="2b6dab54-cc59-ad3c-8563-37eb80167637" testName="SelectDamageIsNotOtherTest" computerName="ACERSANTOS" duration="00:00:00.0024137" startTime="2014-01-09T00:34:44.8437500+08:00" endTime="2014-01-09T00:34:44.8593750+08:00" testType="13cdc9d9-ddb5-4fa4-a97d-d965ccfc6d4b" outcome="Passed" testListId="8c84fa94-04c1-424b-9868-57a2d4851a1d" relativeResultsDirectory="6a132123-ab7b-41bd-9cc5-00e101343a03">
    </UnitTestResult>
    <UnitTestResult executionId="07e85bab-a27b-471b-a4ad-482283df6aa8" testId="2bf9a74c-8e9e-1247-f783-8b94fe8e7925" testName="SaveModel_GivenModelExistsValidFieldsNameAlreadyExistsQueryHasResult_ResultSuccessfull" computerName="ACERSANTOS" duration="00:00:00.0074431" startTime="2014-01-09T00:34:44.8593750+08:00" endTime="2014-01-09T00:34:44.8906250+08:00" testType="13cdc9d9-ddb5-4fa4-a97d-d965ccfc6d4b" outcome="Passed" testListId="8c84fa94-04c1-424b-9868-57a2d4851a1d" relativeResultsDirectory="07e85bab-a27b-471b-a4ad-482283df6aa8">
    </UnitTestResult>
    <UnitTestResult executionId="e78a847c-ee77-41e7-b706-af7ed025d061" testId="2c7d5cda-6bf0-7130-3fea-1cf3b9e0f273" testName="Save_GivenThatOnCreateModeAndProductAlreadyExist_ResultUnsuccessfullPopupMessage_Test" computerName="ACERSANTOS" duration="00:00:00.0093933" startTime="2014-01-09T00:34:44.8906250+08:00" endTime="2014-01-09T00:34:44.9062500+08:00" testType="13cdc9d9-ddb5-4fa4-a97d-d965ccfc6d4b" outcome="Passed" testListId="8c84fa94-04c1-424b-9868-57a2d4851a1d" relativeResultsDirectory="e78a847c-ee77-41e7-b706-af7ed025d061">
    </UnitTestResult>
    <UnitTestResult executionId="c9c064a4-cc7f-49bb-a94f-e181597a1306" testId="2cd342aa-9abc-727b-5785-f16fd7d69afe" testName="Save_GivenNameExceedsTheMaximumLengthAndSizeIsNew_Test" computerName="ACERSANTOS" duration="00:00:00.0058247" startTime="2014-01-09T00:34:44.9218750+08:00" endTime="2014-01-09T00:34:44.9375000+08:00" testType="13cdc9d9-ddb5-4fa4-a97d-d965ccfc6d4b" outcome="Passed" testListId="8c84fa94-04c1-424b-9868-57a2d4851a1d" relativeResultsDirectory="c9c064a4-cc7f-49bb-a94f-e181597a1306">
    </UnitTestResult>
    <UnitTestResult executionId="e9c499e4-4a50-4abd-aa84-87133e02454d" testId="2cdc6001-0246-9dd5-4cbf-f1ab239a1d6c" testName="SelectAll_ShouldReturnList_Test" computerName="ACERSANTOS" duration="00:00:00.0040980" startTime="2014-01-09T00:34:44.9531250+08:00" endTime="2014-01-09T00:34:44.9687500+08:00" testType="13cdc9d9-ddb5-4fa4-a97d-d965ccfc6d4b" outcome="Passed" testListId="8c84fa94-04c1-424b-9868-57a2d4851a1d" relativeResultsDirectory="e9c499e4-4a50-4abd-aa84-87133e02454d">
    </UnitTestResult>
    <UnitTestResult executionId="c4852341-3d07-4bb5-85a1-455499630678" testId="2ce880b9-70c8-56a6-2dac-0f2bc06b7cff" testName="SelectAllTest" computerName="ACERSANTOS" duration="00:00:00.0033448" startTime="2014-01-09T00:34:44.9687500+08:00" endTime="2014-01-09T00:34:44.9843750+08:00" testType="13cdc9d9-ddb5-4fa4-a97d-d965ccfc6d4b" outcome="Passed" testListId="8c84fa94-04c1-424b-9868-57a2d4851a1d" relativeResultsDirectory="c4852341-3d07-4bb5-85a1-455499630678">
    </UnitTestResult>
    <UnitTestResult executionId="81271425-5468-4982-9032-8acf20581b46" testId="2d4db8a3-e895-922b-a282-812e4f72f742" testName="Keypress_GivenThatNameHasNoLengthCodeHasLength_ShouldReturnTrue_Test" computerName="ACERSANTOS" duration="00:00:00.0021284" startTime="2014-01-09T00:34:44.9843750+08:00" endTime="2014-01-09T00:34:44.9843750+08:00" testType="13cdc9d9-ddb5-4fa4-a97d-d965ccfc6d4b" outcome="Passed" testListId="8c84fa94-04c1-424b-9868-57a2d4851a1d" relativeResultsDirectory="81271425-5468-4982-9032-8acf20581b46">
    </UnitTestResult>
    <UnitTestResult executionId="a0ca750e-96f0-4a13-a675-1fcf1bac25d8" testId="2dab1e75-8753-6f99-f526-28eb7afb4037" testName="ValidationError_GivenNameExceedsTheLimit_Test" computerName="ACERSANTOS" duration="00:00:00.0109913" startTime="2014-01-09T00:34:45.0000000+08:00" endTime="2014-01-09T00:34:45.0312500+08:00" testType="13cdc9d9-ddb5-4fa4-a97d-d965ccfc6d4b" outcome="Passed" testListId="8c84fa94-04c1-424b-9868-57a2d4851a1d" relativeResultsDirectory="a0ca750e-96f0-4a13-a675-1fcf1bac25d8">
    </UnitTestResult>
    <UnitTestResult executionId="9e5c9d58-8477-4db9-b3b6-76ca0a54aa72" testId="2e6cd78c-f356-f6bb-2338-7d56e4dfef0c" testName="SwitchSearchMode_GivenTrue_Test" computerName="ACERSANTOS" duration="00:00:00.0205065" startTime="2014-01-09T00:34:45.0312500+08:00" endTime="2014-01-09T00:34:45.0625000+08:00" testType="13cdc9d9-ddb5-4fa4-a97d-d965ccfc6d4b" outcome="Passed" testListId="8c84fa94-04c1-424b-9868-57a2d4851a1d" relativeResultsDirectory="9e5c9d58-8477-4db9-b3b6-76ca0a54aa72">
    </UnitTestResult>
    <UnitTestResult executionId="6a9656c7-90d8-4579-8238-83cd0341e95a" testId="2ea5a3a3-ecb4-6b00-0a0f-8c9b6adb9c72" testName="Keypress_GivenThatNameAndCodeHasLength_ShouldReturnTrue_Test" computerName="ACERSANTOS" duration="00:00:00.0017541" startTime="2014-01-09T00:34:45.0625000+08:00" endTime="2014-01-09T00:34:45.0781250+08:00" testType="13cdc9d9-ddb5-4fa4-a97d-d965ccfc6d4b" outcome="Passed" testListId="8c84fa94-04c1-424b-9868-57a2d4851a1d" relativeResultsDirectory="6a9656c7-90d8-4579-8238-83cd0341e95a">
    </UnitTestResult>
    <UnitTestResult executionId="7b50a5eb-a9eb-4e1e-ba08-b5165e04af61" testId="2eceb302-5acb-8d69-a543-e8da3d28bf48" testName="SelectByPrimaryId_GivenTheId_Exists_ShouldReturnOneObjectTest" computerName="ACERSANTOS" duration="00:00:00.0034680" startTime="2014-01-09T00:34:45.0937500+08:00" endTime="2014-01-09T00:34:45.1093750+08:00" testType="13cdc9d9-ddb5-4fa4-a97d-d965ccfc6d4b" outcome="Passed" testListId="8c84fa94-04c1-424b-9868-57a2d4851a1d" relativeResultsDirectory="7b50a5eb-a9eb-4e1e-ba08-b5165e04af61">
    </UnitTestResult>
    <UnitTestResult executionId="39be12f8-7b96-4e66-b77e-90f619e3ed6e" testId="3126f73e-926a-ba67-febe-556911025421" testName="LoadCategory_GivenTheCategoryIsNotNull" computerName="ACERSANTOS" duration="00:00:00.0078018" startTime="2014-01-09T00:34:45.1250000+08:00" endTime="2014-01-09T00:34:45.1562500+08:00" testType="13cdc9d9-ddb5-4fa4-a97d-d965ccfc6d4b" outcome="Passed" testListId="8c84fa94-04c1-424b-9868-57a2d4851a1d" relativeResultsDirectory="39be12f8-7b96-4e66-b77e-90f619e3ed6e">
    </UnitTestResult>
    <UnitTestResult executionId="66ca7d68-b697-414e-ad59-09e18b52c444" testId="31597b65-c0b0-5bab-32c9-476e7c99508a" testName="LoadAllColors_Test" computerName="ACERSANTOS" duration="00:00:00.0044782" startTime="2014-01-09T00:34:45.1562500+08:00" endTime="2014-01-09T00:34:45.1718750+08:00" testType="13cdc9d9-ddb5-4fa4-a97d-d965ccfc6d4b" outcome="Passed" testListId="8c84fa94-04c1-424b-9868-57a2d4851a1d" relativeResultsDirectory="66ca7d68-b697-414e-ad59-09e18b52c444">
    </UnitTestResult>
    <UnitTestResult executionId="7d6403a4-6249-4db6-b5ab-c8f42609265f" testId="31779767-8baa-bd85-0079-344dcbd9f2ca" testName="SaveUser_GivenThanNameExistsCreateNewUser_ResultUnSuccessfullPopUpMessage_Test" computerName="ACERSANTOS" duration="00:00:00.0092651" startTime="2014-01-09T00:34:45.1718750+08:00" endTime="2014-01-09T00:34:45.1875000+08:00" testType="13cdc9d9-ddb5-4fa4-a97d-d965ccfc6d4b" outcome="Passed" testListId="8c84fa94-04c1-424b-9868-57a2d4851a1d" relativeResultsDirectory="7d6403a4-6249-4db6-b5ab-c8f42609265f">
    </UnitTestResult>
    <UnitTestResult executionId="35c612d8-5472-4594-9a80-7f999d1b8639" testId="31f3db5c-b299-2f20-c8d9-8eadd750baad" testName="Keypress_Complete_Result_True" computerName="ACERSANTOS" duration="00:00:00.0055920" startTime="2014-01-09T00:34:45.2031250+08:00" endTime="2014-01-09T00:34:45.2187500+08:00" testType="13cdc9d9-ddb5-4fa4-a97d-d965ccfc6d4b" outcome="Passed" testListId="8c84fa94-04c1-424b-9868-57a2d4851a1d" relativeResultsDirectory="35c612d8-5472-4594-9a80-7f999d1b8639">
    </UnitTestResult>
    <UnitTestResult executionId="db74fe63-8c7f-41a1-9e04-f58b2511b6ad" testId="324a1a1f-ce2b-9ccb-c816-31af5d3f332e" testName="SelectByPrimaryId_GivenTheIdNotExists_ShouldReturnEmptyCollectionTest" computerName="ACERSANTOS" duration="00:00:00.0047953" startTime="2014-01-09T00:34:45.2187500+08:00" endTime="2014-01-09T00:34:45.2343750+08:00" testType="13cdc9d9-ddb5-4fa4-a97d-d965ccfc6d4b" outcome="Passed" testListId="8c84fa94-04c1-424b-9868-57a2d4851a1d" relativeResultsDirectory="db74fe63-8c7f-41a1-9e04-f58b2511b6ad">
    </UnitTestResult>
    <UnitTestResult executionId="14244e96-fb8e-4438-970d-99fcb54757a9" testId="324d56ae-6360-71b1-e84a-e7099331f618" testName="Keypress_GivenThatNameAndCodeHasLength_ShouldReturnTrue_Test" computerName="ACERSANTOS" duration="00:00:00.0023382" startTime="2014-01-09T00:34:45.2343750+08:00" endTime="2014-01-09T00:34:45.2500000+08:00" testType="13cdc9d9-ddb5-4fa4-a97d-d965ccfc6d4b" outcome="Passed" testListId="8c84fa94-04c1-424b-9868-57a2d4851a1d" relativeResultsDirectory="14244e96-fb8e-4438-970d-99fcb54757a9">
    </UnitTestResult>
    <UnitTestResult executionId="bb676f40-2c8e-4173-acd5-8e84077251b0" testId="338f261d-879c-1700-36a6-5fe3d54286b2" testName="SelectBySp_GivenThereIsNoParameter_ReturnShouldBeInList" computerName="ACERSANTOS" duration="00:00:00.0118956" startTime="2014-01-09T00:34:45.2656250+08:00" endTime="2014-01-09T00:34:45.2812500+08:00" testType="13cdc9d9-ddb5-4fa4-a97d-d965ccfc6d4b" outcome="Passed" testListId="8c84fa94-04c1-424b-9868-57a2d4851a1d" relativeResultsDirectory="bb676f40-2c8e-4173-acd5-8e84077251b0">
    </UnitTestResult>
    <UnitTestResult executionId="bb82ee4d-4318-4544-8f92-9a01005593ef" testId="33c3b28e-5334-05bc-8967-e54882e572b9" testName="SaveModel_GivenModelIsNewValidFieldsSizeCodeAndNameNotExistsQueryHasNoResult_ResultSuccessfull" computerName="ACERSANTOS" duration="00:00:00.0094403" startTime="2014-01-09T00:34:45.2968750+08:00" endTime="2014-01-09T00:34:45.3125000+08:00" testType="13cdc9d9-ddb5-4fa4-a97d-d965ccfc6d4b" outcome="Passed" testListId="8c84fa94-04c1-424b-9868-57a2d4851a1d" relativeResultsDirectory="bb82ee4d-4318-4544-8f92-9a01005593ef">
    </UnitTestResult>
    <UnitTestResult executionId="87a8493e-8e79-472c-85d8-bca0cc99ddcf" testId="34215581-689a-93ae-3c88-007ee8d20375" testName="SaveCategory_GivenTheNameNotExistsUpdate_ResultSuccessfull" computerName="ACERSANTOS" duration="00:00:00.0088729" startTime="2014-01-09T00:34:45.3281250+08:00" endTime="2014-01-09T00:34:45.3437500+08:00" testType="13cdc9d9-ddb5-4fa4-a97d-d965ccfc6d4b" outcome="Passed" testListId="8c84fa94-04c1-424b-9868-57a2d4851a1d" relativeResultsDirectory="87a8493e-8e79-472c-85d8-bca0cc99ddcf">
    </UnitTestResult>
    <UnitTestResult executionId="8f75b45e-365a-4e72-b282-7a0c07e8561e" testId="345c7303-12ce-0be6-0ded-b3ed35dd3ca6" testName="SaveModel_GivenModelExistsValidFieldsWashingNameExistsAttachedToSameCodeQueryHasResult_ResultSuccessfull" computerName="ACERSANTOS" duration="00:00:00.0062605" startTime="2014-01-09T00:34:45.3593750+08:00" endTime="2014-01-09T00:34:45.3906250+08:00" testType="13cdc9d9-ddb5-4fa4-a97d-d965ccfc6d4b" outcome="Passed" testListId="8c84fa94-04c1-424b-9868-57a2d4851a1d" relativeResultsDirectory="8f75b45e-365a-4e72-b282-7a0c07e8561e">
    </UnitTestResult>
    <UnitTestResult executionId="58d954ca-74cf-496c-b914-e349bf732664" testId="35909553-f0f2-4fa1-c52c-d6ba661a299b" testName="UseScannerIsOn_Test" computerName="ACERSANTOS" duration="00:00:00.0096822" startTime="2014-01-09T00:34:45.3906250+08:00" endTime="2014-01-09T00:34:45.4062500+08:00" testType="13cdc9d9-ddb5-4fa4-a97d-d965ccfc6d4b" outcome="Passed" testListId="8c84fa94-04c1-424b-9868-57a2d4851a1d" relativeResultsDirectory="58d954ca-74cf-496c-b914-e349bf732664">
    </UnitTestResult>
    <UnitTestResult executionId="5797cb60-1233-4e42-8376-fa3769b946b0" testId="35f60ba7-e512-4755-757e-faf2264a2603" testName="Validate_GivenInEditModeTheNameAlreadyExistsFromSameId_ShouldReturnTrue" computerName="ACERSANTOS" duration="00:00:00.0042628" startTime="2014-01-09T00:34:45.4218750+08:00" endTime="2014-01-09T00:34:45.4375000+08:00" testType="13cdc9d9-ddb5-4fa4-a97d-d965ccfc6d4b" outcome="Passed" testListId="8c84fa94-04c1-424b-9868-57a2d4851a1d" relativeResultsDirectory="5797cb60-1233-4e42-8376-fa3769b946b0">
    </UnitTestResult>
    <UnitTestResult executionId="1205bf38-11a1-4626-a866-291e0472fcad" testId="36dc92e3-5d37-9a51-923b-71f3c61bef58" testName="LoadProductsByInputSearchByStockNumberNotEmptyTest" computerName="ACERSANTOS" duration="00:00:00.0116637" startTime="2014-01-09T00:34:45.4375000+08:00" endTime="2014-01-09T00:34:45.4531250+08:00" testType="13cdc9d9-ddb5-4fa4-a97d-d965ccfc6d4b" outcome="Passed" testListId="8c84fa94-04c1-424b-9868-57a2d4851a1d" relativeResultsDirectory="1205bf38-11a1-4626-a866-291e0472fcad">
    </UnitTestResult>
    <UnitTestResult executionId="e537534f-405f-422e-a7b8-e9f7bcc819e3" testId="3723b7e7-788b-5811-09c3-e80dac9c435b" testName="DisableOrEnableSaveDeliveryButton_Given_All_Has_Values_And_Status_Is_Good_Enable_Test" computerName="ACERSANTOS" duration="00:00:00.0071511" startTime="2014-01-09T00:34:45.4687500+08:00" endTime="2014-01-09T00:34:45.4843750+08:00" testType="13cdc9d9-ddb5-4fa4-a97d-d965ccfc6d4b" outcome="Passed" testListId="8c84fa94-04c1-424b-9868-57a2d4851a1d" relativeResultsDirectory="e537534f-405f-422e-a7b8-e9f7bcc819e3">
    </UnitTestResult>
    <UnitTestResult executionId="8b29a1a1-9fb0-476f-be75-62b3e557e8d7" testId="37d53c3c-a853-2aa8-0ee9-822b8776a78f" testName="Validate_GivenInNewModeTheUserNameNotExists_ShouldReturnTrue" computerName="ACERSANTOS" duration="00:00:00.0064421" startTime="2014-01-09T00:34:45.4843750+08:00" endTime="2014-01-09T00:34:45.5000000+08:00" testType="13cdc9d9-ddb5-4fa4-a97d-d965ccfc6d4b" outcome="Passed" testListId="8c84fa94-04c1-424b-9868-57a2d4851a1d" relativeResultsDirectory="8b29a1a1-9fb0-476f-be75-62b3e557e8d7">
    </UnitTestResult>
    <UnitTestResult executionId="a8849d21-8dc9-4629-8ecc-b6c43ce66eae" testId="382df8d8-95a1-3acf-b0c5-b71070cfc03c" testName="SaveModel_GivenModelIsNewValidFieldsColorCodeNotExistsButNameExistsQueryHasNoResult_ResultSuccessfull" computerName="ACERSANTOS" duration="00:00:00.0050249" startTime="2014-01-09T00:34:45.5000000+08:00" endTime="2014-01-09T00:34:45.5156250+08:00" testType="13cdc9d9-ddb5-4fa4-a97d-d965ccfc6d4b" outcome="Passed" testListId="8c84fa94-04c1-424b-9868-57a2d4851a1d" relativeResultsDirectory="a8849d21-8dc9-4629-8ecc-b6c43ce66eae">
    </UnitTestResult>
    <UnitTestResult executionId="9953126d-3394-439c-b198-bcab597ec185" testId="38bbe9ad-1b51-037d-b217-7759145d1310" testName="SelectAll_ShouldReturnList_Test" computerName="ACERSANTOS" duration="00:00:00.0036130" startTime="2014-01-09T00:34:45.5312500+08:00" endTime="2014-01-09T00:34:45.5468750+08:00" testType="13cdc9d9-ddb5-4fa4-a97d-d965ccfc6d4b" outcome="Passed" testListId="8c84fa94-04c1-424b-9868-57a2d4851a1d" relativeResultsDirectory="9953126d-3394-439c-b198-bcab597ec185">
    </UnitTestResult>
    <UnitTestResult executionId="7993f594-2ad4-4222-b38b-e38766697d5d" testId="38fceabe-c0dc-5981-1c25-ba50980cc25f" testName="SearchDeliveryByBoth_Test" computerName="ACERSANTOS" duration="00:00:00.0334475" startTime="2014-01-09T00:34:45.5468750+08:00" endTime="2014-01-09T00:34:45.5937500+08:00" testType="13cdc9d9-ddb5-4fa4-a97d-d965ccfc6d4b" outcome="Passed" testListId="8c84fa94-04c1-424b-9868-57a2d4851a1d" relativeResultsDirectory="7993f594-2ad4-4222-b38b-e38766697d5d">
    </UnitTestResult>
    <UnitTestResult executionId="9199e37f-212e-4a91-a180-1a465968a89a" testId="39941714-ed1b-2606-a77b-4d1505bd5e1c" testName="SaveSize_GivenThatNameNotExistsSizeAlreadyExists_ResultSuccessfullPopUpMessage_Test" computerName="ACERSANTOS" duration="00:00:00.0085812" startTime="2014-01-09T00:34:45.5937500+08:00" endTime="2014-01-09T00:34:45.6093750+08:00" testType="13cdc9d9-ddb5-4fa4-a97d-d965ccfc6d4b" outcome="Passed" testListId="8c84fa94-04c1-424b-9868-57a2d4851a1d" relativeResultsDirectory="9199e37f-212e-4a91-a180-1a465968a89a">
    </UnitTestResult>
    <UnitTestResult executionId="cda82257-1e8e-46e7-bfc3-1ee0763a5ce8" testId="3a12f60e-9370-05db-f498-5aa2685fdcf3" testName="SaveCategory_GivenThanNameExistsCreateNewCategory_ResultUnSuccessfullPopUpMessage_Test" computerName="ACERSANTOS" duration="00:00:00.0109798" startTime="2014-01-09T00:34:45.6093750+08:00" endTime="2014-01-09T00:34:45.6250000+08:00" testType="13cdc9d9-ddb5-4fa4-a97d-d965ccfc6d4b" outcome="Passed" testListId="8c84fa94-04c1-424b-9868-57a2d4851a1d" relativeResultsDirectory="cda82257-1e8e-46e7-bfc3-1ee0763a5ce8">
    </UnitTestResult>
    <UnitTestResult executionId="df6bf88d-4750-4564-b86b-aedb37919342" testId="3a575d61-6b98-3d56-c447-9a4d806bb69f" testName="AddModel_Test" computerName="ACERSANTOS" duration="00:00:00.0025402" startTime="2014-01-09T00:34:45.6406250+08:00" endTime="2014-01-09T00:34:45.6562500+08:00" testType="13cdc9d9-ddb5-4fa4-a97d-d965ccfc6d4b" outcome="Passed" testListId="8c84fa94-04c1-424b-9868-57a2d4851a1d" relativeResultsDirectory="df6bf88d-4750-4564-b86b-aedb37919342">
    </UnitTestResult>
    <UnitTestResult executionId="d73e0069-d8a5-420c-925d-0b27a195d3e6" testId="3a5b4ed2-9e10-c3db-05fa-e0b5cd99bae2" testName="Validate_GivenThatInputExceedsMaxLength_ShouldReturnTrue" computerName="ACERSANTOS" duration="00:00:00.0500052" startTime="2014-01-09T00:34:45.6562500+08:00" endTime="2014-01-09T00:34:46.0312500+08:00" testType="13cdc9d9-ddb5-4fa4-a97d-d965ccfc6d4b" outcome="Passed" testListId="8c84fa94-04c1-424b-9868-57a2d4851a1d" relativeResultsDirectory="d73e0069-d8a5-420c-925d-0b27a195d3e6">
    </UnitTestResult>
    <UnitTestResult executionId="af681961-761a-47dc-bd4d-47b98198fcd6" testId="3b0ac9e6-348b-3458-4702-32837ddfa841" testName="SelectBySp_GivenThereIsAParameter_ReturnShouldBeInList" computerName="ACERSANTOS" duration="00:00:00.0117710" startTime="2014-01-09T00:34:46.0468750+08:00" endTime="2014-01-09T00:34:46.0625000+08:00" testType="13cdc9d9-ddb5-4fa4-a97d-d965ccfc6d4b" outcome="Passed" testListId="8c84fa94-04c1-424b-9868-57a2d4851a1d" relativeResultsDirectory="af681961-761a-47dc-bd4d-47b98198fcd6">
    </UnitTestResult>
    <UnitTestResult executionId="3a29efd2-d5b7-4445-b916-3d0a97b95add" testId="3b19a912-97d6-b596-0130-431788f11b4d" testName="SelectByDeliveryDate_Test" computerName="ACERSANTOS" duration="00:00:00.0120126" startTime="2014-01-09T00:34:46.0781250+08:00" endTime="2014-01-09T00:34:46.0937500+08:00" testType="13cdc9d9-ddb5-4fa4-a97d-d965ccfc6d4b" outcome="Passed" testListId="8c84fa94-04c1-424b-9868-57a2d4851a1d" relativeResultsDirectory="3a29efd2-d5b7-4445-b916-3d0a97b95add">
    </UnitTestResult>
    <UnitTestResult executionId="9ba0e752-136a-46ae-8cc3-283b63a278ce" testId="3b46e1ad-8758-104e-ec7c-4c69f20b26a1" testName="SelectByPrimaryId_GivenTheIdNotExists_ShouldReturnEmptyCollectionTest" computerName="ACERSANTOS" duration="00:00:00.0113897" startTime="2014-01-09T00:34:46.0937500+08:00" endTime="2014-01-09T00:34:46.1250000+08:00" testType="13cdc9d9-ddb5-4fa4-a97d-d965ccfc6d4b" outcome="Passed" testListId="8c84fa94-04c1-424b-9868-57a2d4851a1d" relativeResultsDirectory="9ba0e752-136a-46ae-8cc3-283b63a278ce">
    </UnitTestResult>
    <UnitTestResult executionId="2a493b27-ca72-4055-b1eb-54af91d45685" testId="3b4b3aba-990d-44b3-e4f6-15427b7ac980" testName="SaveCategory_GivenTheNameAlreadyExistsFromTheDifferentIdUpdateExisting_ResultNotSuccessfull" computerName="ACERSANTOS" duration="00:00:00.0038781" startTime="2014-01-09T00:34:46.1250000+08:00" endTime="2014-01-09T00:34:46.1406250+08:00" testType="13cdc9d9-ddb5-4fa4-a97d-d965ccfc6d4b" outcome="Passed" testListId="8c84fa94-04c1-424b-9868-57a2d4851a1d" relativeResultsDirectory="2a493b27-ca72-4055-b1eb-54af91d45685">
    </UnitTestResult>
    <UnitTestResult executionId="6451b4e3-097b-4a99-8960-1c1e81c6c938" testId="3bde29e8-a7a3-b5db-7b48-74f9e5c1b9f5" testName="SaveOrUpdate" computerName="ACERSANTOS" duration="00:00:00.0107603" startTime="2014-01-09T00:34:46.1562500+08:00" endTime="2014-01-09T00:34:46.1718750+08:00" testType="13cdc9d9-ddb5-4fa4-a97d-d965ccfc6d4b" outcome="Passed" testListId="8c84fa94-04c1-424b-9868-57a2d4851a1d" relativeResultsDirectory="6451b4e3-097b-4a99-8960-1c1e81c6c938">
    </UnitTestResult>
    <UnitTestResult executionId="4cb0b93c-fc65-43f9-9c6e-5d6611249567" testId="3cbde3fe-69a8-4ab6-4644-3de0dadc5209" testName="Validate_GivenInEditModeTheUserNameAlreadyExistsFromSameId_ShouldReturnTrue" computerName="ACERSANTOS" duration="00:00:00.0035811" startTime="2014-01-09T00:34:46.1875000+08:00" endTime="2014-01-09T00:34:46.2031250+08:00" testType="13cdc9d9-ddb5-4fa4-a97d-d965ccfc6d4b" outcome="Passed" testListId="8c84fa94-04c1-424b-9868-57a2d4851a1d" relativeResultsDirectory="4cb0b93c-fc65-43f9-9c6e-5d6611249567">
    </UnitTestResult>
    <UnitTestResult executionId="7bfde824-8243-4d59-a656-739edd4f3e20" testId="3d9363bb-e20b-8d5f-1837-7d1283731560" testName="SelectAllTest" computerName="ACERSANTOS" duration="00:00:00.0032261" startTime="2014-01-09T00:34:46.2031250+08:00" endTime="2014-01-09T00:34:46.2187500+08:00" testType="13cdc9d9-ddb5-4fa4-a97d-d965ccfc6d4b" outcome="Passed" testListId="8c84fa94-04c1-424b-9868-57a2d4851a1d" relativeResultsDirectory="7bfde824-8243-4d59-a656-739edd4f3e20">
    </UnitTestResult>
    <UnitTestResult executionId="54b2360e-d161-459d-88d7-7de049c0a7df" testId="3efa30ea-c6d0-e809-4767-f9b87a4423fd" testName="YearGeneratorTest" computerName="ACERSANTOS" duration="00:00:00.0013870" startTime="2014-01-09T00:34:46.2187500+08:00" endTime="2014-01-09T00:34:46.2187500+08:00" testType="13cdc9d9-ddb5-4fa4-a97d-d965ccfc6d4b" outcome="Passed" testListId="8c84fa94-04c1-424b-9868-57a2d4851a1d" relativeResultsDirectory="54b2360e-d161-459d-88d7-7de049c0a7df">
    </UnitTestResult>
    <UnitTestResult executionId="c161f974-6a63-4060-b2bd-dabaa864d3cf" testId="3f1008a6-e6ba-5f43-71e6-692b463e72ff" testName="SaveModel_GivenModelIsNewValidFieldsWashingCodeNotExistsButNameExistsQueryHasNoResult_ResultSuccessfull" computerName="ACERSANTOS" duration="00:00:00.0053314" startTime="2014-01-09T00:34:46.2187500+08:00" endTime="2014-01-09T00:34:46.2343750+08:00" testType="13cdc9d9-ddb5-4fa4-a97d-d965ccfc6d4b" outcome="Passed" testListId="8c84fa94-04c1-424b-9868-57a2d4851a1d" relativeResultsDirectory="c161f974-6a63-4060-b2bd-dabaa864d3cf">
    </UnitTestResult>
    <UnitTestResult executionId="2ad9dc97-7931-45a5-b092-684b9f986dbb" testId="3f2d2de3-22c5-30fb-643a-d97d362ce47e" testName="LoadColor_GivenTheColorIsNotNull" computerName="ACERSANTOS" duration="00:00:00.0033339" startTime="2014-01-09T00:34:46.2500000+08:00" endTime="2014-01-09T00:34:46.2500000+08:00" testType="13cdc9d9-ddb5-4fa4-a97d-d965ccfc6d4b" outcome="Passed" testListId="8c84fa94-04c1-424b-9868-57a2d4851a1d" relativeResultsDirectory="2ad9dc97-7931-45a5-b092-684b9f986dbb">
    </UnitTestResult>
    <UnitTestResult executionId="540674b6-9ef4-4baa-9b68-33eb7de851e3" testId="3f2e9ceb-b6e7-5362-e28c-812fbc047662" testName="SelectAllTest" computerName="ACERSANTOS" duration="00:00:00.0068276" startTime="2014-01-09T00:34:46.2500000+08:00" endTime="2014-01-09T00:34:46.2656250+08:00" testType="13cdc9d9-ddb5-4fa4-a97d-d965ccfc6d4b" outcome="Passed" testListId="8c84fa94-04c1-424b-9868-57a2d4851a1d" relativeResultsDirectory="540674b6-9ef4-4baa-9b68-33eb7de851e3">
    </UnitTestResult>
    <UnitTestResult executionId="c999d2de-daab-4ae1-8014-58cb869e82b9" testId="3fd08c9b-f53e-bf48-974e-596390d289f9" testName="SelectBySp_GivenThereIsAParameter_ReturnShouldBeInList" computerName="ACERSANTOS" duration="00:00:00.0068726" startTime="2014-01-09T00:34:46.2656250+08:00" endTime="2014-01-09T00:34:46.3281250+08:00" testType="13cdc9d9-ddb5-4fa4-a97d-d965ccfc6d4b" outcome="Passed" testListId="8c84fa94-04c1-424b-9868-57a2d4851a1d" relativeResultsDirectory="c999d2de-daab-4ae1-8014-58cb869e82b9">
    </UnitTestResult>
    <UnitTestResult executionId="c1762eb3-0749-4ab4-9332-d407f849aba5" testId="3fdf6183-5ba1-8bc3-ff67-911577161373" testName="SaveModel_GivenModelExistsValidFieldsColorNameNotExistsQueryHasResult_ResultSuccessfull" computerName="ACERSANTOS" duration="00:00:00.0063946" startTime="2014-01-09T00:34:46.3281250+08:00" endTime="2014-01-09T00:34:46.3437500+08:00" testType="13cdc9d9-ddb5-4fa4-a97d-d965ccfc6d4b" outcome="Passed" testListId="8c84fa94-04c1-424b-9868-57a2d4851a1d" relativeResultsDirectory="c1762eb3-0749-4ab4-9332-d407f849aba5">
    </UnitTestResult>
    <UnitTestResult executionId="f79a585d-398a-4b31-815a-d92d5b90a4ed" testId="41126980-9a99-81fa-1e1d-71cf1765f014" testName="LoadSelectedDelivery_Test" computerName="ACERSANTOS" duration="00:00:00.0065125" startTime="2014-01-09T00:34:46.3437500+08:00" endTime="2014-01-09T00:34:46.3593750+08:00" testType="13cdc9d9-ddb5-4fa4-a97d-d965ccfc6d4b" outcome="Passed" testListId="8c84fa94-04c1-424b-9868-57a2d4851a1d" relativeResultsDirectory="f79a585d-398a-4b31-815a-d92d5b90a4ed">
    </UnitTestResult>
    <UnitTestResult executionId="7246b93c-f396-4de5-bc13-51b0c620bd4b" testId="42539715-0965-6f26-12cf-8ae8b54860a9" testName="DeleteSelectedModels_GivenNoModelIsSelected_Test" computerName="ACERSANTOS" duration="00:00:00.0274498" startTime="2014-01-09T00:34:46.3593750+08:00" endTime="2014-01-09T00:34:46.3906250+08:00" testType="13cdc9d9-ddb5-4fa4-a97d-d965ccfc6d4b" outcome="Passed" testListId="8c84fa94-04c1-424b-9868-57a2d4851a1d" relativeResultsDirectory="7246b93c-f396-4de5-bc13-51b0c620bd4b">
    </UnitTestResult>
    <UnitTestResult executionId="094308ab-83e7-4365-9c5a-5030b41cc44d" testId="440dd3ef-be8d-61a9-99eb-e3059de76940" testName="SaveProduct_GivenCreateNewProduct_ResultSuccessfullPopUpMessage_Test" computerName="ACERSANTOS" duration="00:00:00.0125211" startTime="2014-01-09T00:34:46.4062500+08:00" endTime="2014-01-09T00:34:46.4375000+08:00" testType="13cdc9d9-ddb5-4fa4-a97d-d965ccfc6d4b" outcome="Passed" testListId="8c84fa94-04c1-424b-9868-57a2d4851a1d" relativeResultsDirectory="094308ab-83e7-4365-9c5a-5030b41cc44d">
    </UnitTestResult>
    <UnitTestResult executionId="953d7f42-5138-4a22-ac1f-f8b7c8686eab" testId="45f1b870-02fa-94dc-a239-2db73d77c14b" testName="SaveColor_GivenThatNameNotExistsColorAlreadyExists_ResultSuccessfullPopUpMessage_Test" computerName="ACERSANTOS" duration="00:00:00.0091131" startTime="2014-01-09T00:34:46.4375000+08:00" endTime="2014-01-09T00:34:46.4531250+08:00" testType="13cdc9d9-ddb5-4fa4-a97d-d965ccfc6d4b" outcome="Passed" testListId="8c84fa94-04c1-424b-9868-57a2d4851a1d" relativeResultsDirectory="953d7f42-5138-4a22-ac1f-f8b7c8686eab">
    </UnitTestResult>
    <UnitTestResult executionId="948250a5-6ac1-4ff9-ae1f-76426522e848" testId="46274c2d-5960-f1c1-3b92-ebaf1f680b56" testName="DeleteSelectedCategories_GivenTheUserSayNo_Test" computerName="ACERSANTOS" duration="00:00:00.0066944" startTime="2014-01-09T00:34:46.4687500+08:00" endTime="2014-01-09T00:34:46.4843750+08:00" testType="13cdc9d9-ddb5-4fa4-a97d-d965ccfc6d4b" outcome="Passed" testListId="8c84fa94-04c1-424b-9868-57a2d4851a1d" relativeResultsDirectory="948250a5-6ac1-4ff9-ae1f-76426522e848">
    </UnitTestResult>
    <UnitTestResult executionId="3c7841a0-66e1-41e6-89d5-a6d8e51559f2" testId="47d87f80-a67c-44f7-1df9-a42784191040" testName="LoadAllReferenceModel" computerName="ACERSANTOS" duration="00:00:00.0020622" startTime="2014-01-09T00:34:46.4843750+08:00" endTime="2014-01-09T00:34:46.5000000+08:00" testType="13cdc9d9-ddb5-4fa4-a97d-d965ccfc6d4b" outcome="Passed" testListId="8c84fa94-04c1-424b-9868-57a2d4851a1d" relativeResultsDirectory="3c7841a0-66e1-41e6-89d5-a6d8e51559f2">
    </UnitTestResult>
    <UnitTestResult executionId="ea6750c9-3c09-4921-b014-098aefb632c9" testId="48e5f004-69c8-3165-a043-0a4fcd929c2a" testName="UploadPicTest" computerName="ACERSANTOS" duration="00:00:00.0100180" startTime="2014-01-09T00:34:46.5000000+08:00" endTime="2014-01-09T00:34:46.5156250+08:00" testType="13cdc9d9-ddb5-4fa4-a97d-d965ccfc6d4b" outcome="Passed" testListId="8c84fa94-04c1-424b-9868-57a2d4851a1d" relativeResultsDirectory="ea6750c9-3c09-4921-b014-098aefb632c9">
    </UnitTestResult>
    <UnitTestResult executionId="9b4838b1-f1ef-4293-be97-37e557a321d7" testId="49a91ca9-00f8-94c8-ebc9-8967a0b808fd" testName="Validate_GivenTheNameAlreadyExistsFromSameIdCategoryAlreadyExistsAndMaxLengthNotExceedsTheLimit_ShouldReturnTrue" computerName="ACERSANTOS" duration="00:00:00.0074559" startTime="2014-01-09T00:34:46.5312500+08:00" endTime="2014-01-09T00:34:46.5625000+08:00" testType="13cdc9d9-ddb5-4fa4-a97d-d965ccfc6d4b" outcome="Passed" testListId="8c84fa94-04c1-424b-9868-57a2d4851a1d" relativeResultsDirectory="9b4838b1-f1ef-4293-be97-37e557a321d7">
    </UnitTestResult>
    <UnitTestResult executionId="23113f59-00e8-45d9-8549-ddb133152101" testId="4ae54d20-69e8-986f-b7ab-2abc85fda24a" testName="Validate_GivenInAddModeAndTheNameAlreadyExists_ShouldReturnFalse" computerName="ACERSANTOS" duration="00:00:00.0050115" startTime="2014-01-09T00:34:46.5625000+08:00" endTime="2014-01-09T00:34:46.5781250+08:00" testType="13cdc9d9-ddb5-4fa4-a97d-d965ccfc6d4b" outcome="Passed" testListId="8c84fa94-04c1-424b-9868-57a2d4851a1d" relativeResultsDirectory="23113f59-00e8-45d9-8549-ddb133152101">
    </UnitTestResult>
    <UnitTestResult executionId="acacd0d8-271c-47cf-970b-299cf493df6f" testId="4c6f0a6e-035f-47fd-785d-d0a96b9b0bce" testName="Save_GiveModelIsNotNew_Successfull_Test" computerName="ACERSANTOS" duration="00:00:00.0110868" startTime="2014-01-09T00:34:46.5937500+08:00" endTime="2014-01-09T00:34:46.6093750+08:00" testType="13cdc9d9-ddb5-4fa4-a97d-d965ccfc6d4b" outcome="Passed" testListId="8c84fa94-04c1-424b-9868-57a2d4851a1d" relativeResultsDirectory="acacd0d8-271c-47cf-970b-299cf493df6f">
    </UnitTestResult>
    <UnitTestResult executionId="794d7893-1613-41fb-9905-92add39e37a7" testId="4d8de9ec-9c2b-1c4a-8bf1-c8d730a09274" testName="SelectAllTest" computerName="ACERSANTOS" duration="00:00:00.0064533" startTime="2014-01-09T00:34:46.6093750+08:00" endTime="2014-01-09T00:34:46.6406250+08:00" testType="13cdc9d9-ddb5-4fa4-a97d-d965ccfc6d4b" outcome="Passed" testListId="8c84fa94-04c1-424b-9868-57a2d4851a1d" relativeResultsDirectory="794d7893-1613-41fb-9905-92add39e37a7">
    </UnitTestResult>
    <UnitTestResult executionId="35d86d45-e8d3-458b-a94b-30d3d84d03f7" testId="4eb87f62-6044-b074-ea4d-e895f913a38d" testName="LoadProductStatusTest" computerName="ACERSANTOS" duration="00:00:00.0141545" startTime="2014-01-09T00:34:46.6406250+08:00" endTime="2014-01-09T00:34:46.6875000+08:00" testType="13cdc9d9-ddb5-4fa4-a97d-d965ccfc6d4b" outcome="Passed" testListId="8c84fa94-04c1-424b-9868-57a2d4851a1d" relativeResultsDirectory="35d86d45-e8d3-458b-a94b-30d3d84d03f7">
    </UnitTestResult>
    <UnitTestResult executionId="eb493f54-2a25-41ac-94e0-9e7593e5d3d4" testId="4f178144-2489-0522-2c10-5f501068d1da" testName="SelectBySp_GivenThereIsAParameter_ReturnShouldBeInList" computerName="ACERSANTOS" duration="00:00:00.0128809" startTime="2014-01-09T00:34:46.6875000+08:00" endTime="2014-01-09T00:34:46.7187500+08:00" testType="13cdc9d9-ddb5-4fa4-a97d-d965ccfc6d4b" outcome="Passed" testListId="8c84fa94-04c1-424b-9868-57a2d4851a1d" relativeResultsDirectory="eb493f54-2a25-41ac-94e0-9e7593e5d3d4">
    </UnitTestResult>
    <UnitTestResult executionId="8d1e74ee-0d7b-489b-b765-f039844f45c8" testId="5135972e-6238-db4e-d032-88e725990ef7" testName="BuildDeliveryDetailsPanelWithAnInitialNonEmptyDeliveryAndWithAdditionalDamageTest" computerName="ACERSANTOS" duration="00:00:00.0055526" startTime="2014-01-09T00:34:46.7187500+08:00" endTime="2014-01-09T00:34:46.7343750+08:00" testType="13cdc9d9-ddb5-4fa4-a97d-d965ccfc6d4b" outcome="Passed" testListId="8c84fa94-04c1-424b-9868-57a2d4851a1d" relativeResultsDirectory="8d1e74ee-0d7b-489b-b765-f039844f45c8">
    </UnitTestResult>
    <UnitTestResult executionId="0c7cfed9-92db-4349-924a-aedd6550a9d3" testId="515d385d-adca-9e39-0bea-536620a092c4" testName="DeleteSelectedModels_GivenTheUserSayYes_Test" computerName="ACERSANTOS" duration="00:00:00.0180961" startTime="2014-01-09T00:34:46.7343750+08:00" endTime="2014-01-09T00:34:46.7656250+08:00" testType="13cdc9d9-ddb5-4fa4-a97d-d965ccfc6d4b" outcome="Passed" testListId="8c84fa94-04c1-424b-9868-57a2d4851a1d" relativeResultsDirectory="0c7cfed9-92db-4349-924a-aedd6550a9d3">
    </UnitTestResult>
    <UnitTestResult executionId="2371dbfb-a32f-41f5-aed0-919aceb30f1e" testId="515d6726-f501-c0f8-a81d-ef47ddca30d7" testName="DeleteSelectedCategories_GivenTheUserSayNo_Test" computerName="ACERSANTOS" duration="00:00:00.0113707" startTime="2014-01-09T00:34:46.7812500+08:00" endTime="2014-01-09T00:34:46.8125000+08:00" testType="13cdc9d9-ddb5-4fa4-a97d-d965ccfc6d4b" outcome="Passed" testListId="8c84fa94-04c1-424b-9868-57a2d4851a1d" relativeResultsDirectory="2371dbfb-a32f-41f5-aed0-919aceb30f1e">
    </UnitTestResult>
    <UnitTestResult executionId="98f3da6c-aaf7-4aa4-80a6-01f6fb959ddc" testId="519035b2-ca56-26af-cacf-b973ba8ce479" testName="SaveOrUpdate" computerName="ACERSANTOS" duration="00:00:00.0135003" startTime="2014-01-09T00:34:46.8593750+08:00" endTime="2014-01-09T00:34:46.8906250+08:00" testType="13cdc9d9-ddb5-4fa4-a97d-d965ccfc6d4b" outcome="Passed" testListId="8c84fa94-04c1-424b-9868-57a2d4851a1d" relativeResultsDirectory="98f3da6c-aaf7-4aa4-80a6-01f6fb959ddc">
    </UnitTestResult>
    <UnitTestResult executionId="90a23b59-2e3c-4dbf-9827-c7c2f5f88a48" testId="519378da-bcf6-4fa5-21da-3e10fc22dbc4" testName="Validate_GivenInEditModeTheNameAlreadyExistsFromSameId_ShouldReturnTrue" computerName="ACERSANTOS" duration="00:00:00.0035141" startTime="2014-01-09T00:34:46.9218750+08:00" endTime="2014-01-09T00:34:46.9375000+08:00" testType="13cdc9d9-ddb5-4fa4-a97d-d965ccfc6d4b" outcome="Passed" testListId="8c84fa94-04c1-424b-9868-57a2d4851a1d" relativeResultsDirectory="90a23b59-2e3c-4dbf-9827-c7c2f5f88a48">
    </UnitTestResult>
    <UnitTestResult executionId="3e9b4ce2-d45f-4940-81d8-eed2d706f6e6" testId="522d6872-2659-d936-50bb-a94edcfd5657" testName="LogIn_GivenCredential_IsNotValid_ResultClosingOfLogInForm" computerName="ACERSANTOS" duration="00:00:00.0238977" startTime="2014-01-09T00:34:46.9531250+08:00" endTime="2014-01-09T00:34:47.0000000+08:00" testType="13cdc9d9-ddb5-4fa4-a97d-d965ccfc6d4b" outcome="Passed" testListId="8c84fa94-04c1-424b-9868-57a2d4851a1d" relativeResultsDirectory="3e9b4ce2-d45f-4940-81d8-eed2d706f6e6">
    </UnitTestResult>
    <UnitTestResult executionId="489d69c1-b7b3-4ee9-a382-b805d1d94452" testId="527eb1f6-ec50-84f4-f44a-98c31b904503" testName="LoadCategories_GivenAllCategories_Test" computerName="ACERSANTOS" duration="00:00:00.0063142" startTime="2014-01-09T00:34:47.0156250+08:00" endTime="2014-01-09T00:34:47.0312500+08:00" testType="13cdc9d9-ddb5-4fa4-a97d-d965ccfc6d4b" outcome="Passed" testListId="8c84fa94-04c1-424b-9868-57a2d4851a1d" relativeResultsDirectory="489d69c1-b7b3-4ee9-a382-b805d1d94452">
    </UnitTestResult>
    <UnitTestResult executionId="9aa8a239-370a-457b-940e-9ad44c8809f2" testId="52c2f42b-12ef-6a9d-9d5b-f1a572b28101" testName="Keypress_GivenThatNameHasLengthCodeHasNoLength_ShouldReturnTrue_Test" computerName="ACERSANTOS" duration="00:00:00.0039965" startTime="2014-01-09T00:34:47.0312500+08:00" endTime="2014-01-09T00:34:47.0468750+08:00" testType="13cdc9d9-ddb5-4fa4-a97d-d965ccfc6d4b" outcome="Passed" testListId="8c84fa94-04c1-424b-9868-57a2d4851a1d" relativeResultsDirectory="9aa8a239-370a-457b-940e-9ad44c8809f2">
    </UnitTestResult>
    <UnitTestResult executionId="3645aab5-a71c-42ad-99fd-889df032cd8b" testId="53874d80-2116-9cc9-8ee2-eaffe314963b" testName="DeleteSelectedCategories_GivenNoCategoriesIsSelected_Test" computerName="ACERSANTOS" duration="00:00:00.0077264" startTime="2014-01-09T00:34:47.0625000+08:00" endTime="2014-01-09T00:34:47.0781250+08:00" testType="13cdc9d9-ddb5-4fa4-a97d-d965ccfc6d4b" outcome="Passed" testListId="8c84fa94-04c1-424b-9868-57a2d4851a1d" relativeResultsDirectory="3645aab5-a71c-42ad-99fd-889df032cd8b">
    </UnitTestResult>
    <UnitTestResult executionId="f433fd7c-9a95-4ae3-91f4-f5b5e8b57eef" testId="53ca1852-49a0-a11c-e7e8-a284473e42dd" testName="DisableOrEnableSaveDeliveryButton_Given_EmptyOrNumber_Test" computerName="ACERSANTOS" duration="00:00:00.0040737" startTime="2014-01-09T00:34:47.0937500+08:00" endTime="2014-01-09T00:34:47.1093750+08:00" testType="13cdc9d9-ddb5-4fa4-a97d-d965ccfc6d4b" outcome="Passed" testListId="8c84fa94-04c1-424b-9868-57a2d4851a1d" relativeResultsDirectory="f433fd7c-9a95-4ae3-91f4-f5b5e8b57eef">
    </UnitTestResult>
    <UnitTestResult executionId="55df439e-762c-4ab7-b755-fc9a7d59a890" testId="53f6bc98-39c6-ede7-7a7f-876e1759ce0f" testName="SaveModel_GivenModelIsNewValidFieldsNameNotExistsQueryHasNoResult_ResultSuccessfull" computerName="ACERSANTOS" duration="00:00:00.0057403" startTime="2014-01-09T00:34:47.1250000+08:00" endTime="2014-01-09T00:34:47.1406250+08:00" testType="13cdc9d9-ddb5-4fa4-a97d-d965ccfc6d4b" outcome="Passed" testListId="8c84fa94-04c1-424b-9868-57a2d4851a1d" relativeResultsDirectory="55df439e-762c-4ab7-b755-fc9a7d59a890">
    </UnitTestResult>
    <UnitTestResult executionId="3bd5f703-2a97-4fec-891c-493dd702736b" testId="542dead6-ed10-9222-74f9-a41b9a960344" testName="LoadDamageStatusTest" computerName="ACERSANTOS" duration="00:00:00.0093307" startTime="2014-01-09T00:34:47.1406250+08:00" endTime="2014-01-09T00:34:47.1562500+08:00" testType="13cdc9d9-ddb5-4fa4-a97d-d965ccfc6d4b" outcome="Passed" testListId="8c84fa94-04c1-424b-9868-57a2d4851a1d" relativeResultsDirectory="3bd5f703-2a97-4fec-891c-493dd702736b">
    </UnitTestResult>
    <UnitTestResult executionId="bc385092-8c84-4a6f-be86-cef125e7b711" testId="567d3c2b-4962-3d47-96ab-601a74aaffe5" testName="LoadProductsByInputSearchByBarcodeNotEmptyTest" computerName="ACERSANTOS" duration="00:00:00.0076487" startTime="2014-01-09T00:34:47.1718750+08:00" endTime="2014-01-09T00:34:47.1875000+08:00" testType="13cdc9d9-ddb5-4fa4-a97d-d965ccfc6d4b" outcome="Passed" testListId="8c84fa94-04c1-424b-9868-57a2d4851a1d" relativeResultsDirectory="bc385092-8c84-4a6f-be86-cef125e7b711">
    </UnitTestResult>
    <UnitTestResult executionId="59890a7b-f884-484a-850a-6fe5ac766198" testId="56f7a881-8a34-6e76-ef50-a6f821049503" testName="SelectBySp_GivenThereIsAParameter_ReturnShouldBeInList" computerName="ACERSANTOS" duration="00:00:00.0243279" startTime="2014-01-09T00:34:47.1875000+08:00" endTime="2014-01-09T00:34:47.2187500+08:00" testType="13cdc9d9-ddb5-4fa4-a97d-d965ccfc6d4b" outcome="Passed" testListId="8c84fa94-04c1-424b-9868-57a2d4851a1d" relativeResultsDirectory="59890a7b-f884-484a-850a-6fe5ac766198">
    </UnitTestResult>
    <UnitTestResult executionId="5fd8cb88-655d-4936-800e-844e784ebf1e" testId="58e12531-db4b-c490-c432-e51ba1ab7ea2" testName="DeleteSelectedModels_GivenTheUserSayNo_Test" computerName="ACERSANTOS" duration="00:00:00.0059351" startTime="2014-01-09T00:34:47.2343750+08:00" endTime="2014-01-09T00:34:47.2656250+08:00" testType="13cdc9d9-ddb5-4fa4-a97d-d965ccfc6d4b" outcome="Passed" testListId="8c84fa94-04c1-424b-9868-57a2d4851a1d" relativeResultsDirectory="5fd8cb88-655d-4936-800e-844e784ebf1e">
    </UnitTestResult>
    <UnitTestResult executionId="cf46293d-55ec-41fd-8106-3f05dbdf00af" testId="58e66ba9-1cce-bb12-e37f-d6e0a73a2f7a" testName="Delete_Test" computerName="ACERSANTOS" duration="00:00:00.0038133" startTime="2014-01-09T00:34:47.2656250+08:00" endTime="2014-01-09T00:34:47.2968750+08:00" testType="13cdc9d9-ddb5-4fa4-a97d-d965ccfc6d4b" outcome="Passed" testListId="8c84fa94-04c1-424b-9868-57a2d4851a1d" relativeResultsDirectory="cf46293d-55ec-41fd-8106-3f05dbdf00af">
    </UnitTestResult>
    <UnitTestResult executionId="05cfdf5c-f0b1-4176-bbb5-73686d138cf1" testId="590d5bab-20b0-0504-d688-d3e1a3fe9d43" testName="DeleteSelectedModels_GivenTheUserSayNo_Test" computerName="ACERSANTOS" duration="00:00:00.0043600" startTime="2014-01-09T00:34:47.2968750+08:00" endTime="2014-01-09T00:34:47.3125000+08:00" testType="13cdc9d9-ddb5-4fa4-a97d-d965ccfc6d4b" outcome="Passed" testListId="8c84fa94-04c1-424b-9868-57a2d4851a1d" relativeResultsDirectory="05cfdf5c-f0b1-4176-bbb5-73686d138cf1">
    </UnitTestResult>
    <UnitTestResult executionId="1bc6dac3-ec68-44f4-bbac-7209a8e0a4d2" testId="594dfd48-8cc2-36d1-addf-7488748985b4" testName="DeleteSelectedModels_GivenNothingIsSelected_Test" computerName="ACERSANTOS" duration="00:00:00.0023218" startTime="2014-01-09T00:34:47.3125000+08:00" endTime="2014-01-09T00:34:47.3281250+08:00" testType="13cdc9d9-ddb5-4fa4-a97d-d965ccfc6d4b" outcome="Passed" testListId="8c84fa94-04c1-424b-9868-57a2d4851a1d" relativeResultsDirectory="1bc6dac3-ec68-44f4-bbac-7209a8e0a4d2">
    </UnitTestResult>
    <UnitTestResult executionId="5c78939a-f001-4569-ad6b-4684799c720b" testId="598e5173-77e5-ebc7-38c2-6bc55dbb7c99" testName="SelectAllTest" computerName="ACERSANTOS" duration="00:00:00.0043631" startTime="2014-01-09T00:34:47.3281250+08:00" endTime="2014-01-09T00:34:47.3437500+08:00" testType="13cdc9d9-ddb5-4fa4-a97d-d965ccfc6d4b" outcome="Passed" testListId="8c84fa94-04c1-424b-9868-57a2d4851a1d" relativeResultsDirectory="5c78939a-f001-4569-ad6b-4684799c720b">
    </UnitTestResult>
    <UnitTestResult executionId="09917395-6fd0-4c94-a1f2-59eaca837c69" testId="5bca1925-f78b-b055-3084-d834ba90e7ac" testName="SaveModel_GivenModelExistsValidFieldsNameAlreadyExistsQueryHasResult_ResultSuccessfull" computerName="ACERSANTOS" duration="00:00:00.0081281" startTime="2014-01-09T00:34:47.3437500+08:00" endTime="2014-01-09T00:34:47.3750000+08:00" testType="13cdc9d9-ddb5-4fa4-a97d-d965ccfc6d4b" outcome="Passed" testListId="8c84fa94-04c1-424b-9868-57a2d4851a1d" relativeResultsDirectory="09917395-6fd0-4c94-a1f2-59eaca837c69">
    </UnitTestResult>
    <UnitTestResult executionId="23538843-a9e2-476a-88e7-609e18126f28" testId="5c0dbced-b70d-a673-e256-41adf9ecfca9" testName="SaveDeliveryDetail_ReturnsException_Test" computerName="ACERSANTOS" duration="00:00:00.0452233" startTime="2014-01-09T00:34:47.3750000+08:00" endTime="2014-01-09T00:34:47.4375000+08:00" testType="13cdc9d9-ddb5-4fa4-a97d-d965ccfc6d4b" outcome="Passed" testListId="8c84fa94-04c1-424b-9868-57a2d4851a1d" relativeResultsDirectory="23538843-a9e2-476a-88e7-609e18126f28">
    </UnitTestResult>
    <UnitTestResult executionId="8b6eae91-beee-4bd6-93f4-fe4a9f4babd3" testId="5c93c3b8-238e-e9ac-d3a5-9a2ef47a74cc" testName="BuildDeliveryDetailsPanelWithAnInitialNonEmptyDeliveryTest" computerName="ACERSANTOS" duration="00:00:00.0061058" startTime="2014-01-09T00:34:47.4375000+08:00" endTime="2014-01-09T00:34:47.4687500+08:00" testType="13cdc9d9-ddb5-4fa4-a97d-d965ccfc6d4b" outcome="Passed" testListId="8c84fa94-04c1-424b-9868-57a2d4851a1d" relativeResultsDirectory="8b6eae91-beee-4bd6-93f4-fe4a9f4babd3">
    </UnitTestResult>
    <UnitTestResult executionId="53a3c6ea-5cf7-48a0-8a68-577356d4cbde" testId="5cc59f33-af36-5571-545a-946daa9eebe0" testName="AddModel_Test" computerName="ACERSANTOS" duration="00:00:00.0037163" startTime="2014-01-09T00:34:47.4687500+08:00" endTime="2014-01-09T00:34:47.4843750+08:00" testType="13cdc9d9-ddb5-4fa4-a97d-d965ccfc6d4b" outcome="Passed" testListId="8c84fa94-04c1-424b-9868-57a2d4851a1d" relativeResultsDirectory="53a3c6ea-5cf7-48a0-8a68-577356d4cbde">
    </UnitTestResult>
    <UnitTestResult executionId="0dd0d6d9-109c-4839-970e-c1d018896f97" testId="5d906f48-ca95-f96e-4ed5-77461a10a7e3" testName="SelectByDeliveryDate_Test" computerName="ACERSANTOS" duration="00:00:00.1153791" startTime="2014-01-09T00:34:47.4843750+08:00" endTime="2014-01-09T00:34:47.6093750+08:00" testType="13cdc9d9-ddb5-4fa4-a97d-d965ccfc6d4b" outcome="Passed" testListId="8c84fa94-04c1-424b-9868-57a2d4851a1d" relativeResultsDirectory="0dd0d6d9-109c-4839-970e-c1d018896f97">
    </UnitTestResult>
    <UnitTestResult executionId="ad23eafb-856c-4543-a72d-8ef66aafc8bd" testId="5da33727-81e9-8ff1-4379-c0f7f8be68b2" testName="Delete" computerName="ACERSANTOS" duration="00:00:00.0049732" startTime="2014-01-09T00:34:47.6093750+08:00" endTime="2014-01-09T00:34:47.6250000+08:00" testType="13cdc9d9-ddb5-4fa4-a97d-d965ccfc6d4b" outcome="Passed" testListId="8c84fa94-04c1-424b-9868-57a2d4851a1d" relativeResultsDirectory="ad23eafb-856c-4543-a72d-8ef66aafc8bd">
    </UnitTestResult>
    <UnitTestResult executionId="4eefa59f-1443-4b04-92f4-7402c22dad84" testId="5f01ac2e-ee8a-9344-ff6d-d0da325553c5" testName="PopulateModelToEditForm_Test" computerName="ACERSANTOS" duration="00:00:00.0066142" startTime="2014-01-09T00:34:47.6250000+08:00" endTime="2014-01-09T00:34:47.6406250+08:00" testType="13cdc9d9-ddb5-4fa4-a97d-d965ccfc6d4b" outcome="Passed" testListId="8c84fa94-04c1-424b-9868-57a2d4851a1d" relativeResultsDirectory="4eefa59f-1443-4b04-92f4-7402c22dad84">
    </UnitTestResult>
    <UnitTestResult executionId="31f4e1a7-37d9-4d16-8300-a64d7172ac5b" testId="60254a77-70ff-2975-ebe1-66d52b47f210" testName="SelectByPrimaryKey_GivenPrimaryKey_ReturnShouldNotBeNull" computerName="ACERSANTOS" duration="00:00:00.0058744" startTime="2014-01-09T00:34:47.6406250+08:00" endTime="2014-01-09T00:34:47.6562500+08:00" testType="13cdc9d9-ddb5-4fa4-a97d-d965ccfc6d4b" outcome="Passed" testListId="8c84fa94-04c1-424b-9868-57a2d4851a1d" relativeResultsDirectory="31f4e1a7-37d9-4d16-8300-a64d7172ac5b">
    </UnitTestResult>
    <UnitTestResult executionId="f87cbb72-e30e-4693-8a42-00cb55d35b42" testId="6052deb6-3d4e-f2a2-259c-a00ac7f969dc" testName="SelectBySp_GivenThereIsNoParameter_ReturnShouldBeInList" computerName="ACERSANTOS" duration="00:00:00.0050338" startTime="2014-01-09T00:34:47.6562500+08:00" endTime="2014-01-09T00:34:47.6718750+08:00" testType="13cdc9d9-ddb5-4fa4-a97d-d965ccfc6d4b" outcome="Passed" testListId="8c84fa94-04c1-424b-9868-57a2d4851a1d" relativeResultsDirectory="f87cbb72-e30e-4693-8a42-00cb55d35b42">
    </UnitTestResult>
    <UnitTestResult executionId="3bcdac10-ebb6-4e24-82bc-fa0a1715fc36" testId="615a6b46-1aee-dd6e-cd06-60e43626c58e" testName="UseScannerIsOff_Test" computerName="ACERSANTOS" duration="00:00:00.0079057" startTime="2014-01-09T00:34:47.6875000+08:00" endTime="2014-01-09T00:34:47.7031250+08:00" testType="13cdc9d9-ddb5-4fa4-a97d-d965ccfc6d4b" outcome="Passed" testListId="8c84fa94-04c1-424b-9868-57a2d4851a1d" relativeResultsDirectory="3bcdac10-ebb6-4e24-82bc-fa0a1715fc36">
    </UnitTestResult>
    <UnitTestResult executionId="b5933fae-81cf-4a44-8239-a9805b2c5a95" testId="62402179-7008-d618-28c8-48f913d118da" testName="SaveDeliveryDetail_Test" computerName="ACERSANTOS" duration="00:00:00.0044907" startTime="2014-01-09T00:34:47.7031250+08:00" endTime="2014-01-09T00:34:47.7187500+08:00" testType="13cdc9d9-ddb5-4fa4-a97d-d965ccfc6d4b" outcome="Passed" testListId="8c84fa94-04c1-424b-9868-57a2d4851a1d" relativeResultsDirectory="b5933fae-81cf-4a44-8239-a9805b2c5a95">
    </UnitTestResult>
    <UnitTestResult executionId="190294e3-6d19-4f9d-b4e2-73fdcb234d1b" testId="624b8f9d-d4f5-406b-79bd-0ce1955026cc" testName="SelectAll_ShouldReturnList_Test" computerName="ACERSANTOS" duration="00:00:00.0035839" startTime="2014-01-09T00:34:47.7187500+08:00" endTime="2014-01-09T00:34:47.7343750+08:00" testType="13cdc9d9-ddb5-4fa4-a97d-d965ccfc6d4b" outcome="Passed" testListId="8c84fa94-04c1-424b-9868-57a2d4851a1d" relativeResultsDirectory="190294e3-6d19-4f9d-b4e2-73fdcb234d1b">
    </UnitTestResult>
    <UnitTestResult executionId="85e24e34-4c47-4ca7-96f9-27cfce9884fd" testId="63d96449-2cb4-357d-b39a-b414455707d9" testName="SelectByPrimaryKey_GivenPrimaryKey_ReturnShouldNotBeNull" computerName="ACERSANTOS" duration="00:00:00.0056166" startTime="2014-01-09T00:34:47.7343750+08:00" endTime="2014-01-09T00:34:47.7500000+08:00" testType="13cdc9d9-ddb5-4fa4-a97d-d965ccfc6d4b" outcome="Passed" testListId="8c84fa94-04c1-424b-9868-57a2d4851a1d" relativeResultsDirectory="85e24e34-4c47-4ca7-96f9-27cfce9884fd">
    </UnitTestResult>
    <UnitTestResult executionId="57531391-2034-4e46-8d87-5b1bba618c9d" testId="65413e88-8d9d-6961-508d-faace79c34b8" testName="LoadUser_GivenTheUserIsNotNull" computerName="ACERSANTOS" duration="00:00:00.0029992" startTime="2014-01-09T00:34:47.7500000+08:00" endTime="2014-01-09T00:34:47.7656250+08:00" testType="13cdc9d9-ddb5-4fa4-a97d-d965ccfc6d4b" outcome="Passed" testListId="8c84fa94-04c1-424b-9868-57a2d4851a1d" relativeResultsDirectory="57531391-2034-4e46-8d87-5b1bba618c9d">
    </UnitTestResult>
    <UnitTestResult executionId="430e0094-150a-48a1-a117-639671a59f70" testId="665c847c-a2bb-4c7e-b2d0-afafec6e3132" testName="SelectBySupplierAndDeliveryDate_Test" computerName="ACERSANTOS" duration="00:00:00.0548818" startTime="2014-01-09T00:34:47.7656250+08:00" endTime="2014-01-09T00:34:47.8281250+08:00" testType="13cdc9d9-ddb5-4fa4-a97d-d965ccfc6d4b" outcome="Passed" testListId="8c84fa94-04c1-424b-9868-57a2d4851a1d" relativeResultsDirectory="430e0094-150a-48a1-a117-639671a59f70">
    </UnitTestResult>
    <UnitTestResult executionId="a0cbbdc0-ffc2-47aa-ae99-3998be67755b" testId="668ed41d-29fd-0cff-a58f-2bb4b9bb7aaa" testName="Keypress_GivenThatNameHasLengthCodeHasNoLength_ShouldReturnFalse_Test" computerName="ACERSANTOS" duration="00:00:00.0015675" startTime="2014-01-09T00:34:47.8437500+08:00" endTime="2014-01-09T00:34:47.8437500+08:00" testType="13cdc9d9-ddb5-4fa4-a97d-d965ccfc6d4b" outcome="Passed" testListId="8c84fa94-04c1-424b-9868-57a2d4851a1d" relativeResultsDirectory="a0cbbdc0-ffc2-47aa-ae99-3998be67755b">
    </UnitTestResult>
    <UnitTestResult executionId="097d0080-4dfa-4d57-a559-4c0c04f9a65c" testId="69082284-2e2c-10ba-0843-46bea9561c62" testName="SelectBySupplier_Test" computerName="ACERSANTOS" duration="00:00:00.0067729" startTime="2014-01-09T00:34:47.8593750+08:00" endTime="2014-01-09T00:34:47.8750000+08:00" testType="13cdc9d9-ddb5-4fa4-a97d-d965ccfc6d4b" outcome="Passed" testListId="8c84fa94-04c1-424b-9868-57a2d4851a1d" relativeResultsDirectory="097d0080-4dfa-4d57-a559-4c0c04f9a65c">
    </UnitTestResult>
    <UnitTestResult executionId="07d57655-b07d-4d04-93e8-034958b1218e" testId="698ffbe7-b725-a227-e9f4-5258393318b2" testName="SaveDeliveryDetail_Given_ItemIsGood_Test" computerName="ACERSANTOS" duration="00:00:00.0312414" startTime="2014-01-09T00:34:47.8750000+08:00" endTime="2014-01-09T00:34:47.9062500+08:00" testType="13cdc9d9-ddb5-4fa4-a97d-d965ccfc6d4b" outcome="Passed" testListId="8c84fa94-04c1-424b-9868-57a2d4851a1d" relativeResultsDirectory="07d57655-b07d-4d04-93e8-034958b1218e">
    </UnitTestResult>
    <UnitTestResult executionId="91be646a-f9a1-41b7-b772-fd3fa2716e29" testId="6a2e36ee-16e9-760e-fc85-c35d3744586f" testName="SelectByProductDetailstTest" computerName="ACERSANTOS" duration="00:00:00.0026067" startTime="2014-01-09T00:34:47.9062500+08:00" endTime="2014-01-09T00:34:47.9218750+08:00" testType="13cdc9d9-ddb5-4fa4-a97d-d965ccfc6d4b" outcome="Passed" testListId="8c84fa94-04c1-424b-9868-57a2d4851a1d" relativeResultsDirectory="91be646a-f9a1-41b7-b772-fd3fa2716e29">
    </UnitTestResult>
    <UnitTestResult executionId="4560435e-004a-4acd-82a7-4b5f301d0788" testId="6a72835d-27c7-2646-080e-32b7a036f152" testName="SaveCategory_GivenTheNameNotExistsCreateNew_ResultSuccessfull" computerName="ACERSANTOS" duration="00:00:00.0063929" startTime="2014-01-09T00:34:47.9218750+08:00" endTime="2014-01-09T00:34:47.9375000+08:00" testType="13cdc9d9-ddb5-4fa4-a97d-d965ccfc6d4b" outcome="Passed" testListId="8c84fa94-04c1-424b-9868-57a2d4851a1d" relativeResultsDirectory="4560435e-004a-4acd-82a7-4b5f301d0788">
    </UnitTestResult>
    <UnitTestResult executionId="9df8045e-baa9-46b0-b517-945b1fd7f78d" testId="6c027b9f-39ec-d034-caa1-5b261fcf45c3" testName="SelectByProductDetailstTest" computerName="ACERSANTOS" duration="00:00:00.0070017" startTime="2014-01-09T00:34:47.9531250+08:00" endTime="2014-01-09T00:34:47.9687500+08:00" testType="13cdc9d9-ddb5-4fa4-a97d-d965ccfc6d4b" outcome="Passed" testListId="8c84fa94-04c1-424b-9868-57a2d4851a1d" relativeResultsDirectory="9df8045e-baa9-46b0-b517-945b1fd7f78d">
    </UnitTestResult>
    <UnitTestResult executionId="c7fae5e6-1a13-45e1-ba17-8f5ca5f75219" testId="6cfa7673-dbb0-a210-0983-dc223117554b" testName="SelectModelByName_ModelExists_Test" computerName="ACERSANTOS" duration="00:00:00.0007310" startTime="2014-01-09T00:34:47.9687500+08:00" endTime="2014-01-09T00:34:47.9843750+08:00" testType="13cdc9d9-ddb5-4fa4-a97d-d965ccfc6d4b" outcome="Passed" testListId="8c84fa94-04c1-424b-9868-57a2d4851a1d" relativeResultsDirectory="c7fae5e6-1a13-45e1-ba17-8f5ca5f75219">
    </UnitTestResult>
    <UnitTestResult executionId="aec419a9-d6e0-4eb3-8201-d9e8ef75b639" testId="6ec02b73-823d-f0af-b087-a3598d31bf1f" testName="Delete_Test" computerName="ACERSANTOS" duration="00:00:00.0049690" startTime="2014-01-09T00:34:47.9843750+08:00" endTime="2014-01-09T00:34:48.0000000+08:00" testType="13cdc9d9-ddb5-4fa4-a97d-d965ccfc6d4b" outcome="Passed" testListId="8c84fa94-04c1-424b-9868-57a2d4851a1d" relativeResultsDirectory="aec419a9-d6e0-4eb3-8201-d9e8ef75b639">
    </UnitTestResult>
    <UnitTestResult executionId="662d3dd0-21ea-4066-a7c1-9b39b2d1dff7" testId="70225456-6cf1-589d-a058-c5368a0ee7ed" testName="SaveColor_GivenThatCodeAndNameNotExistsCreateNewColor_ResultSuccessfullPopUpMessage_Test" computerName="ACERSANTOS" duration="00:00:00.0137129" startTime="2014-01-09T00:34:48.0000000+08:00" endTime="2014-01-09T00:34:48.0312500+08:00" testType="13cdc9d9-ddb5-4fa4-a97d-d965ccfc6d4b" outcome="Passed" testListId="8c84fa94-04c1-424b-9868-57a2d4851a1d" relativeResultsDirectory="662d3dd0-21ea-4066-a7c1-9b39b2d1dff7">
    </UnitTestResult>
    <UnitTestResult executionId="51856618-f9b6-4c44-84f8-fc9751a0db43" testId="70a17d9d-fb4e-8c3e-de5e-9e96a71dfe0d" testName="SelectByPrimaryIdCategory__GivenTheIdNotExists_ShouldReturnEmptyCollectionTest" computerName="ACERSANTOS" duration="00:00:00.0060694" startTime="2014-01-09T00:34:48.0312500+08:00" endTime="2014-01-09T00:34:48.0468750+08:00" testType="13cdc9d9-ddb5-4fa4-a97d-d965ccfc6d4b" outcome="Passed" testListId="8c84fa94-04c1-424b-9868-57a2d4851a1d" relativeResultsDirectory="51856618-f9b6-4c44-84f8-fc9751a0db43">
    </UnitTestResult>
    <UnitTestResult executionId="54682412-01ac-451f-a8b8-fa0a12b1f3aa" testId="70a33ed0-1988-45aa-e7ca-9e27a97f2dd8" testName="DeleteSelectedCategories_GivenTheUserSayNo_Test" computerName="ACERSANTOS" duration="00:00:00.0059337" startTime="2014-01-09T00:34:48.0468750+08:00" endTime="2014-01-09T00:34:48.0625000+08:00" testType="13cdc9d9-ddb5-4fa4-a97d-d965ccfc6d4b" outcome="Passed" testListId="8c84fa94-04c1-424b-9868-57a2d4851a1d" relativeResultsDirectory="54682412-01ac-451f-a8b8-fa0a12b1f3aa">
    </UnitTestResult>
    <UnitTestResult executionId="b5b3e978-cec3-4ea8-930c-5a8f58b3f456" testId="71fee96a-f6a1-ed6b-1792-aa169462bbfc" testName="Validate_GivenThatInputNotExceedingMaxLength_ShouldReturnTrue" computerName="ACERSANTOS" duration="00:00:00.0004453" startTime="2014-01-09T00:34:48.0625000+08:00" endTime="2014-01-09T00:34:48.0781250+08:00" testType="13cdc9d9-ddb5-4fa4-a97d-d965ccfc6d4b" outcome="Passed" testListId="8c84fa94-04c1-424b-9868-57a2d4851a1d" relativeResultsDirectory="b5b3e978-cec3-4ea8-930c-5a8f58b3f456">
    </UnitTestResult>
    <UnitTestResult executionId="5ba5569f-f551-4170-b2c9-9235a60e6f8e" testId="744bfcff-4574-a118-1c00-5339972b18db" testName="SaveCategory_GivenTheNameAlreadyExistsCreateNew_ResultNotSuccessfull" computerName="ACERSANTOS" duration="00:00:00.0030501" startTime="2014-01-09T00:34:48.0781250+08:00" endTime="2014-01-09T00:34:48.0937500+08:00" testType="13cdc9d9-ddb5-4fa4-a97d-d965ccfc6d4b" outcome="Passed" testListId="8c84fa94-04c1-424b-9868-57a2d4851a1d" relativeResultsDirectory="5ba5569f-f551-4170-b2c9-9235a60e6f8e">
    </UnitTestResult>
    <UnitTestResult executionId="e40bd65a-0526-47e5-bc12-fa162858aedc" testId="74adf5b8-1c77-ba23-0e1e-096056e527dc" testName="SelectAll_ShouldReturnList_Test" computerName="ACERSANTOS" duration="00:00:00.0039641" startTime="2014-01-09T00:34:48.0937500+08:00" endTime="2014-01-09T00:34:48.1093750+08:00" testType="13cdc9d9-ddb5-4fa4-a97d-d965ccfc6d4b" outcome="Passed" testListId="8c84fa94-04c1-424b-9868-57a2d4851a1d" relativeResultsDirectory="e40bd65a-0526-47e5-bc12-fa162858aedc">
    </UnitTestResult>
    <UnitTestResult executionId="359bc6f6-81a3-419a-b091-f347d7bf6ac9" testId="74de0c74-c385-d186-8b5a-7ef10e92d680" testName="Keypress_GivenThatNameHasLengthCodeHasNoLength_ShouldReturnTrue_Test" computerName="ACERSANTOS" duration="00:00:00.0022025" startTime="2014-01-09T00:34:48.1093750+08:00" endTime="2014-01-09T00:34:48.1250000+08:00" testType="13cdc9d9-ddb5-4fa4-a97d-d965ccfc6d4b" outcome="Passed" testListId="8c84fa94-04c1-424b-9868-57a2d4851a1d" relativeResultsDirectory="359bc6f6-81a3-419a-b091-f347d7bf6ac9">
    </UnitTestResult>
    <UnitTestResult executionId="a34766ad-759f-4ba3-ab37-4650599359f9" testId="754a5d2b-b233-3c92-521a-5f9381308eca" testName="SaveModel_GivenModelIsNewValidFieldsUserNameAlreadyExistsQueryHasResult_ResultUnsuccessfull" computerName="ACERSANTOS" duration="00:00:00.0047634" startTime="2014-01-09T00:34:48.1250000+08:00" endTime="2014-01-09T00:34:48.1406250+08:00" testType="13cdc9d9-ddb5-4fa4-a97d-d965ccfc6d4b" outcome="Passed" testListId="8c84fa94-04c1-424b-9868-57a2d4851a1d" relativeResultsDirectory="a34766ad-759f-4ba3-ab37-4650599359f9">
    </UnitTestResult>
    <UnitTestResult executionId="3fe407f9-3c3b-4089-84d0-7d1ad0c1e4eb" testId="756d93dc-5e30-2468-3701-44f26fd7c410" testName="PopulateModelToEditForm_Test" computerName="ACERSANTOS" duration="00:00:00.0072668" startTime="2014-01-09T00:34:48.1406250+08:00" endTime="2014-01-09T00:34:48.1562500+08:00" testType="13cdc9d9-ddb5-4fa4-a97d-d965ccfc6d4b" outcome="Passed" testListId="8c84fa94-04c1-424b-9868-57a2d4851a1d" relativeResultsDirectory="3fe407f9-3c3b-4089-84d0-7d1ad0c1e4eb">
    </UnitTestResult>
    <UnitTestResult executionId="73608ef6-4a7f-4406-bd15-e1e0b3211303" testId="75ca4a6c-a247-dc07-58c0-23865317ceef" testName="SaveOrUpdateGivenItIsNewTest" computerName="ACERSANTOS" duration="00:00:00.0077973" startTime="2014-01-09T00:34:48.1562500+08:00" endTime="2014-01-09T00:34:48.1718750+08:00" testType="13cdc9d9-ddb5-4fa4-a97d-d965ccfc6d4b" outcome="Passed" testListId="8c84fa94-04c1-424b-9868-57a2d4851a1d" relativeResultsDirectory="73608ef6-4a7f-4406-bd15-e1e0b3211303">
    </UnitTestResult>
    <UnitTestResult executionId="905f1e53-8055-4c76-9ba1-4b84ed5d7675" testId="7636132b-c0e9-1067-6e8b-7839b9dcb2e5" testName="LoadOutlet_GivenTheOutletIsNotNull" computerName="ACERSANTOS" duration="00:00:00.0036694" startTime="2014-01-09T00:34:48.1718750+08:00" endTime="2014-01-09T00:34:48.1875000+08:00" testType="13cdc9d9-ddb5-4fa4-a97d-d965ccfc6d4b" outcome="Passed" testListId="8c84fa94-04c1-424b-9868-57a2d4851a1d" relativeResultsDirectory="905f1e53-8055-4c76-9ba1-4b84ed5d7675">
    </UnitTestResult>
    <UnitTestResult executionId="1a0aed96-a92e-4c76-82a4-dd7517fa2758" testId="76c75cb5-a994-6fb2-3465-221b73046ddd" testName="Validate_GivenInAddModeAndTheUserNameAlreadyExists_ShouldReturnFalse" computerName="ACERSANTOS" duration="00:00:00.0031618" startTime="2014-01-09T00:34:48.1875000+08:00" endTime="2014-01-09T00:34:48.2031250+08:00" testType="13cdc9d9-ddb5-4fa4-a97d-d965ccfc6d4b" outcome="Passed" testListId="8c84fa94-04c1-424b-9868-57a2d4851a1d" relativeResultsDirectory="1a0aed96-a92e-4c76-82a4-dd7517fa2758">
    </UnitTestResult>
    <UnitTestResult executionId="af2a3e06-c1a2-4f96-8e7d-56439cb217b2" testId="776083fb-40d9-ace0-cafd-b575a93717af" testName="BuildDeliveryDetailsPanelWithAnInitialNonEmptyDeliveryAndNoDamageAndAddedSameSizeTest" computerName="ACERSANTOS" duration="00:00:00.0039641" startTime="2014-01-09T00:34:48.2031250+08:00" endTime="2014-01-09T00:34:48.2187500+08:00" testType="13cdc9d9-ddb5-4fa4-a97d-d965ccfc6d4b" outcome="Passed" testListId="8c84fa94-04c1-424b-9868-57a2d4851a1d" relativeResultsDirectory="af2a3e06-c1a2-4f96-8e7d-56439cb217b2">
    </UnitTestResult>
    <UnitTestResult executionId="83aaa224-9f69-459b-b3c7-73798ec82498" testId="77cd3b98-20ea-e427-b5de-9ff1d6da9cbe" testName="Save_GivenCodeExceedTheMaximumLength_Test" computerName="ACERSANTOS" duration="00:00:00.0054959" startTime="2014-01-09T00:34:48.2187500+08:00" endTime="2014-01-09T00:34:48.2343750+08:00" testType="13cdc9d9-ddb5-4fa4-a97d-d965ccfc6d4b" outcome="Passed" testListId="8c84fa94-04c1-424b-9868-57a2d4851a1d" relativeResultsDirectory="83aaa224-9f69-459b-b3c7-73798ec82498">
    </UnitTestResult>
    <UnitTestResult executionId="09856431-2222-43a6-905a-8c20f4c550b6" testId="7b3c6718-5b2d-f656-918a-d6069f4f0b54" testName="LoadCategories_GivenAllCategories_Test" computerName="ACERSANTOS" duration="00:00:00.0061745" startTime="2014-01-09T00:34:48.2343750+08:00" endTime="2014-01-09T00:34:48.2500000+08:00" testType="13cdc9d9-ddb5-4fa4-a97d-d965ccfc6d4b" outcome="Passed" testListId="8c84fa94-04c1-424b-9868-57a2d4851a1d" relativeResultsDirectory="09856431-2222-43a6-905a-8c20f4c550b6">
    </UnitTestResult>
    <UnitTestResult executionId="b57d29b5-74cd-467c-a224-0cc9eb3f0b1b" testId="7c58561d-a0ec-72d7-0151-1803097c4b45" testName="Delete" computerName="ACERSANTOS" duration="00:00:00.0053235" startTime="2014-01-09T00:34:48.2656250+08:00" endTime="2014-01-09T00:34:48.2656250+08:00" testType="13cdc9d9-ddb5-4fa4-a97d-d965ccfc6d4b" outcome="Passed" testListId="8c84fa94-04c1-424b-9868-57a2d4851a1d" relativeResultsDirectory="b57d29b5-74cd-467c-a224-0cc9eb3f0b1b">
    </UnitTestResult>
    <UnitTestResult executionId="bc55f4b5-5192-4388-af91-91344499c1fe" testId="7d3a4128-3efb-f9cb-3938-7960045091d6" testName="LoadAll_GivenAllAreSelected_Test" computerName="ACERSANTOS" duration="00:00:00.0044536" startTime="2014-01-09T00:34:48.2812500+08:00" endTime="2014-01-09T00:34:48.2812500+08:00" testType="13cdc9d9-ddb5-4fa4-a97d-d965ccfc6d4b" outcome="Passed" testListId="8c84fa94-04c1-424b-9868-57a2d4851a1d" relativeResultsDirectory="bc55f4b5-5192-4388-af91-91344499c1fe">
    </UnitTestResult>
    <UnitTestResult executionId="dec9c089-53ff-4fb8-be1a-f28be755721d" testId="7e167dec-390b-6357-0d28-41371b4739cd" testName="ValidationError_GivenNameExceedsTheLimit_Test" computerName="ACERSANTOS" duration="00:00:00.0082197" startTime="2014-01-09T00:34:48.2968750+08:00" endTime="2014-01-09T00:34:48.3125000+08:00" testType="13cdc9d9-ddb5-4fa4-a97d-d965ccfc6d4b" outcome="Passed" testListId="8c84fa94-04c1-424b-9868-57a2d4851a1d" relativeResultsDirectory="dec9c089-53ff-4fb8-be1a-f28be755721d">
    </UnitTestResult>
    <UnitTestResult executionId="7c61731d-37ab-4a0a-a204-fa049c363843" testId="806f26ec-3677-22da-18d2-d74af9dbcb58" testName="SelectByPrimaryId_GivenTheIdNotExists_ShouldReturnEmptyCollectionTest" computerName="ACERSANTOS" duration="00:00:00.0059029" startTime="2014-01-09T00:34:48.3125000+08:00" endTime="2014-01-09T00:34:48.3281250+08:00" testType="13cdc9d9-ddb5-4fa4-a97d-d965ccfc6d4b" outcome="Passed" testListId="8c84fa94-04c1-424b-9868-57a2d4851a1d" relativeResultsDirectory="7c61731d-37ab-4a0a-a204-fa049c363843">
    </UnitTestResult>
    <UnitTestResult executionId="92134ed8-e741-4221-abb6-e588ddfd8d8c" testId="83a0847d-f208-9537-fed5-01ec6d57e1bc" testName="ValidationError_GivenAddressExceedsTheLimit_Test" computerName="ACERSANTOS" duration="00:00:00.0069330" startTime="2014-01-09T00:34:48.3281250+08:00" endTime="2014-01-09T00:34:48.3437500+08:00" testType="13cdc9d9-ddb5-4fa4-a97d-d965ccfc6d4b" outcome="Passed" testListId="8c84fa94-04c1-424b-9868-57a2d4851a1d" relativeResultsDirectory="92134ed8-e741-4221-abb6-e588ddfd8d8c">
    </UnitTestResult>
    <UnitTestResult executionId="bed67237-6abf-4137-9abc-2c836e945dcf" testId="844c4df9-2932-1744-9863-913e592d6dc3" testName="SearchDeliveryBySupplier_Test" computerName="ACERSANTOS" duration="00:00:00.0060625" startTime="2014-01-09T00:34:48.3437500+08:00" endTime="2014-01-09T00:34:48.3593750+08:00" testType="13cdc9d9-ddb5-4fa4-a97d-d965ccfc6d4b" outcome="Passed" testListId="8c84fa94-04c1-424b-9868-57a2d4851a1d" relativeResultsDirectory="bed67237-6abf-4137-9abc-2c836e945dcf">
    </UnitTestResult>
    <UnitTestResult executionId="a3152fe8-1a42-4884-9669-b827b0e6c5ed" testId="84fd3cae-9802-1d73-5e1c-a78d7fd1c84d" testName="SelectByPrimaryKey_GivenPrimaryKey_ReturnShouldNotBeNull" computerName="ACERSANTOS" duration="00:00:00.0033694" startTime="2014-01-09T00:34:48.3593750+08:00" endTime="2014-01-09T00:34:48.3750000+08:00" testType="13cdc9d9-ddb5-4fa4-a97d-d965ccfc6d4b" outcome="Passed" testListId="8c84fa94-04c1-424b-9868-57a2d4851a1d" relativeResultsDirectory="a3152fe8-1a42-4884-9669-b827b0e6c5ed">
    </UnitTestResult>
    <UnitTestResult executionId="7d7487a5-3d56-43ef-82cf-ac3c42634224" testId="8527f373-c40e-9e03-e98a-38a6f0f6619c" testName="SaveOutlet_GivenThanNameNotExistsOutletAlreadyExists_ResultSuccessfullPopUpMessage_Test" computerName="ACERSANTOS" duration="00:00:00.0112193" startTime="2014-01-09T00:34:48.3750000+08:00" endTime="2014-01-09T00:34:48.3906250+08:00" testType="13cdc9d9-ddb5-4fa4-a97d-d965ccfc6d4b" outcome="Passed" testListId="8c84fa94-04c1-424b-9868-57a2d4851a1d" relativeResultsDirectory="7d7487a5-3d56-43ef-82cf-ac3c42634224">
    </UnitTestResult>
    <UnitTestResult executionId="0ac08e1a-c865-4e38-94e6-36d277d60004" testId="85341c1c-02dc-c0cd-6e24-42de4de3c486" testName="LoadCost_Given_All_Is_Given_And_ProductDetailOverrideCost_IsNotNull_Test" computerName="ACERSANTOS" duration="00:00:00.0101018" startTime="2014-01-09T00:34:48.3906250+08:00" endTime="2014-01-09T00:34:48.4062500+08:00" testType="13cdc9d9-ddb5-4fa4-a97d-d965ccfc6d4b" outcome="Passed" testListId="8c84fa94-04c1-424b-9868-57a2d4851a1d" relativeResultsDirectory="0ac08e1a-c865-4e38-94e6-36d277d60004">
    </UnitTestResult>
    <UnitTestResult executionId="11508904-1aee-4787-8912-dc4812b64df9" testId="855b321e-a282-389b-e3a4-aeb250d3a6da" testName="Save_GivenStockNumberExceedTheMaximumLength_Test" computerName="ACERSANTOS" duration="00:00:00.0056347" startTime="2014-01-09T00:34:48.4218750+08:00" endTime="2014-01-09T00:34:48.4218750+08:00" testType="13cdc9d9-ddb5-4fa4-a97d-d965ccfc6d4b" outcome="Passed" testListId="8c84fa94-04c1-424b-9868-57a2d4851a1d" relativeResultsDirectory="11508904-1aee-4787-8912-dc4812b64df9">
    </UnitTestResult>
    <UnitTestResult executionId="91c654c3-0ff3-4552-8d51-3da7089979f7" testId="8569eaf9-93ed-7440-92f4-c71ce22fe58d" testName="LoadAll_GivenAllAreSelected_Test" computerName="ACERSANTOS" duration="00:00:00.0039359" startTime="2014-01-09T00:34:48.4375000+08:00" endTime="2014-01-09T00:34:48.4375000+08:00" testType="13cdc9d9-ddb5-4fa4-a97d-d965ccfc6d4b" outcome="Passed" testListId="8c84fa94-04c1-424b-9868-57a2d4851a1d" relativeResultsDirectory="91c654c3-0ff3-4552-8d51-3da7089979f7">
    </UnitTestResult>
    <UnitTestResult executionId="66eeeb17-3526-4486-89aa-98899c9cd57d" testId="8600012c-9486-6dc3-7be0-eed246d0c241" testName="LoadSupplier_GivenTheSupplierIsNotNull" computerName="ACERSANTOS" duration="00:00:00.0028579" startTime="2014-01-09T00:34:48.4531250+08:00" endTime="2014-01-09T00:34:48.4531250+08:00" testType="13cdc9d9-ddb5-4fa4-a97d-d965ccfc6d4b" outcome="Passed" testListId="8c84fa94-04c1-424b-9868-57a2d4851a1d" relativeResultsDirectory="66eeeb17-3526-4486-89aa-98899c9cd57d">
    </UnitTestResult>
    <UnitTestResult executionId="040cacf2-d7f6-4fa2-80af-28c10db0c1e4" testId="86bd0d16-562f-cc8a-c2fa-2e6243b45983" testName="Save_GivenProduct_IsNew_And_StockNumber_Exists" computerName="ACERSANTOS" duration="00:00:00.0056811" startTime="2014-01-09T00:34:48.4687500+08:00" endTime="2014-01-09T00:34:48.4687500+08:00" testType="13cdc9d9-ddb5-4fa4-a97d-d965ccfc6d4b" outcome="Passed" testListId="8c84fa94-04c1-424b-9868-57a2d4851a1d" relativeResultsDirectory="040cacf2-d7f6-4fa2-80af-28c10db0c1e4">
    </UnitTestResult>
    <UnitTestResult executionId="10e2dd32-b6a8-4fd8-8cd4-766952f658c0" testId="86ea1c84-716f-1411-4e8e-eef0ee3fa44f" testName="SelectByPrimaryId_GivenTheIdNotExists_ShouldReturnEmptyCollectionTest" computerName="ACERSANTOS" duration="00:00:00.0070503" startTime="2014-01-09T00:34:48.4843750+08:00" endTime="2014-01-09T00:34:48.5312500+08:00" testType="13cdc9d9-ddb5-4fa4-a97d-d965ccfc6d4b" outcome="Passed" testListId="8c84fa94-04c1-424b-9868-57a2d4851a1d" relativeResultsDirectory="10e2dd32-b6a8-4fd8-8cd4-766952f658c0">
    </UnitTestResult>
    <UnitTestResult executionId="b19d24f9-3a84-4e5e-b388-90b84b435f52" testId="87e9cf55-9aeb-fdbc-21f3-9da8d9cfd761" testName="Save_GivenBarcodeNotExists_ReturnNewInstance_Successfull_Test" computerName="ACERSANTOS" duration="00:00:00.0427540" startTime="2014-01-09T00:34:48.5468750+08:00" endTime="2014-01-09T00:34:48.5937500+08:00" testType="13cdc9d9-ddb5-4fa4-a97d-d965ccfc6d4b" outcome="Passed" testListId="8c84fa94-04c1-424b-9868-57a2d4851a1d" relativeResultsDirectory="b19d24f9-3a84-4e5e-b388-90b84b435f52">
    </UnitTestResult>
    <UnitTestResult executionId="f5dcd8af-ea78-41de-81ca-c43176bfb2cc" testId="88271768-9066-e298-05ea-c7c3711202ed" testName="Save_GivenCodeExceedTheMaximumLength_Test" computerName="ACERSANTOS" duration="00:00:00.0051498" startTime="2014-01-09T00:34:48.5937500+08:00" endTime="2014-01-09T00:34:48.6093750+08:00" testType="13cdc9d9-ddb5-4fa4-a97d-d965ccfc6d4b" outcome="Passed" testListId="8c84fa94-04c1-424b-9868-57a2d4851a1d" relativeResultsDirectory="f5dcd8af-ea78-41de-81ca-c43176bfb2cc">
    </UnitTestResult>
    <UnitTestResult executionId="014dc29f-2aa9-4671-9993-98ff70d96120" testId="897dd9d9-334c-5077-5f76-238e1faafba6" testName="DeleteSelectedModels_GivenTheUserSayYes_Test" computerName="ACERSANTOS" duration="00:00:00.0191359" startTime="2014-01-09T00:34:48.6250000+08:00" endTime="2014-01-09T00:34:48.6406250+08:00" testType="13cdc9d9-ddb5-4fa4-a97d-d965ccfc6d4b" outcome="Passed" testListId="8c84fa94-04c1-424b-9868-57a2d4851a1d" relativeResultsDirectory="014dc29f-2aa9-4671-9993-98ff70d96120">
    </UnitTestResult>
    <UnitTestResult executionId="f61ff2c3-42be-4eda-8131-7fd7db5f6983" testId="8a737c96-b1b7-c951-5c82-9f4289c05abe" testName="BuildDeliveryDetails_Issue_001_Test" computerName="ACERSANTOS" duration="00:00:00.0033051" startTime="2014-01-09T00:34:48.6562500+08:00" endTime="2014-01-09T00:34:48.6562500+08:00" testType="13cdc9d9-ddb5-4fa4-a97d-d965ccfc6d4b" outcome="Passed" testListId="8c84fa94-04c1-424b-9868-57a2d4851a1d" relativeResultsDirectory="f61ff2c3-42be-4eda-8131-7fd7db5f6983">
    </UnitTestResult>
    <UnitTestResult executionId="ccd20f14-84a8-4985-900e-3e43a3012628" testId="8c1e773a-137a-9b93-574d-7de86f793fdf" testName="LoadSelectedProductByProductTest" computerName="ACERSANTOS" duration="00:00:00.0079387" startTime="2014-01-09T00:34:48.6718750+08:00" endTime="2014-01-09T00:34:48.6875000+08:00" testType="13cdc9d9-ddb5-4fa4-a97d-d965ccfc6d4b" outcome="Passed" testListId="8c84fa94-04c1-424b-9868-57a2d4851a1d" relativeResultsDirectory="ccd20f14-84a8-4985-900e-3e43a3012628">
    </UnitTestResult>
    <UnitTestResult executionId="4ee6e3c1-7535-4765-853e-66b78aad4c38" testId="8fc8ba59-8c54-d6fd-25e7-ec439c81a2a5" testName="PopulateModelToEditForm_Test" computerName="ACERSANTOS" duration="00:00:00.0061108" startTime="2014-01-09T00:34:48.7031250+08:00" endTime="2014-01-09T00:34:48.7343750+08:00" testType="13cdc9d9-ddb5-4fa4-a97d-d965ccfc6d4b" outcome="Passed" testListId="8c84fa94-04c1-424b-9868-57a2d4851a1d" relativeResultsDirectory="4ee6e3c1-7535-4765-853e-66b78aad4c38">
    </UnitTestResult>
    <UnitTestResult executionId="fc109669-8fde-4e99-8ba6-ae6e7369338e" testId="903fb00e-c93d-a6f1-38b6-fbf60296a921" testName="DeleteSelectedModels_GivenTheUserSayYes_Test" computerName="ACERSANTOS" duration="00:00:00.0146705" startTime="2014-01-09T00:34:48.7343750+08:00" endTime="2014-01-09T00:34:48.7656250+08:00" testType="13cdc9d9-ddb5-4fa4-a97d-d965ccfc6d4b" outcome="Passed" testListId="8c84fa94-04c1-424b-9868-57a2d4851a1d" relativeResultsDirectory="fc109669-8fde-4e99-8ba6-ae6e7369338e">
    </UnitTestResult>
    <UnitTestResult executionId="04b5620d-97c0-4353-ac03-335b42471293" testId="9088cd19-969e-646e-4141-3172356eb6a4" testName="ValidationError_GivenNameExceedsTheLimit_Test" computerName="ACERSANTOS" duration="00:00:00.0053537" startTime="2014-01-09T00:34:48.7656250+08:00" endTime="2014-01-09T00:34:48.7968750+08:00" testType="13cdc9d9-ddb5-4fa4-a97d-d965ccfc6d4b" outcome="Passed" testListId="8c84fa94-04c1-424b-9868-57a2d4851a1d" relativeResultsDirectory="04b5620d-97c0-4353-ac03-335b42471293">
    </UnitTestResult>
    <UnitTestResult executionId="57213bcc-493e-4426-867d-f0689bfb5ce2" testId="91f89080-c6a4-4bad-6f96-c995d1350531" testName="DeleteSelectedCategories_GivenNoCategoriesIsSelected_Test" computerName="ACERSANTOS" duration="00:00:00.0045924" startTime="2014-01-09T00:34:48.7968750+08:00" endTime="2014-01-09T00:34:48.8125000+08:00" testType="13cdc9d9-ddb5-4fa4-a97d-d965ccfc6d4b" outcome="Passed" testListId="8c84fa94-04c1-424b-9868-57a2d4851a1d" relativeResultsDirectory="57213bcc-493e-4426-867d-f0689bfb5ce2">
    </UnitTestResult>
    <UnitTestResult executionId="2c0bbd65-ffee-461c-822e-dae87a829c98" testId="937d97db-d919-cf32-04b0-25d98877ee9e" testName="SaveModel_GivenModelExistsValidFieldsSizeNameNotExistsQueryHasResult_ResultSuccessfull" computerName="ACERSANTOS" duration="00:00:00.0107868" startTime="2014-01-09T00:34:48.8281250+08:00" endTime="2014-01-09T00:34:48.8437500+08:00" testType="13cdc9d9-ddb5-4fa4-a97d-d965ccfc6d4b" outcome="Passed" testListId="8c84fa94-04c1-424b-9868-57a2d4851a1d" relativeResultsDirectory="2c0bbd65-ffee-461c-822e-dae87a829c98">
    </UnitTestResult>
    <UnitTestResult executionId="4c9d7abb-fc13-497d-af27-1b3de16a5f47" testId="94a69f52-74f5-f528-3999-c8d2fcffed92" testName="SaveOrUpdate" computerName="ACERSANTOS" duration="00:00:00.0063329" startTime="2014-01-09T00:34:48.8437500+08:00" endTime="2014-01-09T00:34:48.8593750+08:00" testType="13cdc9d9-ddb5-4fa4-a97d-d965ccfc6d4b" outcome="Passed" testListId="8c84fa94-04c1-424b-9868-57a2d4851a1d" relativeResultsDirectory="4c9d7abb-fc13-497d-af27-1b3de16a5f47">
    </UnitTestResult>
    <UnitTestResult executionId="745ce5ea-e6f6-4a16-8e53-e64c277a2013" testId="95374570-e83d-3a49-bb13-a1923d7f42dd" testName="SearchDeliveryByDeliveryDate_Test" computerName="ACERSANTOS" duration="00:00:00.0102870" startTime="2014-01-09T00:34:48.8750000+08:00" endTime="2014-01-09T00:34:48.8906250+08:00" testType="13cdc9d9-ddb5-4fa4-a97d-d965ccfc6d4b" outcome="Passed" testListId="8c84fa94-04c1-424b-9868-57a2d4851a1d" relativeResultsDirectory="745ce5ea-e6f6-4a16-8e53-e64c277a2013">
    </UnitTestResult>
    <UnitTestResult executionId="043a2e7c-6be1-47f5-990a-741610bc56bb" testId="955b49e0-f828-eceb-3c2a-e295da2bb199" testName="SaveDeliveryDetail_Given_ItemIsDamageAndNonOthers_Test" computerName="ACERSANTOS" duration="00:00:00.0199888" startTime="2014-01-09T00:34:48.8906250+08:00" endTime="2014-01-09T00:34:48.9218750+08:00" testType="13cdc9d9-ddb5-4fa4-a97d-d965ccfc6d4b" outcome="Passed" testListId="8c84fa94-04c1-424b-9868-57a2d4851a1d" relativeResultsDirectory="043a2e7c-6be1-47f5-990a-741610bc56bb">
    </UnitTestResult>
    <UnitTestResult executionId="5b5a0670-af84-4da2-a6a1-0aef85d48554" testId="95bac72e-d0af-61e7-ebbb-293257cd5a39" testName="Save_GivenNameExceedsTheMaximumLengthAndWashingIsNew_Test" computerName="ACERSANTOS" duration="00:00:00.0039742" startTime="2014-01-09T00:34:48.9375000+08:00" endTime="2014-01-09T00:34:48.9531250+08:00" testType="13cdc9d9-ddb5-4fa4-a97d-d965ccfc6d4b" outcome="Passed" testListId="8c84fa94-04c1-424b-9868-57a2d4851a1d" relativeResultsDirectory="5b5a0670-af84-4da2-a6a1-0aef85d48554">
    </UnitTestResult>
    <UnitTestResult executionId="01e0873f-c672-4e40-8a0c-a1755e6f8823" testId="960715e1-e435-d363-5dc1-71152b5f89c9" testName="SaveSupplier_GivenThanNameExistsCreateNewSupplier_ResultUnSuccessfullPopUpMessage_Test" computerName="ACERSANTOS" duration="00:00:00.0059501" startTime="2014-01-09T00:34:48.9687500+08:00" endTime="2014-01-09T00:34:48.9843750+08:00" testType="13cdc9d9-ddb5-4fa4-a97d-d965ccfc6d4b" outcome="Passed" testListId="8c84fa94-04c1-424b-9868-57a2d4851a1d" relativeResultsDirectory="01e0873f-c672-4e40-8a0c-a1755e6f8823">
    </UnitTestResult>
    <UnitTestResult executionId="5b97a8c1-9c31-44d5-baac-661da8a0cdc9" testId="964f826f-4e15-d08c-244f-65b0e07d69a5" testName="LoadAllModels_Test" computerName="ACERSANTOS" duration="00:00:00.0047056" startTime="2014-01-09T00:34:49.0000000+08:00" endTime="2014-01-09T00:34:49.0156250+08:00" testType="13cdc9d9-ddb5-4fa4-a97d-d965ccfc6d4b" outcome="Passed" testListId="8c84fa94-04c1-424b-9868-57a2d4851a1d" relativeResultsDirectory="5b97a8c1-9c31-44d5-baac-661da8a0cdc9">
    </UnitTestResult>
    <UnitTestResult executionId="d60d7162-af66-4a16-a309-b490dfeca84d" testId="96624594-37d8-b9ce-e796-b2e326c8e3a9" testName="SelectByParent_Test" computerName="ACERSANTOS" duration="00:00:00.0110614" startTime="2014-01-09T00:34:49.0156250+08:00" endTime="2014-01-09T00:34:49.0312500+08:00" testType="13cdc9d9-ddb5-4fa4-a97d-d965ccfc6d4b" outcome="Passed" testListId="8c84fa94-04c1-424b-9868-57a2d4851a1d" relativeResultsDirectory="d60d7162-af66-4a16-a309-b490dfeca84d">
    </UnitTestResult>
    <UnitTestResult executionId="1b596456-be92-494c-a98a-6f54aad27b7a" testId="9806c174-fb19-4c13-d4a9-bac5b5c7016e" testName="Validate_GivenInNewModeTheNameNotExists_ShouldReturnTrue" computerName="ACERSANTOS" duration="00:00:00.0077484" startTime="2014-01-09T00:34:49.0468750+08:00" endTime="2014-01-09T00:34:49.0468750+08:00" testType="13cdc9d9-ddb5-4fa4-a97d-d965ccfc6d4b" outcome="Passed" testListId="8c84fa94-04c1-424b-9868-57a2d4851a1d" relativeResultsDirectory="1b596456-be92-494c-a98a-6f54aad27b7a">
    </UnitTestResult>
    <UnitTestResult executionId="537088fc-8ff8-48b5-8cb5-be662770a280" testId="984634c2-4b56-0534-6981-951a3cda6a6c" testName="DeleteSelectedModels_GivenTheUserSayNo_Test" computerName="ACERSANTOS" duration="00:00:00.0075562" startTime="2014-01-09T00:34:49.0625000+08:00" endTime="2014-01-09T00:34:49.0781250+08:00" testType="13cdc9d9-ddb5-4fa4-a97d-d965ccfc6d4b" outcome="Passed" testListId="8c84fa94-04c1-424b-9868-57a2d4851a1d" relativeResultsDirectory="537088fc-8ff8-48b5-8cb5-be662770a280">
    </UnitTestResult>
    <UnitTestResult executionId="63d2a8ea-66dd-4d95-9584-ef78a9cb030c" testId="98605777-f680-d719-c8a2-29e79f98a843" testName="SaveOrUpdateGivenItIsNotNewAndNoChangesMadeInQuantityAndThereIsExceptionTest" computerName="ACERSANTOS" duration="00:00:00.0173706" startTime="2014-01-09T00:34:49.0937500+08:00" endTime="2014-01-09T00:34:49.1093750+08:00" testType="13cdc9d9-ddb5-4fa4-a97d-d965ccfc6d4b" outcome="Passed" testListId="8c84fa94-04c1-424b-9868-57a2d4851a1d" relativeResultsDirectory="63d2a8ea-66dd-4d95-9584-ef78a9cb030c">
    </UnitTestResult>
    <UnitTestResult executionId="0a2d907e-7946-4306-a501-4b1ce6e68035" testId="989d61d5-4f00-deb9-93ae-00b5cc4361a8" testName="ValidationError_GivenUserNameExceedsTheLimit_Test" computerName="ACERSANTOS" duration="00:00:00.0092201" startTime="2014-01-09T00:34:49.1250000+08:00" endTime="2014-01-09T00:34:49.1406250+08:00" testType="13cdc9d9-ddb5-4fa4-a97d-d965ccfc6d4b" outcome="Passed" testListId="8c84fa94-04c1-424b-9868-57a2d4851a1d" relativeResultsDirectory="0a2d907e-7946-4306-a501-4b1ce6e68035">
    </UnitTestResult>
    <UnitTestResult executionId="3663efb3-1e7b-474f-9292-cad1c5932c36" testId="98cc7ff0-f07f-99d1-3543-dbb75959abb7" testName="LoadProduct_GivenTheProductIsNotNull" computerName="ACERSANTOS" duration="00:00:00.0036596" startTime="2014-01-09T00:34:49.1406250+08:00" endTime="2014-01-09T00:34:49.1562500+08:00" testType="13cdc9d9-ddb5-4fa4-a97d-d965ccfc6d4b" outcome="Passed" testListId="8c84fa94-04c1-424b-9868-57a2d4851a1d" relativeResultsDirectory="3663efb3-1e7b-474f-9292-cad1c5932c36">
    </UnitTestResult>
    <UnitTestResult executionId="0917c644-338a-4587-913f-f62fd1fda653" testId="9b4b7832-1dfe-9ab1-20b0-314be6fd0d43" testName="SaveDelivery_Given_Delivery_Detail_IsNull" computerName="ACERSANTOS" duration="00:00:00.0160587" startTime="2014-01-09T00:34:49.1562500+08:00" endTime="2014-01-09T00:34:49.1875000+08:00" testType="13cdc9d9-ddb5-4fa4-a97d-d965ccfc6d4b" outcome="Passed" testListId="8c84fa94-04c1-424b-9868-57a2d4851a1d" relativeResultsDirectory="0917c644-338a-4587-913f-f62fd1fda653">
    </UnitTestResult>
    <UnitTestResult executionId="00cac564-82b5-4c1e-8511-6fc7c4b8b7bc" testId="9bf3752d-1ff3-221d-6330-fc25752807c3" testName="Save_GivenBarcodeExists_ReturnNull_Successfull_Test" computerName="ACERSANTOS" duration="00:00:00.0025654" startTime="2014-01-09T00:34:49.1875000+08:00" endTime="2014-01-09T00:34:49.2031250+08:00" testType="13cdc9d9-ddb5-4fa4-a97d-d965ccfc6d4b" outcome="Passed" testListId="8c84fa94-04c1-424b-9868-57a2d4851a1d" relativeResultsDirectory="00cac564-82b5-4c1e-8511-6fc7c4b8b7bc">
    </UnitTestResult>
    <UnitTestResult executionId="6fae4674-2430-4ccb-ae84-79d946ce55cb" testId="9d29502e-78a2-7f8c-ae9e-e040aeb3dc4f" testName="LogIn_GivenUserHasCorrectCredentials_ReturnUserModelObjectWhichIsNotNull" computerName="ACERSANTOS" duration="00:00:00.0035945" startTime="2014-01-09T00:34:49.2031250+08:00" endTime="2014-01-09T00:34:49.2031250+08:00" testType="13cdc9d9-ddb5-4fa4-a97d-d965ccfc6d4b" outcome="Passed" testListId="8c84fa94-04c1-424b-9868-57a2d4851a1d" relativeResultsDirectory="6fae4674-2430-4ccb-ae84-79d946ce55cb">
    </UnitTestResult>
    <UnitTestResult executionId="0b2abcfa-3334-438c-8abc-c8bb0de3242d" testId="9d831a30-a7f5-ef34-e29b-f61470a786aa" testName="Save_GivenThanNameNotExistsCreateNewModel_ResultSuccessfullPopUpMessage_Test" computerName="ACERSANTOS" duration="00:00:00.0080820" startTime="2014-01-09T00:34:49.2187500+08:00" endTime="2014-01-09T00:34:49.2343750+08:00" testType="13cdc9d9-ddb5-4fa4-a97d-d965ccfc6d4b" outcome="Passed" testListId="8c84fa94-04c1-424b-9868-57a2d4851a1d" relativeResultsDirectory="0b2abcfa-3334-438c-8abc-c8bb0de3242d">
    </UnitTestResult>
    <UnitTestResult executionId="d3f4517e-35cd-4534-8ee9-2efc6f8e98dd" testId="9e187ad4-d253-fd03-588e-b6539c32581a" testName="AddModel_Test" computerName="ACERSANTOS" duration="00:00:00.0017999" startTime="2014-01-09T00:34:49.2343750+08:00" endTime="2014-01-09T00:34:49.2343750+08:00" testType="13cdc9d9-ddb5-4fa4-a97d-d965ccfc6d4b" outcome="Passed" testListId="8c84fa94-04c1-424b-9868-57a2d4851a1d" relativeResultsDirectory="d3f4517e-35cd-4534-8ee9-2efc6f8e98dd">
    </UnitTestResult>
    <UnitTestResult executionId="c89d4bdb-c483-49ae-82a6-cb19c338cf4f" testId="9e3b704c-817c-ceaf-28ca-e379a72ae5db" testName="AddModel_Test" computerName="ACERSANTOS" duration="00:00:00.0022413" startTime="2014-01-09T00:34:49.2500000+08:00" endTime="2014-01-09T00:34:49.2500000+08:00" testType="13cdc9d9-ddb5-4fa4-a97d-d965ccfc6d4b" outcome="Passed" testListId="8c84fa94-04c1-424b-9868-57a2d4851a1d" relativeResultsDirectory="c89d4bdb-c483-49ae-82a6-cb19c338cf4f">
    </UnitTestResult>
    <UnitTestResult executionId="46091d00-82de-4254-b170-edf95748128e" testId="9ed572a2-3af0-ef4b-1810-eafcaa3d0923" testName="OnSelectedSearchMode_SupplierIsEmpty_Test" computerName="ACERSANTOS" duration="00:00:00.0026084" startTime="2014-01-09T00:34:49.2500000+08:00" endTime="2014-01-09T00:34:49.2656250+08:00" testType="13cdc9d9-ddb5-4fa4-a97d-d965ccfc6d4b" outcome="Passed" testListId="8c84fa94-04c1-424b-9868-57a2d4851a1d" relativeResultsDirectory="46091d00-82de-4254-b170-edf95748128e">
    </UnitTestResult>
    <UnitTestResult executionId="cc18c58d-c14b-48b9-a8ea-30c30fd4e70f" testId="9f367ad8-de24-c5af-8464-1b83c3db2eb4" testName="SelectByPrimaryId_GivenTheId_Exists_ShouldReturnOneObjectTest" computerName="ACERSANTOS" duration="00:00:00.0034736" startTime="2014-01-09T00:34:49.2656250+08:00" endTime="2014-01-09T00:34:49.2812500+08:00" testType="13cdc9d9-ddb5-4fa4-a97d-d965ccfc6d4b" outcome="Passed" testListId="8c84fa94-04c1-424b-9868-57a2d4851a1d" relativeResultsDirectory="cc18c58d-c14b-48b9-a8ea-30c30fd4e70f">
    </UnitTestResult>
    <UnitTestResult executionId="0a87d67b-2e9e-41bd-951a-d2c97069d9e7" testId="9f62473b-095e-9ad8-8659-4f77d872bfac" testName="SelectBySupplier_Test" computerName="ACERSANTOS" duration="00:00:00.0062706" startTime="2014-01-09T00:34:49.2812500+08:00" endTime="2014-01-09T00:34:49.2968750+08:00" testType="13cdc9d9-ddb5-4fa4-a97d-d965ccfc6d4b" outcome="Passed" testListId="8c84fa94-04c1-424b-9868-57a2d4851a1d" relativeResultsDirectory="0a87d67b-2e9e-41bd-951a-d2c97069d9e7">
    </UnitTestResult>
    <UnitTestResult executionId="d15e625f-880c-428d-a234-66bd0a61cb54" testId="9ff9846c-9460-0889-c7c6-d1f3d898ca8a" testName="LogIn_GivenCredential_IsValid_ResultClosingOfLogInForm" computerName="ACERSANTOS" duration="00:00:00.0074168" startTime="2014-01-09T00:34:49.2968750+08:00" endTime="2014-01-09T00:34:49.3125000+08:00" testType="13cdc9d9-ddb5-4fa4-a97d-d965ccfc6d4b" outcome="Passed" testListId="8c84fa94-04c1-424b-9868-57a2d4851a1d" relativeResultsDirectory="d15e625f-880c-428d-a234-66bd0a61cb54">
    </UnitTestResult>
    <UnitTestResult executionId="95abc31c-80f9-4107-a200-dcde18688890" testId="a01937e6-f257-6a21-c45e-4b44046075ff" testName="Delete" computerName="ACERSANTOS" duration="00:00:00.0078470" startTime="2014-01-09T00:34:49.3125000+08:00" endTime="2014-01-09T00:34:49.3281250+08:00" testType="13cdc9d9-ddb5-4fa4-a97d-d965ccfc6d4b" outcome="Passed" testListId="8c84fa94-04c1-424b-9868-57a2d4851a1d" relativeResultsDirectory="95abc31c-80f9-4107-a200-dcde18688890">
    </UnitTestResult>
    <UnitTestResult executionId="f20fee75-515f-4042-8cde-5d94c4777719" testId="a0656819-52af-0122-4659-3b35a1247c16" testName="SelectAll_ShouldReturnList_Test" computerName="ACERSANTOS" duration="00:00:00.0037191" startTime="2014-01-09T00:34:49.3437500+08:00" endTime="2014-01-09T00:34:49.3437500+08:00" testType="13cdc9d9-ddb5-4fa4-a97d-d965ccfc6d4b" outcome="Passed" testListId="8c84fa94-04c1-424b-9868-57a2d4851a1d" relativeResultsDirectory="f20fee75-515f-4042-8cde-5d94c4777719">
    </UnitTestResult>
    <UnitTestResult executionId="84240e74-cc1f-4e84-bebb-cac945e6d83b" testId="a1754ac9-7aed-e19d-296e-d0ed14435b19" testName="SelectAll_ShouldReturnList_Test" computerName="ACERSANTOS" duration="00:00:00.0040038" startTime="2014-01-09T00:34:49.3593750+08:00" endTime="2014-01-09T00:34:49.3750000+08:00" testType="13cdc9d9-ddb5-4fa4-a97d-d965ccfc6d4b" outcome="Passed" testListId="8c84fa94-04c1-424b-9868-57a2d4851a1d" relativeResultsDirectory="84240e74-cc1f-4e84-bebb-cac945e6d83b">
    </UnitTestResult>
    <UnitTestResult executionId="aa707b6d-9582-45a8-9c28-b507dfa23607" testId="a1b6f0a3-d3a9-318d-5fb6-4bf388eb0281" testName="PopulateModelToEditForm_Test" computerName="ACERSANTOS" duration="00:00:00.0065128" startTime="2014-01-09T00:34:49.3750000+08:00" endTime="2014-01-09T00:34:49.3906250+08:00" testType="13cdc9d9-ddb5-4fa4-a97d-d965ccfc6d4b" outcome="Passed" testListId="8c84fa94-04c1-424b-9868-57a2d4851a1d" relativeResultsDirectory="aa707b6d-9582-45a8-9c28-b507dfa23607">
    </UnitTestResult>
    <UnitTestResult executionId="9fc56780-5fc8-449c-b5e6-82707098a1ec" testId="a1baa385-e93b-b39f-d4ab-100fb9e451e2" testName="SelectByParent_ReturnsList_Test" computerName="ACERSANTOS" duration="00:00:00.0063988" startTime="2014-01-09T00:34:49.3906250+08:00" endTime="2014-01-09T00:34:49.4062500+08:00" testType="13cdc9d9-ddb5-4fa4-a97d-d965ccfc6d4b" outcome="Passed" testListId="8c84fa94-04c1-424b-9868-57a2d4851a1d" relativeResultsDirectory="9fc56780-5fc8-449c-b5e6-82707098a1ec">
    </UnitTestResult>
    <UnitTestResult executionId="e9f972fc-45bb-42b8-9462-8a8f51bfd163" testId="a21c8ecc-49e9-1518-1952-4d9d38fa5df2" testName="SelectBySp_GivenThereIsNoParameter_ReturnShouldBeInList" computerName="ACERSANTOS" duration="00:00:00.0049604" startTime="2014-01-09T00:34:49.4062500+08:00" endTime="2014-01-09T00:34:49.4218750+08:00" testType="13cdc9d9-ddb5-4fa4-a97d-d965ccfc6d4b" outcome="Passed" testListId="8c84fa94-04c1-424b-9868-57a2d4851a1d" relativeResultsDirectory="e9f972fc-45bb-42b8-9462-8a8f51bfd163">
    </UnitTestResult>
    <UnitTestResult executionId="17bae0c3-123a-4ae2-9565-e6f789998239" testId="a3c5d30c-026a-65f5-b410-6b577509d2d0" testName="SaveWashing_GivenThatCodeAndNameNotExistsCreateNewWashing_ResultSuccessfullPopUpMessage_Test" computerName="ACERSANTOS" duration="00:00:00.0073989" startTime="2014-01-09T00:34:49.4218750+08:00" endTime="2014-01-09T00:34:49.4375000+08:00" testType="13cdc9d9-ddb5-4fa4-a97d-d965ccfc6d4b" outcome="Passed" testListId="8c84fa94-04c1-424b-9868-57a2d4851a1d" relativeResultsDirectory="17bae0c3-123a-4ae2-9565-e6f789998239">
    </UnitTestResult>
    <UnitTestResult executionId="3e8c1cdd-979b-4aa0-8841-5c56d58c2893" testId="a4a89e96-681d-1446-27f6-8a70fd09d7b9" testName="Validate_GivenInEditModeTheNameAlreadyExistsFromDifferentId_ShouldReturnFalse" computerName="ACERSANTOS" duration="00:00:00.0033833" startTime="2014-01-09T00:34:49.4375000+08:00" endTime="2014-01-09T00:34:49.4531250+08:00" testType="13cdc9d9-ddb5-4fa4-a97d-d965ccfc6d4b" outcome="Passed" testListId="8c84fa94-04c1-424b-9868-57a2d4851a1d" relativeResultsDirectory="3e8c1cdd-979b-4aa0-8841-5c56d58c2893">
    </UnitTestResult>
    <UnitTestResult executionId="e11d3290-10d0-44c4-9ffd-8c792927c813" testId="a4da9462-de35-9d72-869d-8c4d6ebbb7e3" testName="LoadRoleTypes_ShouldLoadToComboBox" computerName="ACERSANTOS" duration="00:00:00.0020267" startTime="2014-01-09T00:34:49.4531250+08:00" endTime="2014-01-09T00:34:49.4687500+08:00" testType="13cdc9d9-ddb5-4fa4-a97d-d965ccfc6d4b" outcome="Passed" testListId="8c84fa94-04c1-424b-9868-57a2d4851a1d" relativeResultsDirectory="e11d3290-10d0-44c4-9ffd-8c792927c813">
    </UnitTestResult>
    <UnitTestResult executionId="4872fb7c-b352-44eb-b6d7-668a327bb8ae" testId="a56003bf-09ed-8456-66f1-106afd0cf559" testName="Validate_GivenTheNameNotExistsCategoryIsNewAndMaxLengthNotExceedsTheLimit_ShouldReturnTrue" computerName="ACERSANTOS" duration="00:00:00.0058675" startTime="2014-01-09T00:34:49.4687500+08:00" endTime="2014-01-09T00:34:49.4843750+08:00" testType="13cdc9d9-ddb5-4fa4-a97d-d965ccfc6d4b" outcome="Passed" testListId="8c84fa94-04c1-424b-9868-57a2d4851a1d" relativeResultsDirectory="4872fb7c-b352-44eb-b6d7-668a327bb8ae">
    </UnitTestResult>
    <UnitTestResult executionId="0b8be799-c61a-4ce5-8e71-1bba18842967" testId="a5dcae97-2768-2d08-8d99-69f1e48de25e" testName="DeleteSelectedModels_GivenTheUserSayYes_Test" computerName="ACERSANTOS" duration="00:00:00.0137509" startTime="2014-01-09T00:34:49.4843750+08:00" endTime="2014-01-09T00:34:49.5000000+08:00" testType="13cdc9d9-ddb5-4fa4-a97d-d965ccfc6d4b" outcome="Passed" testListId="8c84fa94-04c1-424b-9868-57a2d4851a1d" relativeResultsDirectory="0b8be799-c61a-4ce5-8e71-1bba18842967">
    </UnitTestResult>
    <UnitTestResult executionId="33ba5e7a-4727-41b3-95b1-f7151f6c4658" testId="a616359c-88a5-65c8-006b-acfd4a2da250" testName="Delete_Test" computerName="ACERSANTOS" duration="00:00:00.0039488" startTime="2014-01-09T00:34:49.5000000+08:00" endTime="2014-01-09T00:34:49.5156250+08:00" testType="13cdc9d9-ddb5-4fa4-a97d-d965ccfc6d4b" outcome="Passed" testListId="8c84fa94-04c1-424b-9868-57a2d4851a1d" relativeResultsDirectory="33ba5e7a-4727-41b3-95b1-f7151f6c4658">
    </UnitTestResult>
    <UnitTestResult executionId="86499803-686f-46c3-8d91-f983c926f6cf" testId="a61f8162-c2ea-0f0e-eaed-d380c73cf004" testName="SaveOrUpdateGivenItIsNotNewAndChangesMadeInPricesTest" computerName="ACERSANTOS" duration="00:00:00.0167007" startTime="2014-01-09T00:34:49.5156250+08:00" endTime="2014-01-09T00:34:49.5468750+08:00" testType="13cdc9d9-ddb5-4fa4-a97d-d965ccfc6d4b" outcome="Passed" testListId="8c84fa94-04c1-424b-9868-57a2d4851a1d" relativeResultsDirectory="86499803-686f-46c3-8d91-f983c926f6cf">
    </UnitTestResult>
    <UnitTestResult executionId="b370307a-f567-4ef2-9fc5-cb1ced4dc820" testId="a6f44b3b-d192-d47e-4da9-106d54454e08" testName="SelectByPrimaryKey_GivenPrimaryKey_ReturnShouldNotBeNull" computerName="ACERSANTOS" duration="00:00:00.0051894" startTime="2014-01-09T00:34:49.5468750+08:00" endTime="2014-01-09T00:34:49.5937500+08:00" testType="13cdc9d9-ddb5-4fa4-a97d-d965ccfc6d4b" outcome="Passed" testListId="8c84fa94-04c1-424b-9868-57a2d4851a1d" relativeResultsDirectory="b370307a-f567-4ef2-9fc5-cb1ced4dc820">
    </UnitTestResult>
    <UnitTestResult executionId="72c28e69-750e-4203-8545-9d05f3fb63f8" testId="a89d290d-3f82-a85a-5892-2da8562d46e2" testName="ChangePassword_GivenTheConfirmationOldPasswordIsCorrect_ResultWillBeNewPasswordWillPushThrough" computerName="ACERSANTOS" duration="00:00:00.0106250" startTime="2014-01-09T00:34:49.5937500+08:00" endTime="2014-01-09T00:34:49.6093750+08:00" testType="13cdc9d9-ddb5-4fa4-a97d-d965ccfc6d4b" outcome="Passed" testListId="8c84fa94-04c1-424b-9868-57a2d4851a1d" relativeResultsDirectory="72c28e69-750e-4203-8545-9d05f3fb63f8">
    </UnitTestResult>
    <UnitTestResult executionId="0574018b-0496-43f8-b674-cb496323f1df" testId="a90dcb5c-5bc9-f719-7efd-3e8ef04ccecd" testName="LoadCost_Given_All_Is_Given_And_ProductDetailOverrideCost_IsNull_Test" computerName="ACERSANTOS" duration="00:00:00.0160294" startTime="2014-01-09T00:34:49.6250000+08:00" endTime="2014-01-09T00:34:49.6406250+08:00" testType="13cdc9d9-ddb5-4fa4-a97d-d965ccfc6d4b" outcome="Passed" testListId="8c84fa94-04c1-424b-9868-57a2d4851a1d" relativeResultsDirectory="0574018b-0496-43f8-b674-cb496323f1df">
    </UnitTestResult>
    <UnitTestResult executionId="ca0b255d-07f0-437b-9a13-1827c6643ff1" testId="aa04e3c5-5802-6d1d-3440-7c0dd938c92e" testName="PopulateModelToEditForm_Test" computerName="ACERSANTOS" duration="00:00:00.0239035" startTime="2014-01-09T00:34:49.6562500+08:00" endTime="2014-01-09T00:34:49.6718750+08:00" testType="13cdc9d9-ddb5-4fa4-a97d-d965ccfc6d4b" outcome="Passed" testListId="8c84fa94-04c1-424b-9868-57a2d4851a1d" relativeResultsDirectory="ca0b255d-07f0-437b-9a13-1827c6643ff1">
    </UnitTestResult>
    <UnitTestResult executionId="a829d308-c088-4192-90c3-9e4d4ac2f7aa" testId="abe71294-0842-5ad9-ba31-1e89296f6e7a" testName="SaveModel_GivenModelIsNewValidFieldsUserNameNotExistsQueryHasNoResult_ResultSuccessfull" computerName="ACERSANTOS" duration="00:00:00.0067821" startTime="2014-01-09T00:34:49.6875000+08:00" endTime="2014-01-09T00:34:49.7031250+08:00" testType="13cdc9d9-ddb5-4fa4-a97d-d965ccfc6d4b" outcome="Passed" testListId="8c84fa94-04c1-424b-9868-57a2d4851a1d" relativeResultsDirectory="a829d308-c088-4192-90c3-9e4d4ac2f7aa">
    </UnitTestResult>
    <UnitTestResult executionId="1c246e42-13df-45b7-93a8-efc8d520853b" testId="ac1cc0d2-1fac-1a38-7e28-028c11e9d35f" testName="SaveCategory_GivenThanNameNotExistsCreateNewCategory_ResultSuccessfullPopUpMessage_Test" computerName="ACERSANTOS" duration="00:00:00.0059136" startTime="2014-01-09T00:34:49.7031250+08:00" endTime="2014-01-09T00:34:49.7187500+08:00" testType="13cdc9d9-ddb5-4fa4-a97d-d965ccfc6d4b" outcome="Passed" testListId="8c84fa94-04c1-424b-9868-57a2d4851a1d" relativeResultsDirectory="1c246e42-13df-45b7-93a8-efc8d520853b">
    </UnitTestResult>
    <UnitTestResult executionId="3b4e6f59-33cb-4798-8f97-e59d9e4501b0" testId="aceeaf06-5f9a-cc19-3a25-97792566d8c3" testName="Delete" computerName="ACERSANTOS" duration="00:00:00.0051017" startTime="2014-01-09T00:34:49.7187500+08:00" endTime="2014-01-09T00:34:49.7343750+08:00" testType="13cdc9d9-ddb5-4fa4-a97d-d965ccfc6d4b" outcome="Passed" testListId="8c84fa94-04c1-424b-9868-57a2d4851a1d" relativeResultsDirectory="3b4e6f59-33cb-4798-8f97-e59d9e4501b0">
    </UnitTestResult>
    <UnitTestResult executionId="611d4e4d-4c1a-4c6f-be69-2c22af4a8020" testId="ad251565-d254-9c1c-fbf8-7bd473461ed1" testName="ShouldEnable_GivenAllKeyFieldsAreNotEmpty_ShouldReturnTrue" computerName="ACERSANTOS" duration="00:00:00.0036482" startTime="2014-01-09T00:34:49.7343750+08:00" endTime="2014-01-09T00:34:49.7500000+08:00" testType="13cdc9d9-ddb5-4fa4-a97d-d965ccfc6d4b" outcome="Passed" testListId="8c84fa94-04c1-424b-9868-57a2d4851a1d" relativeResultsDirectory="611d4e4d-4c1a-4c6f-be69-2c22af4a8020">
    </UnitTestResult>
    <UnitTestResult executionId="960ff190-8509-4ad7-9b5a-a5a55f902476" testId="ae30ed5b-4d9c-f090-dcfe-b45809d6d3d4" testName="SelectBySp_GivenThereIsNoParameter_ReturnShouldBeInList" computerName="ACERSANTOS" duration="00:00:00.0058166" startTime="2014-01-09T00:34:49.7500000+08:00" endTime="2014-01-09T00:34:49.7656250+08:00" testType="13cdc9d9-ddb5-4fa4-a97d-d965ccfc6d4b" outcome="Passed" testListId="8c84fa94-04c1-424b-9868-57a2d4851a1d" relativeResultsDirectory="960ff190-8509-4ad7-9b5a-a5a55f902476">
    </UnitTestResult>
    <UnitTestResult executionId="5be6afa8-60fb-42e6-b7c6-7c498ecb893e" testId="ae9f039e-de48-abf5-2743-be0e396f0007" testName="Delete_Test" computerName="ACERSANTOS" duration="00:00:00.0044921" startTime="2014-01-09T00:34:49.7656250+08:00" endTime="2014-01-09T00:34:49.7812500+08:00" testType="13cdc9d9-ddb5-4fa4-a97d-d965ccfc6d4b" outcome="Passed" testListId="8c84fa94-04c1-424b-9868-57a2d4851a1d" relativeResultsDirectory="5be6afa8-60fb-42e6-b7c6-7c498ecb893e">
    </UnitTestResult>
    <UnitTestResult executionId="b1fcd284-d63f-4c32-b3aa-9591bcc9892f" testId="aeee27a0-16d0-84e9-d85c-2083a6c4fdc0" testName="SelectByStockNumberTest" computerName="ACERSANTOS" duration="00:00:00.0030981" startTime="2014-01-09T00:34:49.7812500+08:00" endTime="2014-01-09T00:34:49.7968750+08:00" testType="13cdc9d9-ddb5-4fa4-a97d-d965ccfc6d4b" outcome="Passed" testListId="8c84fa94-04c1-424b-9868-57a2d4851a1d" relativeResultsDirectory="b1fcd284-d63f-4c32-b3aa-9591bcc9892f">
    </UnitTestResult>
    <UnitTestResult executionId="d0274490-fa92-47ab-89a4-8d7b817b3e24" testId="aef8684c-96d9-ce55-c302-0c7e0b2dc74a" testName="SelectProductStatusIsGoodTest" computerName="ACERSANTOS" duration="00:00:00.0018463" startTime="2014-01-09T00:34:49.7968750+08:00" endTime="2014-01-09T00:34:49.7968750+08:00" testType="13cdc9d9-ddb5-4fa4-a97d-d965ccfc6d4b" outcome="Passed" testListId="8c84fa94-04c1-424b-9868-57a2d4851a1d" relativeResultsDirectory="d0274490-fa92-47ab-89a4-8d7b817b3e24">
    </UnitTestResult>
    <UnitTestResult executionId="4f0e0d9a-df32-4a46-ada4-9aaf658ec231" testId="af497229-e5a2-31d4-5f98-120a645dc432" testName="Delete_Test" computerName="ACERSANTOS" duration="00:00:00.0047307" startTime="2014-01-09T00:34:49.8125000+08:00" endTime="2014-01-09T00:34:49.8125000+08:00" testType="13cdc9d9-ddb5-4fa4-a97d-d965ccfc6d4b" outcome="Passed" testListId="8c84fa94-04c1-424b-9868-57a2d4851a1d" relativeResultsDirectory="4f0e0d9a-df32-4a46-ada4-9aaf658ec231">
    </UnitTestResult>
    <UnitTestResult executionId="b96503df-d0b3-4d10-b018-6a399ab5cb26" testId="af5dac9d-7536-d822-6256-f0bd6408de61" testName="Delete" computerName="ACERSANTOS" duration="00:00:00.0067433" startTime="2014-01-09T00:34:49.8125000+08:00" endTime="2014-01-09T00:34:49.8281250+08:00" testType="13cdc9d9-ddb5-4fa4-a97d-d965ccfc6d4b" outcome="Passed" testListId="8c84fa94-04c1-424b-9868-57a2d4851a1d" relativeResultsDirectory="b96503df-d0b3-4d10-b018-6a399ab5cb26">
    </UnitTestResult>
    <UnitTestResult executionId="6618d371-d21b-4be8-9a91-c401ec46352c" testId="af609df7-1ee3-6905-d4fe-3aa5fcb650a7" testName="DisableOrEnableSaveDeliveryButton_GivenInputDamageSizeIsNull_Test" computerName="ACERSANTOS" duration="00:00:00.0059060" startTime="2014-01-09T00:34:49.8437500+08:00" endTime="2014-01-09T00:34:49.8437500+08:00" testType="13cdc9d9-ddb5-4fa4-a97d-d965ccfc6d4b" outcome="Passed" testListId="8c84fa94-04c1-424b-9868-57a2d4851a1d" relativeResultsDirectory="6618d371-d21b-4be8-9a91-c401ec46352c">
    </UnitTestResult>
    <UnitTestResult executionId="e67c0f67-2633-42c6-8a3c-a40f802a4af8" testId="af991648-2f4d-a3c0-4c0c-665bdb897471" testName="SelectAllTest" computerName="ACERSANTOS" duration="00:00:00.0059513" startTime="2014-01-09T00:34:49.8593750+08:00" endTime="2014-01-09T00:34:49.8593750+08:00" testType="13cdc9d9-ddb5-4fa4-a97d-d965ccfc6d4b" outcome="Passed" testListId="8c84fa94-04c1-424b-9868-57a2d4851a1d" relativeResultsDirectory="e67c0f67-2633-42c6-8a3c-a40f802a4af8">
    </UnitTestResult>
    <UnitTestResult executionId="dbf0f365-a26d-42ca-a357-c78840d72725" testId="affc3c7b-2282-a1a7-f6ae-ff585a6ff85e" testName="SelectDamageIsOtherTest" computerName="ACERSANTOS" duration="00:00:00.0024279" startTime="2014-01-09T00:34:49.8750000+08:00" endTime="2014-01-09T00:34:49.8750000+08:00" testType="13cdc9d9-ddb5-4fa4-a97d-d965ccfc6d4b" outcome="Passed" testListId="8c84fa94-04c1-424b-9868-57a2d4851a1d" relativeResultsDirectory="dbf0f365-a26d-42ca-a357-c78840d72725">
    </UnitTestResult>
    <UnitTestResult executionId="355f4da1-48a1-4047-8bbe-f55f0cefe1fa" testId="b1226e7b-988b-94c7-4a9a-7e8cc353b71a" testName="SelectAllTest" computerName="ACERSANTOS" duration="00:00:00.0082390" startTime="2014-01-09T00:34:49.8750000+08:00" endTime="2014-01-09T00:34:49.8906250+08:00" testType="13cdc9d9-ddb5-4fa4-a97d-d965ccfc6d4b" outcome="Passed" testListId="8c84fa94-04c1-424b-9868-57a2d4851a1d" relativeResultsDirectory="355f4da1-48a1-4047-8bbe-f55f0cefe1fa">
    </UnitTestResult>
    <UnitTestResult executionId="bdf450ae-177d-4d0b-ba10-ede2a627107e" testId="b1b446a0-5c8b-78a3-24e1-b42fd5271256" testName="Save_GivenThatOnCreateModeAndSizeAlreadyExist_ResultUnsuccessfullPopupMessage_Test" computerName="ACERSANTOS" duration="00:00:00.0128457" startTime="2014-01-09T00:34:49.9062500+08:00" endTime="2014-01-09T00:34:49.9218750+08:00" testType="13cdc9d9-ddb5-4fa4-a97d-d965ccfc6d4b" outcome="Passed" testListId="8c84fa94-04c1-424b-9868-57a2d4851a1d" relativeResultsDirectory="bdf450ae-177d-4d0b-ba10-ede2a627107e">
    </UnitTestResult>
    <UnitTestResult executionId="d7630397-572e-47be-9fc5-1d2445f7dd0e" testId="b1c03645-3aca-6c97-bc6d-6a4b1ad89c2c" testName="ShouldEnable_AtleastOneKeyFieldsIsEmpty_ShouldReturnFalse" computerName="ACERSANTOS" duration="00:00:00.0021047" startTime="2014-01-09T00:34:49.9218750+08:00" endTime="2014-01-09T00:34:49.9375000+08:00" testType="13cdc9d9-ddb5-4fa4-a97d-d965ccfc6d4b" outcome="Passed" testListId="8c84fa94-04c1-424b-9868-57a2d4851a1d" relativeResultsDirectory="d7630397-572e-47be-9fc5-1d2445f7dd0e">
    </UnitTestResult>
    <UnitTestResult executionId="4031ee6a-6ec0-4b4e-86bf-751690d1d5d0" testId="b2f748e5-9d74-6d60-360d-6dfd3bbe5ab5" testName="LoadAllModels_Test" computerName="ACERSANTOS" duration="00:00:00.0052651" startTime="2014-01-09T00:34:49.9375000+08:00" endTime="2014-01-09T00:34:49.9531250+08:00" testType="13cdc9d9-ddb5-4fa4-a97d-d965ccfc6d4b" outcome="Passed" testListId="8c84fa94-04c1-424b-9868-57a2d4851a1d" relativeResultsDirectory="4031ee6a-6ec0-4b4e-86bf-751690d1d5d0">
    </UnitTestResult>
    <UnitTestResult executionId="328fe518-b911-485b-a6e9-a0c72a81be9e" testId="b32a286d-447c-44f2-f0e5-3665f3adba00" testName="ScannerResponseNotOkTest" computerName="ACERSANTOS" duration="00:00:00.0004964" startTime="2014-01-09T00:34:49.9531250+08:00" endTime="2014-01-09T00:34:49.9687500+08:00" testType="13cdc9d9-ddb5-4fa4-a97d-d965ccfc6d4b" outcome="Passed" testListId="8c84fa94-04c1-424b-9868-57a2d4851a1d" relativeResultsDirectory="328fe518-b911-485b-a6e9-a0c72a81be9e">
    </UnitTestResult>
    <UnitTestResult executionId="5fbd4003-bf4a-4f2e-9fa5-2f25e64e31ef" testId="b3d97380-bcb0-224d-2153-317cd3a34fdf" testName="SaveOrUpdateGivenItIsNotNewAndThereIsExceptionTest" computerName="ACERSANTOS" duration="00:00:00.0126767" startTime="2014-01-09T00:34:49.9687500+08:00" endTime="2014-01-09T00:34:49.9843750+08:00" testType="13cdc9d9-ddb5-4fa4-a97d-d965ccfc6d4b" outcome="Passed" testListId="8c84fa94-04c1-424b-9868-57a2d4851a1d" relativeResultsDirectory="5fbd4003-bf4a-4f2e-9fa5-2f25e64e31ef">
    </UnitTestResult>
    <UnitTestResult executionId="fc320852-6cad-4316-834b-9faee630cedc" testId="b4f9f3fc-72d6-8b81-7837-68269cf99335" testName="SelectBySp_GivenThereIsNoParameter_ReturnShouldBeInList" computerName="ACERSANTOS" duration="00:00:00.0048771" startTime="2014-01-09T00:34:49.9843750+08:00" endTime="2014-01-09T00:34:50.0000000+08:00" testType="13cdc9d9-ddb5-4fa4-a97d-d965ccfc6d4b" outcome="Passed" testListId="8c84fa94-04c1-424b-9868-57a2d4851a1d" relativeResultsDirectory="fc320852-6cad-4316-834b-9faee630cedc">
    </UnitTestResult>
    <UnitTestResult executionId="a50dec00-b91a-42e4-a7d8-28c1005cf937" testId="b629fbfa-f168-2a48-3f0b-99386fd3e0b7" testName="Validate_GivenTheNameAlreadyExistsCategoryIsNewAndMaxLengthNotExceedsTheLimit_ShouldReturnFalse" computerName="ACERSANTOS" duration="00:00:00.0047899" startTime="2014-01-09T00:34:50.0000000+08:00" endTime="2014-01-09T00:34:50.0156250+08:00" testType="13cdc9d9-ddb5-4fa4-a97d-d965ccfc6d4b" outcome="Passed" testListId="8c84fa94-04c1-424b-9868-57a2d4851a1d" relativeResultsDirectory="a50dec00-b91a-42e4-a7d8-28c1005cf937">
    </UnitTestResult>
    <UnitTestResult executionId="c5a11d02-7f6d-49f2-a0e7-2b66f9cdcda6" testId="b63c1b34-4a7d-454c-cafd-7c3ad6553cbf" testName="Validate_GivenInEditModeTheUserNameAlreadyExistsFromDifferentId_ShouldReturnFalse" computerName="ACERSANTOS" duration="00:00:00.0046483" startTime="2014-01-09T00:34:50.0156250+08:00" endTime="2014-01-09T00:34:50.0312500+08:00" testType="13cdc9d9-ddb5-4fa4-a97d-d965ccfc6d4b" outcome="Passed" testListId="8c84fa94-04c1-424b-9868-57a2d4851a1d" relativeResultsDirectory="c5a11d02-7f6d-49f2-a0e7-2b66f9cdcda6">
    </UnitTestResult>
    <UnitTestResult executionId="1b0fda96-4a3d-41e4-8b63-4158cf9f7419" testId="b670c5d2-fdb6-caf7-3f8e-cbbe1841e8c2" testName="DeleteSelectedModels_GivenTheUserSayNo_Test" computerName="ACERSANTOS" duration="00:00:00.0083876" startTime="2014-01-09T00:34:50.0312500+08:00" endTime="2014-01-09T00:34:50.0468750+08:00" testType="13cdc9d9-ddb5-4fa4-a97d-d965ccfc6d4b" outcome="Passed" testListId="8c84fa94-04c1-424b-9868-57a2d4851a1d" relativeResultsDirectory="1b0fda96-4a3d-41e4-8b63-4158cf9f7419">
    </UnitTestResult>
    <UnitTestResult executionId="0bd65dc7-f153-4d2f-a76b-9758c68b26c4" testId="b683543b-04a3-87ac-dd29-5ba0500f8472" testName="SaveModel_GivenModelIsNewValidFieldsNameNotExistsQueryHasNoResult_ResultSuccessfull" computerName="ACERSANTOS" duration="00:00:00.0052244" startTime="2014-01-09T00:34:50.0625000+08:00" endTime="2014-01-09T00:34:50.0625000+08:00" testType="13cdc9d9-ddb5-4fa4-a97d-d965ccfc6d4b" outcome="Passed" testListId="8c84fa94-04c1-424b-9868-57a2d4851a1d" relativeResultsDirectory="0bd65dc7-f153-4d2f-a76b-9758c68b26c4">
    </UnitTestResult>
    <UnitTestResult executionId="feb1e2d0-d4f5-4ede-9e53-4812d346df98" testId="b7e7ac48-9b99-3bc9-a4e9-650802570499" testName="SelectAll_ShouldReturnList_Test" computerName="ACERSANTOS" duration="00:00:00.0055353" startTime="2014-01-09T00:34:50.0781250+08:00" endTime="2014-01-09T00:34:50.0781250+08:00" testType="13cdc9d9-ddb5-4fa4-a97d-d965ccfc6d4b" outcome="Passed" testListId="8c84fa94-04c1-424b-9868-57a2d4851a1d" relativeResultsDirectory="feb1e2d0-d4f5-4ede-9e53-4812d346df98">
    </UnitTestResult>
    <UnitTestResult executionId="995113a1-1666-4631-b4b4-51c3f3a36e4c" testId="b9717f53-1407-ae65-4b7d-dd93ac3a0b88" testName="SelectModelByName_ModelNotExists_Test" computerName="ACERSANTOS" duration="00:00:00.0006495" startTime="2014-01-09T00:34:50.0937500+08:00" endTime="2014-01-09T00:34:50.0937500+08:00" testType="13cdc9d9-ddb5-4fa4-a97d-d965ccfc6d4b" outcome="Passed" testListId="8c84fa94-04c1-424b-9868-57a2d4851a1d" relativeResultsDirectory="995113a1-1666-4631-b4b4-51c3f3a36e4c">
    </UnitTestResult>
    <UnitTestResult executionId="840db251-b957-411c-86e6-19ffcde8d7d0" testId="b981fe1f-39d2-24b8-ff07-c5c0752792c0" testName="DeleteSelectedModels_GivenTheUserSayYes_Test" computerName="ACERSANTOS" duration="00:00:00.0110729" startTime="2014-01-09T00:34:50.0937500+08:00" endTime="2014-01-09T00:34:50.1250000+08:00" testType="13cdc9d9-ddb5-4fa4-a97d-d965ccfc6d4b" outcome="Passed" testListId="8c84fa94-04c1-424b-9868-57a2d4851a1d" relativeResultsDirectory="840db251-b957-411c-86e6-19ffcde8d7d0">
    </UnitTestResult>
    <UnitTestResult executionId="341c9d82-0026-4e36-84c8-8b7c9f6b968c" testId="bb1bbd82-c4f3-5a8e-a3ab-837f632aaa95" testName="SelectBySupplierAndDeliveryDate_Test" computerName="ACERSANTOS" duration="00:00:00.0058004" startTime="2014-01-09T00:34:50.1250000+08:00" endTime="2014-01-09T00:34:50.1406250+08:00" testType="13cdc9d9-ddb5-4fa4-a97d-d965ccfc6d4b" outcome="Passed" testListId="8c84fa94-04c1-424b-9868-57a2d4851a1d" relativeResultsDirectory="341c9d82-0026-4e36-84c8-8b7c9f6b968c">
    </UnitTestResult>
    <UnitTestResult executionId="41387036-20c9-4919-9e7e-d20562270eef" testId="bb305726-706d-f65d-c5bc-17f2acdeab3a" testName="Save_GivenNameExceedTheMaximumLength_Test" computerName="ACERSANTOS" duration="00:00:00.0053372" startTime="2014-01-09T00:34:50.1406250+08:00" endTime="2014-01-09T00:34:50.1562500+08:00" testType="13cdc9d9-ddb5-4fa4-a97d-d965ccfc6d4b" outcome="Passed" testListId="8c84fa94-04c1-424b-9868-57a2d4851a1d" relativeResultsDirectory="41387036-20c9-4919-9e7e-d20562270eef">
    </UnitTestResult>
    <UnitTestResult executionId="c6c52a81-ce62-418f-8082-ac13cf65dd99" testId="bd35bc43-c02f-8b41-e0fb-e420f002893a" testName="FileOkTest" computerName="ACERSANTOS" duration="00:00:00.0055574" startTime="2014-01-09T00:34:50.1562500+08:00" endTime="2014-01-09T00:34:50.1718750+08:00" testType="13cdc9d9-ddb5-4fa4-a97d-d965ccfc6d4b" outcome="Passed" testListId="8c84fa94-04c1-424b-9868-57a2d4851a1d" relativeResultsDirectory="c6c52a81-ce62-418f-8082-ac13cf65dd99">
    </UnitTestResult>
    <UnitTestResult executionId="b214fe7b-4e7f-4639-a952-b0787f7649ce" testId="beda478b-718f-efc8-670e-bf6de8b18588" testName="UniqueNameKeypress_GivenThatTextHasLength_ShouldReturnTrue_Test" computerName="ACERSANTOS" duration="00:00:00.0061024" startTime="2014-01-09T00:34:50.1718750+08:00" endTime="2014-01-09T00:34:50.1875000+08:00" testType="13cdc9d9-ddb5-4fa4-a97d-d965ccfc6d4b" outcome="Passed" testListId="8c84fa94-04c1-424b-9868-57a2d4851a1d" relativeResultsDirectory="b214fe7b-4e7f-4639-a952-b0787f7649ce">
    </UnitTestResult>
    <UnitTestResult executionId="1d7be9f2-fc73-407a-b5ad-29f6a7cfc29f" testId="bf113fb2-3418-2e4d-9db5-f3cb00704405" testName="LoadAllColors_Test" computerName="ACERSANTOS" duration="00:00:00.0542566" startTime="2014-01-09T00:34:50.2031250+08:00" endTime="2014-01-09T00:34:50.2656250+08:00" testType="13cdc9d9-ddb5-4fa4-a97d-d965ccfc6d4b" outcome="Passed" testListId="8c84fa94-04c1-424b-9868-57a2d4851a1d" relativeResultsDirectory="1d7be9f2-fc73-407a-b5ad-29f6a7cfc29f">
    </UnitTestResult>
    <UnitTestResult executionId="79489ffa-ba05-41d2-940e-f43169416846" testId="bf319038-565b-c446-26a6-f82c6abe2cb7" testName="SaveModel_GivenModelIsNewValidFieldsNameAlreadyExistsQueryHasResult_ResultUnsuccessfull" computerName="ACERSANTOS" duration="00:00:00.0049319" startTime="2014-01-09T00:34:50.2812500+08:00" endTime="2014-01-09T00:34:50.2968750+08:00" testType="13cdc9d9-ddb5-4fa4-a97d-d965ccfc6d4b" outcome="Passed" testListId="8c84fa94-04c1-424b-9868-57a2d4851a1d" relativeResultsDirectory="79489ffa-ba05-41d2-940e-f43169416846">
    </UnitTestResult>
    <UnitTestResult executionId="7c0cdf4c-e5c9-40a0-afd0-36d2fa64e518" testId="c05dc14b-034b-5fd2-fd0b-143e3edaf55a" testName="DisableOrEnableSaveDeliveryButton_Given_EmptySupplierName_Test" computerName="ACERSANTOS" duration="00:00:00.0048992" startTime="2014-01-09T00:34:50.2968750+08:00" endTime="2014-01-09T00:34:50.3125000+08:00" testType="13cdc9d9-ddb5-4fa4-a97d-d965ccfc6d4b" outcome="Passed" testListId="8c84fa94-04c1-424b-9868-57a2d4851a1d" relativeResultsDirectory="7c0cdf4c-e5c9-40a0-afd0-36d2fa64e518">
    </UnitTestResult>
    <UnitTestResult executionId="0c196108-1dd7-46d2-b81a-6e31b0615f34" testId="c0627374-0159-9389-64a7-d55fc4c3eff9" testName="LoadAllModels_Test" computerName="ACERSANTOS" duration="00:00:00.0035024" startTime="2014-01-09T00:34:50.3125000+08:00" endTime="2014-01-09T00:34:50.3281250+08:00" testType="13cdc9d9-ddb5-4fa4-a97d-d965ccfc6d4b" outcome="Passed" testListId="8c84fa94-04c1-424b-9868-57a2d4851a1d" relativeResultsDirectory="0c196108-1dd7-46d2-b81a-6e31b0615f34">
    </UnitTestResult>
    <UnitTestResult executionId="3df75c3b-cf08-4268-9f1f-94c25e93a128" testId="c1eb370b-9a24-b28a-ff60-2b5f147be534" testName="PopulateModelToEditForm_Test" computerName="ACERSANTOS" duration="00:00:00.0085658" startTime="2014-01-09T00:34:50.3281250+08:00" endTime="2014-01-09T00:34:50.3437500+08:00" testType="13cdc9d9-ddb5-4fa4-a97d-d965ccfc6d4b" outcome="Passed" testListId="8c84fa94-04c1-424b-9868-57a2d4851a1d" relativeResultsDirectory="3df75c3b-cf08-4268-9f1f-94c25e93a128">
    </UnitTestResult>
    <UnitTestResult executionId="485d9d15-9a32-4cd4-8ee5-174213fa20e5" testId="c3581613-3ea7-bafc-1db6-2207629ed207" testName="Save_GivenThatOnCreateModeAndColorAlreadyExist_ResultUnsuccessfullPopupMessage_Test" computerName="ACERSANTOS" duration="00:00:00.0091497" startTime="2014-01-09T00:34:50.3593750+08:00" endTime="2014-01-09T00:34:50.3750000+08:00" testType="13cdc9d9-ddb5-4fa4-a97d-d965ccfc6d4b" outcome="Passed" testListId="8c84fa94-04c1-424b-9868-57a2d4851a1d" relativeResultsDirectory="485d9d15-9a32-4cd4-8ee5-174213fa20e5">
    </UnitTestResult>
    <UnitTestResult executionId="e0a0f803-2148-46af-b34e-fb39ae833d4c" testId="c38ff559-aa22-cc54-6615-f34be0e8e99c" testName="SelectBySp_GivenThereIsAParameter_ReturnShouldBeInList" computerName="ACERSANTOS" duration="00:00:00.0093131" startTime="2014-01-09T00:34:50.3750000+08:00" endTime="2014-01-09T00:34:50.3906250+08:00" testType="13cdc9d9-ddb5-4fa4-a97d-d965ccfc6d4b" outcome="Passed" testListId="8c84fa94-04c1-424b-9868-57a2d4851a1d" relativeResultsDirectory="e0a0f803-2148-46af-b34e-fb39ae833d4c">
    </UnitTestResult>
    <UnitTestResult executionId="ba15d38f-fabe-460d-bf79-a80d801946e4" testId="c3976b84-0cba-9bed-120a-8301a50f4126" testName="SaveModel_GivenModelExistsValidFieldsSizeNameExistsAttachedToSameCodeQueryHasResult_ResultSuccessfull" computerName="ACERSANTOS" duration="00:00:00.0078090" startTime="2014-01-09T00:34:50.4062500+08:00" endTime="2014-01-09T00:34:50.4218750+08:00" testType="13cdc9d9-ddb5-4fa4-a97d-d965ccfc6d4b" outcome="Passed" testListId="8c84fa94-04c1-424b-9868-57a2d4851a1d" relativeResultsDirectory="ba15d38f-fabe-460d-bf79-a80d801946e4">
    </UnitTestResult>
    <UnitTestResult executionId="4f8a1877-490c-4a77-9a9b-d12def73bcbc" testId="c557895b-c36c-6624-8cf1-5e704676491c" testName="SaveOrUpdateGivenItIsProductIsNullTest" computerName="ACERSANTOS" duration="00:00:00.0095079" startTime="2014-01-09T00:34:50.4218750+08:00" endTime="2014-01-09T00:34:50.4375000+08:00" testType="13cdc9d9-ddb5-4fa4-a97d-d965ccfc6d4b" outcome="Passed" testListId="8c84fa94-04c1-424b-9868-57a2d4851a1d" relativeResultsDirectory="4f8a1877-490c-4a77-9a9b-d12def73bcbc">
    </UnitTestResult>
    <UnitTestResult executionId="501e02ec-9ab5-403d-a140-0359c8a30836" testId="c6a31f09-af16-623f-92f5-4076acccad01" testName="DeleteSelectedCategories_GivenTheUserSayYes_Test" computerName="ACERSANTOS" duration="00:00:00.0123303" startTime="2014-01-09T00:34:50.4531250+08:00" endTime="2014-01-09T00:34:50.4843750+08:00" testType="13cdc9d9-ddb5-4fa4-a97d-d965ccfc6d4b" outcome="Passed" testListId="8c84fa94-04c1-424b-9868-57a2d4851a1d" relativeResultsDirectory="501e02ec-9ab5-403d-a140-0359c8a30836">
    </UnitTestResult>
    <UnitTestResult executionId="29b74e4c-b743-49a6-800c-35414f2478de" testId="c74ed87d-c21e-843c-0ed2-5517fcd37a9b" testName="DeleteSelectedModels_GivenNoModelIsSelected_Test" computerName="ACERSANTOS" duration="00:00:00.0015331" startTime="2014-01-09T00:34:50.4843750+08:00" endTime="2014-01-09T00:34:50.5156250+08:00" testType="13cdc9d9-ddb5-4fa4-a97d-d965ccfc6d4b" outcome="Passed" testListId="8c84fa94-04c1-424b-9868-57a2d4851a1d" relativeResultsDirectory="29b74e4c-b743-49a6-800c-35414f2478de">
    </UnitTestResult>
    <UnitTestResult executionId="88bcf3dc-358b-4392-88b5-c692a57a70f6" testId="c8e98fc7-d6b8-a9d4-0da0-e0d0487b47d2" testName="SelectByPrimaryId_GivenTheId_Exists_ShouldReturnOneObjectTest" computerName="ACERSANTOS" duration="00:00:00.0035163" startTime="2014-01-09T00:34:50.5156250+08:00" endTime="2014-01-09T00:34:50.5312500+08:00" testType="13cdc9d9-ddb5-4fa4-a97d-d965ccfc6d4b" outcome="Passed" testListId="8c84fa94-04c1-424b-9868-57a2d4851a1d" relativeResultsDirectory="88bcf3dc-358b-4392-88b5-c692a57a70f6">
    </UnitTestResult>
    <UnitTestResult executionId="c6432043-b806-4794-a6f5-3b2a1ced6401" testId="c96a23c4-7149-5feb-e6c2-9f64455f0f9f" testName="LoadCost_Given_Washing_Is_Given_Test" computerName="ACERSANTOS" duration="00:00:00.0070268" startTime="2014-01-09T00:34:50.5312500+08:00" endTime="2014-01-09T00:34:50.5625000+08:00" testType="13cdc9d9-ddb5-4fa4-a97d-d965ccfc6d4b" outcome="Passed" testListId="8c84fa94-04c1-424b-9868-57a2d4851a1d" relativeResultsDirectory="c6432043-b806-4794-a6f5-3b2a1ced6401">
    </UnitTestResult>
    <UnitTestResult executionId="49a428e2-3b8f-4706-8bee-83a1dbccc33b" testId="c9aee37a-3e40-c31d-001f-3b0ad1a258af" testName="SelectByUserName_GivenUserNameIsValid_ReturnActualUser" computerName="ACERSANTOS" duration="00:00:00.0039058" startTime="2014-01-09T00:34:50.5625000+08:00" endTime="2014-01-09T00:34:50.5625000+08:00" testType="13cdc9d9-ddb5-4fa4-a97d-d965ccfc6d4b" outcome="Passed" testListId="8c84fa94-04c1-424b-9868-57a2d4851a1d" relativeResultsDirectory="49a428e2-3b8f-4706-8bee-83a1dbccc33b">
    </UnitTestResult>
    <UnitTestResult executionId="8d9e0d6a-930a-4de9-b802-c725d01d3caf" testId="c9c7e053-a4e5-6291-200c-c44a2aeeebfb" testName="SaveOrUpdate" computerName="ACERSANTOS" duration="00:00:00.0067139" startTime="2014-01-09T00:34:50.5781250+08:00" endTime="2014-01-09T00:34:50.5937500+08:00" testType="13cdc9d9-ddb5-4fa4-a97d-d965ccfc6d4b" outcome="Passed" testListId="8c84fa94-04c1-424b-9868-57a2d4851a1d" relativeResultsDirectory="8d9e0d6a-930a-4de9-b802-c725d01d3caf">
    </UnitTestResult>
    <UnitTestResult executionId="747b8181-d225-46cc-9390-bb68c9df6ad5" testId="cb0d2037-228e-29e8-4b36-efc0b03f4ffb" testName="SaveDelivery_When_Exception" computerName="ACERSANTOS" duration="00:00:00.0111522" startTime="2014-01-09T00:34:50.5937500+08:00" endTime="2014-01-09T00:34:50.6250000+08:00" testType="13cdc9d9-ddb5-4fa4-a97d-d965ccfc6d4b" outcome="Passed" testListId="8c84fa94-04c1-424b-9868-57a2d4851a1d" relativeResultsDirectory="747b8181-d225-46cc-9390-bb68c9df6ad5">
    </UnitTestResult>
    <UnitTestResult executionId="b2f1f5a0-9bb8-489e-9ff3-1471d0604c11" testId="cba36912-cd40-6ace-d587-33fa675a7d0a" testName="SelectByPrimaryId_GivenTheId_Exists_ShouldReturnOneObjectTest" computerName="ACERSANTOS" duration="00:00:00.0040873" startTime="2014-01-09T00:34:50.6250000+08:00" endTime="2014-01-09T00:34:50.6406250+08:00" testType="13cdc9d9-ddb5-4fa4-a97d-d965ccfc6d4b" outcome="Passed" testListId="8c84fa94-04c1-424b-9868-57a2d4851a1d" relativeResultsDirectory="b2f1f5a0-9bb8-489e-9ff3-1471d0604c11">
    </UnitTestResult>
    <UnitTestResult executionId="dc61a35e-e341-443b-a80f-19de5ec79058" testId="cc04b73d-f5fc-188d-6b3c-483c5bd10d19" testName="SelectByBarcodeTest" computerName="ACERSANTOS" duration="00:00:00.0138671" startTime="2014-01-09T00:34:50.6406250+08:00" endTime="2014-01-09T00:34:50.6718750+08:00" testType="13cdc9d9-ddb5-4fa4-a97d-d965ccfc6d4b" outcome="Passed" testListId="8c84fa94-04c1-424b-9868-57a2d4851a1d" relativeResultsDirectory="dc61a35e-e341-443b-a80f-19de5ec79058">
    </UnitTestResult>
    <UnitTestResult executionId="6db3b9af-e815-4650-9cbf-cbac31b2546d" testId="cc497315-0e0f-da31-785d-e872c7d04ce1" testName="DisableOrEnableSaveDeliveryButton_GivenAllInputsIsValid_Test" computerName="ACERSANTOS" duration="00:00:00.0066335" startTime="2014-01-09T00:34:50.6718750+08:00" endTime="2014-01-09T00:34:50.6875000+08:00" testType="13cdc9d9-ddb5-4fa4-a97d-d965ccfc6d4b" outcome="Passed" testListId="8c84fa94-04c1-424b-9868-57a2d4851a1d" relativeResultsDirectory="6db3b9af-e815-4650-9cbf-cbac31b2546d">
    </UnitTestResult>
    <UnitTestResult executionId="4f58e0c9-29a5-48c1-9221-867ee573936b" testId="ccf1d8fd-6364-029c-2047-b39fe5f42649" testName="InitialLoad_EditMode_Test" computerName="ACERSANTOS" duration="00:00:00.0264729" startTime="2014-01-09T00:34:50.7031250+08:00" endTime="2014-01-09T00:34:50.7343750+08:00" testType="13cdc9d9-ddb5-4fa4-a97d-d965ccfc6d4b" outcome="Passed" testListId="8c84fa94-04c1-424b-9868-57a2d4851a1d" relativeResultsDirectory="4f58e0c9-29a5-48c1-9221-867ee573936b">
    </UnitTestResult>
    <UnitTestResult executionId="ef530bf5-0000-4465-b70a-15879552b3df" testId="cef28fb0-2b1b-cc42-8a52-356dfc6a1d9d" testName="LoadAll_GivenAllAreSelected_Test" computerName="ACERSANTOS" duration="00:00:00.0040172" startTime="2014-01-09T00:34:50.8437500+08:00" endTime="2014-01-09T00:34:50.8593750+08:00" testType="13cdc9d9-ddb5-4fa4-a97d-d965ccfc6d4b" outcome="Passed" testListId="8c84fa94-04c1-424b-9868-57a2d4851a1d" relativeResultsDirectory="ef530bf5-0000-4465-b70a-15879552b3df">
    </UnitTestResult>
    <UnitTestResult executionId="c079a2aa-f87a-4363-9de5-e45e719c271d" testId="cfceec20-fceb-2b80-9704-9b44d5752d44" testName="LogIn_GivenUserHasInCorrectCredentials_ReturnUserModelObjectWhichIsNull" computerName="ACERSANTOS" duration="00:00:00.0038286" startTime="2014-01-09T00:34:50.8593750+08:00" endTime="2014-01-09T00:34:50.8750000+08:00" testType="13cdc9d9-ddb5-4fa4-a97d-d965ccfc6d4b" outcome="Passed" testListId="8c84fa94-04c1-424b-9868-57a2d4851a1d" relativeResultsDirectory="c079a2aa-f87a-4363-9de5-e45e719c271d">
    </UnitTestResult>
    <UnitTestResult executionId="f0f13959-bcef-4258-8209-fe7467cda426" testId="cfd73a2f-2089-bc77-de68-2eabe8bebc4e" testName="BuildDeliveryDetails_Issue_002_Test" computerName="ACERSANTOS" duration="00:00:00.0032995" startTime="2014-01-09T00:34:50.8750000+08:00" endTime="2014-01-09T00:34:50.8750000+08:00" testType="13cdc9d9-ddb5-4fa4-a97d-d965ccfc6d4b" outcome="Passed" testListId="8c84fa94-04c1-424b-9868-57a2d4851a1d" relativeResultsDirectory="f0f13959-bcef-4258-8209-fe7467cda426">
    </UnitTestResult>
    <UnitTestResult executionId="d0babbf2-4e4d-4b3e-807a-8b68f6057ccb" testId="d07ea7f2-0ba1-3755-edbb-5a01a7442d68" testName="Save_GivenDescriptionExceedTheMaximumLength_Test" computerName="ACERSANTOS" duration="00:00:00.0049034" startTime="2014-01-09T00:34:50.8906250+08:00" endTime="2014-01-09T00:34:50.8906250+08:00" testType="13cdc9d9-ddb5-4fa4-a97d-d965ccfc6d4b" outcome="Passed" testListId="8c84fa94-04c1-424b-9868-57a2d4851a1d" relativeResultsDirectory="d0babbf2-4e4d-4b3e-807a-8b68f6057ccb">
    </UnitTestResult>
    <UnitTestResult executionId="6ef9df8b-4cdb-4d90-8311-0405dcd766d6" testId="d0d75e97-a3ad-e770-d99c-e7793cdaaf16" testName="LoadCategories_GivenAllCategories_Test" computerName="ACERSANTOS" duration="00:00:00.0035839" startTime="2014-01-09T00:34:50.9062500+08:00" endTime="2014-01-09T00:34:50.9062500+08:00" testType="13cdc9d9-ddb5-4fa4-a97d-d965ccfc6d4b" outcome="Passed" testListId="8c84fa94-04c1-424b-9868-57a2d4851a1d" relativeResultsDirectory="6ef9df8b-4cdb-4d90-8311-0405dcd766d6">
    </UnitTestResult>
    <UnitTestResult executionId="70c55009-f399-428a-8323-1edceb5560a1" testId="d1234bf1-5caa-bc00-2a86-e1d1c42d393d" testName="LoadAllWashings_Test" computerName="ACERSANTOS" duration="00:00:00.0037582" startTime="2014-01-09T00:34:50.9218750+08:00" endTime="2014-01-09T00:34:50.9218750+08:00" testType="13cdc9d9-ddb5-4fa4-a97d-d965ccfc6d4b" outcome="Passed" testListId="8c84fa94-04c1-424b-9868-57a2d4851a1d" relativeResultsDirectory="70c55009-f399-428a-8323-1edceb5560a1">
    </UnitTestResult>
    <UnitTestResult executionId="6539a74d-9965-44ce-8ead-6058fa09f4d1" testId="d287e19e-aeee-0bd4-d732-0ee2351a7e8c" testName="SaveDelivery_Test" computerName="ACERSANTOS" duration="00:00:00.0129851" startTime="2014-01-09T00:34:50.9375000+08:00" endTime="2014-01-09T00:34:50.9531250+08:00" testType="13cdc9d9-ddb5-4fa4-a97d-d965ccfc6d4b" outcome="Passed" testListId="8c84fa94-04c1-424b-9868-57a2d4851a1d" relativeResultsDirectory="6539a74d-9965-44ce-8ead-6058fa09f4d1">
    </UnitTestResult>
    <UnitTestResult executionId="37bd2f1e-4c39-41c9-9af6-d408e161b51b" testId="d2fe96e8-062c-ce5e-150f-1ccc703033b3" testName="SelectByStockNumberTest" computerName="ACERSANTOS" duration="00:00:00.0115972" startTime="2014-01-09T00:34:50.9531250+08:00" endTime="2014-01-09T00:34:50.9843750+08:00" testType="13cdc9d9-ddb5-4fa4-a97d-d965ccfc6d4b" outcome="Passed" testListId="8c84fa94-04c1-424b-9868-57a2d4851a1d" relativeResultsDirectory="37bd2f1e-4c39-41c9-9af6-d408e161b51b">
    </UnitTestResult>
    <UnitTestResult executionId="c12fd997-1a81-4143-baaa-b7350bd33ecd" testId="d4371ab4-4581-fe2f-5f25-170497c8a690" testName="SwitchSearchMode_GivenFalse_Test" computerName="ACERSANTOS" duration="00:00:00.0045762" startTime="2014-01-09T00:34:50.9843750+08:00" endTime="2014-01-09T00:34:50.9843750+08:00" testType="13cdc9d9-ddb5-4fa4-a97d-d965ccfc6d4b" outcome="Passed" testListId="8c84fa94-04c1-424b-9868-57a2d4851a1d" relativeResultsDirectory="c12fd997-1a81-4143-baaa-b7350bd33ecd">
    </UnitTestResult>
    <UnitTestResult executionId="4445c7f1-f12f-4d2c-8900-4f404ecc141f" testId="d5011e66-7472-792e-b5eb-e23aac6828ff" testName="SelectBySp_GivenThereIsNoParameter_ReturnShouldBeInList" computerName="ACERSANTOS" duration="00:00:00.0083591" startTime="2014-01-09T00:34:51.0000000+08:00" endTime="2014-01-09T00:34:51.0156250+08:00" testType="13cdc9d9-ddb5-4fa4-a97d-d965ccfc6d4b" outcome="Passed" testListId="8c84fa94-04c1-424b-9868-57a2d4851a1d" relativeResultsDirectory="4445c7f1-f12f-4d2c-8900-4f404ecc141f">
    </UnitTestResult>
    <UnitTestResult executionId="a55ae362-871b-4d72-89fe-7bc1f7b5753f" testId="d6ba2605-b78b-2dbd-242d-a688bc0d5d21" testName="SaveModel_GivenModelIsNewValidFieldsWashingCodeAndNameNotExistsQueryHasNoResult_ResultSuccessfull" computerName="ACERSANTOS" duration="00:00:00.0066231" startTime="2014-01-09T00:34:51.0156250+08:00" endTime="2014-01-09T00:34:51.0312500+08:00" testType="13cdc9d9-ddb5-4fa4-a97d-d965ccfc6d4b" outcome="Passed" testListId="8c84fa94-04c1-424b-9868-57a2d4851a1d" relativeResultsDirectory="a55ae362-871b-4d72-89fe-7bc1f7b5753f">
    </UnitTestResult>
    <UnitTestResult executionId="9e59cf01-a526-42f6-add9-ffa93920eddd" testId="d6c79607-eac7-8700-9580-338d0db8cbad" testName="SaveCategory_GivenTheNameExistsOnSameIdUpdate_ResultSuccessfull" computerName="ACERSANTOS" duration="00:00:00.0046776" startTime="2014-01-09T00:34:51.0312500+08:00" endTime="2014-01-09T00:34:51.0468750+08:00" testType="13cdc9d9-ddb5-4fa4-a97d-d965ccfc6d4b" outcome="Passed" testListId="8c84fa94-04c1-424b-9868-57a2d4851a1d" relativeResultsDirectory="9e59cf01-a526-42f6-add9-ffa93920eddd">
    </UnitTestResult>
    <UnitTestResult executionId="805e35c5-6f2d-48b3-8747-6e218dd6c14e" testId="d90c8886-e84d-fb76-05b4-0f5e32daee6c" testName="AddModel_Test" computerName="ACERSANTOS" duration="00:00:00.0019432" startTime="2014-01-09T00:34:51.0468750+08:00" endTime="2014-01-09T00:34:51.0468750+08:00" testType="13cdc9d9-ddb5-4fa4-a97d-d965ccfc6d4b" outcome="Passed" testListId="8c84fa94-04c1-424b-9868-57a2d4851a1d" relativeResultsDirectory="805e35c5-6f2d-48b3-8747-6e218dd6c14e">
    </UnitTestResult>
    <UnitTestResult executionId="b420bbd3-c6ed-40c0-b4b9-a775a4bdcf5c" testId="d9de7a0e-b476-721e-1ad3-17f7ad46f19c" testName="LoadSelectedProductProductDetailTest" computerName="ACERSANTOS" duration="00:00:00.0071989" startTime="2014-01-09T00:34:51.0625000+08:00" endTime="2014-01-09T00:34:51.0781250+08:00" testType="13cdc9d9-ddb5-4fa4-a97d-d965ccfc6d4b" outcome="Passed" testListId="8c84fa94-04c1-424b-9868-57a2d4851a1d" relativeResultsDirectory="b420bbd3-c6ed-40c0-b4b9-a775a4bdcf5c">
    </UnitTestResult>
    <UnitTestResult executionId="68df90b9-8c48-4b2e-9de0-7a8644b0584b" testId="db04381d-9eba-9777-cc16-6508ab5fd323" testName="BuildDeliveryDetailsPanelTest" computerName="ACERSANTOS" duration="00:00:00.0029512" startTime="2014-01-09T00:34:51.0781250+08:00" endTime="2014-01-09T00:34:51.0781250+08:00" testType="13cdc9d9-ddb5-4fa4-a97d-d965ccfc6d4b" outcome="Passed" testListId="8c84fa94-04c1-424b-9868-57a2d4851a1d" relativeResultsDirectory="68df90b9-8c48-4b2e-9de0-7a8644b0584b">
    </UnitTestResult>
    <UnitTestResult executionId="6a453e1b-3b7e-4fed-aeb6-039e2aa62267" testId="db13dadd-4ea7-c3ef-cea0-82bd85486e09" testName="Save_GivenProduct_IsNew_And_None_And_Valid_Exists_Test" computerName="ACERSANTOS" duration="00:00:00.0037655" startTime="2014-01-09T00:34:51.0937500+08:00" endTime="2014-01-09T00:34:51.0937500+08:00" testType="13cdc9d9-ddb5-4fa4-a97d-d965ccfc6d4b" outcome="Passed" testListId="8c84fa94-04c1-424b-9868-57a2d4851a1d" relativeResultsDirectory="6a453e1b-3b7e-4fed-aeb6-039e2aa62267">
    </UnitTestResult>
    <UnitTestResult executionId="13f59be8-910d-49fc-861d-e00d5cff1307" testId="db8ae9f9-5df8-b0a0-0491-27533efc01dd" testName="SelectByPrimaryKey_GivenPrimaryKey_ReturnShouldNotBeNull" computerName="ACERSANTOS" duration="00:00:00.0057331" startTime="2014-01-09T00:34:51.1093750+08:00" endTime="2014-01-09T00:34:51.1250000+08:00" testType="13cdc9d9-ddb5-4fa4-a97d-d965ccfc6d4b" outcome="Passed" testListId="8c84fa94-04c1-424b-9868-57a2d4851a1d" relativeResultsDirectory="13f59be8-910d-49fc-861d-e00d5cff1307">
    </UnitTestResult>
    <UnitTestResult executionId="0bbfa9d7-3bd3-4f91-bb2d-7afa98359af8" testId="dbcfde09-38cd-91e4-b28e-e13cd6184e1f" testName="Keypress_InCompleteColor_Result_False" computerName="ACERSANTOS" duration="00:00:00.0027257" startTime="2014-01-09T00:34:51.1250000+08:00" endTime="2014-01-09T00:34:51.1406250+08:00" testType="13cdc9d9-ddb5-4fa4-a97d-d965ccfc6d4b" outcome="Passed" testListId="8c84fa94-04c1-424b-9868-57a2d4851a1d" relativeResultsDirectory="0bbfa9d7-3bd3-4f91-bb2d-7afa98359af8">
    </UnitTestResult>
    <UnitTestResult executionId="3fc1ee5e-7904-446a-91d6-3b39e6965a78" testId="dbda505f-e172-ab0c-34e1-f26ede80da38" testName="SelectByPrimaryId_GivenTheId_Exists_ShouldReturnOneObjectTest" computerName="ACERSANTOS" duration="00:00:00.0033417" startTime="2014-01-09T00:34:51.1406250+08:00" endTime="2014-01-09T00:34:51.1406250+08:00" testType="13cdc9d9-ddb5-4fa4-a97d-d965ccfc6d4b" outcome="Passed" testListId="8c84fa94-04c1-424b-9868-57a2d4851a1d" relativeResultsDirectory="3fc1ee5e-7904-446a-91d6-3b39e6965a78">
    </UnitTestResult>
    <UnitTestResult executionId="6749e1a6-65f2-4e6a-9fde-e397b0c455b5" testId="dc5fcc51-28b7-c825-af7e-1f9e6127efbe" testName="SelectBySp_GivenThereIsAParameter_ReturnShouldBeInList" computerName="ACERSANTOS" duration="00:00:00.0060136" startTime="2014-01-09T00:34:51.1562500+08:00" endTime="2014-01-09T00:34:51.1718750+08:00" testType="13cdc9d9-ddb5-4fa4-a97d-d965ccfc6d4b" outcome="Passed" testListId="8c84fa94-04c1-424b-9868-57a2d4851a1d" relativeResultsDirectory="6749e1a6-65f2-4e6a-9fde-e397b0c455b5">
    </UnitTestResult>
    <UnitTestResult executionId="36f1de33-d709-4557-a8a5-d8914c1c1051" testId="dd88d382-a029-26c8-5280-fb736f8309c7" testName="LoadAllProductDetailsTest" computerName="ACERSANTOS" duration="00:00:00.0088868" startTime="2014-01-09T00:34:51.1718750+08:00" endTime="2014-01-09T00:34:51.1875000+08:00" testType="13cdc9d9-ddb5-4fa4-a97d-d965ccfc6d4b" outcome="Passed" testListId="8c84fa94-04c1-424b-9868-57a2d4851a1d" relativeResultsDirectory="36f1de33-d709-4557-a8a5-d8914c1c1051">
    </UnitTestResult>
    <UnitTestResult executionId="5db18b9d-c7f3-410e-98e7-27afa5487960" testId="ddc0208e-779b-b9dd-07ce-1509dca49764" testName="Delete_Test" computerName="ACERSANTOS" duration="00:00:00.0035289" startTime="2014-01-09T00:34:51.1875000+08:00" endTime="2014-01-09T00:34:51.2031250+08:00" testType="13cdc9d9-ddb5-4fa4-a97d-d965ccfc6d4b" outcome="Passed" testListId="8c84fa94-04c1-424b-9868-57a2d4851a1d" relativeResultsDirectory="5db18b9d-c7f3-410e-98e7-27afa5487960">
    </UnitTestResult>
    <UnitTestResult executionId="4a563ce6-1db4-47d2-a9d2-93647eb4a8c6" testId="de759343-c7c6-bbee-9117-2c928908f8a2" testName="ValidationError_GivenAddressExceedsTheLimit_Test" computerName="ACERSANTOS" duration="00:00:00.0081837" startTime="2014-01-09T00:34:51.2031250+08:00" endTime="2014-01-09T00:34:51.2187500+08:00" testType="13cdc9d9-ddb5-4fa4-a97d-d965ccfc6d4b" outcome="Passed" testListId="8c84fa94-04c1-424b-9868-57a2d4851a1d" relativeResultsDirectory="4a563ce6-1db4-47d2-a9d2-93647eb4a8c6">
    </UnitTestResult>
    <UnitTestResult executionId="1ba75a17-f4f4-469e-a45f-497a47f7007c" testId="de9ee996-0d61-7e10-533b-3e3d6a5437a6" testName="Validate_GivenTheNameAlreadyExistsFromDifferentIdCategoryAlreadyExistsAndMaxLengthNotExceedsTheLimit_ShouldReturnFalse" computerName="ACERSANTOS" duration="00:00:00.0089994" startTime="2014-01-09T00:34:51.2343750+08:00" endTime="2014-01-09T00:34:51.2500000+08:00" testType="13cdc9d9-ddb5-4fa4-a97d-d965ccfc6d4b" outcome="Passed" testListId="8c84fa94-04c1-424b-9868-57a2d4851a1d" relativeResultsDirectory="1ba75a17-f4f4-469e-a45f-497a47f7007c">
    </UnitTestResult>
    <UnitTestResult executionId="c6fa4770-d594-4b1b-bbc3-5f97d2b3d73d" testId="df60373e-2f5f-7715-e0bb-4ebb3d1c03fd" testName="Save_GivenBarcodeNotExists_ReturnOldInstance_Successfull_Test" computerName="ACERSANTOS" duration="00:00:00.0043298" startTime="2014-01-09T00:34:51.2500000+08:00" endTime="2014-01-09T00:34:51.2656250+08:00" testType="13cdc9d9-ddb5-4fa4-a97d-d965ccfc6d4b" outcome="Passed" testListId="8c84fa94-04c1-424b-9868-57a2d4851a1d" relativeResultsDirectory="c6fa4770-d594-4b1b-bbc3-5f97d2b3d73d">
    </UnitTestResult>
    <UnitTestResult executionId="c8a67975-266f-4bc9-90ae-0cd139b3e9fa" testId="df802102-d237-e330-6248-958a6a0aa8b9" testName="Keypress_GivenThatNameHasLengthCodeHasNoLength_ShouldReturnTrue_Test" computerName="ACERSANTOS" duration="00:00:00.0031562" startTime="2014-01-09T00:34:51.2656250+08:00" endTime="2014-01-09T00:34:51.2656250+08:00" testType="13cdc9d9-ddb5-4fa4-a97d-d965ccfc6d4b" outcome="Passed" testListId="8c84fa94-04c1-424b-9868-57a2d4851a1d" relativeResultsDirectory="c8a67975-266f-4bc9-90ae-0cd139b3e9fa">
    </UnitTestResult>
    <UnitTestResult executionId="fc21266c-c7ca-4f9f-bcf7-6abbb1ba045a" testId="e0bd1a5e-b53c-ba27-af82-db933039b2c8" testName="SaveDeliveryDetail_Given_ItemIsDamageAndOthers_Test" computerName="ACERSANTOS" duration="00:00:00.0171312" startTime="2014-01-09T00:34:51.2812500+08:00" endTime="2014-01-09T00:34:51.2968750+08:00" testType="13cdc9d9-ddb5-4fa4-a97d-d965ccfc6d4b" outcome="Passed" testListId="8c84fa94-04c1-424b-9868-57a2d4851a1d" relativeResultsDirectory="fc21266c-c7ca-4f9f-bcf7-6abbb1ba045a">
    </UnitTestResult>
    <UnitTestResult executionId="7d2338df-8af6-4cff-b137-0e292d9a7748" testId="e0eee60b-7289-30a4-0164-a2e81c253a57" testName="OnSelectedSearchMode_SupplierIsNotEmpty_Test" computerName="ACERSANTOS" duration="00:00:00.0024880" startTime="2014-01-09T00:34:51.2968750+08:00" endTime="2014-01-09T00:34:51.3125000+08:00" testType="13cdc9d9-ddb5-4fa4-a97d-d965ccfc6d4b" outcome="Passed" testListId="8c84fa94-04c1-424b-9868-57a2d4851a1d" relativeResultsDirectory="7d2338df-8af6-4cff-b137-0e292d9a7748">
    </UnitTestResult>
    <UnitTestResult executionId="550f0159-96f3-4bea-8a70-2042892ebb8d" testId="e17f3ff1-c52b-7bb6-8863-340e946e73c7" testName="LoadModel_GivenTheModelIsNotNull" computerName="ACERSANTOS" duration="00:00:00.0038281" startTime="2014-01-09T00:34:51.3125000+08:00" endTime="2014-01-09T00:34:51.3281250+08:00" testType="13cdc9d9-ddb5-4fa4-a97d-d965ccfc6d4b" outcome="Passed" testListId="8c84fa94-04c1-424b-9868-57a2d4851a1d" relativeResultsDirectory="550f0159-96f3-4bea-8a70-2042892ebb8d">
    </UnitTestResult>
    <UnitTestResult executionId="dc3e1253-45b0-41bd-85f8-c9a9a909279d" testId="e1b5b1f9-f076-f5b5-e190-3addef2b171f" testName="Keypress_GivenThatNameHasNoLengthCodeHasLength_ShouldReturnTrue_Test" computerName="ACERSANTOS" duration="00:00:00.0015714" startTime="2014-01-09T00:34:51.3281250+08:00" endTime="2014-01-09T00:34:51.3437500+08:00" testType="13cdc9d9-ddb5-4fa4-a97d-d965ccfc6d4b" outcome="Passed" testListId="8c84fa94-04c1-424b-9868-57a2d4851a1d" relativeResultsDirectory="dc3e1253-45b0-41bd-85f8-c9a9a909279d">
    </UnitTestResult>
    <UnitTestResult executionId="1745d378-c467-46df-aada-d0b81fec6565" testId="e22a67d0-4fbb-ee5b-5055-fcc602b517d4" testName="SelectByPrimaryId_GivenTheId_Exists_ShouldReturnOneObjectTest" computerName="ACERSANTOS" duration="00:00:00.0061720" startTime="2014-01-09T00:34:51.3437500+08:00" endTime="2014-01-09T00:34:51.3593750+08:00" testType="13cdc9d9-ddb5-4fa4-a97d-d965ccfc6d4b" outcome="Passed" testListId="8c84fa94-04c1-424b-9868-57a2d4851a1d" relativeResultsDirectory="1745d378-c467-46df-aada-d0b81fec6565">
    </UnitTestResult>
    <UnitTestResult executionId="7b669638-150d-449f-b92a-0ae8512d444c" testId="e22c4575-62ee-9465-eaa4-14c7f6db60be" testName="SelectByPrimaryId_Test" computerName="ACERSANTOS" duration="00:00:00.0025936" startTime="2014-01-09T00:34:51.3593750+08:00" endTime="2014-01-09T00:34:51.3750000+08:00" testType="13cdc9d9-ddb5-4fa4-a97d-d965ccfc6d4b" outcome="Passed" testListId="8c84fa94-04c1-424b-9868-57a2d4851a1d" relativeResultsDirectory="7b669638-150d-449f-b92a-0ae8512d444c">
    </UnitTestResult>
    <UnitTestResult executionId="8e497bb2-560c-4155-a466-2ca4c701e449" testId="e2757431-6e59-464c-fd75-8d4213a71012" testName="DeleteSelectedCategories_GivenTheUserSayYes_Test" computerName="ACERSANTOS" duration="00:00:00.0131388" startTime="2014-01-09T00:34:51.3750000+08:00" endTime="2014-01-09T00:34:51.3906250+08:00" testType="13cdc9d9-ddb5-4fa4-a97d-d965ccfc6d4b" outcome="Passed" testListId="8c84fa94-04c1-424b-9868-57a2d4851a1d" relativeResultsDirectory="8e497bb2-560c-4155-a466-2ca4c701e449">
    </UnitTestResult>
    <UnitTestResult executionId="0447d73f-a9be-4f84-a7d1-e0ec1babf924" testId="e289fc3f-3ffc-efa4-7e69-7ef09617ff37" testName="UniqueNameKeypress_GivenThatTextHasLength_ShouldReturnTrue_Test" computerName="ACERSANTOS" duration="00:00:00.0024961" startTime="2014-01-09T00:34:51.3906250+08:00" endTime="2014-01-09T00:34:51.4062500+08:00" testType="13cdc9d9-ddb5-4fa4-a97d-d965ccfc6d4b" outcome="Passed" testListId="8c84fa94-04c1-424b-9868-57a2d4851a1d" relativeResultsDirectory="0447d73f-a9be-4f84-a7d1-e0ec1babf924">
    </UnitTestResult>
    <UnitTestResult executionId="9eebfe91-e6dd-46e7-8109-63a8fa2e1b31" testId="e314496e-78c7-5efd-5c84-f1d7de486c6d" testName="DeleteSelectedCategories_GivenNoCategoriesIsSelected_Test" computerName="ACERSANTOS" duration="00:00:00.0016616" startTime="2014-01-09T00:34:51.4062500+08:00" endTime="2014-01-09T00:34:51.4218750+08:00" testType="13cdc9d9-ddb5-4fa4-a97d-d965ccfc6d4b" outcome="Passed" testListId="8c84fa94-04c1-424b-9868-57a2d4851a1d" relativeResultsDirectory="9eebfe91-e6dd-46e7-8109-63a8fa2e1b31">
    </UnitTestResult>
    <UnitTestResult executionId="53ae4560-4a2d-42ca-9274-bda29eca764b" testId="e32760e1-1205-d9b5-df28-fd9784a03f5b" testName="DeleteSelectedModels_GivenTheUserSayYes_Test" computerName="ACERSANTOS" duration="00:00:00.0106938" startTime="2014-01-09T00:34:51.4218750+08:00" endTime="2014-01-09T00:34:51.4375000+08:00" testType="13cdc9d9-ddb5-4fa4-a97d-d965ccfc6d4b" outcome="Passed" testListId="8c84fa94-04c1-424b-9868-57a2d4851a1d" relativeResultsDirectory="53ae4560-4a2d-42ca-9274-bda29eca764b">
    </UnitTestResult>
    <UnitTestResult executionId="9ca540e4-0cf4-441e-909f-54378686c3b6" testId="e3ab030d-a53e-313c-39e1-bfee3779d1bf" testName="Validate_GivenThatInputEqualsMaxLength_ShouldReturnTrue" computerName="ACERSANTOS" duration="00:00:00.0003832" startTime="2014-01-09T00:34:51.4531250+08:00" endTime="2014-01-09T00:34:51.4531250+08:00" testType="13cdc9d9-ddb5-4fa4-a97d-d965ccfc6d4b" outcome="Passed" testListId="8c84fa94-04c1-424b-9868-57a2d4851a1d" relativeResultsDirectory="9ca540e4-0cf4-441e-909f-54378686c3b6">
    </UnitTestResult>
    <UnitTestResult executionId="8299af72-e7ef-4945-badc-08558487d518" testId="e3c7a02d-091f-e9f3-b70a-10a58aa9b252" testName="Delete" computerName="ACERSANTOS" duration="00:00:00.0101976" startTime="2014-01-09T00:34:51.4687500+08:00" endTime="2014-01-09T00:34:51.4843750+08:00" testType="13cdc9d9-ddb5-4fa4-a97d-d965ccfc6d4b" outcome="Passed" testListId="8c84fa94-04c1-424b-9868-57a2d4851a1d" relativeResultsDirectory="8299af72-e7ef-4945-badc-08558487d518">
    </UnitTestResult>
    <UnitTestResult executionId="1816efc9-6513-42ed-a926-9299d22e3f36" testId="e44b57e1-5457-3e9a-ff44-547849a192a4" testName="MonthGeneratorTest" computerName="ACERSANTOS" duration="00:00:00.0012269" startTime="2014-01-09T00:34:51.4843750+08:00" endTime="2014-01-09T00:34:51.5000000+08:00" testType="13cdc9d9-ddb5-4fa4-a97d-d965ccfc6d4b" outcome="Passed" testListId="8c84fa94-04c1-424b-9868-57a2d4851a1d" relativeResultsDirectory="1816efc9-6513-42ed-a926-9299d22e3f36">
    </UnitTestResult>
    <UnitTestResult executionId="8ffb6a1c-6d0d-4ed4-a294-9926712b3184" testId="e8a4fef0-f85e-08ed-0618-0d3ad355d41f" testName="Keypress_InCompleteSize_Result_False" computerName="ACERSANTOS" duration="00:00:00.0022840" startTime="2014-01-09T00:34:51.5000000+08:00" endTime="2014-01-09T00:34:51.5156250+08:00" testType="13cdc9d9-ddb5-4fa4-a97d-d965ccfc6d4b" outcome="Passed" testListId="8c84fa94-04c1-424b-9868-57a2d4851a1d" relativeResultsDirectory="8ffb6a1c-6d0d-4ed4-a294-9926712b3184">
    </UnitTestResult>
    <UnitTestResult executionId="0a41c700-3988-4130-9da8-1df3f7e86a00" testId="e9131190-c6e2-db53-df32-d699924932da" testName="AddModel_Test" computerName="ACERSANTOS" duration="00:00:00.0020421" startTime="2014-01-09T00:34:51.5312500+08:00" endTime="2014-01-09T00:34:51.5468750+08:00" testType="13cdc9d9-ddb5-4fa4-a97d-d965ccfc6d4b" outcome="Passed" testListId="8c84fa94-04c1-424b-9868-57a2d4851a1d" relativeResultsDirectory="0a41c700-3988-4130-9da8-1df3f7e86a00">
    </UnitTestResult>
    <UnitTestResult executionId="9b7caa30-e488-4c58-9e5b-7bd23ffebf2c" testId="e9237481-ec84-2cfa-48f8-0eba70a6226c" testName="LoadSize_GivenTheSizeIsNotNull" computerName="ACERSANTOS" duration="00:00:00.0070461" startTime="2014-01-09T00:34:51.5468750+08:00" endTime="2014-01-09T00:34:51.5625000+08:00" testType="13cdc9d9-ddb5-4fa4-a97d-d965ccfc6d4b" outcome="Passed" testListId="8c84fa94-04c1-424b-9868-57a2d4851a1d" relativeResultsDirectory="9b7caa30-e488-4c58-9e5b-7bd23ffebf2c">
    </UnitTestResult>
    <UnitTestResult executionId="7c745403-ce29-45de-aae9-0e22e50aca36" testId="e965ac05-7bc0-fd9b-1a98-68a36a7e209f" testName="SaveOrUpdateGivenItIsNewTest" computerName="ACERSANTOS" duration="00:00:00.0088645" startTime="2014-01-09T00:34:51.5625000+08:00" endTime="2014-01-09T00:34:51.5781250+08:00" testType="13cdc9d9-ddb5-4fa4-a97d-d965ccfc6d4b" outcome="Passed" testListId="8c84fa94-04c1-424b-9868-57a2d4851a1d" relativeResultsDirectory="7c745403-ce29-45de-aae9-0e22e50aca36">
    </UnitTestResult>
    <UnitTestResult executionId="e8c71a7b-c06b-4364-b10d-0f966a2ee9c3" testId="ebbdc9bb-da76-35cf-0363-cf7ec4965176" testName="SaveSupplier_GivenThanNameNotExistsSupplierAlreadyExists_ResultSuccessfullPopUpMessage_Test" computerName="ACERSANTOS" duration="00:00:00.0063139" startTime="2014-01-09T00:34:51.5781250+08:00" endTime="2014-01-09T00:34:51.5937500+08:00" testType="13cdc9d9-ddb5-4fa4-a97d-d965ccfc6d4b" outcome="Passed" testListId="8c84fa94-04c1-424b-9868-57a2d4851a1d" relativeResultsDirectory="e8c71a7b-c06b-4364-b10d-0f966a2ee9c3">
    </UnitTestResult>
    <UnitTestResult executionId="0d69f394-e877-441c-958c-0cae1b68eaeb" testId="ec42ef37-e34f-1c1a-71dd-2c376f1dc2ec" testName="UniqueNameKeypress_GivenThatTextHasLength_ShouldReturnTrue_Test" computerName="ACERSANTOS" duration="00:00:00.0018804" startTime="2014-01-09T00:34:51.5937500+08:00" endTime="2014-01-09T00:34:51.6093750+08:00" testType="13cdc9d9-ddb5-4fa4-a97d-d965ccfc6d4b" outcome="Passed" testListId="8c84fa94-04c1-424b-9868-57a2d4851a1d" relativeResultsDirectory="0d69f394-e877-441c-958c-0cae1b68eaeb">
    </UnitTestResult>
    <UnitTestResult executionId="d277fdec-4733-489b-9738-97de76382571" testId="ec6ba0e5-08d7-cc71-515b-b96a4a657f77" testName="SaveModel_GivenModelExistsValidFieldsUserNameAlreadyExistsQueryHasResult_ResultSuccessfull" computerName="ACERSANTOS" duration="00:00:00.0067581" startTime="2014-01-09T00:34:51.6093750+08:00" endTime="2014-01-09T00:34:51.6250000+08:00" testType="13cdc9d9-ddb5-4fa4-a97d-d965ccfc6d4b" outcome="Passed" testListId="8c84fa94-04c1-424b-9868-57a2d4851a1d" relativeResultsDirectory="d277fdec-4733-489b-9738-97de76382571">
    </UnitTestResult>
    <UnitTestResult executionId="4095d6d3-872d-4620-9059-ba62d51a78b3" testId="ec88895d-a8f6-c0a7-411a-1946c81ec89a" testName="SelectByPrimaryKey_GivenPrimaryKey_ReturnShouldNotBeNull" computerName="ACERSANTOS" duration="00:00:00.0068011" startTime="2014-01-09T00:34:51.6250000+08:00" endTime="2014-01-09T00:34:51.6406250+08:00" testType="13cdc9d9-ddb5-4fa4-a97d-d965ccfc6d4b" outcome="Passed" testListId="8c84fa94-04c1-424b-9868-57a2d4851a1d" relativeResultsDirectory="4095d6d3-872d-4620-9059-ba62d51a78b3">
    </UnitTestResult>
    <UnitTestResult executionId="5258507c-05bd-4a53-8c29-bfc8d861e724" testId="ef1f1ccd-eec8-7c2a-dc70-18bd9a745745" testName="UniqueNameKeypress_GivenThatTextHasNoLength_ShouldReturnTrue_Test" computerName="ACERSANTOS" duration="00:00:00.0016739" startTime="2014-01-09T00:34:51.6406250+08:00" endTime="2014-01-09T00:34:51.6562500+08:00" testType="13cdc9d9-ddb5-4fa4-a97d-d965ccfc6d4b" outcome="Passed" testListId="8c84fa94-04c1-424b-9868-57a2d4851a1d" relativeResultsDirectory="5258507c-05bd-4a53-8c29-bfc8d861e724">
    </UnitTestResult>
    <UnitTestResult executionId="8dccba7b-6793-40e7-89cc-11ff45099e2e" testId="ef70b526-178e-f567-ca7f-9568174f14e2" testName="SelectByPrimaryKey_GivenPrimaryKey_ReturnShouldNotBeNull" computerName="ACERSANTOS" duration="00:00:00.0035820" startTime="2014-01-09T00:34:51.6562500+08:00" endTime="2014-01-09T00:34:51.6718750+08:00" testType="13cdc9d9-ddb5-4fa4-a97d-d965ccfc6d4b" outcome="Passed" testListId="8c84fa94-04c1-424b-9868-57a2d4851a1d" relativeResultsDirectory="8dccba7b-6793-40e7-89cc-11ff45099e2e">
    </UnitTestResult>
    <UnitTestResult executionId="d73d8b58-38ae-431d-a066-d9530da6847a" testId="efbf6bac-c955-325a-d8ba-dfb3b9c8146b" testName="SaveOutlet_GivenThanNameExistsCreateNewOutlet_ResultUnSuccessfullPopUpMessage_Test" computerName="ACERSANTOS" duration="00:00:00.0062091" startTime="2014-01-09T00:34:51.6718750+08:00" endTime="2014-01-09T00:34:51.6875000+08:00" testType="13cdc9d9-ddb5-4fa4-a97d-d965ccfc6d4b" outcome="Passed" testListId="8c84fa94-04c1-424b-9868-57a2d4851a1d" relativeResultsDirectory="d73d8b58-38ae-431d-a066-d9530da6847a">
    </UnitTestResult>
    <UnitTestResult executionId="1b00bbaa-4108-4be0-8e48-edb669430066" testId="f017e773-9245-d445-5fce-b92d1ba0d7c0" testName="Delete" computerName="ACERSANTOS" duration="00:00:00.0229464" startTime="2014-01-09T00:34:51.6875000+08:00" endTime="2014-01-09T00:34:51.7656250+08:00" testType="13cdc9d9-ddb5-4fa4-a97d-d965ccfc6d4b" outcome="Passed" testListId="8c84fa94-04c1-424b-9868-57a2d4851a1d" relativeResultsDirectory="1b00bbaa-4108-4be0-8e48-edb669430066">
    </UnitTestResult>
    <UnitTestResult executionId="fe51116c-fc83-4ba7-8717-1395303d8dcf" testId="f0e1bad1-04d1-2445-cfe6-89161a86d2be" testName="AddModel_Test" computerName="ACERSANTOS" duration="00:00:00.0019276" startTime="2014-01-09T00:34:51.7656250+08:00" endTime="2014-01-09T00:34:51.7812500+08:00" testType="13cdc9d9-ddb5-4fa4-a97d-d965ccfc6d4b" outcome="Passed" testListId="8c84fa94-04c1-424b-9868-57a2d4851a1d" relativeResultsDirectory="fe51116c-fc83-4ba7-8717-1395303d8dcf">
    </UnitTestResult>
    <UnitTestResult executionId="acd6bb0e-7497-41a3-823c-466939ab893b" testId="f1117546-4a2c-021c-945b-47482d72c67c" testName="OnSelectedSearchMode_DeliveryDateAndSupplierIsEmpty_Test" computerName="ACERSANTOS" duration="00:00:00.0023542" startTime="2014-01-09T00:34:51.7812500+08:00" endTime="2014-01-09T00:34:51.7968750+08:00" testType="13cdc9d9-ddb5-4fa4-a97d-d965ccfc6d4b" outcome="Passed" testListId="8c84fa94-04c1-424b-9868-57a2d4851a1d" relativeResultsDirectory="acd6bb0e-7497-41a3-823c-466939ab893b">
    </UnitTestResult>
    <UnitTestResult executionId="c633172c-e21e-4f7c-8a7e-1d4367ab2628" testId="f18a9e94-6a3d-e388-3963-abca5be8fd91" testName="Delete_Test" computerName="ACERSANTOS" duration="00:00:00.0050380" startTime="2014-01-09T00:34:51.7968750+08:00" endTime="2014-01-09T00:34:51.8125000+08:00" testType="13cdc9d9-ddb5-4fa4-a97d-d965ccfc6d4b" outcome="Passed" testListId="8c84fa94-04c1-424b-9868-57a2d4851a1d" relativeResultsDirectory="c633172c-e21e-4f7c-8a7e-1d4367ab2628">
    </UnitTestResult>
    <UnitTestResult executionId="31593c8c-87cd-44ab-b8ba-ebe2e869388c" testId="f1c0c76f-29b9-c8dd-3419-c5e19806a8f6" testName="SaveModel_GivenModelExistsValidFieldsColorNameExistsAttachedToSameCodeQueryHasResult_ResultSuccessfull" computerName="ACERSANTOS" duration="00:00:00.0065103" startTime="2014-01-09T00:34:51.8125000+08:00" endTime="2014-01-09T00:34:51.8281250+08:00" testType="13cdc9d9-ddb5-4fa4-a97d-d965ccfc6d4b" outcome="Passed" testListId="8c84fa94-04c1-424b-9868-57a2d4851a1d" relativeResultsDirectory="31593c8c-87cd-44ab-b8ba-ebe2e869388c">
    </UnitTestResult>
    <UnitTestResult executionId="35644f2a-7e4a-43da-9e74-843f8c695e12" testId="f22b8713-03de-7d63-d19e-d4d83bff0c8a" testName="Keypress_InCompleteQuantity_Result_False" computerName="ACERSANTOS" duration="00:00:00.0044717" startTime="2014-01-09T00:34:51.8281250+08:00" endTime="2014-01-09T00:34:51.8437500+08:00" testType="13cdc9d9-ddb5-4fa4-a97d-d965ccfc6d4b" outcome="Passed" testListId="8c84fa94-04c1-424b-9868-57a2d4851a1d" relativeResultsDirectory="35644f2a-7e4a-43da-9e74-843f8c695e12">
    </UnitTestResult>
    <UnitTestResult executionId="a601b64e-c69f-43ed-9f34-23076f3739a9" testId="f3d0172a-55c7-565f-08b6-3692c40d25cb" testName="Save_GivenThanNameNotExistsCreateNewModel_ResultSuccessfullPopUpMessage_Test" computerName="ACERSANTOS" duration="00:00:00.0059432" startTime="2014-01-09T00:34:51.8437500+08:00" endTime="2014-01-09T00:34:51.8593750+08:00" testType="13cdc9d9-ddb5-4fa4-a97d-d965ccfc6d4b" outcome="Passed" testListId="8c84fa94-04c1-424b-9868-57a2d4851a1d" relativeResultsDirectory="a601b64e-c69f-43ed-9f34-23076f3739a9">
    </UnitTestResult>
    <UnitTestResult executionId="67603126-75f5-48e8-bbe9-f288252bde08" testId="f472f600-6709-da18-f733-8439950f7e2b" testName="SelectBySp_GivenThereIsNoParameter_ReturnShouldBeInList" computerName="ACERSANTOS" duration="00:00:00.0062457" startTime="2014-01-09T00:34:51.8593750+08:00" endTime="2014-01-09T00:34:51.8750000+08:00" testType="13cdc9d9-ddb5-4fa4-a97d-d965ccfc6d4b" outcome="Passed" testListId="8c84fa94-04c1-424b-9868-57a2d4851a1d" relativeResultsDirectory="67603126-75f5-48e8-bbe9-f288252bde08">
    </UnitTestResult>
    <UnitTestResult executionId="f9cacd3a-6ab0-4577-8250-0c6c48490dac" testId="f5a26ee6-6227-c30f-962f-97ef7e960054" testName="SaveSize_GivenThatCodeAndNameNotExistsCreateNewSize_ResultSuccessfullPopUpMessage_Test" computerName="ACERSANTOS" duration="00:00:00.0084041" startTime="2014-01-09T00:34:51.8750000+08:00" endTime="2014-01-09T00:34:51.8906250+08:00" testType="13cdc9d9-ddb5-4fa4-a97d-d965ccfc6d4b" outcome="Passed" testListId="8c84fa94-04c1-424b-9868-57a2d4851a1d" relativeResultsDirectory="f9cacd3a-6ab0-4577-8250-0c6c48490dac">
    </UnitTestResult>
    <UnitTestResult executionId="780314db-41f3-42d6-88a4-08df3c3f9231" testId="f616ad3b-1c96-1b93-b373-13ac9b69af60" testName="SaveOrUpdate" computerName="ACERSANTOS" duration="00:00:00.0044044" startTime="2014-01-09T00:34:51.8906250+08:00" endTime="2014-01-09T00:34:51.9218750+08:00" testType="13cdc9d9-ddb5-4fa4-a97d-d965ccfc6d4b" outcome="Passed" testListId="8c84fa94-04c1-424b-9868-57a2d4851a1d" relativeResultsDirectory="780314db-41f3-42d6-88a4-08df3c3f9231">
    </UnitTestResult>
    <UnitTestResult executionId="d7a68155-d665-44de-a48d-aaf14b496cd0" testId="f6efb228-afe7-15e3-3cf2-99c928893805" testName="SaveOrUpdate" computerName="ACERSANTOS" duration="00:00:00.0044083" startTime="2014-01-09T00:34:51.9375000+08:00" endTime="2014-01-09T00:34:51.9531250+08:00" testType="13cdc9d9-ddb5-4fa4-a97d-d965ccfc6d4b" outcome="Passed" testListId="8c84fa94-04c1-424b-9868-57a2d4851a1d" relativeResultsDirectory="d7a68155-d665-44de-a48d-aaf14b496cd0">
    </UnitTestResult>
    <UnitTestResult executionId="39e52e58-cb46-444b-87c6-abe5b88d10bf" testId="f7e6dfe7-ebf5-69b2-1960-05870dbb76e3" testName="Keypress_InCompleteWashing_Result_False" computerName="ACERSANTOS" duration="00:00:00.0040412" startTime="2014-01-09T00:34:51.9531250+08:00" endTime="2014-01-09T00:34:51.9687500+08:00" testType="13cdc9d9-ddb5-4fa4-a97d-d965ccfc6d4b" outcome="Passed" testListId="8c84fa94-04c1-424b-9868-57a2d4851a1d" relativeResultsDirectory="39e52e58-cb46-444b-87c6-abe5b88d10bf">
    </UnitTestResult>
    <UnitTestResult executionId="26b44649-8d62-40c0-8cc7-f072b1ebd18f" testId="fa84f423-ca01-788c-628b-3cf2afa736bb" testName="SaveDeliveryDetail_Test" computerName="ACERSANTOS" duration="00:00:00.0198438" startTime="2014-01-09T00:34:51.9843750+08:00" endTime="2014-01-09T00:34:52.0000000+08:00" testType="13cdc9d9-ddb5-4fa4-a97d-d965ccfc6d4b" outcome="Passed" testListId="8c84fa94-04c1-424b-9868-57a2d4851a1d" relativeResultsDirectory="26b44649-8d62-40c0-8cc7-f072b1ebd18f">
    </UnitTestResult>
    <UnitTestResult executionId="c4240535-4932-47a1-b15b-53c0d2c38a2f" testId="faed0243-f7e8-cdd9-b5b9-3933b9a315c5" testName="DisableOrEnableSaveDeliveryButton_Given_SupplierName_IsIncorrectlyInput_Test" computerName="ACERSANTOS" duration="00:00:00.0044296" startTime="2014-01-09T00:34:52.0156250+08:00" endTime="2014-01-09T00:34:52.0312500+08:00" testType="13cdc9d9-ddb5-4fa4-a97d-d965ccfc6d4b" outcome="Passed" testListId="8c84fa94-04c1-424b-9868-57a2d4851a1d" relativeResultsDirectory="c4240535-4932-47a1-b15b-53c0d2c38a2f">
    </UnitTestResult>
    <UnitTestResult executionId="edfabfc3-24ee-4ee6-a675-dbeea89f36e5" testId="faf7dc48-7a49-78c4-5c48-78894f012137" testName="Validate_GivenInNewModeTheNameNotExists_ShouldReturnTrue" computerName="ACERSANTOS" duration="00:00:00.0048453" startTime="2014-01-09T00:34:52.0312500+08:00" endTime="2014-01-09T00:34:52.0468750+08:00" testType="13cdc9d9-ddb5-4fa4-a97d-d965ccfc6d4b" outcome="Passed" testListId="8c84fa94-04c1-424b-9868-57a2d4851a1d" relativeResultsDirectory="edfabfc3-24ee-4ee6-a675-dbeea89f36e5">
    </UnitTestResult>
    <UnitTestResult executionId="f8377929-8ec5-49a2-bc8f-6ffc294af568" testId="fd3f812c-4d5f-910e-eb41-9e47697fcd83" testName="SaveOrUpdateGivenItIsNotNewAndNoChangesMadeEitherInPricesTest" computerName="ACERSANTOS" duration="00:00:00.0127655" startTime="2014-01-09T00:34:52.0625000+08:00" endTime="2014-01-09T00:34:52.0781250+08:00" testType="13cdc9d9-ddb5-4fa4-a97d-d965ccfc6d4b" outcome="Passed" testListId="8c84fa94-04c1-424b-9868-57a2d4851a1d" relativeResultsDirectory="f8377929-8ec5-49a2-bc8f-6ffc294af568">
    </UnitTestResult>
    <UnitTestResult executionId="3b2495fb-eff4-42e1-8d28-06e5561e3208" testId="fd94a609-fe90-6d48-120d-583308d09a13" testName="SelectByPrimaryId_GivenTheIdNotExists_ShouldReturnEmptyCollectionTest" computerName="ACERSANTOS" duration="00:00:00.0041860" startTime="2014-01-09T00:34:52.0781250+08:00" endTime="2014-01-09T00:34:52.0937500+08:00" testType="13cdc9d9-ddb5-4fa4-a97d-d965ccfc6d4b" outcome="Passed" testListId="8c84fa94-04c1-424b-9868-57a2d4851a1d" relativeResultsDirectory="3b2495fb-eff4-42e1-8d28-06e5561e3208">
    </UnitTestResult>
    <UnitTestResult executionId="97b7e8d8-925f-4f07-a67c-98bd3e132ac3" testId="fdf1b65b-7adb-269d-d53f-3e3867a9921f" testName="Delete" computerName="ACERSANTOS" duration="00:00:00.0059552" startTime="2014-01-09T00:34:52.0937500+08:00" endTime="2014-01-09T00:34:52.1093750+08:00" testType="13cdc9d9-ddb5-4fa4-a97d-d965ccfc6d4b" outcome="Passed" testListId="8c84fa94-04c1-424b-9868-57a2d4851a1d" relativeResultsDirectory="97b7e8d8-925f-4f07-a67c-98bd3e132ac3">
    </UnitTestResult>
    <UnitTestResult executionId="a59afc55-3c39-49d7-a777-9ce0ae04149e" testId="fe3df838-1504-9a92-05c2-2ac9faa7220c" testName="LoadWashing_GivenTheWashingIsNotNull" computerName="ACERSANTOS" duration="00:00:00.0031707" startTime="2014-01-09T00:34:52.1250000+08:00" endTime="2014-01-09T00:34:52.1250000+08:00" testType="13cdc9d9-ddb5-4fa4-a97d-d965ccfc6d4b" outcome="Passed" testListId="8c84fa94-04c1-424b-9868-57a2d4851a1d" relativeResultsDirectory="a59afc55-3c39-49d7-a777-9ce0ae04149e">
    </UnitTestResult>
    <UnitTestResult executionId="391026fc-e730-4811-a06d-501937133858" testId="fe624345-1abc-5cbc-eecf-d2bb406464f4" testName="Save_GivenCodeExceedTheMaximumLength_Test" computerName="ACERSANTOS" duration="00:00:00.0057655" startTime="2014-01-09T00:34:52.1406250+08:00" endTime="2014-01-09T00:34:52.1406250+08:00" testType="13cdc9d9-ddb5-4fa4-a97d-d965ccfc6d4b" outcome="Passed" testListId="8c84fa94-04c1-424b-9868-57a2d4851a1d" relativeResultsDirectory="391026fc-e730-4811-a06d-501937133858">
    </UnitTestResult>
  </Results>
</TestRun>