<?xml version="1.0" encoding="UTF-8"?>
<TestRun id="11ce3313-b8b2-4582-9f2e-902cb85f8d23" name="Santos@ACERSANTOS 2014-01-08 23:39:21" runUser="ACERSANTOS\Santos" xmlns="http://microsoft.com/schemas/VisualStudio/TeamTest/2010">
  <TestSettings name="Local" id="66962cd2-99c7-4af5-b1c3-3f24a3ebdd1e">
    <Description>These are default test settings for a local test run.</Description>
    <Deployment enabled="false" runDeploymentRoot="Santos_ACERSANTOS 2014-01-08 23_39_21">
      <DeploymentItem filename="E:\Projects\SGIInventory\SGInvetory\SGInventory.Interfaces\bin\Debug\SGInventory.Common.Interfaces.dll" />
      <DeploymentItem filename="E:\Projects\SGIInventory\SGInvetory\SGInventory.Business.Model\bin\Debug\SGInventory.Business.Model.dll" />
      <DeploymentItem filename="E:\Projects\SGIInventory\SGInvetory\SGInventory.Enums\bin\Debug\SGInventory.Enums.dll" />
      <DeploymentItem filename="E:\Projects\SGIInventory\SGInvetory\SGInventory.Presenter\bin\Debug\SGInventory.Presenters.dll" />
      <DeploymentItem filename="E:\Projects\SGIInventory\SGInvetory\packages\Moq.4.0.10827\lib\NET40\Moq.dll" />
      <DeploymentItem filename="E:\Projects\SGIInventory\SGInvetory\Views\bin\Debug\SGInventory.Views.dll" />
      <DeploymentItem filename="E:\Projects\SGIInventory\SGInvetory\SGInventory.Model\bin\Debug\SGInventory.Model.dll" />
      <DeploymentItem filename="E:\Projects\SGIInventory\SGInvetory\SGInventory.Test.Data\bin\Debug\SGInventory.Test.Data.dll" />
      <DeploymentItem filename="E:\Projects\SGIInventory\SGInvetory\SGInventory.Helpers\bin\Debug\SGInventory.Helpers.dll" />
    </Deployment>
    <Execution>
      <TestTypeSpecific />
      <AgentRule name="Execution Agents">
      </AgentRule>
    </Execution>
  </TestSettings>
  <Times creation="2014-01-08T23:39:21.7656250+08:00" queuing="2014-01-08T23:39:26.7968750+08:00" start="2014-01-08T23:39:27.1093750+08:00" finish="2014-01-08T23:39:28.6406250+08:00" />
  <ResultSummary outcome="Failed">
    <Counters total="2" executed="2" error="0" failed="2" timeout="0" aborted="0" inconclusive="0" passedButRunAborted="0" notRunnable="0" notExecuted="0" disconnected="0" warning="0" passed="0" completed="0" inProgress="0" pending="0" />
  </ResultSummary>
  <TestDefinitions>
    <UnitTest name="ScannerResponseOkTest" storage="e:\projects\sgiinventory\sginvetory\sginventory.presenters.test\bin\debug\sginventory.presenters.test.dll" id="252088c8-e5fa-6ee6-59ad-76481223e49b">
      <Execution id="f0b943f4-8e7d-4ad5-bfcf-8c3470597fc2" />
      <TestMethod codeBase="E:/Projects/SGIInventory/SGInvetory/SGInventory.Presenters.Test/bin/Debug/SGInventory.Presenters.Test.DLL" adapterTypeName="Microsoft.VisualStudio.TestTools.TestTypes.Unit.UnitTestAdapter, Microsoft.VisualStudio.QualityTools.Tips.UnitTest.Adapter, Version=10.0.0.0, Culture=neutral, PublicKeyToken=b03f5f7f11d50a3a" className="SGInventory.Presenters.Test.ScannerPresenterTest, SGInventory.Presenters.Test, Version=1.0.0.0, Culture=neutral, PublicKeyToken=null" name="ScannerResponseOkTest" />
    </UnitTest>
    <UnitTest name="ScannerResponseNotOkTest" storage="e:\projects\sgiinventory\sginvetory\sginventory.presenters.test\bin\debug\sginventory.presenters.test.dll" id="b32a286d-447c-44f2-f0e5-3665f3adba00">
      <Execution id="6002a43e-77df-47f0-b76f-17c676215a41" />
      <TestMethod codeBase="E:/Projects/SGIInventory/SGInvetory/SGInventory.Presenters.Test/bin/Debug/SGInventory.Presenters.Test.DLL" adapterTypeName="Microsoft.VisualStudio.TestTools.TestTypes.Unit.UnitTestAdapter, Microsoft.VisualStudio.QualityTools.Tips.UnitTest.Adapter, Version=10.0.0.0, Culture=neutral, PublicKeyToken=b03f5f7f11d50a3a" className="SGInventory.Presenters.Test.ScannerPresenterTest, SGInventory.Presenters.Test, Version=1.0.0.0, Culture=neutral, PublicKeyToken=null" name="ScannerResponseNotOkTest" />
    </UnitTest>
  </TestDefinitions>
  <TestLists>
    <TestList name="Results Not in a List" id="8c84fa94-04c1-424b-9868-57a2d4851a1d" />
    <TestList name="All Loaded Results" id="19431567-8539-422a-85d7-44ee4e166bda" />
  </TestLists>
  <TestEntries>
    <TestEntry testId="252088c8-e5fa-6ee6-59ad-76481223e49b" executionId="f0b943f4-8e7d-4ad5-bfcf-8c3470597fc2" testListId="8c84fa94-04c1-424b-9868-57a2d4851a1d" />
    <TestEntry testId="b32a286d-447c-44f2-f0e5-3665f3adba00" executionId="6002a43e-77df-47f0-b76f-17c676215a41" testListId="8c84fa94-04c1-424b-9868-57a2d4851a1d" />
  </TestEntries>
  <Results>
    <UnitTestResult executionId="f0b943f4-8e7d-4ad5-bfcf-8c3470597fc2" testId="252088c8-e5fa-6ee6-59ad-76481223e49b" testName="ScannerResponseOkTest" computerName="ACERSANTOS" duration="00:00:00.5111713" startTime="2014-01-08T23:39:27.2656250+08:00" endTime="2014-01-08T23:39:28.5781250+08:00" testType="13cdc9d9-ddb5-4fa4-a97d-d965ccfc6d4b" outcome="Failed" testListId="8c84fa94-04c1-424b-9868-57a2d4851a1d" relativeResultsDirectory="f0b943f4-8e7d-4ad5-bfcf-8c3470597fc2">
      <Output>
        <ErrorInfo>
          <Message>Test method SGInventory.Presenters.Test.ScannerPresenterTest.ScannerResponseOkTest threw exception: 
System.NotImplementedException: The method or operation is not implemented.</Message>
          <StackTrace>    at SGInventory.Presenters.ScannerPresenter.VerifyTheInput(String p) in E:\Projects\SGIInventory\SGInvetory\SGInventory.Presenter\ScannerPresenter.cs:line 20
   at SGInventory.Presenters.Test.ScannerPresenterTest.ScannerResponseOkTest() in E:\Projects\SGIInventory\SGInvetory\SGInventory.Presenters.Test\ScannerPresenterTest.cs:line 41
</StackTrace>
        </ErrorInfo>
      </Output>
    </UnitTestResult>
    <UnitTestResult executionId="6002a43e-77df-47f0-b76f-17c676215a41" testId="b32a286d-447c-44f2-f0e5-3665f3adba00" testName="ScannerResponseNotOkTest" computerName="ACERSANTOS" duration="00:00:00.0046799" startTime="2014-01-08T23:39:28.5937500+08:00" endTime="2014-01-08T23:39:28.5937500+08:00" testType="13cdc9d9-ddb5-4fa4-a97d-d965ccfc6d4b" outcome="Failed" testListId="8c84fa94-04c1-424b-9868-57a2d4851a1d" relativeResultsDirectory="6002a43e-77df-47f0-b76f-17c676215a41">
      <Output>
        <ErrorInfo>
          <Message>Test method SGInventory.Presenters.Test.ScannerPresenterTest.ScannerResponseNotOkTest threw exception: 
System.NotImplementedException: The method or operation is not implemented.</Message>
          <StackTrace>    at SGInventory.Presenters.ScannerPresenter.VerifyTheInput(String p) in E:\Projects\SGIInventory\SGInvetory\SGInventory.Presenter\ScannerPresenter.cs:line 20
   at SGInventory.Presenters.Test.ScannerPresenterTest.ScannerResponseNotOkTest() in E:\Projects\SGIInventory\SGInvetory\SGInventory.Presenters.Test\ScannerPresenterTest.cs:line 30
</StackTrace>
        </ErrorInfo>
      </Output>
    </UnitTestResult>
  </Results>
</TestRun>