<?xml version="1.0" encoding="UTF-8"?>
<TestRun id="cf9b4c45-04b3-424f-9f6c-33b997eaa695" name="Santos@ACERSANTOS 2014-01-08 00:26:30" runUser="ACERSANTOS\Santos" xmlns="http://microsoft.com/schemas/VisualStudio/TeamTest/2010">
  <TestSettings name="Local" id="66962cd2-99c7-4af5-b1c3-3f24a3ebdd1e">
    <Description>These are default test settings for a local test run.</Description>
    <Deployment enabled="false" runDeploymentRoot="Santos_ACERSANTOS 2014-01-08 00_26_30">
      <DeploymentItem filename="E:\Projects\SGIInventory\SGInvetory\SGInventory.Interfaces\bin\Debug\SGInventory.Common.Interfaces.dll" />
      <DeploymentItem filename="E:\Projects\SGIInventory\SGInvetory\SGInventory.Business.Model\bin\Debug\SGInventory.Business.Model.dll" />
      <DeploymentItem filename="E:\Projects\SGIInventory\SGInvetory\SGInventory.Enums\bin\Debug\SGInventory.Enums.dll" />
      <DeploymentItem filename="E:\Projects\SGIInventory\SGInvetory\SGInventory.Presenter\bin\Debug\SGInventory.Presenters.dll" />
      <DeploymentItem filename="E:\Projects\SGIInventory\SGInvetory\packages\Moq.4.0.10827\lib\NET40\Moq.dll" />
      <DeploymentItem filename="E:\Projects\SGIInventory\SGInvetory\Views\bin\Debug\SGInventory.Views.dll" />
      <DeploymentItem filename="E:\Projects\SGIInventory\SGInvetory\SGInventory.Model\bin\Debug\SGInventory.Model.dll" />
      <DeploymentItem filename="E:\Projects\SGIInventory\SGInvetory\SGInventory.Test.Data\bin\Debug\SGInventory.Test.Data.dll" />
      <DeploymentItem filename="E:\Projects\SGIInventory\SGInvetory\SGInventory.Helpers\bin\Debug\SGInventory.Helpers.dll" />
    </Deployment>
    <Execution>
      <TestTypeSpecific />
      <AgentRule name="Execution Agents">
      </AgentRule>
    </Execution>
  </TestSettings>
  <Times creation="2014-01-08T00:26:30.0625000+08:00" queuing="2014-01-08T00:26:30.1406250+08:00" start="2014-01-08T00:26:30.2031250+08:00" finish="2014-01-08T00:26:31.3750000+08:00" />
  <ResultSummary outcome="Failed">
    <Counters total="1" executed="1" error="0" failed="1" timeout="0" aborted="0" inconclusive="0" passedButRunAborted="0" notRunnable="0" notExecuted="0" disconnected="0" warning="0" passed="0" completed="0" inProgress="0" pending="0" />
  </ResultSummary>
  <TestDefinitions>
    <UnitTest name="UseScannerIsOff_Test" storage="e:\projects\sgiinventory\sginvetory\sginventory.presenters.test\bin\debug\sginventory.presenters.test.dll" id="615a6b46-1aee-dd6e-cd06-60e43626c58e">
      <Execution id="9bd27354-e620-40a0-8343-174f43801a61" />
      <TestMethod codeBase="E:/Projects/SGIInventory/SGInvetory/SGInventory.Presenters.Test/bin/Debug/SGInventory.Presenters.Test.DLL" adapterTypeName="Microsoft.VisualStudio.TestTools.TestTypes.Unit.UnitTestAdapter, Microsoft.VisualStudio.QualityTools.Tips.UnitTest.Adapter, Version=10.0.0.0, Culture=neutral, PublicKeyToken=b03f5f7f11d50a3a" className="SGInventory.Presenters.Test.DeliveryPresenterTest, SGInventory.Presenters.Test, Version=1.0.0.0, Culture=neutral, PublicKeyToken=null" name="UseScannerIsOff_Test" />
    </UnitTest>
  </TestDefinitions>
  <TestLists>
    <TestList name="Results Not in a List" id="8c84fa94-04c1-424b-9868-57a2d4851a1d" />
    <TestList name="All Loaded Results" id="19431567-8539-422a-85d7-44ee4e166bda" />
  </TestLists>
  <TestEntries>
    <TestEntry testId="615a6b46-1aee-dd6e-cd06-60e43626c58e" executionId="9bd27354-e620-40a0-8343-174f43801a61" testListId="8c84fa94-04c1-424b-9868-57a2d4851a1d" />
  </TestEntries>
  <Results>
    <UnitTestResult executionId="9bd27354-e620-40a0-8343-174f43801a61" testId="615a6b46-1aee-dd6e-cd06-60e43626c58e" testName="UseScannerIsOff_Test" computerName="ACERSANTOS" duration="00:00:00.7356214" startTime="2014-01-08T00:26:30.2031250+08:00" endTime="2014-01-08T00:26:31.3437500+08:00" testType="13cdc9d9-ddb5-4fa4-a97d-d965ccfc6d4b" outcome="Failed" testListId="8c84fa94-04c1-424b-9868-57a2d4851a1d" relativeResultsDirectory="9bd27354-e620-40a0-8343-174f43801a61">
      <Output>
        <ErrorInfo>
          <Message>Test method SGInventory.Presenters.Test.DeliveryPresenterTest.UseScannerIsOff_Test threw exception: 
Moq.MockException: IDeliveryPresenterView.DisabledProductDetail(True) invocation failed with mock behavior Strict.
All invocations on the mock must have a corresponding setup.</Message>
          <StackTrace>    at Moq.Interceptor.Intercept(ICallContext invocation)
   at Moq.Proxy.CastleProxyFactory.Interceptor.Intercept(IInvocation invocation)
   at Castle.DynamicProxy.AbstractInvocation.Proceed()
   at Castle.Proxies.IDeliveryPresenterViewProxy.DisabledProductDetail(Boolean disable)
   at SGInventory.Presenters.DeliveryPresenter.OnSelectBarcodeSwitch() in E:\Projects\SGIInventory\SGInvetory\SGInventory.Presenter\DeliveryPresenter.cs:line 702
   at SGInventory.Presenters.DeliveryPresenter.UseScanner(Boolean shouldUseScanner) in E:\Projects\SGIInventory\SGInvetory\SGInventory.Presenter\DeliveryPresenter.cs:line 712
   at SGInventory.Presenters.Test.DeliveryPresenterTest.UseScannerIsOff_Test() in E:\Projects\SGIInventory\SGInvetory\SGInventory.Presenters.Test\DeliveryPresenterTest.cs:line 1117
</StackTrace>
        </ErrorInfo>
      </Output>
    </UnitTestResult>
  </Results>
</TestRun>