<?xml version="1.0" encoding="UTF-8"?>
<TestRun id="11d76e8f-a4be-49ba-818a-bf5ceb52a98f" name="Santos@ACERSANTOS 2014-01-09 23:56:27" runUser="ACERSANTOS\Santos" xmlns="http://microsoft.com/schemas/VisualStudio/TeamTest/2010">
  <TestSettings name="Local" id="66962cd2-99c7-4af5-b1c3-3f24a3ebdd1e">
    <Description>These are default test settings for a local test run.</Description>
    <Deployment enabled="false" runDeploymentRoot="Santos_ACERSANTOS 2014-01-09 23_56_27">
      <DeploymentItem filename="E:\Projects\SGIInventory\SGInvetory\SGInventory.Interfaces\bin\Debug\SGInventory.Common.Interfaces.dll" />
      <DeploymentItem filename="E:\Projects\SGIInventory\SGInvetory\SGInventory.Business.Model\bin\Debug\SGInventory.Business.Model.dll" />
      <DeploymentItem filename="E:\Projects\SGIInventory\SGInvetory\SGInventory.Enums\bin\Debug\SGInventory.Enums.dll" />
      <DeploymentItem filename="E:\Projects\SGIInventory\SGInvetory\SGInventory.Presenter\bin\Debug\SGInventory.Presenters.dll" />
      <DeploymentItem filename="E:\Projects\SGIInventory\SGInvetory\packages\Moq.4.0.10827\lib\NET40\Moq.dll" />
      <DeploymentItem filename="E:\Projects\SGIInventory\SGInvetory\Views\bin\Debug\SGInventory.Views.dll" />
      <DeploymentItem filename="E:\Projects\SGIInventory\SGInvetory\SGInventory.Model\bin\Debug\SGInventory.Model.dll" />
      <DeploymentItem filename="E:\Projects\SGIInventory\SGInvetory\SGInventory.Test.Data\bin\Debug\SGInventory.Test.Data.dll" />
      <DeploymentItem filename="E:\Projects\SGIInventory\SGInvetory\SGInventory.Helpers\bin\Debug\SGInventory.Helpers.dll" />
    </Deployment>
    <Execution>
      <TestTypeSpecific />
      <AgentRule name="Execution Agents">
      </AgentRule>
    </Execution>
  </TestSettings>
  <Times creation="2014-01-09T23:56:27.9754772+08:00" queuing="2014-01-09T23:56:32.6004772+08:00" start="2014-01-09T23:56:32.8661022+08:00" finish="2014-01-09T23:56:35.5067272+08:00" />
  <ResultSummary outcome="Failed">
    <Counters total="1" executed="1" error="0" failed="1" timeout="0" aborted="0" inconclusive="0" passedButRunAborted="0" notRunnable="0" notExecuted="0" disconnected="0" warning="0" passed="0" completed="0" inProgress="0" pending="0" />
  </ResultSummary>
  <TestDefinitions>
    <UnitTest name="AfterSuccessfulScanTest" storage="e:\projects\sgiinventory\sginvetory\sginventory.presenters.test\bin\debug\sginventory.presenters.test.dll" id="afe64092-4820-a707-e759-3cf1c5c9fc84">
      <Execution id="f5090b61-5b86-4a53-ac35-6addfc598060" />
      <TestMethod codeBase="E:/Projects/SGIInventory/SGInvetory/SGInventory.Presenters.Test/bin/Debug/SGInventory.Presenters.Test.DLL" adapterTypeName="Microsoft.VisualStudio.TestTools.TestTypes.Unit.UnitTestAdapter, Microsoft.VisualStudio.QualityTools.Tips.UnitTest.Adapter, Version=10.0.0.0, Culture=neutral, PublicKeyToken=b03f5f7f11d50a3a" className="SGInventory.Presenters.Test.ScannerPresenterTest, SGInventory.Presenters.Test, Version=1.0.0.0, Culture=neutral, PublicKeyToken=null" name="AfterSuccessfulScanTest" />
    </UnitTest>
  </TestDefinitions>
  <TestLists>
    <TestList name="Results Not in a List" id="8c84fa94-04c1-424b-9868-57a2d4851a1d" />
    <TestList name="All Loaded Results" id="19431567-8539-422a-85d7-44ee4e166bda" />
  </TestLists>
  <TestEntries>
    <TestEntry testId="afe64092-4820-a707-e759-3cf1c5c9fc84" executionId="f5090b61-5b86-4a53-ac35-6addfc598060" testListId="8c84fa94-04c1-424b-9868-57a2d4851a1d" />
  </TestEntries>
  <Results>
    <UnitTestResult executionId="f5090b61-5b86-4a53-ac35-6addfc598060" testId="afe64092-4820-a707-e759-3cf1c5c9fc84" testName="AfterSuccessfulScanTest" computerName="ACERSANTOS" duration="00:00:01.3041361" startTime="2014-01-09T23:56:33.0067272+08:00" endTime="2014-01-09T23:56:35.3504772+08:00" testType="13cdc9d9-ddb5-4fa4-a97d-d965ccfc6d4b" outcome="Failed" testListId="8c84fa94-04c1-424b-9868-57a2d4851a1d" relativeResultsDirectory="f5090b61-5b86-4a53-ac35-6addfc598060">
      <Output>
        <ErrorInfo>
          <Message>Test method SGInventory.Presenters.Test.ScannerPresenterTest.AfterSuccessfulScanTest threw exception: 
Moq.MockException: IScannerView.ClearInputText() invocation failed with mock behavior Strict.
All invocations on the mock must have a corresponding setup.</Message>
          <StackTrace>    at Moq.Interceptor.Intercept(ICallContext invocation)
   at Moq.Proxy.CastleProxyFactory.Interceptor.Intercept(IInvocation invocation)
   at Castle.DynamicProxy.AbstractInvocation.Proceed()
   at Castle.Proxies.IScannerViewProxy.ClearInputText()
   at SGInventory.Presenters.ScannerPresenter.ProcessAfterScan(ScannerResponse scannerResponse) in E:\Projects\SGIInventory\SGInvetory\SGInventory.Presenter\ScannerPresenter.cs:line 67
   at SGInventory.Presenters.Test.ScannerPresenterTest.AfterSuccessfulScanTest() in E:\Projects\SGIInventory\SGInvetory\SGInventory.Presenters.Test\ScannerPresenterTest.cs:line 53
</StackTrace>
        </ErrorInfo>
      </Output>
    </UnitTestResult>
  </Results>
</TestRun>