<?xml version="1.0" encoding="UTF-8"?>
<TestRun id="a060b729-6249-43ac-a33d-ba469520f2b0" name="Santos@ACERSANTOS 2014-01-09 00:33:18" runUser="ACERSANTOS\Santos" xmlns="http://microsoft.com/schemas/VisualStudio/TeamTest/2010">
  <TestSettings name="Local" id="66962cd2-99c7-4af5-b1c3-3f24a3ebdd1e">
    <Description>These are default test settings for a local test run.</Description>
    <Deployment enabled="false" runDeploymentRoot="Santos_ACERSANTOS 2014-01-09 00_33_18">
      <DeploymentItem filename="E:\Projects\SGIInventory\SGInvetory\SGInventory.Interfaces\bin\Debug\SGInventory.Common.Interfaces.dll" />
      <DeploymentItem filename="E:\Projects\SGIInventory\SGInvetory\SGInventory.Business.Model\bin\Debug\SGInventory.Business.Model.dll" />
      <DeploymentItem filename="E:\Projects\SGIInventory\SGInvetory\SGInventory.Enums\bin\Debug\SGInventory.Enums.dll" />
      <DeploymentItem filename="E:\Projects\SGIInventory\SGInvetory\SGInventory.Presenter\bin\Debug\SGInventory.Presenters.dll" />
      <DeploymentItem filename="E:\Projects\SGIInventory\SGInvetory\packages\Moq.4.0.10827\lib\NET40\Moq.dll" />
      <DeploymentItem filename="E:\Projects\SGIInventory\SGInvetory\Views\bin\Debug\SGInventory.Views.dll" />
      <DeploymentItem filename="E:\Projects\SGIInventory\SGInvetory\SGInventory.Model\bin\Debug\SGInventory.Model.dll" />
      <DeploymentItem filename="E:\Projects\SGIInventory\SGInvetory\SGInventory.Test.Data\bin\Debug\SGInventory.Test.Data.dll" />
      <DeploymentItem filename="E:\Projects\SGIInventory\SGInvetory\SGInventory.Helpers\bin\Debug\SGInventory.Helpers.dll" />
    </Deployment>
    <Execution>
      <TestTypeSpecific />
      <AgentRule name="Execution Agents">
      </AgentRule>
    </Execution>
  </TestSettings>
  <Times creation="2014-01-09T00:33:18.2500000+08:00" queuing="2014-01-09T00:33:22.2031250+08:00" start="2014-01-09T00:33:22.5156250+08:00" finish="2014-01-09T00:33:43.9062500+08:00" />
  <ResultSummary outcome="Error">
    <Counters total="1" executed="1" error="0" failed="0" timeout="0" aborted="1" inconclusive="0" passedButRunAborted="0" notRunnable="0" notExecuted="0" disconnected="0" warning="0" passed="0" completed="0" inProgress="0" pending="0" />
    <RunInfos>
      <RunInfo computerName="ACERSANTOS" outcome="Error" timestamp="2014-01-09T00:33:43.9062500+08:00">
        <Text>Test host process exited unexpectedly.</Text>
      </RunInfo>
    </RunInfos>
  </ResultSummary>
  <TestDefinitions>
    <UnitTest name="ScannerResponseOkTest" storage="e:\projects\sgiinventory\sginvetory\sginventory.presenters.test\bin\debug\sginventory.presenters.test.dll" id="252088c8-e5fa-6ee6-59ad-76481223e49b">
      <Execution id="fecf4f6b-7198-4cd7-88a2-c7a96750bae9" />
      <TestMethod codeBase="E:/Projects/SGIInventory/SGInvetory/SGInventory.Presenters.Test/bin/Debug/SGInventory.Presenters.Test.DLL" adapterTypeName="Microsoft.VisualStudio.TestTools.TestTypes.Unit.UnitTestAdapter, Microsoft.VisualStudio.QualityTools.Tips.UnitTest.Adapter, Version=10.0.0.0, Culture=neutral, PublicKeyToken=b03f5f7f11d50a3a" className="SGInventory.Presenters.Test.ScannerPresenterTest, SGInventory.Presenters.Test, Version=1.0.0.0, Culture=neutral, PublicKeyToken=null" name="ScannerResponseOkTest" />
    </UnitTest>
  </TestDefinitions>
  <TestLists>
    <TestList name="Results Not in a List" id="8c84fa94-04c1-424b-9868-57a2d4851a1d" />
    <TestList name="All Loaded Results" id="19431567-8539-422a-85d7-44ee4e166bda" />
  </TestLists>
  <TestEntries>
    <TestEntry testId="252088c8-e5fa-6ee6-59ad-76481223e49b" executionId="fecf4f6b-7198-4cd7-88a2-c7a96750bae9" testListId="8c84fa94-04c1-424b-9868-57a2d4851a1d" />
  </TestEntries>
  <Results>
    <UnitTestResult executionId="fecf4f6b-7198-4cd7-88a2-c7a96750bae9" testId="252088c8-e5fa-6ee6-59ad-76481223e49b" testName="ScannerResponseOkTest" computerName="ACERSANTOS" duration="00:00:21.1718750" startTime="2014-01-09T00:33:22.7343750+08:00" endTime="2014-01-09T00:33:43.9062500+08:00" testType="13cdc9d9-ddb5-4fa4-a97d-d965ccfc6d4b" outcome="Aborted" testListId="8c84fa94-04c1-424b-9868-57a2d4851a1d" relativeResultsDirectory="fecf4f6b-7198-4cd7-88a2-c7a96750bae9">
    </UnitTestResult>
  </Results>
</TestRun>